Listening to port 4567
Connected!!!
0.1 6.12888 1.70336 0.00994677
0.1 6.3137 2.0361 0.319686
0.1 6.8514 1.96837 0.312149
0.1 7.48718 1.88829 0.306833
0.1 8.12086 2.41916 0.302996
0.1 8.22853 2.91537 0.310705
0.1 8.65278 3.11828 0.309432
0.1 9.04495 3.23932 0.318559
0.1 9.30959 2.95188 0.304233
0.1 9.68181 3.06317 0.298359
0.1 10.4792 2.95744 0.313241
0.1 10.9614 3.3368 0.306469
0.1 11.6658 3.83458 0.305759
0.1 12.178 3.69701 0.306675
0.1 12.6219 4.15565 0.309851
0.1 12.9305 4.292 0.302693
0.1 13.1747 4.07941 0.30738
0.1 13.8499 4.64158 0.303647
0.1 14.4823 4.6579 0.304112
0.1 14.5701 4.55165 0.293891
0.1 15.3141 4.66325 0.305006
0.1 16.3359 5.23268 0.28998
0.1 16.9239 4.97983 0.287288
0.1 17.606 5.82759 0.283707
0.1 18.1077 5.75778 0.278341
0.1 18.6311 5.32914 0.281797
0.1 19.4465 5.89318 0.269261
0.1 19.9072 5.72873 0.264604
0.1 20.3143 6.27154 0.265351
0.1 20.9578 6.41418 0.276215
0.1 21.3681 6.43432 0.26512
0.1 22.1262 6.41421 0.268971
0.1 22.7141 7.0542 0.272646
0.1 23.428 7.49539 0.265926
0.1 24.3225 7.76526 0.25411
0.1 25.3949 7.73534 0.246371
0.1 25.942 7.80057 0.234199
0.1 26.6987 8.10036 0.233235
0.1 27.2076 8.34926 0.226936
0.1 27.9032 8.45111 0.231272
0.1 28.9016 8.26955 0.229947
0.1 29.631 8.62302 0.226607
0.1 29.9891 8.64178 0.226014
0.1 30.605 8.54571 0.228064
0.1 31.5121 9.2693 0.219851
0.1 32.5954 8.9212 0.217418
0.1 33.4002 8.7969 0.215007
0.1 34.1799 8.8594 0.210576
0.1 35.2106 9.07016 0.197895
0.1 35.913 9.64907 0.185379
0.1 36.8609 10.0638 0.180814
0.1 37.336 10.4755 0.180612
0.1 37.9787 10.5261 0.196842
0.1 38.821 10.6142 0.193306
0.1 39.5187 10.7294 0.187227
0.1 40.9241 11.0073 0.194551
0.1 41.584 10.9923 0.187473
0.1 42.4691 11.012 0.181526
0.1 42.7988 11.1539 0.171506
0.1 44.2742 11.3033 0.170548
0.1 45.0088 11.3654 0.164353
0.1 46.173 11.6502 0.170184
0.1 47.1073 11.5814 0.163378
0.1 47.8663 12.0702 0.165666
0.1 49.0533 12.0763 0.153274
0.1 49.9928 12.181 0.14813
0.1 50.6475 12.6505 0.148805
0.1 51.4535 12.3293 0.149825
0.1 52.8407 13.0386 0.146662
0.1 54.0164 12.8786 0.128919
0.1 54.8479 13.4642 0.127489
0.1 55.4034 13.4375 0.121403
0.1 56.4391 13.5459 0.126963
0.1 57.3822 13.6785 0.130662
0.1 58.4104 13.5547 0.128031
0.1 59.6804 13.3672 0.13935
0.1 60.303 13.5476 0.121094
0.1 61.3126 13.8857 0.119511
0.1 62.5879 13.821 0.115586
0.1 63.5925 13.8915 0.107028
0.1 64.5583 14.4864 0.125874
0.1 65.8985 14.8472 0.109557
0.1 67.0381 14.9369 0.107409
0.1 68.0842 14.7617 0.105651
0.1 69.2518 14.662 0.114399
0.1 70.0389 14.7156 0.111092
0.1 70.8855 15.0322 0.104551
0.1 72.0812 14.887 0.0946196
0.1 73.1345 14.9484 0.102694
0.1 74.1069 15.173 0.119597
0.1 74.9611 15.2004 0.116561
0.1 76.0792 15.5882 0.1067
0.1 77.1383 15.4363 0.0979991
0.1 78.3969 15.6961 0.0989923
0.1 79.5804 16.3577 0.0927173
0.1 80.8839 15.4119 0.103112
0.1 82.1737 15.5874 0.0863941
0.1 83.2717 15.5501 0.0862256
0.1 84.3664 16.1235 0.0787953
0.1 85.3479 16.2847 0.0853318
0.1 86.3407 16.7551 0.0728678
0.1 87.4063 16.6603 0.0739044
0.1 88.5879 17.1541 0.0948178
0.1 89.8551 16.9858 0.092233
0.1 90.8731 16.782 0.0840244
0.1 92.0151 17.2001 0.0751128
0.1 93.1438 17.0416 0.0637857
0.1 94.4942 16.956 0.0845328
0.1 95.7397 17.0672 0.0675818
0.1 97.1535 17.2696 0.0639857
0.1 98.3045 17.2394 0.0561681
0.1 99.6269 17.1198 0.0692146
0.1 100.767 17.1586 0.068566
0.1 101.661 17.7904 0.0826108
0.1 102.76 17.588 0.0666997
0.1 103.887 17.7652 0.0812384
0.1 105.043 17.9728 0.0742381
0.1 106.515 17.9375 0.069214
0.1 107.213 17.9375 0.0697398
0.1 108.066 18.5136 0.0728359
0.1 109.327 18.508 0.0699484
0.1 110.652 18.5185 0.0702194
0.1 112.135 18.4235 0.0634742
0.1 113.627 18.7773 0.0587586
0.1 114.678 18.6305 0.0720655
0.1 116.058 19.0514 0.0796706
0.1 116.78 19.3554 0.0767706
0.1 118.246 19.2484 0.0871259
0.1 119.539 19.1071 0.0915414
0.1 120.548 19.2213 0.0813728
0.1 121.872 19.155 0.0793854
0.1 123.538 18.9213 0.0736676
0.1 124.781 19.455 0.0782256
0.1 125.825 19.4039 0.0840709
0.1 126.919 19.5189 0.0699436
0.1 128.189 19.3163 0.0698202
0.1 129.452 19.1704 0.0658107
0.1 130.496 19.1871 0.0693772
0.1 132.291 19.7468 0.0676455
0.1 133.514 19.9039 0.0759052
0.1 134.521 19.6961 0.079392
0.1 136.099 20.1805 0.0628748
0.1 137.458 19.9609 0.0679517
0.1 138.521 20.1628 0.0604027
0.1 139.922 20.3887 0.0798226
0.1 141.122 20.4212 0.0688938
0.1 142.34 20.7007 0.0608102
0.1 143.415 20.5916 0.070541
0.1 144.306 20.6566 0.0861812
0.1 145.698 20.8953 0.0796258
0.1 147.111 21.0066 0.0823208
0.1 148.418 21.2818 0.0821691
0.1 149.479 21.3984 0.0911241
0.1 150.532 21.2276 0.0867618
0.1 151.91 21.3894 0.0778696
0.1 153.298 21.6419 0.0928743
0.1 154.298 21.5113 0.079001
0.1 155.808 21.6382 0.0839104
0.1 157.203 21.8722 0.0859173
0.1 158.876 21.8909 0.0794572
0.1 160.181 21.7526 0.0817908
0.1 161.111 22.0146 0.0908199
0.1 162.513 21.9001 0.0866262
0.1 163.698 22.0786 0.084902
0.1 164.57 21.9519 0.076112
0.1 165.979 22.5096 0.0802213
0.1 167.136 22.6342 0.0601806
0.1 168.648 23.0551 0.0877812
0.1 169.794 22.8713 0.0790828
0.1 171.238 23.1665 0.0735019
0.1 172.763 23.0759 0.0618012
0.1 173.899 23.0288 0.0720722
0.1 175.684 23.1359 0.0743461
0.1 176.676 23.0715 0.0699259
0.1 178.315 23.412 0.0666404
0.1 179.805 23.3094 0.0605378
0.1 180.667 23.6496 0.0517547
0.1 182.108 23.6518 0.0453206
0.1 183.313 23.916 0.0571375
0.1 184.462 24.4656 0.0638602
0.1 185.595 24.2044 0.0601935
0.1 187.069 24.0075 0.0734172
0.1 188.348 23.83 0.0688111
0.1 189.352 23.7904 0.0732606
0.1 190.879 24.2309 0.080982
0.1 192.489 24.3819 0.0841562
0.1 193.567 24.6449 0.0810587
0.1 195.023 24.5847 0.0887827
0.1 196.112 24.5581 0.06271
0.1 197.389 24.5035 0.0623188
0.1 198.614 24.6394 0.0536314
0.1 200.324 24.6152 0.0656226
0.1 201.562 25.0076 0.0551188
0.1 203.178 25.0995 0.0599936
0.1 204.682 25.2056 0.0705011
0.1 205.472 25.0235 0.0726111
0.1 207.145 25.6217 0.078685
0.1 208.408 25.6206 0.0668685
0.1 209.528 25.7569 0.0668648
0.1 211.088 25.5329 0.0743877
0.1 212.303 25.9427 0.0665686
0.1 214.134 25.9226 0.0697188
0.1 215.36 26.4507 0.0679078
0.1 216.326 26.482 0.0732302
0.1 217.529 26.2393 0.0776392
0.1 218.872 26.592 0.0727429
0.1 220.266 26.2706 0.0712142
0.1 221.768 26.5386 0.0707167
0.1 223.052 26.5852 0.0707979
0.1 224.242 27.2525 0.0754182
0.1 225.269 27.4836 0.0838912
0.1 226.922 27.7418 0.0759605
0.1 228.334 27.4822 0.083868
0.1 229.75 27.5324 0.0824715
0.1 230.938 27.3344 0.0792386
0.1 232.179 27.3828 0.0656569
0.1 233.743 27.5517 0.0654462
0.1 234.927 27.6782 0.0722022
0.1 235.761 27.6468 0.0750284
0.1 236.644 27.7964 0.0762082
0.1 237.805 27.5662 0.0723084
0.1 239.116 27.9065 0.0723213
0.1 240.694 27.9045 0.0680292
0.1 241.983 28.0787 0.0618696
0.1 243.137 28.3288 0.0550148
0.1 244.019 28.763 0.0500754
0.1 245.579 29.2489 0.0469025
0.1 246.654 29.1674 0.0512293
0.1 247.615 29.057 0.0434324
0.1 248.739 28.8885 0.035921
0.1 249.743 28.954 0.0420189
0.1 250.655 28.6247 0.0432187
0.1 251.46 28.4161 0.0399022
0.1 252.143 28.5211 0.0465841
0.1 253.234 28.5726 0.0389449
0.1 254.541 28.8609 0.0295699
0.1 255.196 28.6096 0.0249045
0.1 256.324 28.5845 0.0113397
0.1 256.118 28.9121 6.26818
0.1 256.885 28.9061 6.25239
0.1 257.775 28.8026 6.2273
0.1 258.724 28.3905 6.2376
0.1 259.279 28.2217 6.21435
0.1 260.375 27.9402 6.19139
0.1 260.405 28.0219 6.17299
0.1 261.226 28.0837 6.14263
0.1 262.058 27.7745 6.11091
0.1 262.697 27.3277 6.09322
0.1 263.438 27.1676 6.06771
0.1 264.223 27.1452 6.04134
0.1 264.836 27.0802 5.99774
0.1 265.68 26.8038 5.9737
0.1 266.04 26.7934 5.94503
0.1 267.065 26.7157 5.90325
0.1 267.813 26.3594 5.8744
0.1 268.376 25.7746 5.84824
0.1 269.35 25.6559 5.81781
0.1 269.787 25.3812 5.7886
0.1 270.201 24.7854 5.76457
0.1 270.77 24.1964 5.73198
0.1 271.135 23.9413 5.69513
0.1 272.207 23.8553 5.66586
0.1 272.392 23.2356 5.6364
0.1 273.129 22.8484 5.5837
0.1 273.597 21.9014 5.55096
0.1 273.925 21.4791 5.50793
0.1 274.177 20.843 5.46941
0.1 274.898 20.4492 5.44736
0.1 275.492 19.8941 5.42658
0.1 275.652 19.2571 5.38223
0.1 276.204 18.6857 5.35116
0.1 276.431 18.491 5.31764
0.1 276.966 17.258 5.26862
0.1 277.236 16.2866 5.24014
0.1 277.655 16.0187 5.22645
0.1 278.012 16.0274 5.19819
0.1 277.957 15.1529 5.18046
0.1 278.761 14.5236 5.1481
0.1 278.913 13.9906 5.10506
0.1 278.865 13.12 5.07404
0.1 279.192 12.4808 5.04767
0.1 279.38 11.3537 5.01695
0.1 279.74 10.4879 4.9864
0.1 279.926 9.93328 4.94612
0.1 279.805 9.06062 4.8986
0.1 279.856 8.31366 4.86864
0.1 280.165 7.7244 4.84144
0.1 280.12 7.10073 4.80777
0.1 280.032 6.51155 4.77573
0.1 279.74 5.58844 4.7283
0.1 280.199 4.81524 4.7098
0.1 280.006 4.18441 4.67974
0.1 280.173 3.29697 4.65633
0.1 280.01 2.44886 4.61972
0.1 279.912 1.92851 4.58689
0.1 279.78 0.958172 4.56066
0.1 279.757 0.43643 4.51904
0.1 278.988 -0.429461 4.48429
0.1 278.772 -1.2267 4.46417
0.1 278.842 -1.8339 4.42373
0.1 278.524 -2.43178 4.40726
0.1 278.284 -3.12578 4.36657
0.1 278.274 -3.98016 4.34748
0.1 277.599 -4.86951 4.32392
0.1 277.409 -5.81308 4.28739
0.1 276.991 -6.11456 4.24905
0.1 276.517 -6.98817 4.20628
0.1 276.119 -7.18014 4.19855
0.1 275.707 -7.86449 4.15465
0.1 275.228 -8.87851 4.12543
0.1 274.733 -9.66115 4.10309
0.1 273.816 -10.2959 4.07347
0.1 273.263 -11.1649 4.03352
0.1 272.629 -11.4813 4.0109
0.1 272.201 -12.4264 3.97831
0.1 271.76 -12.6737 3.95934
0.1 271.258 -13.4458 3.92557
0.1 270.077 -13.9208 3.88668
0.1 269.884 -14.5791 3.8537
0.1 269.114 -14.8739 3.82836
0.1 268.492 -15.2216 3.7973
0.1 267.474 -15.5605 3.76424
0.1 267.011 -16.2231 3.7336
0.1 266.439 -16.589 3.70209
0.1 265.883 -17.1439 3.6733
0.1 265.236 -17.7062 3.639
0.1 264.795 -17.8957 3.62026
0.1 263.887 -18.2881 3.58197
0.1 262.839 -18.5016 3.52704
0.1 261.914 -18.6053 3.50185
0.1 261.246 -18.6327 3.44953
0.1 260.488 -19.584 3.42441
0.1 259.28 -19.3794 3.38015
0.1 258.519 -19.6167 3.33308
0.1 257.682 -19.367 3.30634
0.1 256.736 -19.6368 3.26591
0.1 255.973 -19.6917 3.22918
0.1 254.499 -19.2228 3.18953
0.1 253.368 -19.6258 3.14392
0.1 252.28 -19.35 3.12133
0.1 252.081 -19.7864 3.08889
0.1 251.213 -19.6607 3.06048
0.1 250.411 -19.554 3.03749
0.1 249.403 -18.7989 2.99244
0.1 248.285 -18.8513 2.97998
0.1 247.53 -19.0409 2.96152
0.1 246.806 -18.9696 2.94969
0.1 246.059 -18.4804 2.93543
0.1 245.206 -18.3971 2.92491
0.1 244.472 -18.1569 2.92386
0.1 243.918 -18.1781 2.91955
0.1 242.933 -17.9908 2.91289
0.1 242.09 -17.8312 2.91716
0.1 241.154 -17.5343 2.91467
0.1 240.467 -16.8693 2.92013
0.1 239.605 -17.3635 2.92009
0.1 238.608 -16.5409 2.90264
0.1 237.084 -15.8923 2.89774
0.1 236.218 -15.6767 2.90361
0.1 235.423 -15.5219 2.89992
0.1 234.343 -15.6653 2.90683
0.1 233.522 -15.3826 2.90409
0.1 232.61 -15.1321 2.90285
0.1 231.98 -14.8199 2.91314
0.1 230.887 -15.0348 2.91891
0.1 229.483 -14.3549 2.91511
0.1 228.98 -14.1887 2.91121
0.1 227.932 -13.8672 2.91159
0.1 226.959 -13.7683 2.92383
0.1 226.383 -13.762 2.9373
0.1 224.982 -12.8887 2.92651
0.1 224.15 -13.1683 2.92193
0.1 223.125 -13.0552 2.93981
0.1 221.596 -12.794 2.94508
0.1 220.529 -12.7456 2.94503
0.1 219.956 -12.2874 2.95867
0.1 218.901 -11.7112 2.96769
0.1 217.385 -11.7829 2.9721
0.1 216.462 -11.4262 2.97487
0.1 215.908 -11.4411 2.98861
0.1 214.532 -11.7572 2.99488
0.1 213.37 -11.6776 2.99775
0.1 212.32 -11.5729 3.01192
0.1 211.022 -11.4965 3.01533
0.1 210.864 -11.2934 3.0179
0.1 209.272 -11.2922 3.03543
0.1 208.17 -10.5513 3.03409
0.1 207.024 -11.1022 3.05364
0.1 205.868 -10.6327 3.05505
0.1 204.467 -11.0409 3.06024
0.1 203.699 -10.6085 3.06588
0.1 202.385 -10.6776 3.06843
0.1 201.522 -10.7262 3.0851
0.1 200.435 -10.5561 3.09177
0.1 199.244 -10.4305 3.10335
0.1 198.01 -10.828 3.094
0.1 196.804 -10.7192 3.10866
0.1 195.82 -10.8335 3.11583
0.1 195.125 -10.3539 3.1365
0.1 194.087 -10.6832 3.13885
0.1 192.634 -10.5195 3.15425
0.1 191.537 -10.7108 3.15391
0.1 190.61 -10.3521 3.15728
0.1 189.776 -10.2007 3.15692
0.1 188.539 -10.4656 3.1698
0.1 187.511 -10.605 3.1749
0.1 185.61 -10.7661 3.16832
0.1 184.397 -10.7752 3.16882
0.1 183.421 -10.5548 3.17766
0.1 182.437 -10.7689 3.18645
0.1 181.293 -10.8859 3.20362
0.1 180.092 -10.7561 3.20751
0.1 178.987 -10.7078 3.21025
0.1 177.768 -10.6326 3.22282
0.1 176.468 -10.9527 3.21456
0.1 175.396 -11.1802 3.22955
0.1 174.215 -11.3968 3.23252
0.1 172.969 -11.3324 3.23217
0.1 172.081 -11.5759 3.24526
0.1 171.121 -11.9141 3.25713
0.1 169.991 -11.9158 3.25187
0.1 168.302 -11.7575 3.25074
0.1 167.375 -12.2543 3.2523
0.1 166.373 -12.3708 3.26276
0.1 165.55 -12.5906 3.26802
0.1 164.179 -12.7665 3.28337
0.1 163.373 -13.1678 3.28676
0.1 162.033 -12.559 3.27894
0.1 161.09 -13.0729 3.30165
0.1 160.132 -13.3174 3.31795
0.1 158.878 -13.7982 3.308
0.1 157.548 -13.925 3.30136
0.1 156.727 -14.2981 3.31746
0.1 155.4 -14.0295 3.32346
0.1 154.138 -14.3091 3.32066
0.1 153.441 -14.5673 3.33575
0.1 152.064 -14.8808 3.33567
0.1 150.675 -14.9388 3.34209
0.1 150.024 -15.2467 3.34693
0.1 148.849 -14.9431 3.35516
0.1 148.091 -15.2134 3.3541
0.1 146.723 -15.8181 3.36195
0.1 145.305 -16.2111 3.35988
0.1 144.777 -16.264 3.37428
0.1 142.935 -16.8347 3.36434
0.1 142.195 -16.9736 3.36453
0.1 140.956 -16.9644 3.37315
0.1 139.912 -17.1806 3.36395
0.1 138.929 -17.5138 3.36496
0.1 137.768 -18.4543 3.359
0.1 136.88 -18.5187 3.3593
0.1 135.252 -18.4723 3.36828
0.1 134.292 -18.864 3.376
0.1 133.087 -18.7194 3.37734
0.1 132.076 -19.0734 3.37475
0.1 130.654 -19.6061 3.37199
0.1 129.706 -19.5263 3.36467
0.1 129.004 -19.7925 3.37068
0.1 127.913 -20.0148 3.38306
0.1 126.675 -20.3476 3.38827
0.1 125.542 -20.6827 3.38202
0.1 124.696 -20.7043 3.38461
0.1 123.776 -20.9761 3.39135
0.1 122.398 -21.2647 3.39338
0.1 121.683 -21.5259 3.4058
0.1 120.221 -21.9788 3.39303
0.1 119.279 -22.2961 3.39159
0.1 117.757 -22.4925 3.38572
0.1 116.758 -22.9157 3.39047
0.1 115.511 -23.3441 3.38987
0.1 114.586 -23.0145 3.40703
0.1 113.356 -23.2026 3.39401
0.1 112.449 -23.7963 3.41802
0.1 111.755 -24.0759 3.4087
0.1 110.321 -24.3388 3.4093
0.1 109.813 -24.8134 3.4143
0.1 109.121 -25.2062 3.422
0.1 107.67 -25.232 3.41943
0.1 107.133 -25.4748 3.44936
0.1 105.947 -26.4049 3.45548
0.1 105.041 -26.4508 3.46403
0.1 103.706 -26.6489 3.46856
0.1 102.925 -27.1397 3.46425
0.1 101.905 -27.3453 3.46886
0.1 100.786 -27.534 3.47375
0.1 99.9793 -28.1154 3.48686
0.1 98.6015 -28.6095 3.49384
0.1 97.8257 -28.8423 3.49643
0.1 96.7752 -29.1626 3.49901
0.1 95.6387 -29.6677 3.50833
0.1 94.7461 -30.072 3.51027
0.1 94.1999 -30.4467 3.52119
0.1 93.1795 -30.4187 3.52606
0.1 92.0793 -30.9366 3.54184
0.1 91.1349 -31.3142 3.54792
0.1 90.4568 -32.3134 3.54796
0.1 89.3595 -32.7713 3.55446
0.1 88.8293 -33.2191 3.56029
0.1 87.8867 -33.9431 3.57145
0.1 87.2258 -34.1216 3.58361
0.1 85.9573 -34.3173 3.59554
0.1 84.8891 -34.6742 3.62006
0.1 83.7045 -35.0567 3.6289
0.1 82.7122 -35.6589 3.63815
0.1 81.613 -36.3745 3.65031
0.1 80.7515 -37.2469 3.66133
0.1 80.0093 -37.5128 3.67364
0.1 78.7085 -37.8116 3.68263
0.1 78.0648 -38.6032 3.69945
0.1 77.0192 -39.5314 3.70436
0.1 75.8216 -39.3947 3.7219
0.1 75.112 -40.1326 3.7367
0.1 74.0466 -40.8849 3.74682
0.1 73.3739 -41.0499 3.77344
0.1 72.4378 -41.9273 3.77836
0.1 71.7836 -42.9067 3.77694
0.1 71.0219 -43.3492 3.81208
0.1 70.3482 -43.9442 3.82399
0.1 69.3416 -44.8009 3.84346
0.1 68.5555 -45.7388 3.85715
0.1 67.8671 -46.0774 3.86066
0.1 67.188 -46.7872 3.87969
0.1 66.4617 -47.21 3.88072
0.1 65.5802 -48.1 3.87411
0.1 64.3269 -49.2125 3.87866
0.1 63.4306 -49.9307 3.88348
0.1 62.7289 -50.992 3.88746
0.1 62.3117 -51.3271 3.89122
0.1 60.9885 -52.3772 3.89331
0.1 60.5234 -53.0468 3.8972
0.1 59.748 -53.716 3.9042
0.1 58.8928 -54.4347 3.907
0.1 58.0278 -55.2045 3.91789
0.1 57.2072 -56.1744 3.92325
0.1 56.6681 -56.8577 3.9257
0.1 55.7657 -57.5243 3.92746
0.1 54.7821 -58.301 3.92023
0.1 54.2187 -59.182 3.91659
0.1 53.3057 -59.6719 3.92919
0.1 52.6057 -60.7971 3.92066
0.1 52.0598 -61.178 3.92749
0.1 51.1803 -62.0969 3.93559
0.1 50.722 -62.3323 3.93557
0.1 50.1041 -63.2817 3.9326
0.1 49.5501 -63.8029 3.93975
0.1 48.6658 -64.6901 3.9399
0.1 47.8718 -65.6113 3.92798
0.1 47.2477 -66.0278 3.93783
0.1 46.7844 -66.5579 3.94709
0.1 45.8669 -67.4167 3.9351
0.1 45.0274 -68.2475 3.92489
0.1 44.4947 -69.2483 3.93165
0.1 43.9613 -69.8393 3.92944
0.1 43.21 -70.2307 3.94299
0.1 42.5608 -70.6782 3.94446
0.1 42.1361 -71.0981 3.94697
0.1 41.0605 -72.0124 3.93347
0.1 40.355 -72.5246 3.91646
0.1 39.8692 -73.6602 3.93141
0.1 39.4403 -74.3387 3.92062
0.1 38.0589 -74.9464 3.93092
0.1 37.5412 -75.3657 3.92042
0.1 36.8971 -76.1069 3.91326
0.1 36.637 -76.627 3.91946
0.1 36.3674 -77.754 3.91106
0.1 35.4427 -78.3663 3.90962
0.1 34.8927 -79.0448 3.89931
0.1 33.778 -79.8609 3.88783
0.1 32.927 -80.4527 3.88967
0.1 32.3576 -80.8566 3.86751
0.1 31.8095 -81.1196 3.86496
0.1 30.8311 -81.5074 3.8549
0.1 30.3746 -82.2025 3.854
0.1 29.4767 -82.8306 3.84149
0.1 28.6397 -83.8504 3.82483
0.1 27.6376 -83.5827 3.81743
0.1 27.7188 -84.2762 3.82515
0.1 26.9637 -84.9743 3.81551
0.1 26.5624 -85.734 3.8035
0.1 25.9311 -86.2283 3.80213
0.1 25.0982 -86.5035 3.79254
0.1 23.9546 -87.2122 3.75941
0.1 23.2484 -87.4863 3.75317
0.1 22.67 -87.9303 3.72846
0.1 21.8511 -88.8672 3.73333
0.1 21.242 -89.3939 3.72327
0.1 20.29 -89.8056 3.70059
0.1 20.1188 -89.9383 3.70668
0.1 19.788 -89.9516 3.67375
0.1 18.8138 -90.265 3.6731
0.1 17.7233 -90.9761 3.65112
0.1 17.3677 -91.1525 3.63815
0.1 16.8683 -91.2656 3.63263
0.1 15.7424 -92.3514 3.61092
0.1 15.0722 -92.3724 3.60301
0.1 14.648 -92.8358 3.58869
0.1 13.9377 -92.9021 3.57293
0.1 13.3684 -93.4551 3.54391
0.1 12.8289 -93.5054 3.53135
0.1 12.062 -93.8785 3.50545
0.1 10.9745 -93.8237 3.47861
0.1 10.2234 -94.0735 3.46646
0.1 9.95631 -94.2913 3.44417
0.1 8.75292 -94.9111 3.41411
0.1 8.48803 -94.9888 3.41091
0.1 7.31974 -95.2148 3.39183
0.1 7.15809 -95.4978 3.37276
0.1 6.09524 -95.656 3.3528
0.1 5.38098 -95.5308 3.33385
0.1 4.39337 -95.5388 3.3051
0.1 4.29634 -95.4309 3.289
0.1 3.36618 -95.6405 3.26833
0.1 2.84564 -95.6669 3.23618
0.1 2.26523 -95.6665 3.21748
0.1 1.37477 -96.1903 3.20896
0.1 0.625517 -95.8606 3.18871
0.1 0.272406 -95.6187 3.16546
0.1 -0.775362 -95.5503 3.13887
0.1 -1.51312 -95.5513 3.12523
0.1 -2.05591 -95.8662 3.10532
0.1 -2.82267 -95.4722 3.08987
0.1 -3.26285 -95.7686 3.05404
0.1 -3.82283 -95.4296 3.04064
0.1 -4.14673 -95.3679 3.01918
0.1 -4.5719 -94.8079 3.00886
0.1 -5.55575 -94.7052 2.98405
0.1 -6.32538 -94.6154 2.97564
0.1 -7.23441 -94.7469 2.95905
0.1 -8.08014 -94.5446 2.93072
0.1 -9.05425 -94.4038 2.91549
0.1 -9.59568 -94.2011 2.90394
0.1 -10.2217 -93.7838 2.88378
0.1 -10.6715 -93.6048 2.85988
0.1 -11.4627 -93.3145 2.85453
0.1 -12.5295 -93.3827 2.83652
0.1 -13.1897 -93.3218 2.82767
0.1 -14.0963 -92.7157 2.80699
0.1 -14.3172 -92.3455 2.80075
0.1 -14.998 -92.2554 2.78046
0.1 -15.8823 -91.8034 2.76141
0.1 -16.6321 -91.7721 2.7482
0.1 -17.5132 -91.3625 2.72864
0.1 -18.2116 -91.0819 2.69844
0.1 -18.6355 -90.9081 2.67214
0.1 -19.6297 -90.4014 2.66046
0.1 -20.0789 -90.0196 2.64824
0.1 -21.0519 -89.4423 2.63083
0.1 -21.9422 -89.1595 2.60014
0.1 -22.4801 -88.4339 2.58068
0.1 -22.8549 -88.565 2.57366
0.1 -23.5379 -88.1187 2.54911
0.1 -23.9706 -87.4713 2.51755
0.1 -24.7692 -86.8381 2.49573
0.1 -25.3541 -86.1294 2.466
0.1 -26.219 -85.4531 2.44301
0.1 -26.6031 -84.8747 2.44219
0.1 -26.7768 -84.3748 2.42189
0.1 -27.6106 -83.67 2.40325
0.1 -28.1864 -83.205 2.37444
0.1 -28.8081 -82.9454 2.35951
0.1 -29.2695 -82.6242 2.34117
0.1 -29.7338 -82.4537 2.33835
0.1 -30.3448 -81.574 2.30766
0.1 -31.0358 -80.9703 2.29233
0.1 -31.5678 -80.2563 2.26708
0.1 -31.9058 -79.7716 2.24151
0.1 -32.3845 -78.7491 2.21928
0.1 -32.9101 -78.4262 2.1952
0.1 -33.4997 -78.0236 2.16957
0.1 -33.8717 -76.9777 2.13556
0.1 -34.5792 -76.0484 2.11852
0.1 -34.9091 -75.0067 2.09725
0.1 -35.0764 -74.3435 2.06992
0.1 -35.5832 -73.8858 2.05176
0.1 -35.6105 -73.0857 2.02684
0.1 -36.3615 -72.1649 2.01314
0.1 -36.4194 -71.251 1.99172
0.1 -36.4079 -70.4141 1.95664
0.1 -37.0007 -69.5235 1.93032
0.1 -37.2913 -68.7493 1.90901
0.1 -37.6546 -67.9848 1.88067
0.1 -37.9029 -67.2084 1.86461
0.1 -38.1742 -66.7363 1.8402
0.1 -38.3604 -65.6685 1.8124
0.1 -38.1428 -64.9126 1.79688
0.1 -38.2273 -64.3632 1.78846
0.1 -38.5853 -63.1435 1.77035
0.1 -39.222 -62.1425 1.7338
0.1 -39.236 -61.0824 1.72097
0.1 -38.8836 -60.6054 1.7064
0.1 -39.2212 -59.6727 1.6851
0.1 -39.1606 -59.067 1.67573
0.1 -39.4257 -57.904 1.67062
0.1 -39.331 -56.9875 1.65509
0.1 -39.1339 -56.5417 1.65007
0.1 -39.3755 -55.337 1.6156
0.1 -39.386 -54.4523 1.60503
0.1 -39.5358 -53.7433 1.6049
0.1 -39.8798 -52.7599 1.60417
0.1 -39.7567 -51.7893 1.58948
0.1 -39.321 -51.2067 1.57256
0.1 -39.4004 -50.7086 1.56573
0.1 -39.3754 -49.7309 1.55036
0.1 -39.0969 -48.6957 1.53416
0.1 -39.0797 -48.0359 1.5261
0.1 -38.8397 -47.2129 1.52493
0.1 -39.3546 -46.4346 1.51544
0.1 -39.2418 -45.194 1.49562
0.1 -39.2016 -44.4452 1.48232
0.1 -38.8964 -43.6589 1.47826
0.1 -39.0543 -42.8829 1.46067
0.1 -38.9676 -41.9206 1.44786
0.1 -38.8094 -41.2364 1.43404
0.1 -38.4975 -39.9695 1.41468
0.1 -38.3793 -38.9609 1.39739
0.1 -38.0701 -38.2264 1.38714
0.1 -38.0673 -37.3132 1.37004
0.1 -37.8096 -36.3298 1.35242
0.1 -37.6658 -35.7119 1.3396
0.1 -37.6384 -34.7347 1.32895
0.1 -37.2573 -34.2526 1.3237
0.1 -36.674 -33.3561 1.32632
0.1 -36.8085 -32.1383 1.29472
0.1 -36.0352 -31.3138 1.28051
0.1 -35.7204 -30.5163 1.25568
0.1 -35.8674 -30.3656 1.25705
0.1 -35.5562 -29.3154 1.25098
0.1 -35.444 -28.1984 1.24401
0.1 -35.0554 -27.4303 1.22409
0.1 -34.1381 -26.8546 1.21407
0.1 -34.1166 -25.5765 1.19961
0.1 -34.0368 -24.7819 1.18114
0.1 -33.2255 -24.0075 1.16397
0.1 -32.7889 -23.3284 1.15243
0.1 -32.3198 -22.3944 1.12049
0.1 -32.0785 -21.7496 1.09763
0.1 -31.7914 -21.1354 1.07837
0.1 -31.3877 -20.1056 1.07482
0.1 -30.9391 -19.7462 1.04846
0.1 -30.1024 -18.7908 1.02915
0.1 -29.5474 -18.1839 1.00326
0.1 -29.4846 -17.6207 0.993252
0.1 -28.8019 -16.7426 0.973944
0.1 -28.0766 -16.1222 0.964594
0.1 -27.894 -15.4112 0.94369
0.1 -27.5249 -14.5122 0.920659
0.1 -27.2246 -13.8428 0.903628
0.1 -26.5161 -13.2129 0.886556
0.1 -25.7334 -13.0063 0.874345
0.1 -24.9009 -11.8877 0.873147
0.1 -24.2057 -11.5326 0.846431
0.1 -23.5556 -10.4589 0.824453
0.1 -23.0041 -9.88683 0.807099
0.1 -22.6297 -8.98815 0.773842
0.1 -21.6487 -8.91294 0.768561
0.1 -20.8082 -8.50361 0.749687
0.1 -20.4318 -7.7076 0.727183
0.1 -19.5821 -7.43943 0.71711
0.1 -19.211 -6.83661 0.697234
0.1 -18.8103 -6.16111 0.675855
0.1 -18.011 -5.69864 0.660843
0.1 -16.5511 -5.06703 0.62603
0.1 -15.9432 -3.94236 0.614857
0.1 -15.2814 -3.52302 0.590751
0.1 -14.3756 -3.44284 0.575776
0.1 -14.0204 -3.06579 0.555187
0.1 -13.0768 -2.3524 0.537665
0.1 -11.9444 -1.70964 0.50391
0.1 -11.4945 -1.37123 0.515662
0.1 -10.7475 -1.25051 0.485291
0.1 -9.53103 -0.556343 0.471121
0.1 -8.64161 -0.339191 0.472461
0.1 -7.74933 0.462316 0.447697
0.1 -7.00336 0.716528 0.440868
0.1 -6.3962 1.0427 0.42008
0.1 -5.88647 1.23722 0.394837
0.1 -5.03365 1.88319 0.390399
0.1 -3.75974 2.00941 0.37392
0.1 -2.98691 2.14101 0.367612
0.1 -2.25335 2.47966 0.350524
0.1 -1.33788 2.7208 0.332418
0.1 -0.694105 2.93921 0.314512
0.1 0.221378 3.21673 0.299808
0.1 1.22127 3.65007 0.290823
0.1 2.24926 3.76823 0.281932
0.1 3.21964 3.75043 0.272911
0.1 4.03308 4.32416 0.26013
0.1 4.85783 4.71456 0.258815
0.1 5.47093 4.41093 0.262475
0.1 6.26683 5.17298 0.273675
0.1 7.34034 5.23818 0.271035
0.1 8.16902 5.57583 0.269727
0.1 9.10754 5.80283 0.248327
0.1 10.2394 6.14826 0.241311
0.1 11.1854 6.24282 0.242365
0.1 12.3031 6.68725 0.236373
0.1 12.7887 6.86768 0.227268
0.1 13.9907 7.09139 0.225731
0.1 14.7957 7.52831 0.233004
0.1 15.8157 7.39624 0.231575
0.1 16.5909 7.6721 0.22511
0.1 17.0326 8.18374 0.226521
0.1 18.0877 7.91515 0.216644
0.1 19.0777 8.41627 0.219318
0.1 20.1733 8.37477 0.200606
0.1 21.1744 8.52041 0.207198
0.1 21.7527 8.4365 0.200133
0.1 22.1817 8.52484 0.204583
0.1 23.2274 8.81307 0.199458
0.1 24.1169 9.52481 0.214161
0.1 25.1824 9.64388 0.195988
0.1 26.2204 9.61186 0.197208
0.1 27.084 9.62021 0.191348
0.1 28.0424 9.63544 0.183506
0.1 28.8387 9.86141 0.180147
0.1 30.2399 10.1633 0.173327
0.1 30.6186 10.4156 0.175736
0.1 31.5393 10.5159 0.166592
0.1 32.7489 10.534 0.163787
0.1 33.3429 10.3513 0.16611
0.1 34.3046 10.4887 0.161691
0.1 35.281 11.026 0.161545
0.1 36.058 11.1554 0.165318
0.1 37.4153 11.4303 0.171741
0.1 38.1373 11.5797 0.158308
0.1 39.1821 11.8495 0.160573
0.1 40.1306 11.9977 0.162695
0.1 40.8264 12.0032 0.156725
0.1 42.1022 12.1529 0.148916
0.1 42.908 11.9875 0.15364
0.1 43.6213 12.5054 0.149791
0.1 44.6054 12.4554 0.14295
0.1 45.2737 12.8308 0.147324
0.1 46.2291 12.4995 0.14728
0.1 46.9806 12.88 0.155242
0.1 47.9057 13.0504 0.148171
0.1 49.1773 12.6693 0.14036
0.1 50.3865 13.118 0.130882
0.1 51.2155 13.5965 0.12269
0.1 52.255 13.0964 0.119877
0.1 52.8276 14.0934 0.122952
0.1 53.6036 13.7455 0.119471
0.1 54.8579 13.933 0.114873
0.1 55.6458 14.0656 0.122049
0.1 56.5852 13.9057 0.11997
0.1 57.4632 13.9925 0.106589
0.1 58.3324 14.1434 0.106694
0.1 59.3602 14.5502 0.120351
0.1 60.1901 14.3398 0.0983394
0.1 61.4992 14.3075 0.0983258
0.1 62.0842 14.3315 0.110492
0.1 62.9046 14.9042 0.105814
0.1 63.8217 14.7944 0.102377
0.1 64.9023 15.0907 0.0940537
0.1 65.6845 15.4098 0.0963915
0.1 66.6793 15.1909 0.097112
0.1 67.386 15.471 0.109545
0.1 68.7501 15.8684 0.101513
0.1 69.4389 15.5342 0.101902
0.1 71.0138 15.7083 0.0960211
0.1 71.4867 15.5017 0.112583
0.1 72.5041 15.7369 0.108633
0.1 73.4089 15.8856 0.112677
0.1 73.824 16.3041 0.0996209
0.1 74.572 16.1341 0.11155
0.1 75.8348 15.944 0.105589
0.1 76.7805 16.4297 0.0991376
0.1 78.1751 16.1517 0.0924613
0.1 78.9378 16.6172 0.107323
0.1 79.9531 16.5535 0.10841
0.1 80.715 16.6788 0.101716
0.1 81.8979 16.7384 0.100109
0.1 82.6154 16.5363 0.0908153
0.1 83.669 16.6485 0.087544
0.1 84.5272 16.5075 0.0974432
0.1 85.3528 16.9935 0.0951232
0.1 86.5545 16.9363 0.103936
0.1 87.4542 16.8567 0.0793557
0.1 88.7746 16.882 0.0817877
0.1 89.5237 17.21 0.0905692
0.1 90.7163 17.3786 0.0914343
0.1 91.4498 17.3385 0.0902142
0.1 92.3204 17.5023 0.0827168
0.1 93.3584 17.9851 0.0858706
0.1 93.9017 18.0228 0.101727
0.1 95.1624 17.8645 0.093176
0.1 95.8622 17.7658 0.0804069
0.1 96.956 17.5253 0.0764084
0.1 97.6564 17.8727 0.0803374
0.1 98.5151 18.0533 0.0775493
0.1 100.006 18.2421 0.0840222
0.1 100.903 17.9115 0.0732169
0.1 101.529 18.0071 0.0756483
0.1 102.766 18.4555 0.06462
0.1 103.4 18.3256 0.0688094
0.1 104.52 18.3405 0.0636723
0.1 105.439 18.5038 0.0595638
0.1 106.213 18.7983 0.065998
0.1 107.181 18.4934 0.0698433
0.1 108.61 19.2108 0.0730832
0.1 109.235 18.4335 0.0768581
0.1 109.948 19.2044 0.0684487
0.1 110.845 18.724 0.0781421
0.1 111.972 18.9314 0.0788607
0.1 112.875 19.2379 0.0611408
0.1 113.721 19.2507 0.057469
0.1 114.825 19.3108 0.0615958
0.1 115.79 19.3257 0.0616323
0.1 116.879 19.6119 0.0631552
0.1 118.345 19.2289 0.0549799
0.1 119.33 19.1032 0.0634863
0.1 120.104 19.0197 0.0565393
0.1 120.842 19.3204 0.0587533
0.1 122.048 19.5802 0.0707306
0.1 122.942 19.3137 0.0694302
0.1 124.036 19.9096 0.0726686
0.1 124.706 19.9722 0.0838185
0.1 125.443 20.0481 0.0756486
0.1 127.123 19.7949 0.0795247
0.1 128.018 20.0836 0.0642315
0.1 128.597 20.2361 0.0613261
0.1 129.635 20.274 0.0665158
0.1 130.288 20.3368 0.0616457
0.1 131.488 20.0942 0.066864
0.1 132.283 20.4461 0.0657722
0.1 133.234 20.6304 0.0798097
0.1 134.384 20.4388 0.0861705
0.1 135.045 20.3706 0.0811897
0.1 136.493 20.884 0.0768906
0.1 137.447 20.767 0.0674917
0.1 138.456 20.6436 0.0727765
0.1 139.109 20.7648 0.0689667
0.1 140.357 21.0987 0.0758247
0.1 141.455 20.9199 0.0834642
0.1 142.231 21.2561 0.0822916
0.1 143.41 21.074 0.0788485
0.1 144.124 21.0997 0.075093
0.1 145.187 21.1752 0.0769754
0.1 146.471 21.3121 0.0784952
0.1 147.601 21.4218 0.0842962
0.1 148.831 21.5891 0.0787024
0.1 149.857 21.7303 0.0697992
0.1 150.955 21.9262 0.0829348
0.1 151.743 21.5683 0.08504
0.1 153.126 21.6518 0.0801723
0.1 153.62 21.6003 0.083241
0.1 155.24 22.151 0.0688988
0.1 155.933 22.014 0.0719039
0.1 156.803 22.2437 0.0823245
0.1 157.717 21.8643 0.0871154
0.1 158.841 21.8461 0.0762952
0.1 160.208 22.2325 0.0738525
0.1 160.974 22.4761 0.0736529
0.1 161.863 22.5873 0.0820818
0.1 163.085 22.499 0.0824479
0.1 164.517 22.8699 0.0719161
0.1 165.518 22.9403 0.0594222
0.1 166.632 22.9411 0.0663036
0.1 167.712 23.0065 0.0875563
0.1 168.723 22.6065 0.0740596
0.1 169.784 22.96 0.0674984
0.1 171.113 23.0212 0.077454
0.1 172.538 23.2649 0.0698054
0.1 173.443 23.69 0.0814436
0.1 174.349 23.3483 0.0679834
0.1 175.586 23.3676 0.0721454
0.1 176.771 23.0867 0.0640251
0.1 178.069 23.78 0.0740588
0.1 179.083 23.632 0.0756517
0.1 179.925 23.6778 0.0686411
0.1 180.953 23.8634 0.0706055
0.1 181.715 23.9815 0.0796064
0.1 183.276 24.2719 0.0808924
0.1 184.216 24.5262 0.0728352
0.1 185.29 24.5352 0.0766009
0.1 186.385 24.5436 0.0672534
0.1 187.466 24.5825 0.0707565
0.1 188.399 24.4194 0.07373
0.1 189.719 24.3566 0.0727736
0.1 191.152 24.6244 0.0655176
0.1 192.496 24.5614 0.0583069
0.1 193.305 24.8085 0.0615694
0.1 194.534 24.8099 0.0606719
0.1 195.559 24.7633 0.0458112
0.1 196.732 24.7082 0.0755797
0.1 197.89 24.8823 0.0707429
0.1 199.174 24.9758 0.0581016
0.1 199.781 24.9689 0.0665925
0.1 201.269 25.2124 0.0659396
0.1 202.51 25.1109 0.0665902
0.1 203.199 25.3453 0.0647957
0.1 204.42 25.0475 0.0610849
0.1 205.555 25.7734 0.0597909
0.1 206.729 25.7412 0.0650999
0.1 207.845 25.9263 0.0664242
0.1 208.851 26.0655 0.0669765
0.1 210.053 26.1142 0.0605905
0.1 210.994 25.9465 0.0636307
0.1 212.27 25.7633 0.0727621
0.1 213.391 26.0569 0.0618917
0.1 214.635 26.4544 0.0627944
0.1 216.167 26.4676 0.0648384
0.1 216.64 26.3824 0.0704751
0.1 217.829 26.1768 0.0702939
0.1 218.56 26.0553 0.0816882
0.1 220.076 26.0267 0.068457
0.1 221.118 26.1971 0.0834576
0.1 222.077 26.2418 0.0742908
0.1 223.052 26.5231 0.0764146
0.1 224.135 27.0574 0.0731806
0.1 225.194 26.6709 0.0820504
0.1 226.214 26.8947 0.0898603
0.1 227.606 27.1595 0.0840588
0.1 228.688 26.7363 0.0721324
0.1 229.893 27.119 0.0896152
0.1 231.066 27.2818 0.0883383
0.1 231.935 27.0308 0.0794501
0.1 232.593 27.477 0.078613
0.1 233.905 27.3693 0.090488
0.1 234.759 27.7248 0.0791255
0.1 235.986 27.7179 0.0887841
0.1 237.487 28.0893 0.0794645
0.1 238.55 28.3965 0.0659815
0.1 239.053 28.317 0.0753504
0.1 240.305 27.8624 0.0936389
0.1 241.505 28.2743 0.0904009
0.1 242.428 28.1248 0.0884298
0.1 243.278 27.7297 0.0869686
0.1 244.194 28.0954 0.0853546
0.1 245.582 28.2029 0.0773966
0.1 246.645 28.3649 0.071296
0.1 247.645 28.4327 0.0695541
0.1 248.591 28.6148 0.0759901
0.1 249.233 28.3103 0.0774464
0.1 250.281 28.8988 0.0742337
0.1 251.344 28.9555 0.0604908
0.1 252.356 28.7547 0.0451549
0.1 253.449 29.0414 0.0446421
0.1 253.917 29.0881 0.0414428
0.1 254.476 29.3271 0.0308417
0.1 255.082 29.7342 0.028311
0.1 255.032 29.7902 0.00714004
0.1 255.326 29.3798 6.26229
0.1 256.5 28.8985 6.26035
0.1 257.415 28.6694 6.2381
0.1 258.484 28.5219 6.20682
0.1 259.145 28.4932 6.1864
0.1 260.128 28.6287 6.15244
0.1 260.728 28.5567 6.12296
0.1 261.194 28.7124 6.10465
0.1 261.71 28.3569 6.0866
0.1 262.638 27.8863 6.03918
0.1 263.11 27.6291 6.0089
0.1 263.843 27.3241 5.97943
0.1 264.511 27.1041 5.96142
0.1 265.031 26.8977 5.92577
0.1 265.865 26.8273 5.87979
0.1 266.743 26.2014 5.84307
0.1 267.205 26.3649 5.82793
0.1 267.433 26.0257 5.79636
0.1 268.348 25.4536 5.75811
0.1 268.648 25.2172 5.73196
0.1 269.02 24.9162 5.69957
0.1 269.838 24.2548 5.67681
0.1 270.221 23.9146 5.66731
0.1 270.969 23.9025 5.63942
0.1 271.504 23.5356 5.59036
0.1 271.999 22.7079 5.56336
0.1 272.333 22.312 5.52631
0.1 272.734 21.5926 5.50544
0.1 272.929 21.2675 5.47459
0.1 273.7 20.6186 5.43413
0.1 273.762 20.0197 5.41218
0.1 274.703 19.5275 5.39356
0.1 274.812 18.8583 5.3598
0.1 275.304 18.5802 5.32204
0.1 275.934 17.9068 5.28973
0.1 275.939 17.364 5.25652
0.1 276.029 16.721 5.23613
0.1 276.474 15.8016 5.1977
0.1 276.841 15.1175 5.15647
0.1 277.103 14.2722 5.12432
0.1 277.423 13.6782 5.09219
0.1 277.413 13.1392 5.07179
0.1 277.686 12.3056 5.03321
0.1 278.008 11.8271 4.99688
0.1 278.035 11.321 4.9772
0.1 278.378 10.6657 4.95251
0.1 278.415 9.84366 4.92338
0.1 278.621 9.18701 4.88893
0.1 278.693 8.67825 4.87085
0.1 278.841 7.69387 4.84608
0.1 278.711 7.31599 4.81896
0.1 278.846 6.42192 4.78774
0.1 279.163 5.78383 4.75574
0.1 278.784 5.03081 4.73252
0.1 279.094 4.06358 4.69584
0.1 278.904 3.42566 4.6591
0.1 278.345 2.5792 4.63267
0.1 278.697 2.0115 4.60465
0.1 278.24 1.17008 4.55496
0.1 277.992 0.531302 4.52528
0.1 277.809 -0.389004 4.48023
0.1 277.731 -1.36245 4.46332
0.1 277.512 -1.98767 4.43003
0.1 277.229 -2.37865 4.40837
0.1 276.977 -3.39849 4.36624
0.1 276.849 -4.13672 4.33187
0.1 276.041 -4.80966 4.29019
0.1 275.906 -5.53114 4.26602
0.1 275.432 -6.01951 4.21917
0.1 275.118 -6.53982 4.19121
0.1 274.495 -7.07726 4.16682
0.1 274.558 -7.74291 4.15111
0.1 274.2 -8.47982 4.12034
0.1 273.541 -9.164 4.08051
0.1 273.068 -9.67195 4.0488
0.1 272.287 -10.2988 4.00343
0.1 271.594 -10.8725 3.96783
0.1 271.245 -10.8573 3.95338
0.1 270.712 -11.7552 3.91877
0.1 270.37 -12.2286 3.88663
0.1 269.556 -12.5524 3.84947
0.1 269.521 -13.4516 3.82373
0.1 268.629 -14.1386 3.7972
0.1 267.463 -14.2421 3.76933
0.1 266.558 -14.7196 3.73548
0.1 265.972 -15.1726 3.70363
0.1 265.028 -15.4956 3.66492
0.1 264.877 -15.9646 3.63581
0.1 264.271 -16.4747 3.61208
0.1 263.231 -16.7283 3.57486
0.1 262.761 -16.949 3.54452
0.1 262.15 -17.2383 3.51443
0.1 261.159 -17.7019 3.49504
0.1 260.397 -17.7237 3.46202
0.1 259.537 -18.2093 3.42051
0.1 258.988 -18.3696 3.39452
0.1 257.787 -18.1953 3.35341
0.1 256.769 -18.5096 3.32271
0.1 255.905 -18.6852 3.28411
0.1 255.052 -18.8709 3.26762
0.1 254.492 -19.0289 3.22097
0.1 253.471 -18.7713 3.18909
0.1 252.953 -18.7076 3.16085
0.1 251.67 -18.9679 3.12298
0.1 251.009 -18.5898 3.09947
0.1 249.964 -18.6701 3.06136
0.1 249.365 -18.6439 3.04499
0.1 248.413 -18.1452 3.01811
0.1 247.209 -18.2268 2.99603
0.1 246.909 -17.6169 2.97911
0.1 245.369 -17.4945 2.94776
0.1 244.497 -17.9181 2.93517
0.1 243.145 -17.0106 2.91006
0.1 242.333 -16.9852 2.90194
0.1 241.755 -16.2839 2.89316
0.1 240.595 -16.5502 2.90713
0.1 240.053 -16.4662 2.91333
0.1 239.166 -16.3747 2.90385
0.1 238.371 -16.2402 2.91026
0.1 237.315 -15.958 2.89967
0.1 236.401 -15.6353 2.9029
0.1 235.472 -15.287 2.90646
0.1 234.575 -15.0763 2.90517
0.1 233.433 -14.9564 2.89812
0.1 232.555 -14.7505 2.8948
0.1 231.637 -14.799 2.91013
0.1 230.965 -14.4221 2.91533
0.1 229.715 -14.0783 2.91072
0.1 228.85 -14.4453 2.91013
0.1 227.618 -13.9592 2.9135
0.1 226.824 -13.5957 2.91631
0.1 225.898 -13.3149 2.91512
0.1 224.83 -12.8129 2.92589
0.1 224.14 -12.9045 2.92543
0.1 222.791 -12.7675 2.94393
0.1 221.743 -12.4852 2.94116
0.1 220.677 -12.049 2.943
0.1 219.799 -11.5754 2.94637
0.1 219.141 -11.5382 2.95997
0.1 217.877 -11.3826 2.96052
0.1 216.63 -11.5232 2.96464
0.1 215.614 -11.2847 2.98091
0.1 214.36 -10.8499 2.98962
0.1 213.348 -10.5507 2.99819
0.1 212.166 -10.4971 3.00328
0.1 210.967 -10.4416 3.01138
0.1 209.968 -10.1584 3.01494
0.1 209.329 -10.3065 3.03142
0.1 207.853 -10.3313 3.051
0.1 206.955 -10.1763 3.04911
0.1 205.888 -9.98939 3.06282
0.1 204.812 -9.82187 3.08214
0.1 203.705 -9.70835 3.10453
0.1 202.764 -9.7503 3.10437
0.1 200.973 -9.93106 3.10794
0.1 199.847 -10.2344 3.10236
0.1 198.802 -9.93446 3.12077
0.1 197.342 -9.97326 3.13604
0.1 196.655 -10.0516 3.13208
0.1 195.293 -9.9643 3.14413
0.1 194.015 -9.80372 3.14824
0.1 192.815 -9.69276 3.15169
0.1 191.805 -9.57706 3.15979
0.1 190.284 -9.83969 3.16381
0.1 189.127 -10.1599 3.16163
0.1 188.011 -10.1539 3.17023
0.1 186.803 -10.0267 3.18999
0.1 185.906 -10.1094 3.17898
0.1 184.775 -10.441 3.195
0.1 183.577 -10.3825 3.20468
0.1 182.184 -10.3853 3.19882
0.1 181.348 -10.1564 3.19991
0.1 180.362 -10.3064 3.20116
0.1 178.816 -10.4072 3.21233
0.1 177.602 -10.6905 3.20611
0.1 176.177 -10.645 3.20972
0.1 175.064 -10.8999 3.20642
0.1 173.981 -10.7721 3.21414
0.1 172.944 -10.7225 3.22091
0.1 171.528 -10.9207 3.23115
0.1 170.439 -11.261 3.2169
0.1 169.423 -11.7656 3.22845
0.1 168.476 -11.6509 3.23715
0.1 167.243 -11.7844 3.24633
0.1 166.511 -11.7511 3.24999
0.1 165.014 -11.9194 3.25515
0.1 164.075 -12.0943 3.24929
0.1 163.358 -12.0925 3.27268
0.1 162.117 -12.5021 3.27748
0.1 160.94 -12.4384 3.27247
0.1 159.43 -12.635 3.27535
0.1 158.702 -12.7786 3.28513
0.1 157.793 -12.8595 3.29693
0.1 156.551 -12.9314 3.29994
0.1 155.528 -12.9522 3.31106
0.1 154.659 -13.1885 3.31108
0.1 153.62 -13.3134 3.3123
0.1 152.607 -13.1881 3.31897
0.1 151.208 -13.7939 3.31114
0.1 150.036 -14.1224 3.31758
0.1 149.433 -14.5781 3.33508
0.1 148.447 -14.8006 3.32213
0.1 147.192 -14.7214 3.32798
0.1 146.361 -14.9474 3.33096
0.1 145.57 -15.3461 3.34294
0.1 144.112 -15.5953 3.34804
0.1 143.375 -15.5543 3.35659
0.1 142.482 -16.017 3.35167
0.1 141.458 -16.0532 3.3594
0.1 140.719 -16.1584 3.36981
0.1 139.283 -15.9947 3.35619
0.1 137.949 -16.4015 3.35503
0.1 137.144 -16.7329 3.36145
0.1 135.933 -17.1219 3.37424
0.1 135.13 -17.5426 3.38202
0.1 134.144 -17.5039 3.39424
0.1 133.18 -18.4055 3.37727
0.1 131.756 -18.3519 3.37765
0.1 131.286 -18.5577 3.38084
0.1 130.278 -18.6422 3.39136
0.1 129.267 -19.1209 3.37461
0.1 128.059 -18.9774 3.38357
0.1 127.095 -19.5749 3.39508
0.1 126.148 -19.387 3.39363
0.1 125.105 -20.0431 3.39154
0.1 124.188 -20.4757 3.3922
0.1 122.226 -20.389 3.39501
0.1 121.15 -20.2397 3.39516
0.1 120.521 -20.9845 3.39533
0.1 119.642 -20.9059 3.38521
0.1 118.91 -21.2964 3.38446
0.1 118.097 -21.1858 3.39021
0.1 116.849 -21.7319 3.39072
0.1 115.788 -21.9277 3.39167
0.1 114.77 -22.7675 3.39432
0.1 113.649 -23.0036 3.38672
0.1 112.562 -23.2781 3.39456
0.1 111.38 -23.5727 3.40237
0.1 110.362 -23.9651 3.39257
0.1 109.907 -24.3504 3.39478
0.1 108.997 -24.0581 3.39824
0.1 107.881 -24.2462 3.4033
0.1 107.067 -24.3406 3.40846
0.1 105.789 -24.5321 3.41646
0.1 104.887 -24.9415 3.40634
0.1 103.961 -25.4931 3.41977
0.1 103.039 -25.2022 3.41931
0.1 102.384 -25.8005 3.41648
0.1 101.102 -26.136 3.42726
0.1 100.178 -26.668 3.43312
0.1 99.4228 -27.0917 3.43597
0.1 98.5789 -27.3533 3.4437
0.1 97.6734 -27.4111 3.45361
0.1 96.8444 -27.422 3.46286
0.1 95.6141 -28.077 3.47513
0.1 94.7668 -28.2607 3.47278
0.1 93.9371 -28.7799 3.49181
0.1 93.163 -29.053 3.51047
0.1 92.046 -29.2026 3.51835
0.1 91.274 -29.7945 3.52017
0.1 90.6724 -30.3512 3.52733
0.1 89.8886 -30.414 3.5384
0.1 88.9379 -31.1161 3.56211
0.1 88.3914 -31.3648 3.56701
0.1 87.4919 -31.7864 3.57785
0.1 86.1007 -32.5738 3.58889
0.1 85.4751 -32.8057 3.60462
0.1 84.6191 -33.4727 3.61478
0.1 83.5416 -33.6862 3.63634
0.1 83.0437 -34.1692 3.63785
0.1 82.0261 -34.5602 3.65056
0.1 81.5945 -35.1062 3.65973
0.1 80.589 -35.3605 3.68409
0.1 79.9179 -35.7878 3.68945
0.1 79.0854 -35.9867 3.70679
0.1 78.1093 -37.1475 3.70657
0.1 77.5165 -37.4919 3.72083
0.1 76.4942 -38.5524 3.71808
0.1 75.7322 -38.9989 3.72947
0.1 75.1323 -39.3777 3.74447
0.1 74.1205 -40.3123 3.76086
0.1 73.5241 -41.0471 3.76463
0.1 73.015 -41.1066 3.777
0.1 72.2676 -41.5893 3.77527
0.1 71.7073 -42.1005 3.8026
0.1 70.8673 -42.8919 3.81657
0.1 69.6358 -42.884 3.81808
0.1 68.599 -43.8164 3.82845
0.1 68.1753 -44.29 3.83014
0.1 67.3023 -45.143 3.83398
0.1 66.3883 -45.8563 3.83306
0.1 65.8434 -45.9198 3.8447
0.1 64.9675 -46.6996 3.8628
0.1 64.7201 -47.3471 3.87018
0.1 63.5259 -48.177 3.87915
0.1 62.8303 -48.6063 3.87817
0.1 61.829 -49.3984 3.88214
0.1 61.3794 -50.186 3.88917
0.1 60.8627 -50.7813 3.88459
0.1 60.0523 -51.5067 3.89203
0.1 59.3978 -52.0358 3.90654
0.1 58.8732 -52.8393 3.90112
0.1 58.1441 -53.3315 3.89692
0.1 57.1572 -54.1407 3.89788
0.1 56.7637 -54.953 3.90257
0.1 56.2438 -55.6783 3.92638
0.1 55.548 -56.3658 3.93093
0.1 54.742 -56.6258 3.93285
0.1 54.3069 -57.505 3.93147
0.1 53.586 -58.5017 3.9485
0.1 52.636 -59.1599 3.9496
0.1 51.73 -59.7741 3.93859
0.1 51.0711 -60.2764 3.94952
0.1 50.569 -60.7747 3.94667
0.1 49.6119 -61.6809 3.95125
0.1 48.984 -62.432 3.92956
0.1 48.3844 -63.218 3.94392
0.1 47.8142 -63.8441 3.94673
0.1 47.3273 -64.5417 3.94399
0.1 46.997 -65.0315 3.94589
0.1 46.0527 -65.6708 3.93769
0.1 45.3827 -66.5244 3.93616
0.1 44.5269 -67.1214 3.94402
0.1 44.2421 -67.7889 3.94323
0.1 42.8761 -69.0609 3.95538
0.1 41.9993 -69.7951 3.94554
0.1 41.3843 -70.2842 3.9323
0.1 40.7678 -70.7403 3.92171
0.1 40.5642 -71.1182 3.91993
0.1 40.0444 -71.6914 3.92482
0.1 39.4325 -72.4562 3.94232
0.1 38.7331 -72.8795 3.93063
0.1 38.02 -73.5675 3.92957
0.1 37.4025 -74.4503 3.93659
0.1 37.0231 -75.1541 3.93017
0.1 36.651 -75.5519 3.94237
0.1 35.4207 -75.9422 3.91578
0.1 35.1583 -76.8718 3.9227
0.1 34.3398 -77.4622 3.91262
0.1 33.9719 -78.1372 3.91969
0.1 32.9952 -78.4566 3.90697
0.1 32.6284 -79.0708 3.91212
0.1 32.0383 -79.8933 3.92541
0.1 32.11 -80.4765 3.91858
0.1 31.2216 -81.2477 3.91663
0.1 30.4677 -81.6035 3.89566
0.1 29.5666 -82.0138 3.87766
0.1 28.9229 -82.6053 3.87423
0.1 28.3871 -83.137 3.86913
0.1 27.7861 -83.5537 3.86363
0.1 27.2251 -84.1738 3.85787
0.1 26.5123 -84.9578 3.84808
0.1 25.5748 -85.3214 3.83472
0.1 25.3025 -85.7264 3.82701
0.1 24.3995 -86.2453 3.81078
0.1 23.7984 -86.6458 3.78964
0.1 23.3018 -86.8769 3.77791
0.1 22.7613 -87.4778 3.76733
0.1 21.7812 -88.1614 3.7562
0.1 21.4905 -88.8637 3.74983
0.1 20.8849 -88.8442 3.7408
0.1 20.1337 -89.5947 3.71895
0.1 19.3051 -89.9692 3.71066
0.1 18.7626 -90.3464 3.68841
0.1 18.0747 -89.933 3.68521
0.1 17.421 -90.5948 3.66261
0.1 16.7106 -91.5747 3.63698
0.1 15.9366 -91.8205 3.62055
0.1 15.3313 -92.3692 3.6019
0.1 14.6827 -92.5128 3.58292
0.1 14.0626 -92.4072 3.56101
0.1 13.4639 -93.0028 3.55201
0.1 12.7655 -93.0106 3.53961
0.1 12.6065 -93.6063 3.53589
0.1 12.0112 -93.7863 3.52511
0.1 11.6189 -93.8962 3.51054
0.1 10.5628 -93.9653 3.49802
0.1 10.2269 -93.9996 3.47513
0.1 9.41229 -93.9562 3.46748
0.1 8.47024 -94.1211 3.44845
0.1 8.07083 -94.5788 3.42024
0.1 7.66184 -94.9663 3.39403
0.1 7.14396 -95.0702 3.37664
0.1 6.30244 -95.4445 3.35859
0.1 5.94767 -95.6407 3.34911
0.1 5.27147 -95.6593 3.33204
0.1 4.82269 -95.6142 3.32101
0.1 4.39562 -95.6628 3.29212
0.1 3.82809 -95.5227 3.28313
0.1 2.76032 -95.5154 3.26516
0.1 2.07204 -95.9994 3.2358
0.1 1.89099 -95.8112 3.23641
0.1 1.43613 -95.708 3.21699
0.1 0.838028 -95.9036 3.18833
0.1 0.432093 -95.919 3.18008
0.1 -0.215258 -95.6495 3.14833
0.1 -0.973451 -96.0135 3.15053
0.1 -1.43328 -95.7555 3.13643
0.1 -2.1679 -95.6752 3.11869
0.1 -2.65751 -95.655 3.10217
0.1 -3.17982 -95.7667 3.08338
0.1 -3.50793 -95.4591 3.07222
0.1 -4.34526 -95.4778 3.05604
0.1 -5.02927 -95.2368 3.04357
0.1 -5.5164 -95.3347 3.0267
0.1 -6.27939 -95.3707 3.01803
0.1 -6.9081 -95.2216 3.00167
0.1 -7.2854 -95.2366 2.98999
0.1 -8.03377 -95.0929 2.97445
0.1 -8.56072 -94.4824 2.9627
0.1 -9.27282 -94.4478 2.94634
0.1 -10.2653 -94.6464 2.92657
0.1 -10.7829 -94.4596 2.9216
0.1 -10.9873 -94.1911 2.91863
0.1 -11.7312 -94.0493 2.90069
0.1 -12.2025 -93.768 2.87622
0.1 -13.2038 -93.9314 2.87209
0.1 -13.685 -93.5157 2.85731
0.1 -14.7155 -93.354 2.83642
0.1 -15.3822 -92.8905 2.81517
0.1 -16.0449 -93.0447 2.80297
0.1 -17.025 -92.606 2.77872
0.1 -16.9933 -91.7358 2.75511
0.1 -17.7031 -91.7529 2.73949
0.1 -18.267 -91.261 2.72738
0.1 -18.9542 -91.0928 2.70977
0.1 -19.6792 -90.8517 2.70036
0.1 -20.3007 -90.4968 2.68303
0.1 -21.1032 -90.1167 2.6567
0.1 -21.6939 -90.1472 2.64285
0.1 -22.1462 -89.4657 2.63577
0.1 -22.8865 -89.4672 2.60209
0.1 -23.0147 -88.9806 2.58277
0.1 -23.6814 -88.5805 2.56928
0.1 -24.0473 -88.2357 2.5666
0.1 -24.7277 -87.5989 2.54493
0.1 -25.5845 -87.359 2.53313
0.1 -26.0988 -86.9298 2.52374
0.1 -26.6221 -86.5505 2.4996
0.1 -27.3152 -85.8259 2.47508
0.1 -27.8139 -85.4828 2.44993
0.1 -28.1908 -85.2223 2.43197
0.1 -29.0308 -84.2675 2.41464
0.1 -29.6075 -84.2219 2.38646
0.1 -29.9338 -83.3588 2.36835
0.1 -30.5839 -82.7964 2.335
0.1 -31.1345 -82.0804 2.32097
0.1 -31.5302 -81.9033 2.29981
0.1 -32.1172 -81.4197 2.27473
0.1 -32.6436 -80.9232 2.25091
0.1 -33.1383 -79.7494 2.23568
0.1 -33.6137 -79.5925 2.1995
0.1 -33.8208 -79.3362 2.18261
0.1 -34.1606 -78.4586 2.16658
0.1 -34.6209 -77.6685 2.13463
0.1 -34.896 -77.1087 2.10599
0.1 -35.2135 -76.6352 2.09067
0.1 -36.017 -75.7099 2.06345
0.1 -36.245 -74.7432 2.06044
0.1 -36.8101 -73.8258 2.04549
0.1 -36.9027 -73.1204 2.01811
0.1 -36.7837 -73.0302 2.00321
0.1 -36.9579 -72.7405 1.97626
0.1 -37.4355 -71.6269 1.95728
0.1 -37.8552 -70.6391 1.92537
0.1 -38.0988 -69.8759 1.90924
0.1 -38.1753 -68.8992 1.88783
0.1 -38.3157 -68.3026 1.87296
0.1 -38.3898 -67.6406 1.86874
0.1 -38.7036 -66.6933 1.85776
0.1 -38.7874 -65.9782 1.83476
0.1 -39.1655 -65.2376 1.8076
0.1 -38.978 -64.6496 1.79388
0.1 -39.5147 -63.829 1.77789
0.1 -40.0235 -62.8618 1.75985
0.1 -39.7357 -62.125 1.75213
0.1 -39.8753 -61.5282 1.73291
0.1 -40.068 -60.7735 1.71341
0.1 -40.0562 -60.0731 1.70328
0.1 -40.2096 -59.308 1.69222
0.1 -39.6371 -58.3274 1.67013
0.1 -39.9175 -57.7121 1.66961
0.1 -40.2821 -56.8474 1.6427
0.1 -40.096 -56.1477 1.63438
0.1 -40.1087 -55.0481 1.6294
0.1 -40.4555 -54.5384 1.6222
0.1 -40.6255 -53.8486 1.60987
0.1 -40.9709 -52.7406 1.59732
0.1 -40.6061 -51.7848 1.58642
0.1 -40.6999 -51 1.58704
0.1 -40.7801 -50.5138 1.58812
0.1 -40.6337 -49.2673 1.56219
0.1 -40.4964 -48.4157 1.54247
0.1 -40.2463 -47.439 1.53151
0.1 -40.1195 -47.0077 1.5214
0.1 -40.2755 -45.9651 1.50978
0.1 -40.3424 -45.1761 1.50317
0.1 -40.1095 -44.0518 1.49478
0.1 -40.3467 -43.5532 1.49188
0.1 -40.0596 -42.9686 1.46981
0.1 -40.0308 -41.9672 1.44671
0.1 -40.097 -41.6004 1.43895
0.1 -39.7765 -40.5221 1.43014
0.1 -39.6078 -39.8863 1.42909
0.1 -39.4032 -38.8786 1.41593
0.1 -39.5272 -38.1744 1.39861
0.1 -38.9197 -37.325 1.37468
0.1 -38.8781 -36.1398 1.3652
0.1 -38.4987 -35.2513 1.33921
0.1 -38.6117 -34.6431 1.32568
0.1 -38.5099 -33.961 1.31374
0.1 -37.9375 -33.066 1.303
0.1 -37.7997 -32.5327 1.28646
0.1 -37.5671 -31.4867 1.27748
0.1 -37.4162 -30.6173 1.26072
0.1 -37.3139 -29.9609 1.25682
0.1 -37.0639 -29.1691 1.23397
0.1 -36.6399 -28.6781 1.22895
0.1 -36.3823 -28.0558 1.22508
0.1 -36.381 -27.6239 1.21365
0.1 -36.0357 -26.4313 1.18747
0.1 -35.2736 -25.8428 1.16092
0.1 -35.2047 -24.9939 1.1428
0.1 -34.7448 -24.3786 1.14994
0.1 -34.2079 -23.6999 1.13089
0.1 -34.2184 -22.9381 1.1122
0.1 -33.6335 -22.2164 1.09999
0.1 -33.0398 -21.4664 1.0869
0.1 -32.7686 -20.6148 1.089
0.1 -32.6941 -19.938 1.05075
0.1 -32.3671 -19.3759 1.05085
0.1 -31.9806 -18.9788 1.03676
0.1 -31.4423 -18.2579 1.02077
0.1 -30.9509 -17.3535 1.00349
0.1 -30.2844 -17.1583 0.989366
0.1 -29.8562 -15.5508 0.966164
0.1 -29.3427 -15.327 0.951793
0.1 -28.7764 -14.6297 0.929489
0.1 -28.4605 -13.7653 0.923796
0.1 -27.6331 -13.3621 0.912712
0.1 -27.3271 -12.6572 0.901952
0.1 -26.7154 -11.8472 0.881089
0.1 -26.122 -11.7313 0.869981
0.1 -25.6458 -11.0612 0.842889
0.1 -24.8496 -10.4592 0.818718
0.1 -24.4302 -9.95021 0.800031
0.1 -23.4838 -9.2259 0.781694
0.1 -23.1803 -8.84753 0.765378
0.1 -22.8706 -8.37405 0.748733
0.1 -22.0904 -7.32142 0.728754
0.1 -21.4322 -7.24995 0.713793
0.1 -20.9427 -6.78091 0.698814
0.1 -19.8662 -5.86755 0.67183
0.1 -19.1559 -5.53659 0.651521
0.1 -18.7229 -5.08329 0.644379
0.1 -17.7576 -4.6215 0.622632
0.1 -17.1839 -3.75661 0.610698
0.1 -16.7316 -3.26337 0.600035
0.1 -16.1458 -2.92275 0.588337
0.1 -15.5048 -2.49191 0.558722
0.1 -14.5271 -2.19616 0.531201
0.1 -13.7374 -1.80167 0.521457
0.1 -12.5134 -1.37524 0.502811
0.1 -11.7217 -0.920175 0.483621
0.1 -11.3431 -0.63112 0.47681
0.1 -10.5521 0.0589841 0.453142
0.1 -9.49388 0.293081 0.429325
0.1 -8.48926 1.19046 0.423389
0.1 -7.79934 1.08313 0.421647
0.1 -7.36912 1.08452 0.40281
0.1 -6.22772 1.70283 0.372078
0.1 -5.12094 1.83359 0.353813
0.1 -4.19352 1.90121 0.349596
0.1 -3.6433 2.22407 0.331365
0.1 -2.96687 2.3218 0.321942
0.1 -1.51817 2.58195 0.314798
0.1 -0.770856 3.31985 0.305473
0.1 -0.189616 3.67076 0.297728
0.1 0.69001 3.75331 0.308878
0.1 1.77909 3.97655 0.297615
0.1 2.79188 4.40426 0.283184
0.1 4.0033 4.74157 0.273639
0.1 4.75581 4.89055 0.278259
0.1 5.55523 5.07059 0.274776
0.1 6.07246 5.14599 0.290001
0.1 7.70987 5.5072 0.272046
0.1 8.4503 6.00456 0.271696
0.1 9.09789 6.17065 0.266835
0.1 10.1672 6.40366 0.26291
0.1 11.055 6.75519 0.262185
0.1 11.8094 6.55873 0.251932
0.1 12.9761 6.83066 0.23297
0.1 13.9121 7.31571 0.23544
0.1 14.8621 7.79073 0.235444
0.1 16.1414 7.74591 0.222298
0.1 17.239 7.92516 0.21624
0.1 18.0211 8.18769 0.21322
0.1 18.7691 8.1168 0.205415
0.1 19.9226 8.58981 0.208675
0.1 21.0381 8.44559 0.192938
0.1 22.1568 9.04964 0.180232
0.1 23.5692 9.30514 0.168531
0.1 24.5208 9.63197 0.163217
0.1 25.4731 9.791 0.164717
0.1 26.6529 9.99017 0.16441
0.1 27.5091 10.1263 0.145536
0.1 28.8825 10.0981 0.137268
0.1 29.0538 10.4284 0.139683
0.1 30.6023 10.6563 0.139164
0.1 31.5485 10.9382 0.15074
0.1 32.6385 10.8006 0.146938
0.1 33.5384 11.0108 0.150914
0.1 34.9399 11.1015 0.145646
0.1 36.5061 11.3909 0.14412
0.1 37.4237 11.778 0.140021
0.1 38.6919 11.9152 0.14457
0.1 39.6462 11.6737 0.148511
0.1 40.7928 11.7092 0.152478
0.1 42.1065 11.9704 0.132722
0.1 43.2981 11.8399 0.134229
0.1 44.4324 12.4813 0.151783
0.1 45.7433 13.1151 0.136031
0.1 46.9307 12.8389 0.150164
0.1 47.3917 12.5849 0.143061
0.1 48.4837 12.8492 0.140708
0.1 50.2228 12.9893 0.132435
0.1 50.8605 13.1286 0.125707
0.1 51.8221 13.1723 0.130853
0.1 52.6187 13.3702 0.1287
0.1 53.8651 13.96 0.140502
0.1 54.7891 14.1663 0.137379
0.1 55.9522 14.1581 0.145369
0.1 56.5659 14.0046 0.139609
0.1 57.9151 14.1816 0.144369
0.1 58.8659 14.8384 0.14218
0.1 59.8482 15.0816 0.145579
0.1 60.7189 14.9501 0.142895
0.1 61.8689 14.8715 0.140947
0.1 62.5752 15.0983 0.143688
0.1 63.7506 15.4894 0.146384
0.1 64.9046 15.797 0.126783
0.1 66.1154 15.9889 0.12667
0.1 66.9693 15.8661 0.133688
0.1 68.0247 15.7812 0.122949
0.1 69.3675 16.2944 0.12309
0.1 70.3896 16.0772 0.131583
0.1 71.6303 16.1922 0.124273
0.1 72.6303 16.3573 0.123485
0.1 73.2703 16.4908 0.110283
0.1 74.5519 16.3967 0.103489
0.1 75.6922 16.2627 0.119775
0.1 76.6176 16.5387 0.123446
0.1 77.6538 16.7504 0.129621
0.1 78.5294 16.72 0.118964
0.1 79.2595 16.9205 0.115205
0.1 80.4218 17.1797 0.100348
0.1 81.9513 17.0988 0.108717
0.1 82.4659 17.7472 0.113609
0.1 83.7184 17.7311 0.101559
0.1 84.8835 17.7419 0.103344
0.1 86.0962 17.6033 0.0935487
0.1 86.8958 17.5319 0.0854413
0.1 87.584 17.8955 0.080021
0.1 88.5264 18.0493 0.0978305
0.1 89.9193 17.7199 0.0779756
0.1 90.8401 17.987 0.0807857
0.1 91.8338 18.2633 0.0809935
0.1 92.9897 18.6093 0.0732353
0.1 94.2904 18.6558 0.0662265
0.1 95.3662 18.4926 0.0581448
0.1 95.9996 18.6467 0.0591998
0.1 96.8649 18.6638 0.0615631
0.1 98.0452 18.5782 0.059479
0.1 99.235 18.5497 0.0652347
0.1 100.379 18.654 0.0655197
0.1 101.301 18.5322 0.0625656
0.1 102.286 19.0161 0.0630094
0.1 103.518 18.996 0.0557085
0.1 104.108 18.9579 0.063479
0.1 105.08 19.4043 0.0635429
0.1 106.134 19.4048 0.0730652
0.1 107.088 19.3127 0.0597313
0.1 108.23 19.1048 0.0473213
0.1 109.526 19.3836 0.0548659
0.1 110.342 19.3868 0.0566207
0.1 110.979 19.7441 0.0636012
0.1 111.965 19.6517 0.0586876
0.1 112.751 19.6353 0.0590109
0.1 114.063 19.4018 0.076032
0.1 114.998 19.3457 0.0803542
0.1 116.202 20.0491 0.0521686
0.1 117.258 19.6916 0.0519181
0.1 118.673 19.7595 0.0502362
0.1 119.055 19.3642 0.0608866
0.1 120.243 19.3651 0.0470566
0.1 121.437 19.5082 0.0546299
0.1 122.586 19.5499 0.0649146
0.1 123.613 19.7744 0.0523901
0.1 124.763 20.4062 0.0488121
0.1 125.705 20.0883 0.051526
0.1 126.87 20.4741 0.0484906
0.1 127.718 20.092 0.0530656
0.1 128.411 20.4811 0.0550709
0.1 129.272 20.3846 0.0588824
0.1 130.556 20.4246 0.0641275
0.1 131.607 20.2338 0.0507715
0.1 132.498 20.5218 0.0614814
0.1 133.497 20.4689 0.0499834
0.1 134.882 20.6636 0.0579081
0.1 135.928 20.6705 0.0543362
0.1 136.956 20.8038 0.0801333
0.1 138.477 21.0427 0.0606557
0.1 139.541 21.4562 0.0522185
0.1 140.277 21.7082 0.0452061
0.1 141.589 21.4738 0.0422216
0.1 142.634 21.3441 0.0438049
0.1 143.502 21.3607 0.0491833
0.1 144.019 21.3037 0.04976
0.1 145.031 21.3567 0.0564096
0.1 146.356 21.4685 0.0665572
0.1 147.15 21.3942 0.0669628
0.1 148.3 21.7714 0.0667331
0.1 149.082 22.1227 0.085044
0.1 149.933 21.8974 0.0810452
0.1 151.073 21.989 0.0801351
0.1 151.998 22.0356 0.0755089
0.1 153.137 22.1533 0.0797976
0.1 154.321 22.1526 0.0892043
0.1 155.501 22.0634 0.0904968
0.1 156.366 22.3843 0.0913594
0.1 157.511 22.6183 0.0921669
0.1 158.465 22.5219 0.0871281
0.1 159.682 22.5755 0.0866731
0.1 160.731 22.8757 0.0880118
0.1 161.971 22.8485 0.0801397
0.1 163.012 23.163 0.0746741
0.1 163.96 23.3941 0.0727536
0.1 165.157 23.2057 0.0771738
0.1 166.397 23.0791 0.0740718
0.1 167.103 23.2681 0.090627
0.1 167.867 23.3779 0.08044
0.1 169.248 23.6697 0.081382
0.1 170.366 23.9582 0.0717284
0.1 171.382 23.7473 0.0636527
0.1 172.36 23.7281 0.0680251
0.1 173.647 23.6634 0.0616031
0.1 174.541 23.8329 0.0679207
0.1 175.793 23.8992 0.0658184
0.1 176.69 24.0938 0.0729531
0.1 177.795 24.1112 0.0789093
0.1 178.94 24.0104 0.0818519
0.1 179.938 24.3634 0.0736859
0.1 181.161 24.4259 0.087672
0.1 181.915 24.1749 0.0651614
0.1 183.433 24.3021 0.0656604
0.1 184.612 24.2749 0.0683288
0.1 185.251 24.2858 0.0800181
0.1 186.462 24.8986 0.0692345
0.1 187.421 24.7803 0.0785609
0.1 188.374 25.0055 0.0722669
0.1 189.62 25.0108 0.0650323
0.1 190.543 24.8608 0.0611147
0.1 191.911 25.1546 0.0671064
0.1 192.854 24.9345 0.0658924
0.1 193.959 25.0361 0.0644768
0.1 195.021 25.3069 0.0637974
0.1 196.442 25.4515 0.0647137
0.1 197.205 25.5298 0.0636874
0.1 198.062 25.2766 0.065517
0.1 199.27 25.5465 0.0690901
0.1 200.712 25.8158 0.0714624
0.1 201.696 25.9128 0.0696659
0.1 202.681 26.046 0.0835229
0.1 203.655 25.953 0.0707574
0.1 204.439 25.9714 0.0696272
0.1 205.804 25.9622 0.0587094
0.1 206.894 26.0672 0.0644477
0.1 208.158 26.1145 0.0564699
0.1 209.16 26.0348 0.0641557
0.1 210.281 26.0291 0.0674054
0.1 211.413 25.7789 0.0644714
0.1 212.109 26.5218 0.0661789
0.1 213.525 26.7817 0.0701482
0.1 214.506 26.8554 0.0729018
0.1 215.706 26.5852 0.0766398
0.1 216.731 26.5462 0.0665338
0.1 217.726 26.9184 0.0597691
0.1 218.537 27.0797 0.0792747
0.1 219.624 27.151 0.0800083
0.1 220.611 27.3683 0.072507
0.1 221.667 27.4622 0.0621665
0.1 222.57 27.5629 0.0676626
0.1 223.639 27.302 0.0688503
0.1 224.825 27.6757 0.0655851
0.1 225.676 27.5631 0.0790743
0.1 226.693 27.5816 0.0728463
0.1 228.059 27.4556 0.0692136
0.1 228.97 27.7055 0.0695913
0.1 229.974 27.9977 0.0555562
0.1 230.983 27.622 0.0638672
0.1 231.837 27.522 0.0640989
0.1 233.174 27.8589 0.0604208
0.1 234.217 28.0688 0.0709419
0.1 234.905 28.275 0.0710127
0.1 235.674 28.2668 0.0746649
0.1 236.652 28.3343 0.0823271
0.1 237.67 28.5486 0.0673848
0.1 238.464 28.3409 0.0818354
0.1 239.386 28.4836 0.0794283
0.1 240.571 28.4549 0.0738749
0.1 241.028 28.3176 0.0735793
0.1 242.398 28.3121 0.0771713
0.1 243.176 28.7117 0.086011
0.1 243.888 28.8188 0.0898144
0.1 244.248 29.4897 0.0816458
0.1 245.196 29.2918 0.073215
0.1 246.348 29.3684 0.0845685
0.1 246.888 29.6595 0.0677682
0.1 247.697 29.4482 0.0626921
0.1 248.407 29.2751 0.0573446
0.1 249.26 29.2 0.0674788
0.1 250.199 28.9691 0.0658433
0.1 250.801 29.2922 0.0533977
0.1 251.792 29.4159 0.0422761
0.1 252.361 29.5629 0.0348068
0.1 252.644 29.3965 0.0220309
0.1 253.387 29.3124 0.0052154
0.1 253.634 29.0813 0.00130104
0.1 253.607 29.3535 -0.00136458
0.1 254.476 29.4316 6.25655
0.1 254.843 29.6259 6.25801
0.1 255.47 29.378 6.2503
0.1 256.017 29.1887 6.23531
0.1 256.464 29.4725 6.21692
0.1 257.03 29.2161 6.18759
0.1 257.231 29.1408 6.18973
0.1 257.448 29.0034 6.1805
0.1 257.991 28.7662 6.15177
0.1 258.224 28.6973 6.13292
0.1 258.491 29.0486 6.12039
0.1 259.509 28.6618 6.11433
0.1 259.81 28.8036 6.10085
0.1 259.816 28.4992 6.08367
0.1 260.01 28.5966 6.06615
0.1 261.002 28.6574 6.03817
0.1 261.567 28.538 6.0287
0.1 262.008 28.2762 6.01193
0.1 262.012 28.3285 5.99135
0.1 262.461 28.242 5.97533
0.1 262.578 28.2513 5.94862
0.1 262.67 27.9506 5.9455
0.1 263.36 27.8364 5.93466
0.1 263.695 27.9162 5.90884
0.1 263.933 27.7326 5.88404
0.1 264.06 27.6206 5.87139
0.1 264.171 27.2412 5.86231
0.1 264.912 26.9357 5.83947
0.1 264.854 27.0218 5.831
0.1 265.209 26.4532 5.81643
0.1 265.591 26.2497 5.80986
0.1 265.914 26.3073 5.79211
0.1 266.339 26.1897 5.77993
0.1 266.595 25.9414 5.76646
0.1 266.822 25.8826 5.76265
0.1 266.923 25.9324 5.74774
0.1 267.432 25.6669 5.72886
0.1 267.543 25.2242 5.7219
0.1 268.163 24.8416 5.69771
0.1 268.287 24.652 5.68635
0.1 268.232 24.6409 5.68178
0.1 268.935 24.0781 5.65525
0.1 269.213 23.9077 5.65781
0.1 269.504 24.079 5.65222
0.1 270.028 23.7547 5.62941
0.1 270.679 23.2363 5.62007
0.1 270.827 22.9945 5.60177
0.1 271.06 22.5127 5.59973
0.1 271.209 22.2291 5.58821
0.1 271.529 22.016 5.57433
0.1 272.091 21.6233 5.54729
0.1 272.367 21.4535 5.52437
0.1 273.175 20.8305 5.49465
0.1 273.608 20.8172 5.47827
0.1 273.947 20.7162 5.44544
0.1 273.954 20.1674 5.42829
0.1 274.072 19.6288 5.39934
0.1 274.459 19.0336 5.37077
0.1 274.784 18.7095 5.34362
0.1 274.828 18.2429 5.32479
0.1 275.159 17.7889 5.30003
0.1 275.292 17.4591 5.27588
0.1 275.973 16.9106 5.24004
0.1 276.486 16.3955 5.22254
0.1 276.398 16.0659 5.18468
0.1 276.41 15.5625 5.16306
0.1 276.871 14.741 5.1343
0.1 277.073 14.43 5.10659
0.1 277.249 13.911 5.0812
0.1 277.16 13.3122 5.05438
0.1 277.501 12.3958 5.02111
0.1 278.301 11.762 4.99492
0.1 277.884 10.9002 4.95964
0.1 277.573 10.4752 4.92213
0.1 277.988 9.9508 4.90052
0.1 277.971 9.54385 4.88424
0.1 278.118 9.04723 4.84239
0.1 278.241 8.86643 4.81305
0.1 278.576 8.16398 4.81374
0.1 278.594 7.43239 4.80018
0.1 278.705 6.78917 4.78421
0.1 278.474 6.12423 4.74056
0.1 278.507 5.33735 4.71894
0.1 278.308 4.8073 4.68499
0.1 278.079 4.22356 4.64882
0.1 277.996 3.74916 4.62656
0.1 277.667 3.04581 4.58402
0.1 277.513 2.22467 4.55642
0.1 277.551 1.78461 4.53669
0.1 277.509 1.08724 4.5119
0.1 277.103 0.346348 4.48627
0.1 277.055 -0.166409 4.45192
0.1 277.269 -0.727386 4.43005
0.1 276.522 -1.46397 4.41004
0.1 276.26 -1.91727 4.38705
0.1 276.331 -2.67699 4.35807
0.1 276.349 -3.32017 4.32646
0.1 275.388 -4.09456 4.29371
0.1 275.033 -4.90655 4.25968
0.1 274.842 -5.25999 4.23313
0.1 274.553 -5.88271 4.20418
0.1 274.178 -6.55171 4.17909
0.1 273.785 -7.26627 4.14481
0.1 273.809 -7.76723 4.12148
0.1 272.77 -8.29644 4.07128
0.1 272.057 -8.74067 4.03384
0.1 271.348 -9.01173 4.0114
0.1 271.027 -9.48147 3.9988
0.1 270.059 -10.3066 3.96756
0.1 270.057 -10.6711 3.95439
0.1 269.686 -11.0096 3.93089
0.1 269.396 -12.2608 3.92146
0.1 269.68 -12.7221 3.90761
0.1 268.929 -13.3477 3.87339
0.1 268.6 -13.6525 3.86469
0.1 268.364 -14.2118 3.83418
0.1 267.651 -14.4043 3.80303
0.1 266.728 -14.8136 3.772
0.1 265.84 -15.1289 3.72398
0.1 265.009 -15.7392 3.69695
0.1 264.157 -15.976 3.65984
0.1 263.166 -16.4554 3.6351
0.1 262.016 -16.8311 3.59004
0.1 261.786 -17.1703 3.56369
0.1 261.497 -17.1074 3.54758
0.1 260.833 -17.1593 3.50654
0.1 259.786 -17.5255 3.48446
0.1 259.484 -17.7725 3.45408
0.1 258.384 -17.9134 3.41794
0.1 257.331 -17.9712 3.38003
0.1 257.192 -18.0839 3.35231
0.1 256.198 -18.2531 3.3298
0.1 255.467 -18.3852 3.28728
0.1 254.883 -18.843 3.2598
0.1 254.476 -18.7699 3.22539
0.1 253.132 -18.6149 3.20139
0.1 251.89 -18.4321 3.16873
0.1 251.197 -18.6739 3.13281
0.1 250.655 -18.4426 3.10274
0.1 249.934 -18.4422 3.06603
0.1 249.238 -17.8911 3.03705
0.1 248.608 -18.0267 3.02534
0.1 247.602 -18.0672 3.00276
0.1 246.823 -18.0498 2.98634
0.1 245.473 -17.7798 2.96243
0.1 244.995 -17.7611 2.93731
0.1 244.429 -17.5086 2.9187
0.1 243.41 -17.0193 2.91315
0.1 242.505 -17.1457 2.90011
0.1 241.48 -17.1049 2.89806
0.1 240.878 -17.0061 2.89287
0.1 239.623 -16.6783 2.89263
0.1 239.555 -16.6807 2.89287
0.1 238.186 -15.5971 2.88343
0.1 237.512 -16.0148 2.8902
0.1 236.692 -15.6611 2.88393
0.1 236.028 -15.7319 2.88218
0.1 235.197 -15.0714 2.89442
0.1 234.546 -15.0563 2.88519
0.1 233.399 -14.6929 2.88218
0.1 232.294 -14.6431 2.88094
0.1 231.29 -14.6276 2.88719
0.1 230.878 -14.2994 2.89373
0.1 229.877 -13.9581 2.89317
0.1 229.082 -13.4469 2.90323
0.1 227.823 -13.1155 2.90187
0.1 226.986 -13.4828 2.90856
0.1 225.755 -13.2137 2.90567
0.1 225.272 -12.6458 2.91069
0.1 224.332 -12.1665 2.91234
0.1 224.088 -12.4224 2.93034
0.1 223.084 -12.322 2.9201
0.1 221.742 -12.2386 2.93167
0.1 220.656 -11.9495 2.93903
0.1 219.716 -11.9898 2.94474
0.1 218.381 -11.677 2.94798
0.1 217.393 -11.4579 2.9594
0.1 216.55 -11.3636 2.95813
0.1 215.94 -11.3115 2.97744
0.1 215.221 -10.5201 2.98784
0.1 214.24 -10.3924 2.99713
0.1 213.33 -10.528 3.01763
0.1 212.054 -10.569 3.02692
0.1 211.376 -10.3062 3.03633
0.1 210.211 -9.54841 3.04191
0.1 209.031 -9.73532 3.04606
0.1 208.154 -9.73048 3.05247
0.1 206.824 -9.64398 3.04902
0.1 206.13 -9.31946 3.05776
0.1 204.835 -9.5256 3.07531
0.1 203.821 -9.37809 3.07998
0.1 203.263 -9.39772 3.09695
0.1 202.164 -9.53576 3.08767
0.1 200.889 -9.88757 3.09957
0.1 199.951 -9.72586 3.10466
0.1 198.991 -9.40515 3.10372
0.1 197.818 -9.37094 3.1023
0.1 197.112 -9.70558 3.11071
0.1 195.651 -9.28571 3.1139
0.1 194.926 -9.4807 3.11759
0.1 193.823 -9.21322 3.1314
0.1 193.01 -9.36262 3.13757
0.1 192.394 -9.42285 3.16135
0.1 191.308 -9.53084 3.16753
0.1 190.129 -9.25426 3.16531
0.1 189.009 -9.07936 3.17215
0.1 188.103 -9.26309 3.17266
0.1 187.03 -9.17155 3.17524
0.1 186.126 -9.38708 3.18099
0.1 184.671 -9.62436 3.18518
0.1 183.861 -9.82716 3.18214
0.1 183.348 -9.67658 3.1856
0.1 182.057 -9.59281 3.19062
0.1 181.156 -9.7495 3.20377
0.1 179.774 -9.56794 3.19384
0.1 179.121 -9.80548 3.21085
0.1 177.785 -9.89999 3.20664
0.1 177.243 -9.75624 3.2139
0.1 176.264 -9.88192 3.21305
0.1 175.657 -9.98857 3.21082
0.1 174.738 -10.0558 3.22362
0.1 173.998 -10.0818 3.23186
0.1 172.413 -10.1046 3.23295
0.1 171.908 -9.98243 3.23096
0.1 170.597 -10.5325 3.22975
0.1 170.125 -10.5307 3.24323
0.1 169.076 -10.4262 3.24373
0.1 168.422 -11.0541 3.25289
0.1 167.242 -11.0161 3.25691
0.1 166.14 -11.2259 3.25506
0.1 165.594 -11.1188 3.26596
0.1 164.643 -11.3337 3.27431
0.1 163.793 -11.7383 3.28166
0.1 162.746 -11.4925 3.28467
0.1 162.287 -11.8113 3.29298
0.1 161.462 -11.9858 3.2915
0.1 160.741 -12.0502 3.3018
0.1 159.568 -12.2824 3.29021
0.1 158.219 -12.0535 3.29194
0.1 157.582 -12.0983 3.30998
0.1 156.538 -12.3398 3.32219
0.1 155.606 -12.1599 3.30922
0.1 154.39 -13.0487 3.31761
0.1 153.842 -13.1018 3.31374
0.1 152.854 -13.2774 3.3229
0.1 151.942 -12.9868 3.32941
0.1 151.134 -13.4001 3.33522
0.1 150.206 -13.2859 3.33847
0.1 149.515 -13.6248 3.33261
0.1 148.441 -14.0101 3.33449
0.1 147.079 -14.1218 3.34779
0.1 146.748 -14.2655 3.3472
0.1 145.435 -14.4117 3.3464
0.1 144.428 -14.3212 3.35537
0.1 143.536 -14.7699 3.34932
0.1 142.843 -15.1792 3.35329
0.1 141.68 -15.4998 3.35113
0.1 140.815 -15.3494 3.36057
0.1 139.961 -15.6424 3.35853
0.1 139.117 -15.724 3.36576
0.1 138.521 -16.1034 3.35994
0.1 137.58 -16.6991 3.37602
0.1 136.981 -16.8494 3.3959
0.1 136.081 -17.0536 3.38013
0.1 135.008 -17.1075 3.38143
0.1 133.748 -17.5384 3.38806
0.1 133.619 -18.0581 3.3995
0.1 132.205 -17.7617 3.39765
0.1 131.144 -17.6771 3.40589
0.1 130.114 -17.9324 3.40703
0.1 129.515 -17.8537 3.39608
0.1 129.128 -18.7824 3.41493
0.1 128.275 -18.9301 3.41694
0.1 127.257 -18.985 3.40937
0.1 126.589 -19.0059 3.39865
0.1 125.296 -19.0271 3.39574
0.1 124.541 -19.4077 3.39493
0.1 123.389 -19.8655 3.39261
0.1 122.83 -19.8935 3.41813
0.1 121.89 -20.1664 3.41253
0.1 121.09 -20.9484 3.41541
0.1 120.592 -21.4697 3.40878
0.1 119.776 -21.4699 3.40939
0.1 118.721 -21.6662 3.41388
0.1 117.71 -21.6023 3.40318
0.1 117.147 -21.8216 3.41091
0.1 116.37 -21.7951 3.41425
0.1 115.759 -22.0899 3.42655
0.1 115.062 -22.5356 3.43008
0.1 114.041 -22.6255 3.43412
0.1 113.243 -22.7413 3.42957
0.1 112.451 -23.0193 3.42305
0.1 111.747 -23.1808 3.43136
0.1 111.093 -23.3851 3.43442
0.1 110.536 -23.8117 3.43035
0.1 109.643 -23.7845 3.43309
0.1 108.421 -24.3118 3.41993
0.1 107.72 -24.7297 3.42935
0.1 107.01 -25.0332 3.43191
0.1 106.161 -25.0603 3.4249
0.1 105.171 -24.9166 3.43006
0.1 104.42 -25.0806 3.42953
0.1 103.881 -25.2847 3.42974
0.1 102.884 -26.0081 3.43137
0.1 102.289 -25.8707 3.42862
0.1 101.787 -26.1593 3.4286
0.1 100.798 -26.5558 3.42211
0.1 99.7856 -26.9894 3.42549
0.1 98.8405 -27.2765 3.43198
0.1 98.2573 -27.3602 3.4294
0.1 98.104 -28.1128 3.44415
0.1 97.2972 -27.787 3.44387
0.1 96.5907 -28.2586 3.46053
0.1 95.5338 -28.7008 3.4519
0.1 95.0758 -29.2348 3.46014
0.1 94.3695 -29.2166 3.47222
0.1 93.4634 -29.627 3.47632
0.1 92.56 -29.714 3.47398
0.1 92.0081 -29.4284 3.48077
0.1 91.5021 -29.5922 3.49144
0.1 90.7958 -29.8686 3.49969
0.1 90.0048 -30.3129 3.5061
0.1 89.7223 -30.6097 3.51028
0.1 88.988 -30.6838 3.52943
0.1 88.3957 -31.0115 3.53938
0.1 87.9291 -31.2528 3.54775
0.1 86.8483 -31.4304 3.55447
0.1 85.9128 -31.932 3.56762
0.1 85.447 -32.7591 3.57438
0.1 84.6214 -32.8333 3.58228
0.1 83.8898 -33.0549 3.61084
0.1 83.5474 -33.55 3.61084
0.1 82.8269 -33.9088 3.62738
0.1 82.0748 -34.3219 3.63804
0.1 81.6798 -34.4557 3.64657
0.1 81.014 -34.7271 3.66403
0.1 80.4326 -35.232 3.68154
0.1 79.5583 -35.3983 3.68565
0.1 78.5948 -35.7645 3.69319
0.1 78.0938 -36.152 3.70691
0.1 77.3408 -36.4025 3.73338
0.1 77.1287 -37.534 3.72358
0.1 76.1377 -37.4819 3.74265
0.1 75.4059 -37.919 3.75313
0.1 75.0445 -38.4751 3.76447
0.1 74.4835 -38.8011 3.77533
0.1 73.8997 -39.4218 3.77876
0.1 73.3474 -39.9937 3.78286
0.1 72.2494 -40.8099 3.79028
0.1 71.5065 -41.1178 3.78591
0.1 71.3597 -40.9971 3.79316
0.1 70.7632 -41.3912 3.79743
0.1 70.032 -42.0948 3.79488
0.1 69.6474 -42.5823 3.79361
0.1 69.2988 -43.2993 3.7903
0.1 68.5965 -43.5322 3.80815
0.1 67.8198 -44.0636 3.81493
0.1 66.9899 -44.5201 3.82508
0.1 66.6736 -45.1138 3.82408
0.1 65.8157 -45.4421 3.8416
0.1 65.2968 -46.0813 3.85151
0.1 64.8177 -46.5331 3.85381
0.1 64.1011 -47.1479 3.84847
0.1 63.5509 -47.463 3.86288
0.1 62.5831 -48.2556 3.86001
0.1 61.8956 -48.8131 3.85996
0.1 61.6873 -49.3945 3.86153
0.1 61.283 -49.8031 3.87727
0.1 60.6853 -50.7288 3.85835
0.1 60.1761 -51.7785 3.86545
0.1 59.2699 -52.1182 3.87188
0.1 58.9129 -52.0073 3.88767
0.1 57.8128 -52.8958 3.88265
0.1 57.3958 -53.5097 3.88471
0.1 57.0402 -53.8424 3.89627
0.1 56.2769 -54.7455 3.89563
0.1 55.4959 -55.2108 3.89395
0.1 54.9977 -55.2899 3.90439
0.1 54.5697 -55.7081 3.91054
0.1 53.5519 -56.5406 3.90559
0.1 53.1299 -57.0499 3.90411
0.1 52.6346 -57.9304 3.91637
0.1 51.9211 -58.3325 3.92484
0.1 51.3468 -58.9338 3.91821
0.1 50.7241 -59.5225 3.92299
0.1 50.2785 -60.3255 3.91596
0.1 49.5014 -60.7562 3.92655
0.1 49.1448 -61.2747 3.92681
0.1 48.6137 -61.8293 3.92455
0.1 48.1711 -62.5878 3.93192
0.1 47.9616 -63.4191 3.9327
0.1 46.9779 -63.6555 3.93169
0.1 45.9506 -64.2804 3.91665
0.1 45.3236 -64.6666 3.91684
0.1 45.2836 -65.4913 3.92168
0.1 44.5135 -65.6087 3.93128
0.1 43.9949 -66.3866 3.93778
0.1 43.5301 -67.349 3.93602
0.1 42.9788 -68.1267 3.94603
0.1 42.2524 -68.2186 3.94071
0.1 41.8839 -68.8463 3.94231
0.1 41.3116 -69.1656 3.93123
0.1 40.8738 -70.2558 3.93424
0.1 40.0934 -70.7884 3.94232
0.1 39.3018 -71.3985 3.93364
0.1 38.5879 -71.8645 3.94205
0.1 37.9134 -72.396 3.92527
0.1 37.699 -72.9308 3.93589
0.1 37.3696 -73.4096 3.92856
0.1 36.7345 -74.1874 3.9403
0.1 36.1182 -74.6707 3.93531
0.1 35.7454 -75.0425 3.92941
0.1 35.0198 -75.3473 3.92876
0.1 34.3426 -76.0979 3.91808
0.1 33.9689 -76.6689 3.92224
0.1 33.1028 -77.2832 3.91857
0.1 32.3344 -77.8524 3.89519
0.1 32.0183 -78.3664 3.90549
0.1 31.7471 -78.5985 3.88597
0.1 31.5141 -79.2202 3.8913
0.1 31.0064 -79.9286 3.89191
0.1 30.3472 -80.112 3.89039
0.1 29.5347 -80.6053 3.87724
0.1 28.8289 -81.5039 3.87868
0.1 28.044 -81.7828 3.85909
0.1 27.6894 -82.4866 3.85115
0.1 27.022 -82.879 3.84182
0.1 26.6144 -83.2328 3.84486
0.1 26.1116 -83.9845 3.83024
0.1 25.909 -84.571 3.81922
0.1 25.4753 -84.8722 3.83385
0.1 24.7597 -85.215 3.82882
0.1 24.0947 -86.006 3.81333
0.1 23.3963 -86.48 3.78837
0.1 22.8731 -86.6567 3.77171
0.1 21.9464 -86.9614 3.76613
0.1 20.9304 -87.1784 3.7435
0.1 20.5417 -87.5794 3.72687
0.1 20.2079 -88.3136 3.71692
0.1 19.3147 -88.4227 3.70839
0.1 18.657 -89.0133 3.68958
0.1 17.7793 -89.7136 3.66008
0.1 17.1239 -90.0372 3.65432
0.1 16.9167 -89.8392 3.65351
0.1 16.3144 -90.1933 3.63824
0.1 15.4267 -90.3444 3.62214
0.1 14.7018 -90.7943 3.61156
0.1 13.9463 -90.9831 3.59814
0.1 13.5871 -91.2983 3.57955
0.1 12.7346 -91.7486 3.57156
0.1 12.2024 -92.0543 3.5601
0.1 11.5011 -92.0946 3.53401
0.1 11.0064 -91.9332 3.51794
0.1 10.2685 -92.4225 3.49348
0.1 9.43039 -92.8618 3.48418
0.1 8.92325 -93.0254 3.46523
0.1 8.38229 -93.1848 3.44832
0.1 7.32477 -93.5868 3.42617
0.1 6.73138 -93.4329 3.40835
0.1 6.1861 -94.0575 3.39281
0.1 5.62624 -93.9155 3.36383
0.1 5.27096 -94.1323 3.35665
0.1 4.6382 -93.8145 3.32994
0.1 3.79309 -94.2813 3.3107
0.1 3.48604 -94.3605 3.29084
0.1 2.55221 -94.183 3.2682
0.1 1.62874 -94.5948 3.24647
0.1 1.293 -95.1112 3.22835
0.1 1.0042 -95.2611 3.21281
0.1 0.319152 -94.9092 3.20279
0.1 -0.572815 -94.8668 3.18802
0.1 -0.906777 -94.8752 3.15772
0.1 -2.33113 -95.1639 3.14392
0.1 -2.84433 -94.9837 3.12945
0.1 -3.35691 -94.6869 3.12364
0.1 -4.1035 -94.6601 3.1109
0.1 -4.80044 -94.1753 3.09099
0.1 -5.56071 -94.3715 3.07601
0.1 -6.29784 -94.4397 3.05898
0.1 -6.47347 -94.4319 3.04929
0.1 -7.32273 -94.1735 3.02673
0.1 -7.93488 -94.3123 3.01394
0.1 -8.96508 -94.4407 2.99293
0.1 -9.28059 -94.3172 2.98516
0.1 -9.96303 -93.6187 2.97241
0.1 -10.4358 -93.8026 2.97683
0.1 -11.2266 -93.3469 2.96023
0.1 -11.5764 -93.3672 2.9289
0.1 -12.4368 -93.5983 2.90123
0.1 -13.0972 -93.1395 2.89427
0.1 -14.0867 -93.1246 2.87744
0.1 -14.4392 -92.9365 2.87648
0.1 -15.1104 -92.5212 2.86196
0.1 -15.9938 -92.1379 2.8447
0.1 -16.3182 -92.1339 2.83838
0.1 -16.9334 -91.7596 2.80944
0.1 -17.5333 -92.3333 2.81425
0.1 -18.2486 -91.8455 2.79648
0.1 -19.2232 -91.475 2.78008
0.1 -19.7621 -91.185 2.76036
0.1 -20.2305 -90.9323 2.74261
0.1 -20.8733 -90.2422 2.72201
0.1 -21.1912 -90.0237 2.70629
0.1 -21.6427 -89.6778 2.67932
0.1 -22.4231 -89.6068 2.65914
0.1 -22.9225 -89.2262 2.6499
0.1 -23.745 -89.0128 2.62897
0.1 -24.8401 -88.3079 2.6072
0.1 -24.9387 -88.0307 2.59334
0.1 -25.6444 -87.9074 2.58803
0.1 -26.2003 -87.3347 2.56074
0.1 -26.6113 -87.0223 2.53987
0.1 -27.0193 -86.769 2.53698
0.1 -27.4252 -85.9377 2.50935
0.1 -27.832 -85.626 2.48569
0.1 -28.5575 -85.7065 2.47423
0.1 -28.8945 -85.4934 2.45789
0.1 -29.7829 -84.7328 2.43422
0.1 -30.1461 -84.3874 2.41458
0.1 -30.6056 -83.4641 2.38053
0.1 -31.1096 -82.9699 2.36472
0.1 -31.8012 -82.4294 2.34796
0.1 -32.2042 -81.8817 2.32594
0.1 -32.4483 -81.4247 2.30058
0.1 -33.0858 -80.7801 2.28742
0.1 -33.4374 -80.2093 2.26241
0.1 -33.5843 -79.6373 2.24548
0.1 -34.3573 -78.9677 2.22916
0.1 -34.7315 -78.4948 2.19344
0.1 -34.6599 -77.8536 2.16645
0.1 -35.2284 -77.4442 2.14955
0.1 -35.5433 -76.7005 2.13346
0.1 -36.232 -75.9922 2.10287
0.1 -36.4312 -74.9583 2.08965
0.1 -37.0804 -75.0445 2.06666
0.1 -36.8708 -74.2765 2.04583
0.1 -37.362 -73.4588 2.02668
0.1 -37.46 -73.0701 2.00387
0.1 -37.7327 -72.3754 1.97498
0.1 -37.8761 -71.5878 1.95023
0.1 -38.3096 -70.6177 1.94316
0.1 -38.4462 -70.1496 1.9279
0.1 -38.8279 -69.2432 1.88622
0.1 -39.0486 -68.6575 1.87567
0.1 -39.3445 -68.3908 1.85923
0.1 -39.6003 -67.6323 1.85164
0.1 -39.58 -66.6892 1.83221
0.1 -40.2365 -65.8548 1.81227
0.1 -40.3785 -65.0199 1.79071
0.1 -40.2254 -64.6779 1.77175
0.1 -40.2054 -64.1077 1.75984
0.1 -40.3948 -62.9556 1.75057
0.1 -40.5297 -61.9935 1.7222
0.1 -40.4795 -61.7772 1.7242
0.1 -40.5485 -60.8733 1.7
0.1 -40.9587 -59.9494 1.69144
0.1 -40.9592 -59.1737 1.67024
0.1 -41.2313 -58.4649 1.67467
0.1 -41.3926 -57.9273 1.66032
0.1 -41.3016 -56.6979 1.64444
0.1 -41.3376 -55.8892 1.63051
0.1 -41.0474 -55.1527 1.61824
0.1 -41.1299 -54.7481 1.6313
0.1 -41.1864 -54.2359 1.62716
0.1 -41.1881 -53.4238 1.62292
0.1 -41.0486 -52.4785 1.6089
0.1 -41.2076 -51.7051 1.59597
0.1 -40.8352 -50.545 1.58524
0.1 -40.9225 -50.051 1.5708
0.1 -41.124 -48.9725 1.56304
0.1 -41.0166 -48.2236 1.55561
0.1 -40.9877 -48.2376 1.55838
