0.1 5.96791 2.26209 -0.00216731
0.1 6.04072 2.84553 0.315449
0.1 6.77088 2.92913 0.313013
0.1 7.09826 3.15368 0.295597
0.1 7.61368 3.69714 0.293355
0.1 7.55438 3.28009 0.297067
0.1 8.11611 3.27923 0.292213
0.1 8.5458 3.91579 0.294083
0.1 9.15718 4.20361 0.303491
0.1 9.5871 4.58668 0.316352
0.1 10.4499 5.39177 0.322453
0.1 10.6315 5.07451 0.323391
0.1 10.8828 5.8344 0.329729
0.1 11.1494 5.69021 0.32308
0.1 11.4895 6.13224 0.31096
0.1 11.7715 6.61958 0.306756
0.1 12.3045 7.27807 0.305653
0.1 12.7025 6.93163 0.297568
0.1 13.4811 7.07457 0.304601
0.1 14.4022 7.34886 0.291661
0.1 15.4257 7.83115 0.292681
0.1 15.9384 8.47221 0.305322
0.1 16.5712 8.58853 0.28962
0.1 17.0315 9.10256 0.296869
0.1 17.5603 8.99566 0.288159
0.1 17.8296 9.10721 0.293689
0.1 18.6741 8.91726 0.285616
0.1 19.2676 9.14826 0.254007
0.1 19.6702 9.22674 0.259026
0.1 20.7462 8.69799 0.255076
0.1 21.7169 8.61398 0.264228
0.1 22.5067 8.63051 0.260293
0.1 23.4932 8.34749 0.261287
0.1 24.0639 8.47168 0.27515
0.1 24.0241 8.77511 0.277948
0.1 24.7123 9.19436 0.269386
0.1 25.2823 9.34575 0.264254
0.1 25.9555 9.35619 0.260704
0.1 26.5066 9.38255 0.258626
0.1 27.8752 9.40444 0.277652
0.1 28.7508 9.70309 0.279738
0.1 28.6789 10.3628 0.255876
0.1 29.0118 10.5528 0.247909
0.1 29.6967 11.0253 0.246458
0.1 29.9206 11.5959 0.244393
0.1 30.8519 11.5105 0.251034
0.1 30.9207 11.5553 0.231598
0.1 31.6908 12.235 0.222444
0.1 32.5859 11.8728 0.208924
0.1 33.5089 11.6607 0.220926
0.1 34.5891 11.8514 0.225354
0.1 35.8138 12.0474 0.227877
0.1 36.4417 11.6628 0.217159
0.1 36.8954 12.3273 0.217918
0.1 38.2764 12.6514 0.219907
0.1 39.2715 13.2407 0.222512
0.1 40.2638 13.8851 0.215594
0.1 41.4586 13.9578 0.211581
0.1 42.1266 14.0987 0.199192
0.1 43.2752 14.0526 0.204042
0.1 44.068 14.4144 0.198804
0.1 44.4817 14.6712 0.198716
0.1 45.5167 15.0714 0.203515
0.1 46.6102 15.5101 0.204368
0.1 47.1607 15.8816 0.213519
0.1 47.8682 16.0662 0.197534
0.1 49.0349 15.7789 0.197572
0.1 50.0678 15.8348 0.186137
0.1 51.1515 15.9233 0.185163
0.1 52.4513 15.7106 0.205002
0.1 52.975 15.833 0.198475
0.1 53.5328 16.0154 0.206129
0.1 54.2978 16.4642 0.184151
0.1 55.2213 16.8839 0.166884
0.1 56.5791 17.0711 0.18277
0.1 57.6849 17.1961 0.178806
0.1 58.5883 17.134 0.17505
0.1 59.6565 17.2374 0.153055
0.1 60.7953 17.6047 0.145767
0.1 61.9862 18.093 0.140214
0.1 62.1528 18.2003 0.146508
0.1 63.0485 18.4798 0.135844
0.1 64.1934 18.8149 0.141275
0.1 64.4963 18.726 0.124104
0.1 65.4509 18.4987 0.132957
0.1 65.9666 18.0733 0.130232
0.1 67.0823 18.279 0.136471
0.1 68.1514 18.5021 0.127653
0.1 69.1955 18.7592 0.141681
0.1 70.224 19.0159 0.158304
0.1 70.8018 18.9686 0.176071
0.1 71.4057 19.0277 0.186817
0.1 72.4693 19.3654 0.170382
0.1 73.0802 19.6596 0.165425
0.1 73.9995 19.8022 0.157163
0.1 74.9169 20.0891 0.146509
0.1 75.879 20.0513 0.154004
0.1 77.3311 20.7603 0.134731
0.1 78.2746 20.6034 0.129438
0.1 79.5479 20.2661 0.13315
0.1 80.4657 20.2402 0.10492
0.1 81.6886 20.0586 0.101389
0.1 82.7394 20.0969 0.11279
0.1 84.4557 20.6346 0.111755
0.1 85.0932 20.9234 0.10987
0.1 86.7627 21.2686 0.104962
0.1 88.0121 21.1417 0.0994341
0.1 89.2197 21.9006 0.111613
0.1 89.7635 21.8949 0.116816
0.1 90.9905 22.1294 0.13236
0.1 91.8518 22.0329 0.134025
0.1 93.0493 22.2281 0.140674
0.1 93.976 22.9374 0.128668
0.1 95.1874 23.6165 0.129212
0.1 96.2121 23.6113 0.127043
0.1 97.9084 23.9561 0.122984
0.1 99.6316 24.3926 0.11084
0.1 100.93 24.4021 0.110592
0.1 102.168 24.0917 0.120098
0.1 102.936 24.1502 0.103495
0.1 103.615 24.0757 0.0999708
0.1 105.144 23.9803 0.0977693
0.1 106.499 23.9228 0.0991232
0.1 107.359 23.626 0.108165
0.1 108.718 23.5627 0.103917
0.1 109.929 23.2583 0.0922305
0.1 111.293 23.126 0.0947468
0.1 112.473 23.4036 0.11477
0.1 113.448 23.5855 0.1041
0.1 114.507 23.756 0.0876063
0.1 116.141 24.1156 0.0865638
0.1 116.766 24.6017 0.101435
0.1 117.739 24.9172 0.105526
0.1 119.026 24.8876 0.123972
0.1 120.052 25.0542 0.117935
0.1 121.197 24.8765 0.121501
0.1 122.617 24.824 0.111554
0.1 123.989 24.2658 0.126756
0.1 125.155 24.7826 0.142046
0.1 126.59 24.9464 0.140415
0.1 127.818 24.7098 0.136694
0.1 128.951 24.5659 0.123677
0.1 129.659 24.7455 0.115171
0.1 131.098 25.485 0.130699
0.1 132.678 25.329 0.140748
0.1 134.043 25.0815 0.133702
0.1 135.595 25.0263 0.141403
0.1 136.518 25.2005 0.131735
0.1 137.486 24.9082 0.123343
0.1 138.527 24.9286 0.0984899
0.1 140.076 25.2314 0.106759
0.1 140.959 24.7861 0.111864
0.1 141.957 25.1379 0.104736
0.1 142.558 25.5789 0.116512
0.1 143.661 25.7204 0.117128
0.1 145.589 25.5343 0.119428
0.1 146.721 25.4995 0.118059
0.1 147.226 26.0601 0.108654
0.1 148.172 26.1811 0.119696
0.1 149.211 26.9897 0.110976
0.1 150.153 26.6901 0.102012
0.1 151.156 27.4763 0.10046
0.1 152.46 27.5885 0.0893303
0.1 154.333 27.549 0.111685
0.1 155.717 27.6751 0.103907
0.1 157.202 27.6394 0.103616
0.1 158.279 27.6081 0.114936
0.1 159.545 27.5647 0.119871
0.1 160.967 27.4546 0.120356
0.1 162.06 27.8374 0.0984719
0.1 163.314 28.1868 0.106622
0.1 165.161 28.1626 0.117038
0.1 166.449 28.7042 0.110863
0.1 167.562 28.9492 0.101665
0.1 168.606 29.1152 0.0933366
0.1 169.889 29.1917 0.0806924
0.1 171.277 29.1168 0.0744944
0.1 172.864 29.3582 0.0519956
0.1 174.552 29.1678 0.0406066
0.1 175.814 29.3377 0.0445547
0.1 176.854 29.2499 0.0333077
0.1 178.725 29.3479 0.0475577
0.1 180.527 28.8702 0.0469777
0.1 181.497 28.9026 0.0567915
0.1 182.685 28.7722 0.0603238
0.1 183.626 29.359 0.0584182
0.1 185.502 29.4778 0.064248
0.1 186.684 29.4836 0.0825448
0.1 188.574 29.766 0.0782225
0.1 190.178 29.7793 0.0818156
0.1 191.622 29.9768 0.0844143
0.1 192.918 30.3556 0.0869316
0.1 194.951 30.4446 0.087906
0.1 196.425 30.8131 0.0897332
0.1 197.425 30.8531 0.0810908
0.1 198.996 31.057 0.0768811
0.1 200.552 31.0844 0.0675881
0.1 202.012 30.9838 0.0809796
0.1 203.323 31.149 0.0917652
0.1 205.035 31.2114 0.0895156
0.1 207.091 32.0452 0.0870936
0.1 208.649 32.3022 0.0911964
0.1 210.27 31.8848 0.0850338
0.1 211.792 32.06 0.0684044
0.1 213.215 32.0698 0.0685245
0.1 214.28 31.9948 0.0794697
0.1 215.664 31.9166 0.0655213
0.1 216.544 32.0127 0.0654284
0.1 217.91 31.8617 0.0617837
0.1 219.191 32.1397 0.0463249
0.1 220.531 31.9287 0.0586616
0.1 222.11 31.7343 0.0453537
0.1 223.296 32.0352 0.04522
0.1 224.327 31.869 0.0387448
0.1 225.46 31.5446 0.0328422
0.1 226.338 31.4051 0.0262964
0.1 228.125 31.3848 0.012481
0.1 229.728 31.8013 -0.00637285
0.1 230.497 31.68 -0.00219604
0.1 231.898 31.8361 0.0107416
0.1 233.319 31.6006 0.0176482
0.1 234.324 31.706 -0.00910496
0.1 235.242 32.0112 -0.00155926
0.1 236.253 31.8497 -0.000894935
0.1 237.139 31.5871 0.00519635
0.1 237.606 31.5899 -0.00447271
0.1 238.612 31.7007 -0.0185389
0.1 239.873 31.8409 -0.0338498
0.1 241.197 31.9835 -0.0475782
0.1 242.064 31.849 -0.0451244
0.1 243.531 31.6806 -0.0487509
0.1 244.665 31.4105 -0.0442942
0.1 245.109 31.3328 -0.0545457
0.1 246.334 30.9276 -0.0583341
0.1 247.312 30.8034 -0.0725242
0.1 247.879 31.4188 -0.0704614
0.1 248.677 31.4796 -0.0848883
0.1 249.453 31.696 -0.102878
0.1 249.291 31.4043 6.16841
0.1 250.643 31.5419 6.15599
0.1 251.669 31.2021 6.15436
0.1 251.95 31.2335 6.12432
0.1 253.645 30.5495 6.10423
0.1 254.648 30.175 6.08488
0.1 255.286 29.7006 6.08159
0.1 255.578 29.5133 6.05577
0.1 256.567 29.6902 6.03299
0.1 257.138 29.7842 6.01875
0.1 257.72 29.1576 5.98017
0.1 258.118 28.8252 5.95393
0.1 258.736 28.0853 5.92787
0.1 259.27 28.0995 5.8862
0.1 260.127 27.4066 5.85976
0.1 261.079 27.275 5.83469
0.1 261.957 27.0151 5.80043
0.1 262.529 26.5784 5.77229
0.1 262.85 26.1052 5.74574
0.1 263.535 25.3848 5.68362
0.1 263.9 24.7801 5.63136
0.1 264.419 23.9169 5.59361
0.1 265.19 23.4374 5.5611
0.1 265.96 23.2769 5.53266
0.1 266.941 22.9185 5.50029
0.1 267.215 22.103 5.46452
0.1 267.849 21.6768 5.44929
0.1 267.055 20.928 5.42027
0.1 267.556 20.3002 5.38847
0.1 267.925 19.6163 5.36851
0.1 268.136 19.3793 5.32357
0.1 268.261 18.7998 5.30227
0.1 269.003 18.1835 5.26755
0.1 269.618 17.6098 5.22905
0.1 270.03 17.4297 5.19115
0.1 270.897 16.7858 5.16009
0.1 270.677 16.1065 5.12033
0.1 271.232 15.6378 5.09653
0.1 271.594 14.7911 5.0696
0.1 272.042 13.7149 5.05002
0.1 272.436 13.2093 5.00769
0.1 272.617 12.142 4.97744
0.1 273.02 11.4662 4.94596
0.1 273.07 10.8609 4.93151
0.1 273.138 10.0754 4.89544
0.1 273.388 9.07002 4.85615
0.1 273.251 8.50398 4.81905
0.1 273.256 7.81243 4.76173
0.1 272.812 7.39201 4.73609
0.1 272.71 6.67189 4.71148
0.1 273.131 6.18444 4.67157
0.1 272.632 5.41665 4.62818
0.1 272.495 4.54364 4.59227
0.1 272.011 3.93615 4.55734
0.1 271.997 3.57537 4.52719
0.1 271.507 2.82048 4.50196
0.1 271.741 1.91359 4.45818
0.1 271.37 0.981322 4.43738
0.1 271.32 0.000134566 4.41676
0.1 270.396 -1.06616 4.39117
0.1 269.843 -2.05718 4.37403
0.1 269.953 -3.04966 4.34468
0.1 269.693 -4.07715 4.32374
0.1 269.744 -5.07029 4.308
0.1 269.162 -5.52756 4.27737
0.1 269.138 -6.34986 4.23847
0.1 268.609 -7.26142 4.21844
0.1 268.323 -7.62041 4.19647
0.1 267.728 -8.60514 4.15714
0.1 267.598 -9.04187 4.12438
0.1 267.713 -9.96236 4.0977
0.1 267.287 -9.85642 4.06115
0.1 266.75 -10.0169 4.02417
0.1 266.396 -10.9954 4.00654
0.1 266.314 -12.2366 3.98181
0.1 266.421 -12.7211 3.93599
0.1 266.163 -13.5682 3.90846
0.1 264.952 -14.0831 3.89657
0.1 264.458 -15.0019 3.87461
0.1 264.311 -15.1888 3.82476
0.1 263.776 -15.6386 3.79415
0.1 263.132 -16.2028 3.76053
0.1 262.601 -17.4283 3.73918
0.1 261.978 -17.9571 3.712
0.1 261.472 -18.0906 3.64794
0.1 260.325 -18.9296 3.60617
0.1 259.949 -19.2842 3.55891
0.1 258.937 -20.1961 3.51911
0.1 257.572 -20.6194 3.47308
0.1 256.882 -21.1585 3.43738
0.1 255.916 -21.2977 3.41178
0.1 255.221 -21.7744 3.37083
0.1 254.02 -22.6087 3.32068
0.1 253.307 -22.3563 3.28811
0.1 252.83 -22.6745 3.23379
0.1 252.296 -22.9488 3.2039
0.1 251.392 -22.7541 3.16798
0.1 250.565 -22.8306 3.13224
0.1 249.885 -22.9281 3.08207
0.1 248.706 -22.7717 3.03705
0.1 247.708 -22.18 3.0154
0.1 246.568 -21.6038 2.97725
0.1 245.946 -22.06 2.93368
0.1 245.155 -22.1224 2.90717
0.1 244.393 -22.4161 2.88492
0.1 243.736 -22.7777 2.86363
0.1 243.001 -22.3914 2.86512
0.1 242.333 -22.3621 2.85256
0.1 241.456 -22.1251 2.83935
0.1 241.138 -22.4261 2.81955
0.1 240.11 -21.679 2.81269
0.1 239.639 -21.1708 2.79906
0.1 238.767 -20.4652 2.80059
0.1 237.839 -20.2709 2.79133
0.1 236.449 -20.3302 2.78468
0.1 235.666 -20.3436 2.78322
0.1 234.983 -19.7144 2.79482
0.1 233.944 -19.1129 2.81786
0.1 233.031 -18.9016 2.80741
0.1 232.146 -18.107 2.81797
0.1 231.331 -17.565 2.8057
0.1 230.942 -16.9855 2.80528
0.1 229.663 -16.1926 2.81652
0.1 228.293 -15.4423 2.80787
0.1 227.565 -16.1015 2.79767
0.1 226.437 -15.5535 2.79397
0.1 225.666 -14.9997 2.79588
0.1 225.048 -14.6445 2.80658
0.1 223.915 -14.3764 2.79532
0.1 222.877 -13.8988 2.79813
0.1 222.085 -13.9873 2.81034
0.1 221.422 -13.9323 2.80859
0.1 220.674 -13.2996 2.79941
0.1 219.783 -12.9582 2.79597
0.1 218.964 -12.9599 2.80972
0.1 217.953 -12.5127 2.8128
0.1 217.599 -12.3047 2.83208
0.1 216.599 -11.8711 2.83892
0.1 215.656 -11.5753 2.8397
0.1 215.063 -11.1957 2.86039
0.1 214.295 -10.673 2.88513
0.1 213.024 -10.0185 2.88345
0.1 211.691 -10.2475 2.88829
0.1 210.459 -9.84425 2.8788
0.1 209.789 -9.81265 2.87717
0.1 208.758 -9.01024 2.88246
0.1 207.863 -9.11529 2.88703
0.1 206.972 -9.37925 2.89137
0.1 205.922 -8.87003 2.90478
0.1 205.359 -8.18341 2.91537
0.1 204.063 -7.76637 2.93182
0.1 202.892 -7.53991 2.94379
0.1 201.617 -7.78536 2.9465
0.1 200.869 -7.21381 2.9555
0.1 199.341 -7.12168 2.96428
0.1 198.222 -7.18963 2.96702
0.1 197.254 -7.2011 2.97393
0.1 196.146 -7.80535 2.97465
0.1 194.819 -7.49423 2.98644
0.1 193.962 -7.62275 2.98066
0.1 192.907 -7.56906 3.00711
0.1 192.285 -7.49248 3.01865
0.1 190.802 -6.72372 3.05012
0.1 189.467 -6.41529 3.05562
0.1 188.266 -6.43359 3.06018
0.1 186.705 -6.09335 3.05954
0.1 185.249 -5.85114 3.06732
0.1 184.223 -5.89898 3.08382
0.1 183.314 -5.86912 3.11129
0.1 183.109 -6.0072 3.12371
0.1 181.502 -5.70147 3.12996
0.1 180.302 -5.32421 3.14162
0.1 179.016 -5.86208 3.14605
0.1 177.747 -6.32146 3.14341
0.1 176.581 -6.12911 3.1367
0.1 175.838 -6.03546 3.12783
0.1 174.721 -5.81319 3.14365
0.1 173.722 -5.62633 3.12563
0.1 172.28 -6.11822 3.11866
0.1 171.142 -6.56343 3.11219
0.1 170.103 -6.8751 3.12318
0.1 168.688 -6.91318 3.1299
0.1 168.102 -6.85572 3.13135
0.1 167.268 -6.41466 3.12521
0.1 166.315 -6.16398 3.13509
0.1 165.714 -6.19198 3.15475
0.1 164.759 -6.89771 3.15044
0.1 163.598 -7.18051 3.15778
0.1 163.108 -7.26125 3.15552
0.1 162.357 -7.14577 3.17789
0.1 161.255 -7.18393 3.19906
0.1 159.323 -7.4086 3.2149
0.1 157.738 -7.94044 3.23961
0.1 156.821 -8.59851 3.23704
0.1 155.725 -8.94043 3.23741
0.1 154.731 -8.94917 3.24225
0.1 154.011 -8.73256 3.23355
0.1 153.538 -9.14101 3.24254
0.1 152.561 -9.22416 3.25439
0.1 151.461 -9.17699 3.25385
0.1 150.383 -9.40666 3.27668
0.1 149.366 -9.47796 3.28089
0.1 148.337 -9.19629 3.28888
0.1 147.308 -9.67414 3.29703
0.1 146.298 -9.25944 3.31005
0.1 145.794 -9.57558 3.30068
0.1 144.773 -9.7332 3.29462
0.1 144.272 -9.65151 3.29546
0.1 142.537 -9.69455 3.32302
0.1 141.464 -9.97148 3.32025
0.1 140.523 -10.1109 3.32808
0.1 139.424 -10.5571 3.32821
0.1 138.425 -11.066 3.33307
0.1 137.128 -11.1666 3.32541
0.1 136.175 -11.2549 3.32441
0.1 135.413 -11.3221 3.32687
0.1 134.534 -11.4347 3.32858
0.1 133.258 -11.4987 3.3313
0.1 131.641 -11.5671 3.31008
0.1 130.714 -11.9855 3.30061
0.1 130.003 -11.8773 3.29444
0.1 128.89 -12.2084 3.29478
0.1 127.727 -11.5843 3.2932
0.1 127.111 -11.5526 3.28533
0.1 125.981 -11.4054 3.26935
0.1 125.56 -11.3854 3.27479
0.1 124.229 -11.2771 3.28395
0.1 123.251 -11.433 3.28507
0.1 122.505 -11.2664 3.29728
0.1 121.446 -11.2541 3.31857
0.1 120.117 -11.7779 3.32916
0.1 119.649 -12.0262 3.34949
0.1 118.919 -12.7049 3.3509
0.1 118.194 -12.584 3.35448
0.1 117.157 -12.4338 3.34926
0.1 116.103 -12.821 3.35699
0.1 115.333 -12.9314 3.38491
0.1 114.505 -13.4006 3.39488
0.1 113.579 -13.5217 3.39485
0.1 112.307 -14.3608 3.41412
0.1 111.942 -14.7542 3.42716
0.1 110.943 -14.9623 3.44014
0.1 110.84 -15.2796 3.44144
0.1 110.074 -15.5 3.4362
0.1 108.895 -15.7289 3.44452
0.1 107.794 -16.2617 3.457
0.1 106.716 -16.6332 3.48222
0.1 106.243 -16.6823 3.48188
0.1 104.768 -17.1082 3.47661
0.1 103.775 -17.9549 3.48218
0.1 102.444 -19.0779 3.5009
0.1 101.527 -19.3533 3.52127
0.1 100.911 -19.894 3.53948
0.1 99.8111 -20.1869 3.55023
0.1 98.876 -21.65 3.56935
0.1 97.6155 -22.0532 3.58434
0.1 96.4362 -22.6668 3.59562
0.1 95.6931 -23.1576 3.62393
0.1 95.1201 -23.2309 3.62836
0.1 94.4194 -23.6853 3.63088
0.1 93.8253 -23.8889 3.62226
0.1 93.1429 -24.2442 3.63425
0.1 92.8744 -24.3639 3.64241
0.1 91.391 -24.8017 3.65596
0.1 90.6363 -25.2034 3.66194
0.1 89.8006 -26.1474 3.672
0.1 88.7775 -26.2205 3.68456
0.1 87.7964 -26.91 3.69005
0.1 86.6305 -27.6477 3.71612
0.1 85.3948 -28.3705 3.74531
0.1 84.372 -29.0549 3.74988
0.1 83.7796 -29.5638 3.76304
0.1 82.79 -30.4424 3.78466
0.1 82.1721 -31.0087 3.78538
0.1 81.2994 -31.7445 3.78518
0.1 80.3586 -32.4281 3.80191
0.1 79.5912 -33.6875 3.81962
0.1 78.8104 -34.4208 3.82454
0.1 78.0413 -35.0032 3.81789
0.1 77.2459 -35.6756 3.83463
0.1 76.3805 -36.4772 3.85364
0.1 75.9606 -37.3304 3.86332
0.1 75.7603 -37.776 3.8689
0.1 75.1578 -38.3501 3.87878
0.1 74.3959 -39.4273 3.88529
0.1 73.602 -39.9584 3.88817
0.1 72.6162 -41.3625 3.90107
0.1 71.6746 -42.34 3.89645
0.1 70.6979 -43.34 3.88902
0.1 70.1162 -44.0442 3.90807
0.1 68.3824 -44.823 3.92644
0.1 67.3923 -45.5203 3.92816
0.1 66.7504 -45.9671 3.93959
0.1 65.8367 -46.3211 3.94685
0.1 64.9198 -46.9798 3.95852
0.1 63.6003 -47.4244 3.97582
0.1 63.2164 -48.3244 3.96822
0.1 62.6294 -48.546 3.96267
0.1 61.9076 -49.2723 3.95802
0.1 61.5977 -50.4163 3.95059
0.1 60.6284 -51.0761 3.96111
0.1 60.0905 -52.0182 3.97111
0.1 59.1627 -52.8626 3.97699
0.1 58.6487 -53.7328 3.97709
0.1 57.6496 -54.5574 3.98324
0.1 56.9182 -55.5586 3.9887
0.1 56.4112 -56.2584 3.99269
0.1 55.4338 -57.1203 3.9773
0.1 54.6826 -58.2572 3.98922
0.1 54.4366 -58.9443 3.97774
0.1 53.6574 -60.2379 3.9721
0.1 52.4784 -61.0801 3.96115
0.1 51.4436 -62.0311 3.95702
0.1 51.1534 -62.8449 3.96633
0.1 50.2185 -63.7382 3.97294
0.1 49.1412 -64.0585 3.97377
0.1 48.3661 -64.6317 3.96677
0.1 47.596 -65.102 3.98095
0.1 47.386 -66.0314 3.99485
0.1 46.6486 -67.5346 3.98935
0.1 45.7561 -68.186 3.98381
0.1 45.1666 -68.6925 4.00309
0.1 44.0211 -69.3225 4.03243
0.1 43.4298 -70.3039 4.03001
0.1 42.8614 -70.8959 4.0086
0.1 42.6105 -71.1517 4.00819
0.1 42.2864 -72.119 4.00134
0.1 41.7378 -72.7609 3.99247
0.1 41.3165 -73.9303 3.9779
0.1 40.5916 -74.7517 3.97815
0.1 40.2471 -75.2321 3.98252
0.1 39.2736 -75.7971 3.97396
0.1 38.9102 -76.9778 3.961
0.1 38.4377 -77.2521 3.9575
0.1 37.7096 -77.716 3.93916
0.1 37.5514 -77.9519 3.90502
0.1 37.2746 -78.2936 3.89968
0.1 36.1003 -79.3579 3.87946
0.1 35.7736 -79.7797 3.85613
0.1 35.1269 -80.4912 3.82288
0.1 34.2146 -80.8645 3.82486
0.1 33.2326 -80.931 3.79289
0.1 32.368 -81.0969 3.76632
0.1 31.9923 -80.8383 3.7599
0.1 31.0772 -81.1888 3.73478
0.1 30.4211 -81.6699 3.72857
0.1 29.1763 -82.2974 3.71153
0.1 28.7766 -83.3911 3.68408
0.1 28.0913 -83.9839 3.67076
0.1 26.9645 -84.5629 3.65219
0.1 25.9559 -84.4526 3.63502
0.1 25.0849 -84.9334 3.63602
0.1 24.2832 -85.2853 3.61094
0.1 23.8235 -85.755 3.61086
0.1 22.9031 -85.6564 3.58997
0.1 21.9682 -86.0555 3.56854
0.1 20.9369 -86.4171 3.54672
0.1 20.4247 -86.833 3.52826
0.1 19.4915 -87.1095 3.50098
0.1 18.4075 -87.0721 3.47623
0.1 17.7217 -87.5464 3.45361
0.1 16.9812 -87.96 3.44087
0.1 16.8313 -88.1101 3.42361
0.1 16.2404 -88.5535 3.39731
0.1 15.2205 -88.3786 3.3637
0.1 14.8726 -88.3565 3.34959
0.1 13.8089 -87.8097 3.34467
0.1 13.0695 -87.8927 3.30667
0.1 12.4631 -88.2659 3.2932
0.1 11.4878 -88.2782 3.27622
0.1 10.6449 -88.4296 3.25295
0.1 10.249 -88.286 3.22871
0.1 9.86067 -88.105 3.21017
0.1 8.91515 -88.3454 3.1799
0.1 8.52354 -88.1944 3.15003
0.1 7.89852 -88.1974 3.13217
0.1 7.49054 -87.5046 3.1064
0.1 6.70246 -87.3991 3.09688
0.1 5.77576 -87.0753 3.06107
0.1 5.38804 -86.8903 3.03743
0.1 5.08165 -86.6056 3.02247
0.1 4.36642 -86.6993 3.00127
0.1 4.13201 -86.6612 2.99954
0.1 3.52281 -86.4487 2.98992
0.1 2.82788 -85.7511 2.95619
0.1 2.63312 -85.4416 2.93861
0.1 1.39247 -85.7932 2.91148
0.1 0.684531 -86.1102 2.89448
0.1 0.140388 -86.1771 2.8834
0.1 -0.122646 -86.2128 2.8526
0.1 -0.602814 -85.7122 2.83801
0.1 -1.21811 -85.3943 2.83173
0.1 -1.97988 -85.5584 2.83106
0.1 -2.37999 -84.8308 2.81804
0.1 -3.10043 -84.6743 2.80963
0.1 -4.02074 -84.6917 2.79155
0.1 -4.74766 -84.0761 2.78031
0.1 -5.45406 -84.0682 2.76194
0.1 -6.46985 -83.5204 2.75324
0.1 -7.36969 -82.9899 2.72998
0.1 -8.10642 -82.3233 2.70747
0.1 -8.63277 -81.5783 2.69789
0.1 -9.65555 -81.0915 2.68772
0.1 -10.9196 -80.3536 2.68304
0.1 -11.632 -79.9245 2.6463
0.1 -12.6813 -79.293 2.63513
0.1 -13.3341 -79.3792 2.60231
0.1 -14.8037 -78.9708 2.58502
0.1 -15.5635 -78.7611 2.55844
0.1 -16.3099 -78.5153 2.54167
0.1 -16.5161 -77.8825 2.52249
0.1 -16.7329 -77.722 2.51275
0.1 -17.1599 -77.6706 2.4861
0.1 -17.6918 -77.4171 2.45424
0.1 -18.1294 -77.0106 2.44127
0.1 -18.8515 -76.3943 2.43808
0.1 -19.3423 -75.9243 2.41106
0.1 -20.0125 -75.5069 2.39557
0.1 -20.175 -74.8262 2.36542
0.1 -20.9274 -74.0466 2.329
0.1 -21.4226 -73.4262 2.31955
0.1 -22.5035 -73.0389 2.2985
0.1 -22.9653 -72.5066 2.27911
0.1 -23.3485 -72.0147 2.25422
0.1 -23.6221 -71.5199 2.23228
0.1 -23.8022 -70.8446 2.22143
0.1 -24.1789 -70.2213 2.19839
0.1 -24.6793 -69.6746 2.18329
0.1 -25.0056 -69.109 2.16409
0.1 -25.4187 -68.8918 2.12992
0.1 -26.1669 -68.6246 2.11807
0.1 -27.1666 -67.6184 2.09368
0.1 -27.7634 -66.8155 2.08136
0.1 -28.1134 -66.0888 2.05316
0.1 -28.553 -65.6322 2.04997
0.1 -28.3889 -64.8772 2.02942
0.1 -28.2092 -64.3529 2.0233
0.1 -28.5445 -63.8279 1.99898
0.1 -29.0337 -62.7308 1.97186
0.1 -29.4162 -61.9175 1.9564
0.1 -30.0864 -61.1886 1.93669
0.1 -30.831 -60.1637 1.93519
0.1 -30.8372 -59.1861 1.9169
0.1 -30.9144 -57.9053 1.90092
0.1 -30.8327 -56.6706 1.87962
0.1 -31.0208 -55.8543 1.86146
0.1 -30.9022 -54.6888 1.8365
0.1 -30.7969 -53.6767 1.82649
0.1 -30.8698 -52.7643 1.79445
0.1 -30.9567 -51.8781 1.79433
0.1 -31.128 -50.5077 1.77177
0.1 -30.993 -49.2861 1.73618
0.1 -30.9343 -48.6976 1.72512
0.1 -31.22 -48.1825 1.70539
0.1 -31.4817 -46.8202 1.69923
0.1 -31.9688 -45.7037 1.6857
0.1 -31.4862 -45.1094 1.67037
0.1 -31.5445 -44.1563 1.66122
0.1 -31.4476 -42.8305 1.65509
0.1 -31.7378 -41.6738 1.63356
0.1 -31.5082 -40.8461 1.61907
0.1 -31.5456 -39.7339 1.59784
0.1 -31.5884 -38.9361 1.58803
0.1 -31.8678 -37.7108 1.57252
0.1 -31.764 -36.9053 1.57539
0.1 -32.0692 -36.0357 1.56899
0.1 -32.2404 -35.2425 1.56922
0.1 -31.9036 -34.5016 1.55753
0.1 -32.1703 -33.2173 1.56092
0.1 -31.9573 -32.5972 1.54537
0.1 -31.9348 -31.3351 1.54011
0.1 -31.9062 -30.4828 1.51949
0.1 -31.8225 -29.1815 1.50914
0.1 -31.9791 -28.3649 1.48873
0.1 -32.0418 -27.6652 1.46944
0.1 -31.8312 -27.0502 1.44816
0.1 -31.7112 -26.2552 1.44024
0.1 -31.1501 -25.3427 1.42572
0.1 -30.7274 -24.9877 1.40133
0.1 -30.4904 -24.6841 1.37201
0.1 -30.5142 -23.7922 1.36218
0.1 -30.01 -22.7328 1.33954
0.1 -30.1883 -21.9134 1.32168
0.1 -29.6736 -21.2675 1.30949
0.1 -29.8875 -20.1958 1.29808
0.1 -29.9006 -19.4682 1.29454
0.1 -29.586 -18.8419 1.27145
0.1 -29.7412 -17.7515 1.26212
0.1 -29.7968 -16.4505 1.24008
0.1 -30.0094 -15.8161 1.22175
0.1 -29.57 -14.9898 1.19324
0.1 -29.2684 -14.101 1.19225
0.1 -28.7207 -13.4155 1.18816
0.1 -28.2594 -12.525 1.17621
0.1 -27.6392 -11.6917 1.15772
0.1 -27.0044 -10.8205 1.14145
0.1 -26.4182 -9.76207 1.10481
0.1 -26.0496 -8.46823 1.08362
0.1 -25.7756 -7.66793 1.06113
0.1 -24.7572 -6.73762 1.05302
0.1 -24.4956 -5.54411 1.04104
0.1 -24.2116 -4.69586 1.0176
0.1 -23.6637 -3.42865 1.00406
0.1 -22.9148 -2.48029 1.00516
0.1 -22.6044 -2.13314 0.981642
0.1 -21.9988 -1.02405 0.962793
0.1 -21.3727 -0.137961 0.95051
0.1 -20.8563 0.989491 0.931025
0.1 -20.3304 1.62218 0.90557
0.1 -19.9278 2.42158 0.883264
0.1 -19.4496 3.5631 0.861584
0.1 -18.9135 4.20399 0.84047
0.1 -18.486 5.5138 0.822955
0.1 -17.6091 6.12709 0.785371
0.1 -16.8262 6.80915 0.752082
0.1 -16.5187 7.95147 0.735104
0.1 -16.0164 8.49754 0.72644
0.1 -15.4234 9.53456 0.692248
0.1 -14.4223 10.1692 0.66901
0.1 -14.2364 10.9046 0.664187
0.1 -13.6662 10.9376 0.645611
0.1 -13.1801 11.2367 0.622556
0.1 -12.3827 11.3401 0.59776
0.1 -11.3117 11.7422 0.581444
0.1 -10.5282 12.2804 0.564909
0.1 -9.6585 12.4802 0.570107
0.1 -9.35565 13.3018 0.558314
0.1 -8.84021 13.4071 0.535359
0.1 -7.84736 13.4753 0.504188
0.1 -6.80933 13.7379 0.494128
0.1 -6.03541 14.1423 0.485038
0.1 -5.60062 14.317 0.453093
0.1 -4.98532 14.5649 0.448348
0.1 -4.1668 14.699 0.431697
0.1 -3.31115 14.4418 0.424087
0.1 -2.53069 15.0143 0.421915
0.1 -0.869034 15.3169 0.401029
0.1 -0.421147 15.581 0.39696
0.1 0.184426 16.0151 0.375806
0.1 1.43202 16.7646 0.348283
0.1 2.39144 16.8839 0.33501
0.1 3.28713 16.7747 0.326736
0.1 3.94652 16.965 0.301631
0.1 4.75112 16.9403 0.294307
0.1 6.11399 17.5559 0.299617
0.1 6.89086 18.1505 0.288225
0.1 7.38475 18.383 0.284382
0.1 8.29807 18.9136 0.283244
0.1 8.79241 19.5382 0.265354
0.1 9.80667 19.715 0.266506
0.1 11.335 19.9713 0.260833
0.1 12.4479 20.3711 0.263925
0.1 12.9453 20.5287 0.272476
0.1 13.2403 20.7253 0.272759
0.1 13.9402 20.829 0.275337
0.1 15.1464 21.2601 0.294098
0.1 16.3237 21.6099 0.286486
0.1 17.2391 22.0211 0.273375
0.1 17.7784 22.2704 0.273462
0.1 18.2612 22.5117 0.264642
0.1 19.4673 22.7142 0.266328
0.1 20.8626 22.8629 0.251761
0.1 21.5236 23.1771 0.258905
0.1 22.1112 23.5273 0.236568
0.1 22.681 23.5073 0.239664
0.1 23.7366 23.3795 0.225949
0.1 24.6732 23.6256 0.228422
0.1 25.6247 23.9212 0.215667
0.1 26.9584 24.0416 0.2067
0.1 27.4677 24.2424 0.191839
0.1 28.1101 24.3998 0.208605
0.1 29.3502 24.2577 0.219014
0.1 30.6121 24.5576 0.204937
0.1 31.6048 24.9893 0.209207
0.1 32.7232 25.7005 0.204959
0.1 33.6295 26.0699 0.225157
0.1 34.6857 26.1227 0.228856
0.1 35.8839 26.4675 0.231785
0.1 36.2757 26.9727 0.237169
0.1 37.3251 27.1286 0.227315
0.1 38.1961 27.3232 0.225474
0.1 38.6196 28.1964 0.221397
0.1 39.7456 27.878 0.20091
0.1 40.2032 28.0929 0.201602
0.1 40.7388 28.0716 0.205616
0.1 42.1091 28.0283 0.193878
0.1 42.6302 28.4089 0.21334
0.1 43.7003 28.8534 0.206999
0.1 44.16 29.0213 0.202833
0.1 45.2325 29.1991 0.202109
0.1 45.6174 29.151 0.203624
0.1 46.7421 29.7122 0.202752
0.1 47.4025 29.8149 0.187836
0.1 47.9676 29.742 0.179705
0.1 49.6966 29.8979 0.175686
0.1 50.4817 29.9655 0.187604
0.1 51.502 29.7308 0.172796
0.1 52.3054 29.961 0.168167
0.1 53.0678 30.2254 0.168538
0.1 54.4666 30.0843 0.169984
0.1 55.5098 30.5661 0.166842
0.1 56.1118 30.6997 0.168439
0.1 57.489 31.3575 0.16104
0.1 58.5195 31.653 0.145933
0.1 59.6282 31.7068 0.128848
0.1 60.8093 31.3063 0.112595
0.1 62.2373 31.6742 0.0931325
0.1 63.2881 31.6392 0.0798767
0.1 63.9305 31.6834 0.0809405
0.1 65.3372 32.4111 0.0775014
0.1 66.1851 32.8784 0.0724468
0.1 67.2991 32.6432 0.0768447
0.1 68.0691 32.5974 0.0635056
0.1 69.0026 32.2019 0.0644765
0.1 70.0854 32.438 0.0592917
0.1 70.5256 32.7271 0.0622713
0.1 71.3141 32.6284 0.0612844
0.1 72.2722 31.9888 0.0645488
0.1 73.3387 32.2031 0.0554474
0.1 74.6906 31.6708 0.0584306
0.1 75.8592 31.7407 0.0495138
0.1 76.5113 31.884 0.0573183
0.1 77.4917 32.1517 0.0629257
0.1 78.5222 32.3862 0.0639602
0.1 78.7886 32.2979 0.0762582
0.1 79.5936 32.3009 0.0806621
0.1 80.3284 31.92 0.0748656
0.1 81.0374 32.3066 0.0844669
0.1 82.1838 32.865 0.0749511
0.1 83.1008 32.9474 0.0667946
0.1 84.1233 32.6989 0.0785401
0.1 85.4496 32.7456 0.0760028
0.1 85.7611 32.3261 0.0681618
0.1 86.8813 32.4634 0.0527644
0.1 88.0318 32.6027 0.0481852
0.1 88.3072 32.9088 0.0511814
0.1 89.1078 33.0905 0.0371907
0.1 89.8436 32.9122 0.0316987
0.1 90.6215 33.0874 0.0118907
0.1 91.6463 33.4233 0.0113431
0.1 91.8395 33.5943 -0.000884003
0.1 92.8952 33.2578 -0.0242354
0.1 94.0373 32.9562 -0.0222734
0.1 94.7944 33.037 -0.0146176
0.1 95.4053 32.4806 0.00446772
0.1 96.669 31.9553 0.0013291
0.1 97.5527 32.0911 0.0181444
0.1 97.8854 32.1299 0.0181752
0.1 98.6827 32.1868 0.00874495
0.1 100.102 32.5813 0.0152573
0.1 101.18 32.83 0.0280927
0.1 101.743 32.8836 0.0446599
0.1 102.456 33.284 0.0467727
0.1 103.983 33.1395 0.0567303
0.1 104.966 33.1624 0.0517038
0.1 105.503 32.8178 0.064887
0.1 106.494 32.6798 0.059821
0.1 107.993 32.5246 0.0573116
0.1 108.96 32.7274 0.0609881
0.1 110.206 33.2072 0.0405595
0.1 111.724 33.5194 0.031844
0.1 112.729 33.0957 0.0191905
0.1 113.465 33.4974 0.0253681
0.1 114.208 33.2196 0.0471274
0.1 114.942 33.2224 0.0570042
0.1 115.861 33.2221 0.0643717
0.1 117.038 33.013 0.0457213
0.1 117.88 33.031 0.0388093
0.1 118.622 32.6979 0.0310818
0.1 119.532 32.6713 0.0314855
0.1 120.382 32.5128 0.0362107
0.1 120.782 32.2191 0.0299755
0.1 121.345 32.5212 0.0272613
0.1 122.615 32.443 0.0215433
0.1 123.694 32.339 0.0112289
0.1 124.6 32.5697 0.0231081
0.1 125.697 32.5623 0.0301213
0.1 126.385 32.8996 0.0259123
0.1 126.915 32.8261 0.0313832
0.1 127.601 32.8521 0.0232535
0.1 129.054 33.0442 0.00408629
0.1 130.14 33.2137 0.00311234
0.1 131.011 33.1919 0.00980203
0.1 132.273 33.0939 0.00726084
0.1 133.271 33.2337 0.00104246
0.1 134.18 33.1383 0.0124778
0.1 135.157 33.3697 0.0140054
0.1 135.821 33.0747 0.0352383
0.1 136.744 32.6459 0.0321142
0.1 137.179 32.6537 0.0253009
0.1 138.52 32.5132 0.0241826
0.1 139.669 32.4671 0.0239922
0.1 141.094 32.8733 0.0233863
0.1 141.826 32.4441 0.0208783
0.1 142.764 32.5228 0.0221802
0.1 143.367 32.3953 0.00197324
0.1 144.406 32.8625 0.00844635
0.1 145.389 33.3759 0.00617312
0.1 146.305 33.6627 0.00790151
0.1 146.875 34.0138 0.00654767
0.1 147.99 33.4468 0.0134233
0.1 148.73 33.561 0.0410218
0.1 149.788 33.7889 0.0527856
0.1 150.593 33.7477 0.0456585
0.1 151.47 33.6572 0.0373791
0.1 152.232 33.8692 0.0393071
0.1 152.945 34.2688 0.0465528
0.1 154.152 34.0222 0.0383968
0.1 155.323 34.4087 0.0204025
0.1 156.692 34.5789 0.0285287
0.1 157.774 34.853 0.0265376
0.1 158.733 34.8255 0.0319857
0.1 159.586 34.4224 0.00225086
0.1 159.984 33.4039 0.0106595
0.1 161.109 32.6886 0.0193241
0.1 163.088 32.7037 0.00509078
0.1 164.566 32.6319 0.00486598
0.1 165.487 32.8277 0.0149135
0.1 166.693 32.6287 0.00886568
0.1 167.985 32.6492 -0.0103868
0.1 168.734 32.8074 -0.0154248
0.1 169.915 32.4893 -0.0168087
0.1 170.956 32.5057 -0.0237462
0.1 172.027 32.7722 -0.0130974
0.1 173.129 32.9546 -0.0131646
0.1 174.462 32.6298 0.00525687
0.1 175.689 32.6021 0.00862182
0.1 176.616 32.6325 0.0181203
0.1 177.497 32.1249 0.0225782
0.1 178.904 32.4073 0.0140389
0.1 180.077 32.4154 0.0140827
0.1 181.176 32.3178 0.00388866
0.1 182.338 32.6858 -0.0127031
0.1 183.553 32.7021 0.00534897
0.1 184.582 32.6005 0.00329946
0.1 185.485 32.7537 -0.021743
0.1 186.481 32.5667 -0.0153089
0.1 187.443 32.5192 -0.0123474
0.1 188.141 33.1118 0.00107562
0.1 189.342 33.0592 0.0159179
0.1 190.609 33.1526 0.00310643
0.1 191.792 32.997 -0.00050651
0.1 193.108 32.9632 0.0124694
0.1 194.448 33.2218 0.0206533
0.1 196.116 33.0104 0.0195029
0.1 197.104 32.9592 0.0228145
0.1 198.725 33.2286 0.0126711
0.1 200.075 33.7293 0.0266503
0.1 201.05 33.6357 0.0127526
0.1 202.484 33.9156 0.0129589
0.1 203.85 34.1665 -0.00363547
0.1 205.116 33.9107 -0.00281909
0.1 206.16 33.9466 -0.0104094
0.1 206.956 33.5955 0.00254296
0.1 207.899 33.8745 0.0123885
0.1 208.529 33.8083 0.00697776
0.1 209.582 33.8154 0.00432049
0.1 210.364 33.798 -0.000552341
0.1 211.069 34.1632 0.0127294
0.1 211.598 34.2789 0.00690226
0.1 212.672 34.1039 0.0102996
0.1 213.586 34.476 0.0133698
0.1 214.763 34.6237 0.00843131
0.1 215.653 34.4432 0.0126878
0.1 215.963 34.0913 0.0131805
0.1 217.059 33.9705 0.0173039
0.1 218.248 33.7353 0.00609632
0.1 220.035 34.094 0.023556
0.1 220.625 34.0024 0.0212301
0.1 221.958 34.0931 0.0206614
0.1 223.201 34.2134 0.000257507
0.1 224.438 34.3703 0.00194244
0.1 225.286 34.2649 0.0145583
0.1 226.52 34.1892 0.0273427
0.1 227.609 34.685 0.0193755
0.1 228.603 34.6197 0.016852
0.1 230.466 34.4105 0.00599424
0.1 231.789 34.5874 -0.0244969
0.1 233.475 34.3659 -0.0246354
0.1 234.381 34.0431 -0.0359448
0.1 235.851 34.0212 -0.0360143
0.1 237.115 33.4712 -0.0270318
0.1 237.779 33.8193 -0.0245348
0.1 238.966 33.674 -0.0203349
0.1 239.981 33.5904 -0.0186538
0.1 241.366 33.523 -0.00902413
0.1 242.428 33.3472 -0.0194564
0.1 243.522 33.3178 -0.0237461
0.1 244.577 33.6032 -0.0180244
0.1 245.542 33.4532 -0.00997938
0.1 246.345 33.3465 -0.00712057
0.1 246.736 33.0207 -0.00885548
0.1 247.323 32.8827 -0.00644795
0.1 248.265 32.7896 -0.0307539
0.1 248.969 33.0204 -0.0544331
0.1 249.669 32.7313 -0.0679951
0.1 250.723 33.0081 -0.0489617
0.1 251.318 32.9269 -0.0321705
0.1 253.026 33.2582 -0.0343645
0.1 254.285 33.1813 -0.0438228
0.1 255.117 33.1823 -0.0479126
0.1 255.755 33.2939 -0.0690322
0.1 256.722 33.6014 -0.0699221
0.1 257.275 33.8789 -0.070299
0.1 256.853 34.0245 6.18941
0.1 256.923 34.3391 6.16808
0.1 257.528 34.0408 6.14149
0.1 258.102 33.8036 6.12808
0.1 258.873 33.2525 6.11128
0.1 259.444 32.8079 6.09441
0.1 260.498 32.725 6.06663
0.1 261.359 33.1503 6.03795
0.1 261.964 32.7735 6.02009
0.1 262.147 32.7042 5.97529
0.1 263.393 32.8348 5.92168
0.1 263.976 32.7071 5.89101
0.1 265.08 32.3174 5.86397
0.1 266.265 31.6011 5.8408
0.1 267.275 31.4642 5.80559
0.1 267.967 31.4999 5.78192
0.1 268.929 30.4039 5.75564
0.1 269.771 29.5155 5.7147
0.1 269.652 29.5657 5.68913
0.1 269.593 29.7096 5.65349
0.1 269.962 29.3522 5.63254
0.1 270.592 29.3523 5.59065
0.1 270.69 28.6258 5.55721
0.1 270.928 28.5712 5.52902
0.1 271.607 28.1234 5.49743
0.1 271.954 28.1047 5.47728
0.1 272.115 27.4791 5.45171
0.1 272.945 26.6702 5.41188
0.1 273.254 26.876 5.39763
0.1 273.579 26.4528 5.36075
0.1 273.656 25.4193 5.34977
0.1 274.273 24.9422 5.31371
0.1 274.354 24.4382 5.27567
0.1 274.517 23.7186 5.25144
0.1 274.211 22.3479 5.23964
0.1 274.607 21.6706 5.21111
0.1 275.008 21.4651 5.17452
0.1 275.905 20.9402 5.1377
0.1 275.578 20.4149 5.10944
0.1 275.895 19.145 5.05559
0.1 276.126 18.0438 5.03718
0.1 276.433 17.5777 5.00238
0.1 276.662 16.5164 4.95685
0.1 276.921 15.3983 4.92291
0.1 276.816 14.3592 4.87679
0.1 277.022 13.5936 4.84854
0.1 276.456 13.0849 4.82912
0.1 276.652 12.0305 4.79835
0.1 276.862 11.5157 4.76622
0.1 276.833 10.6051 4.73943
0.1 276.859 9.73557 4.70157
0.1 276.163 9.04763 4.67147
0.1 276.051 8.538 4.65298
0.1 275.349 8.16421 4.6267
0.1 274.691 7.02135 4.58986
0.1 274.328 6.49595 4.54088
0.1 274.101 5.76719 4.49526
0.1 273.758 5.54718 4.46461
0.1 273.117 4.38893 4.43665
0.1 272.552 3.91534 4.41303
0.1 272.106 3.25481 4.37403
0.1 271.811 2.84807 4.33304
0.1 271.639 1.59668 4.30029
0.1 271.558 0.613726 4.27113
0.1 271.77 -0.707772 4.25448
0.1 271.281 -1.41081 4.23048
0.1 270.775 -1.8449 4.20162
0.1 270.411 -2.518 4.16981
0.1 270.911 -3.3144 4.1377
0.1 270.175 -4.34096 4.10425
0.1 269.697 -5.69133 4.07246
0.1 268.651 -6.33629 4.04324
0.1 268.489 -7.55873 4.00139
0.1 267.894 -8.07561 3.95673
0.1 267.154 -8.50608 3.93334
0.1 266.488 -9.09218 3.90733
0.1 265.725 -9.52079 3.88065
0.1 265.046 -10.5893 3.85775
0.1 264.707 -11.3959 3.83868
0.1 264.106 -11.4463 3.81779
0.1 263.738 -11.5551 3.78878
0.1 263.205 -12.2273 3.75792
0.1 262.52 -12.9508 3.74038
0.1 261.795 -13.7005 3.71797
0.1 260.831 -14.0533 3.69766
0.1 259.739 -14.0893 3.66072
0.1 258.661 -14.1185 3.63448
0.1 257.742 -14.7557 3.62042
0.1 257.432 -14.9173 3.58478
0.1 256.561 -15.1979 3.54496
0.1 255.344 -15.5602 3.52516
0.1 254.477 -15.9545 3.48837
0.1 253.877 -16.3108 3.45142
0.1 253.208 -16.343 3.41844
0.1 252.788 -15.9205 3.40325
0.1 252.463 -16.2109 3.3793
0.1 252.318 -15.9824 3.34795
0.1 251.618 -16.0956 3.3166
0.1 251.125 -16.309 3.30431
0.1 250.181 -16.1835 3.26286
0.1 249.754 -16.7572 3.22493
0.1 248.25 -16.8341 3.18781
0.1 247.054 -16.693 3.15917
0.1 246.429 -16.5175 3.13188
0.1 245.279 -16.4312 3.09934
0.1 244.489 -16.5293 3.07357
0.1 243.808 -16.4369 3.04999
0.1 242.814 -16.6634 3.03412
0.1 242.289 -16.9522 3.02466
0.1 241.605 -16.7793 3.0139
0.1 240.455 -16.9852 3.00854
0.1 239.283 -16.6159 2.9762
0.1 238.341 -16.6539 2.97118
0.1 237.653 -16.4377 2.94715
0.1 236.259 -15.9925 2.95278
0.1 235.422 -15.5162 2.94735
0.1 234.091 -15.6415 2.93798
0.1 232.876 -15.4285 2.92423
0.1 231.725 -15.2987 2.93394
0.1 230.746 -15.4741 2.92701
0.1 229.844 -15.0093 2.92457
0.1 229.09 -15.2127 2.93086
0.1 228.044 -14.4384 2.9328
0.1 227.2 -14.2131 2.92809
0.1 226.701 -13.8386 2.92535
0.1 226.3 -13.7917 2.92863
0.1 225.185 -14.0055 2.93851
0.1 224.908 -13.5863 2.94629
0.1 223.986 -12.9304 2.95636
0.1 222.693 -12.968 2.94943
0.1 221.697 -12.7234 2.95687
0.1 220.851 -12.4244 2.96957
0.1 219.728 -12.5717 2.96432
0.1 219.056 -12.4651 2.98427
0.1 218.209 -12.6241 3.01259
0.1 217.468 -11.8312 3.01253
0.1 216.401 -11.5727 3.02011
0.1 215.356 -10.8907 3.03194
0.1 214.536 -10.6571 3.02533
0.1 212.936 -9.95381 3.02603
0.1 211.977 -10.2129 3.05065
0.1 211.026 -10.5301 3.07419
0.1 210.298 -10.3358 3.06999
0.1 209.124 -10.8349 3.09144
0.1 208.027 -11.0399 3.11086
0.1 207.171 -10.8717 3.12497
0.1 205.928 -10.767 3.14588
0.1 205.115 -10.7191 3.14477
0.1 203.776 -10.5352 3.1622
0.1 202.531 -10.4795 3.18231
0.1 201.456 -10.3421 3.19848
0.1 200.273 -10.5581 3.1928
0.1 199.341 -10.4739 3.20689
0.1 197.917 -10.4834 3.23043
0.1 196.881 -10.7921 3.2352
0.1 195.983 -10.5501 3.23073
0.1 194.948 -10.9072 3.22518
0.1 193.974 -11.4572 3.21572
0.1 192.984 -11.9138 3.20815
0.1 191.511 -11.6868 3.21441
0.1 190.754 -12.0221 3.21545
0.1 189.327 -12.1901 3.21565
0.1 188.18 -12.0952 3.21379
0.1 186.798 -12.3857 3.21403
0.1 185.726 -12.6557 3.22691
0.1 184.072 -12.6162 3.24547
0.1 182.938 -12.4607 3.2493
0.1 181.747 -12.4931 3.2351
0.1 180.47 -12.493 3.23555
0.1 179.273 -12.6443 3.21583
0.1 177.988 -12.7944 3.2047
0.1 176.521 -12.4565 3.21381
0.1 175.248 -12.3808 3.22019
0.1 174.41 -12.4864 3.22201
0.1 173.115 -12.6312 3.20576
0.1 171.912 -12.8321 3.20263
0.1 170.845 -12.9366 3.22736
0.1 169.031 -13.1656 3.23177
0.1 167.742 -13.2314 3.24183
0.1 165.993 -13.3323 3.24006
0.1 164.922 -13.6341 3.23721
0.1 164.155 -13.8798 3.24146
0.1 163.007 -13.9125 3.24184
0.1 162.287 -13.7413 3.24648
0.1 161.604 -14.2025 3.24044
0.1 160.293 -14.2964 3.2567
0.1 158.616 -14.8908 3.26048
0.1 157.475 -15.3402 3.24833
0.1 156.776 -15.5727 3.24333
0.1 155.809 -15.848 3.22923
0.1 154.684 -16.0694 3.23583
0.1 152.818 -16.0087 3.23818
0.1 151.573 -16.2502 3.22842
0.1 150.008 -16.4549 3.24732
0.1 148.407 -16.3506 3.23685
0.1 146.658 -16.6776 3.23015
0.1 145.587 -16.9055 3.22225
0.1 144.073 -16.8526 3.21466
0.1 143.337 -17.4935 3.21156
0.1 142.644 -17.7507 3.20282
0.1 141.224 -17.3457 3.21793
0.1 139.814 -17.7116 3.22486
0.1 138.929 -18.127 3.22754
0.1 137.564 -18.207 3.23224
0.1 136.393 -18.2378 3.22694
0.1 135.059 -18.2068 3.23567
0.1 133.896 -18.1228 3.22841
0.1 132.878 -17.9652 3.23863
0.1 131.83 -17.824 3.2282
0.1 131.144 -18.3846 3.23997
0.1 130.019 -18.4278 3.24932
0.1 128.825 -18.8097 3.2355
0.1 128.049 -19.328 3.23564
0.1 127.379 -19.3436 3.24703
0.1 126.42 -19.441 3.24582
0.1 125.682 -19.21 3.23455
0.1 124.701 -19.2751 3.23572
0.1 123.58 -19.3525 3.24188
0.1 122.707 -19.9087 3.25873
0.1 121.362 -20.1816 3.25199
0.1 120.516 -20.7338 3.24873
0.1 119.019 -20.9661 3.23641
0.1 118.048 -21.0293 3.22893
0.1 116.699 -20.6315 3.22191
0.1 116.373 -20.8209 3.22891
0.1 114.948 -21.0827 3.22424
0.1 113.634 -21.4958 3.22487
0.1 112.411 -21.844 3.21957
0.1 111.554 -21.6979 3.23478
0.1 110.311 -21.912 3.24512
0.1 109.168 -21.9346 3.25366
0.1 108.244 -21.4372 3.26022
0.1 107.128 -21.4119 3.26706
0.1 105.809 -21.5355 3.27763
0.1 105.101 -20.9652 3.27671
0.1 104.201 -20.8801 3.26773
0.1 103.19 -20.5343 3.27588
0.1 102.6 -20.9268 3.28753
0.1 101.674 -20.9675 3.27721
0.1 100.765 -21.1224 3.2805
0.1 99.6793 -21.2957 3.29492
0.1 98.8829 -21.5532 3.29168
0.1 98.1872 -21.7469 3.29881
0.1 97.4843 -22.1117 3.28513
0.1 96.1764 -22.7083 3.30054
0.1 95.031 -22.1665 3.32204
0.1 94.2167 -22.1711 3.33088
0.1 93.6666 -22.8024 3.32636
0.1 92.8061 -22.7925 3.33804
0.1 92.006 -23.1027 3.34801
0.1 91.2548 -23.4313 3.36885
0.1 89.7149 -23.7229 3.36484
0.1 88.5558 -24.2243 3.38295
0.1 87.6403 -24.1449 3.38292
0.1 86.2865 -25.0188 3.39549
0.1 84.9489 -25.0437 3.38291
0.1 83.7582 -25.279 3.39842
0.1 82.7956 -25.8175 3.41626
0.1 81.5594 -26.007 3.43045
0.1 81.3439 -26.4299 3.44818
0.1 79.896 -27.1976 3.46546
0.1 78.6669 -27.2785 3.4896
0.1 77.9664 -28.2493 3.4926
0.1 76.7193 -28.6534 3.48199
0.1 75.7993 -28.7979 3.47816
0.1 75.6313 -29.0935 3.49345
0.1 75.0831 -29.7937 3.51279
0.1 74.2367 -29.8804 3.51546
0.1 73.3682 -29.8173 3.5409
0.1 72.3553 -29.9063 3.55953
0.1 71.0783 -30.5216 3.58318
0.1 70.1298 -30.6239 3.58843
0.1 68.9905 -31.4149 3.60694
0.1 67.6808 -32.123 3.61917
0.1 66.8021 -33.0274 3.62911
0.1 66.217 -33.3786 3.64083
0.1 65.6556 -33.6783 3.6491
0.1 64.9296 -34.633 3.65687
0.1 64.0308 -35.2869 3.66181
0.1 63.2275 -35.4512 3.66028
0.1 62.6273 -35.6977 3.6816
0.1 61.8204 -36.6919 3.71146
0.1 61.2697 -37.3924 3.70668
0.1 60.0814 -38.1294 3.7075
0.1 59.1291 -38.1961 3.70734
0.1 57.9974 -38.6719 3.72131
0.1 57.1654 -38.7139 3.7166
0.1 56.9332 -39.2622 3.74322
0.1 56.782 -39.9204 3.74199
0.1 55.7221 -39.9665 3.74266
0.1 55.2172 -40.2882 3.74059
0.1 54.7473 -40.7983 3.74738
0.1 53.7612 -41.3042 3.74465
0.1 52.9606 -41.7974 3.74951
0.1 52.4358 -41.8047 3.76501
0.1 52.2296 -42.6791 3.76175
0.1 51.1212 -42.9915 3.76623
0.1 50.3565 -43.4015 3.78561
0.1 50.2464 -43.8804 3.78388
0.1 49.2211 -44.1029 3.79578
0.1 48.151 -45.223 3.80669
0.1 47.4588 -45.9237 3.82972
0.1 46.2024 -46.3514 3.82714
0.1 45.0709 -46.708 3.82723
0.1 43.8973 -46.9978 3.82584
0.1 43.1155 -47.8878 3.83663
0.1 42.667 -48.6047 3.83844
0.1 42.3586 -49.37 3.85247
0.1 41.6926 -49.4316 3.85456
0.1 40.9297 -50.0208 3.85577
0.1 39.709 -51.2414 3.85903
0.1 39.1042 -50.9357 3.8688
0.1 38.2152 -51.8306 3.84689
0.1 37.645 -52.433 3.84852
0.1 37.4632 -52.8399 3.84771
0.1 37.0791 -53.4813 3.84441
0.1 36.6829 -53.9103 3.85324
0.1 36.2955 -54.4387 3.8604
0.1 35.2007 -54.7955 3.86582
0.1 34.2095 -55.1028 3.87106
0.1 33.8216 -55.7838 3.88091
0.1 33.0908 -56.1367 3.87387
0.1 32.2517 -57.1264 3.868
0.1 32.1624 -57.8417 3.86356
0.1 30.6052 -58.4347 3.84934
0.1 29.729 -58.6986 3.82704
0.1 29.1359 -59.3578 3.81475
0.1 28.5027 -59.5917 3.82024
0.1 28.0073 -60.3406 3.83345
0.1 27.2141 -60.4852 3.82629
0.1 26.178 -61.2635 3.81272
0.1 25.2028 -61.6486 3.81285
0.1 24.4537 -62.4049 3.82317
0.1 24.1683 -62.5144 3.82093
0.1 22.8576 -63.2621 3.80684
0.1 21.8852 -63.9449 3.81697
0.1 21.1836 -64.2663 3.8098
0.1 20.7019 -64.2346 3.80743
0.1 20.1821 -64.6419 3.77261
0.1 19.5315 -65.0369 3.77924
0.1 18.8113 -65.576 3.78803
0.1 18.1337 -66.6265 3.78276
0.1 17.6446 -67.4344 3.77588
0.1 17.0565 -67.8877 3.77739
0.1 16.1602 -68.0278 3.79374
0.1 15.6854 -68.8175 3.78623
0.1 15.8467 -69.4372 3.7815
0.1 15.3162 -69.3644 3.76694
0.1 14.6626 -69.489 3.77398
0.1 14.4091 -70.0641 3.76634
0.1 13.701 -70.1435 3.74387
0.1 13.0245 -70.5417 3.72553
0.1 12.0662 -71.1285 3.72066
0.1 11.3913 -71.5172 3.70412
0.1 10.6306 -71.8327 3.70423
0.1 9.76626 -72.638 3.69542
0.1 8.78064 -73.1887 3.67668
0.1 8.02664 -73.8262 3.66586
0.1 7.12331 -74.199 3.64276
0.1 6.21804 -74.3527 3.61198
0.1 5.16224 -74.2337 3.59936
0.1 4.58835 -74.4188 3.60572
0.1 3.844 -74.4206 3.59518
0.1 2.96735 -74.3014 3.57261
0.1 2.18917 -74.1958 3.53523
0.1 0.770042 -74.5928 3.52708
0.1 0.120812 -75.4833 3.5215
0.1 -0.385515 -75.3226 3.5003
0.1 -1.01853 -75.7518 3.47598
0.1 -1.49667 -76.322 3.45888
0.1 -2.25226 -76.184 3.44225
0.1 -2.70131 -76.633 3.41508
0.1 -3.36514 -76.9653 3.41317
0.1 -4.20372 -77.045 3.39266
0.1 -4.73497 -77.3227 3.36852
0.1 -6.03165 -77.8538 3.36033
0.1 -6.73056 -78.265 3.3514
0.1 -7.72194 -78.7105 3.34383
0.1 -8.65843 -78.726 3.31482
0.1 -9.53539 -78.178 3.284
0.1 -10.6621 -77.6693 3.25552
0.1 -11.4133 -77.8678 3.21224
0.1 -12.1991 -78.0724 3.19594
0.1 -13.1671 -78.348 3.18753
0.1 -13.8672 -78.7287 3.16662
0.1 -14.9967 -78.4473 3.1548
0.1 -15.5864 -78.2326 3.12763
0.1 -16.381 -78.4727 3.09642
0.1 -17.2703 -78.7456 3.08207
0.1 -17.6336 -79.0417 3.06963
0.1 -18.7359 -79.3325 3.0671
0.1 -19.3988 -79.348 3.04587
0.1 -19.6546 -79.1804 3.04169
0.1 -20.5128 -78.8652 3.03773
0.1 -21.0579 -78.5764 3.02437
0.1 -21.5296 -79.1818 2.99655
0.1 -22.541 -78.7536 2.97727
0.1 -22.9697 -77.7943 2.96311
0.1 -24.1991 -78.195 2.95338
0.1 -24.2988 -78.2288 2.94508
0.1 -24.606 -78.139 2.93802
0.1 -24.9487 -77.5337 2.90884
0.1 -25.7305 -77.291 2.89924
0.1 -26.0876 -76.9413 2.88791
0.1 -26.5258 -76.8175 2.89984
0.1 -27.186 -76.9713 2.89273
0.1 -27.8304 -77.1291 2.86895
0.1 -27.9782 -77.2355 2.85473
0.1 -28.5682 -76.6071 2.84683
0.1 -29.656 -76.662 2.8162
0.1 -30.632 -76.7736 2.82122
0.1 -31.9585 -76.8183 2.80819
0.1 -32.2722 -76.4973 2.78606
0.1 -32.9866 -76.5311 2.77287
0.1 -33.4278 -76.1461 2.77791
0.1 -33.7991 -75.8778 2.74154
0.1 -34.4727 -75.6165 2.72461
0.1 -34.8436 -75.6469 2.7135
0.1 -34.8727 -75.7387 2.695
0.1 -35.5508 -75.7369 2.69324
0.1 -35.6684 -75.1052 2.66691
0.1 -36.2633 -74.6521 2.66401
0.1 -36.8022 -74.3535 2.65474
0.1 -37.7972 -74.013 2.64872
0.1 -38.1927 -73.358 2.64322
0.1 -38.9181 -73.8893 2.60678
0.1 -39.638 -73.7835 2.58189
0.1 -40.604 -72.9981 2.55344
0.1 -40.9513 -72.882 2.55443
0.1 -41.2015 -72.5299 2.527
0.1 -42.1312 -72.0986 2.52578
0.1 -42.5216 -72.2567 2.49015
0.1 -42.9138 -72.122 2.45965
0.1 -43.3718 -70.9427 2.43686
0.1 -43.6887 -70.5281 2.41506
0.1 -44.4922 -70.1137 2.39052
0.1 -44.6257 -69.5325 2.39243
0.1 -44.7988 -68.8799 2.38081
0.1 -45.3406 -68.5219 2.3678
0.1 -46.0173 -68.1993 2.34193
0.1 -46.8902 -68.0074 2.33055
0.1 -47.1098 -67.2948 2.31737
0.1 -48.092 -66.8083 2.31106
0.1 -48.0047 -65.9152 2.28813
0.1 -48.647 -65.4006 2.28385
0.1 -48.8106 -65.3297 2.25182
0.1 -49.0941 -64.7556 2.22895
0.1 -49.739 -63.8674 2.20028
0.1 -50.001 -62.8456 2.18068
0.1 -50.4022 -62.1009 2.15588
0.1 -50.5914 -61.2007 2.12427
0.1 -51.2007 -60.0804 2.09012
0.1 -51.9788 -60.0301 2.05995
0.1 -52.5562 -59.9631 2.03433
0.1 -53.2198 -59.2816 2.00793
0.1 -53.6182 -58.9421 1.995
0.1 -53.724 -58.1233 1.96468
0.1 -54.1484 -57.5422 1.92867
0.1 -54.2248 -56.631 1.9028
0.1 -54.5709 -55.9309 1.86757
0.1 -55.2967 -55.1833 1.84398
0.1 -55.6833 -54.6216 1.84166
0.1 -55.8716 -54.115 1.81835
0.1 -55.8952 -53.4559 1.799
0.1 -55.8987 -52.0861 1.78197
0.1 -55.7942 -51.0171 1.76655
0.1 -55.8419 -50.3338 1.75522
0.1 -56.0002 -49.8521 1.74405
0.1 -56.7375 -49.0612 1.71784
0.1 -57.4763 -48.0666 1.70654
0.1 -57.973 -47.5577 1.68223
0.1 -58.2936 -46.9299 1.65756
0.1 -58.2044 -46.1113 1.65446
0.1 -58.0132 -45.1518 1.62647
0.1 -57.9637 -44.0798 1.61296
0.1 -58.2625 -43.5951 1.59133
0.1 -58.2231 -42.6031 1.56783
0.1 -58.1223 -41.3556 1.57442
0.1 -58.3338 -40.3702 1.56216
0.1 -58.5126 -39.2575 1.54699
0.1 -58.7459 -38.1726 1.54867
0.1 -59.3487 -37.5214 1.5346
0.1 -59.4671 -36.5619 1.53716
0.1 -59.5287 -35.9826 1.53963
0.1 -59.786 -35.3339 1.52288
0.1 -60.1524 -34.6819 1.51195
0.1 -59.8788 -33.7715 1.48588
0.1 -59.6477 -32.8711 1.47767
0.1 -59.9001 -31.8903 1.47643
0.1 -59.758 -30.7227 1.4611
0.1 -59.8159 -29.7887 1.4526
0.1 -60.1964 -28.951 1.44476
0.1 -60.5969 -28.2037 1.4177
0.1 -60.664 -26.6519 1.39946
0.1 -60.1741 -25.9237 1.39272
0.1 -60.2465 -25.1089 1.38482
0.1 -60.0639 -25.0777 1.38037
0.1 -60.1366 -24.4807 1.37101
0.1 -59.5763 -23.5557 1.36407
0.1 -59.6394 -22.6185 1.35937
0.1 -59.2356 -22.2042 1.34472
0.1 -58.7708 -21.2472 1.33884
0.1 -58.4952 -19.7326 1.32053
0.1 -58.4535 -19.1288 1.31056
0.1 -57.9313 -17.9709 1.30772
0.1 -57.6534 -17.3182 1.28663
0.1 -57.1655 -16.6228 1.27498
0.1 -56.1634 -15.9797 1.25158
0.1 -55.5348 -14.9211 1.26328
0.1 -55.1942 -13.7332 1.25113
0.1 -54.906 -12.5521 1.23152
0.1 -54.4143 -11.3738 1.2127
0.1 -53.8404 -10.6125 1.2015
0.1 -54.0078 -10.2538 1.20404
0.1 -53.4818 -9.56178 1.20438
0.1 -53.7429 -8.40712 1.2096
0.1 -53.5388 -7.55596 1.17954
0.1 -53.6396 -6.86857 1.16923
0.1 -53.5379 -6.55671 1.1395
0.1 -52.5912 -6.1646 1.13024
0.1 -52.4446 -5.2469 1.12522
0.1 -52.1641 -4.49565 1.09792
0.1 -51.8636 -3.84934 1.08151
0.1 -50.787 -2.40305 1.07518
0.1 -50.2333 -1.56439 1.07559
0.1 -49.9263 -0.856068 1.0641
0.1 -49.3769 -0.322203 1.0379
0.1 -48.371 0.233103 1.0416
0.1 -48.0894 0.460043 1.02163
0.1 -47.3823 1.41697 1.01248
0.1 -46.6969 2.51712 0.988623
0.1 -46.3743 2.66846 0.978408
0.1 -46.27 3.15732 0.94654
0.1 -45.5155 3.66036 0.932881
0.1 -44.6976 4.37109 0.919484
0.1 -44.0163 4.57428 0.90533
0.1 -44.0377 4.94169 0.898271
0.1 -43.0511 5.83996 0.85951
0.1 -41.9261 6.74997 0.869126
0.1 -40.7488 7.54694 0.84967
0.1 -39.7689 8.60671 0.822297
0.1 -38.5348 9.22868 0.78224
0.1 -37.6844 9.8858 0.762422
0.1 -37.066 10.8958 0.744085
0.1 -36.4201 11.5411 0.722838
0.1 -35.8755 12.4583 0.708427
0.1 -35.5783 12.6837 0.692092
0.1 -35.2097 12.946 0.686764
0.1 -34.6726 13.7309 0.677252
0.1 -34.6572 14.2238 0.669788
0.1 -34.4798 15.0947 0.649983
0.1 -34.1098 15.8335 0.63082
0.1 -33.3359 16.4916 0.614093
0.1 -32.5314 16.904 0.600726
0.1 -31.611 17.4224 0.568216
0.1 -30.8995 17.703 0.54689
0.1 -30.3581 17.4719 0.518264
0.1 -29.4553 18.393 0.508949
0.1 -29.047 18.8089 0.484543
0.1 -28.1818 19.3636 0.462672
0.1 -27.2112 19.4603 0.433597
0.1 -26.8804 19.6076 0.413167
0.1 -25.7319 19.9984 0.396221
0.1 -24.6087 20.3608 0.376028
0.1 -24.1478 20.8157 0.358664
0.1 -23.7302 21.4137 0.323484
0.1 -23.2652 21.63 0.317932
0.1 -22.8576 22.1904 0.306743
0.1 -21.9379 22.6098 0.278214
0.1 -21.0763 22.7965 0.260387
0.1 -19.9259 23.0053 0.246749
0.1 -18.8206 23.4118 0.217335
0.1 -17.954 23.5795 0.219471
0.1 -17.1006 24.1648 0.203446
0.1 -15.9825 24.1162 0.207089
0.1 -15.2635 23.7359 0.196441
0.1 -14.6557 23.8081 0.201606
0.1 -13.8634 24.4964 0.196225
0.1 -12.5941 24.5144 0.184952
0.1 -10.9631 25.3803 0.195491
0.1 -9.97346 25.3251 0.17775
0.1 -9.31209 25.9087 0.188928
0.1 -8.60511 25.8339 0.174372
0.1 -7.7859 25.9245 0.158276
0.1 -6.57538 25.8987 0.161978
0.1 -6.25572 26.3878 0.151506
0.1 -5.36033 26.3979 0.148711
0.1 -4.6066 26.2069 0.151708
0.1 -4.15246 26.7091 0.133828
0.1 -3.38031 27.0554 0.136472
0.1 -1.73738 27.7532 0.12703
0.1 -0.719994 27.9887 0.139982
0.1 0.808318 27.8478 0.129003
0.1 2.27885 28.0896 0.127662
0.1 3.49671 29.0594 0.115317
0.1 4.11993 28.6205 0.099114
0.1 5.00843 29.4195 0.0901743
0.1 6.29172 29.2663 0.0728128
0.1 7.50038 29.0121 0.072399
0.1 8.94189 29.4745 0.0798968
0.1 10.3246 29.659 0.0656299
0.1 10.6501 30.2323 0.0555928
0.1 12.0892 30.0975 0.0716043
0.1 13.1669 29.7303 0.0633315
0.1 13.8485 29.7864 0.0695045
0.1 15.5181 29.9668 0.0728454
0.1 16.1669 29.9584 0.0873547
0.1 17.5599 30.0809 0.0795415
0.1 18.3922 30.4346 0.0808221
0.1 19.8064 30.3001 0.0709495
0.1 20.16 30.2926 0.0573329
0.1 21.4406 30.2409 0.0621114
0.1 22.6954 30.4731 0.0627499
0.1 23.9747 30.3903 0.076045
0.1 24.8369 30.5692 0.0799062
0.1 26.4533 30.4469 0.0784273
0.1 27.3406 30.437 0.0756913
0.1 28.512 30.6466 0.0605727
0.1 29.183 30.7125 0.0826519
0.1 30.1742 30.8146 0.0819987
0.1 30.9031 30.8117 0.0755816
0.1 32.1669 30.8993 0.0706976
0.1 33.0904 30.659 0.0635188
0.1 33.8159 30.376 0.0781875
0.1 34.4552 30.3276 0.0778003
0.1 35.9338 30.3633 0.0732788
0.1 36.9833 30.1421 0.0677973
0.1 38.1428 29.8276 0.0723499
0.1 38.6947 29.5739 0.0633953
0.1 39.8655 28.7995 0.0622998
0.1 40.5214 28.9075 0.0549745
0.1 41.925 29.083 0.0317609
0.1 43.3831 29.6263 0.016822
0.1 43.9271 29.4174 0.0153078
0.1 45.1366 29.4934 0.0175085
0.1 46.3004 29.3115 0.0171203
0.1 47.4148 29.5238 0.0195351
0.1 48.5816 29.4976 0.0149281
0.1 49.8998 29.9915 0.0148155
0.1 50.9842 29.9266 0.0158616
0.1 51.979 30.2533 0.0125945
0.1 52.0631 30.4333 -0.00019844
0.1 53.0614 31.208 -0.00798981
0.1 54.0401 30.9683 -0.00743583
0.1 55.0776 31.0148 -0.00506952
0.1 56.8224 30.8943 0.0092332
0.1 57.5083 30.9297 0.014477
0.1 58.5422 31.0685 0.00969447
0.1 59.9971 30.7885 0.0226244
0.1 60.6373 30.6117 0.0145948
0.1 62.5552 30.2503 0.0019184
0.1 64.1939 30.251 0.00173786
0.1 65.386 30.4681 0.00877006
0.1 66.9654 30.2517 0.00529892
0.1 67.8197 30.0868 0.00663519
0.1 69.0352 29.9411 -0.00134721
0.1 70.2357 30.2293 0.00594146
0.1 71.5951 30.2729 0.000717042
0.1 72.7307 30.0559 -0.00902
0.1 74.246 30.2855 -0.0126369
0.1 74.6117 29.7971 -0.0114286
0.1 75.2186 29.2727 -0.0216688
0.1 76.0121 28.8873 -0.0225725
0.1 76.9116 29.096 -0.0278475
0.1 78.257 29.0344 -0.039367
0.1 79.2103 29.3205 -0.0296623
0.1 80.4939 28.8698 -0.0206179
0.1 81.32 28.5061 -0.0373594
0.1 82.23 28.4444 -0.0586207
0.1 83.6044 28.2273 -0.0681264
0.1 84.3277 27.7833 -0.0721789
0.1 85.3398 27.5651 -0.0921012
0.1 86.5609 27.4763 -0.11282
0.1 87.8947 26.9295 -0.116493
0.1 88.7462 27.6207 -0.119521
0.1 89.7732 27.5529 -0.0966299
0.1 90.6413 27.6268 -0.0887305
0.1 91.6574 27.7937 -0.0793768
0.1 92.8607 27.3401 -0.0657738
0.1 93.9318 27.2938 -0.0815484
0.1 95.3394 27.5945 -0.0790435
0.1 95.8034 28.0289 -0.0921711
0.1 97.2878 27.8284 -0.0911464
0.1 98.9369 28.0177 -0.0976462
0.1 100.022 27.852 -0.107785
0.1 101.344 27.5901 -0.131237
0.1 101.829 27.7386 -0.124678
0.1 102.884 27.7307 -0.130264
0.1 104.083 27.6444 -0.137316
0.1 105.208 27.3863 -0.133165
0.1 106.525 27.3618 -0.120743
0.1 107.464 27.6677 -0.108798
0.1 108.619 27.4707 -0.113597
0.1 109.498 27.3484 -0.131569
0.1 110.602 27.105 -0.124186
0.1 111.145 27.0572 -0.111132
0.1 111.676 26.8671 -0.117507
0.1 113.198 26.4435 -0.112543
0.1 114.246 25.9243 -0.109966
0.1 114.827 25.7274 -0.100608
0.1 115.48 25.4445 -0.0893591
0.1 116.682 25.8018 -0.0652089
0.1 117.521 25.8163 -0.0606899
0.1 118.794 25.1405 -0.0625066
0.1 119.85 25.1022 -0.0538063
0.1 120.765 24.8814 -0.051641
0.1 121.101 25.0254 -0.0567753
0.1 122.089 24.6969 -0.043841
0.1 122.95 25.0541 -0.042648
0.1 124.043 24.7504 -0.0258011
0.1 124.626 24.5689 -0.00173478
0.1 125.527 24.1591 0.0135801
0.1 127.027 24.6382 0.0170871
0.1 127.669 24.4252 0.0148392
0.1 128.584 24.2027 0.0174864
0.1 129.671 24.2968 0.0287858
0.1 130.54 24.4207 0.0211643
0.1 131.504 24.3663 0.0198337
0.1 132.914 24.1474 0.0286429
0.1 133.814 24.384 0.0379613
0.1 134.35 23.9623 0.0474517
0.1 135.223 24.0127 0.0487707
0.1 136.321 24.133 0.0675152
0.1 136.891 23.9672 0.06919
0.1 138.048 23.8723 0.0703631
0.1 138.649 23.8456 0.0814758
0.1 139.494 24.4679 0.106665
0.1 140.821 24.6347 0.111728
0.1 141.752 24.8586 0.108751
0.1 143.208 24.6388 0.100184
0.1 144.107 24.889 0.11644
0.1 145.022 25.0429 0.120808
0.1 145.947 25.5045 0.112336
0.1 147.02 26.0702 0.104964
0.1 147.341 25.9932 0.11261
0.1 148.06 25.6593 0.121823
0.1 148.92 25.525 0.118026
0.1 149.788 25.6325 0.120188
0.1 151.132 25.2186 0.113802
0.1 152.121 25.3307 0.103054
0.1 152.947 25.8509 0.109092
0.1 153.631 26.0521 0.106893
0.1 154.534 25.9576 0.114838
0.1 155.824 25.9581 0.110482
0.1 156.761 25.7584 0.0984433
0.1 157.636 25.6795 0.102398
0.1 158.367 25.3665 0.0982767
0.1 159.258 25.1567 0.0857515
0.1 160.499 25.2758 0.0718816
0.1 161.789 25.1174 0.0719539
0.1 162.746 25.0314 0.056386
0.1 163.399 25.2269 0.0571997
0.1 164.649 25.1293 0.0424931
0.1 165.578 24.5285 0.0359777
0.1 166.677 24.5751 0.0212221
0.1 167.788 24.8899 0.012072
0.1 168.809 25.0633 0.0145912
0.1 170.296 24.7762 0.0205355
0.1 171.413 25.0215 0.0394113
0.1 172.659 24.7943 0.0405071
0.1 173.981 24.6233 0.0427369
0.1 175.377 24.5497 0.0454777
0.1 176.223 24.4899 0.0394718
0.1 177.648 24.8551 0.030362
0.1 178.673 25.1407 0.0223368
0.1 180.349 25.3583 0.00395242
0.1 181.73 25.6223 0.00566875
0.1 182.878 25.8561 0.0102607
0.1 184.046 25.3989 -0.00194482
0.1 184.928 24.9677 -0.00627406
0.1 186.062 24.8238 0.0029578
0.1 187.092 24.7017 0.00348004
0.1 188.033 24.7639 -0.00335233
0.1 188.894 25.0205 -0.00501062
0.1 189.836 24.9805 -0.00913634
0.1 191.177 24.6529 -0.0107453
0.1 192.515 24.4586 -0.00572039
0.1 193.848 24.5025 0.00861421
0.1 194.373 24.4425 0.0143801
0.1 195.113 24.9846 0.0126288
0.1 196.141 25.133 0.022002
0.1 197.863 24.6578 0.00986244
0.1 198.893 24.5974 0.0156086
0.1 200.066 24.7486 0.0104647
0.1 201.294 24.9266 0.0123218
0.1 202.282 24.5441 0.0162789
0.1 203.884 24.9681 0.0209962
0.1 205.013 24.6587 0.0262392
0.1 205.709 24.8892 0.0114068
0.1 206.565 25.3634 0.00164785
0.1 207.483 25.3237 0.00248398
0.1 208.543 25.3393 0.0153808
0.1 209.328 25.4737 0.0142978
0.1 210.538 25.5206 0.00245402
0.1 211.452 25.3246 0.0159414
0.1 212.491 25.4016 0.0135691
0.1 213.562 25.5177 0.0150753
0.1 214.113 25.8055 -0.00598549
0.1 214.622 25.8838 0.0155806
0.1 215.811 25.6045 -0.00499898
0.1 217.157 26.0646 -0.00860501
0.1 218.006 26.6251 -0.00641033
0.1 218.914 26.3204 0.00952602
0.1 219.991 26.8893 -0.00171722
0.1 221.186 26.7013 -0.0152702
0.1 222.713 26.6199 -0.0139815
0.1 223.266 26.9021 -0.0185438
0.1 224.333 27.385 -0.0317884
0.1 225.329 27.4024 -0.00873858
0.1 226.121 27.48 -0.00824202
0.1 226.741 27.2332 -0.0137247
0.1 227.659 27.286 -0.0219546
0.1 228.491 27.663 -0.0203856
0.1 229.459 26.9461 -0.00959206
0.1 230.633 26.7017 -0.00547178
0.1 231.55 27.0942 -0.00106778
0.1 232.522 27.6042 -0.0240956
0.1 233.246 27.5922 -0.0391095
0.1 234.122 27.8306 -0.016468
0.1 234.935 28.0297 -0.0311402
0.1 235.281 27.872 -0.041611
0.1 235.981 27.9889 -0.0418235
0.1 237.267 28.7236 -0.0353628
0.1 238.198 28.5027 -0.0483198
0.1 239.7 28.5101 -0.0587325
0.1 240.442 28.5909 -0.072965
0.1 240.699 28.4304 -0.0789753
0.1 240.729 28.4366 -0.0723379
0.1 241.262 28.8424 -0.0647633
0.1 241.357 28.5989 6.20912
0.1 241.855 28.484 6.19471
0.1 241.781 28.518 6.20559
0.1 242.256 28.4761 6.19975
0.1 242.31 28.5679 6.17838
0.1 243.003 28.454 6.16824
0.1 243.448 28.8031 6.15777
0.1 243.857 28.5035 6.13636
0.1 244.238 28.4488 6.12906
0.1 244.765 28.1046 6.11318
0.1 244.953 27.9729 6.0921
0.1 245.453 27.5179 6.06916
0.1 245.94 27.7242 6.05181
0.1 246.23 27.3322 6.03163
0.1 246.514 27.0157 6.00954
0.1 246.441 26.1235 5.99087
0.1 246.709 25.6194 5.96724
0.1 247.239 25.4913 5.9586
0.1 247.511 25.1365 5.93924
0.1 247.283 24.8363 5.89569
0.1 247.651 24.6397 5.88308
0.1 247.521 24.94 5.86972
0.1 248.063 25.0323 5.86713
0.1 248.134 25.72 5.84313
0.1 248.237 25.743 5.80735
0.1 248.181 25.5268 5.79197
0.1 248.519 25.1223 5.7846
0.1 249.031 24.7214 5.77275
0.1 249.721 24.2864 5.7449
0.1 249.508 24.3599 5.72478
0.1 250.117 23.9507 5.70554
0.1 249.78 23.4916 5.69716
0.1 249.998 23.1331 5.69182
0.1 250.457 21.9909 5.68495
0.1 250.334 21.9926 5.67551
0.1 251.278 22.0695 5.65928
0.1 251.133 21.4991 5.62365
0.1 251.524 21.3658 5.59899
0.1 251.153 21.5129 5.59197
0.1 251.837 21.3541 5.57892
0.1 252.059 21.6448 5.56477
0.1 252.497 21.6034 5.55088
0.1 253.036 21.8979 5.51699
0.1 253.586 21.4449 5.51913
0.1 254.264 21.3615 5.52466
0.1 254.629 21.0406 5.51466
0.1 254.764 20.432 5.5023
0.1 255.232 20.9551 5.4805
0.1 255.771 20.9048 5.45494
0.1 255.934 20.701 5.42607
0.1 256.478 19.7755 5.39955
0.1 256.981 18.7162 5.39144
0.1 257.034 18.0663 5.38277
0.1 257.596 17.1747 5.36493
0.1 258.222 16.034 5.35869
0.1 258.374 15.5929 5.326
0.1 258.686 14.953 5.31267
0.1 258.86 14.2997 5.28156
0.1 258.653 13.7049 5.24758
0.1 258.877 13.2144 5.23537
0.1 259.229 12.6426 5.21079
0.1 259.679 11.5712 5.18835
0.1 259.817 11.2171 5.15131
0.1 260.401 10.2573 5.12462
0.1 260.673 9.76914 5.09385
0.1 261.346 9.24388 5.06852
0.1 261.361 8.64803 5.05064
0.1 261.635 7.93732 5.01519
0.1 262.367 6.83357 4.98259
0.1 262.746 5.90817 4.95794
0.1 263.309 5.72933 4.92177
0.1 263.911 4.99286 4.87801
0.1 264.153 4.53131 4.85501
0.1 264.532 4.00674 4.81905
0.1 264.666 3.22189 4.80358
0.1 264.661 2.61596 4.78384
0.1 264.692 2.37578 4.75939
0.1 264.522 1.9625 4.74761
0.1 264.768 1.3492 4.74495
0.1 264.777 0.834794 4.72163
0.1 264.619 -0.180818 4.69941
0.1 264.117 -0.891846 4.66571
0.1 263.805 -2.11074 4.62675
0.1 263.229 -2.82703 4.61038
0.1 263.356 -3.49504 4.57239
0.1 263.304 -4.10709 4.53968
0.1 263.207 -4.57373 4.52295
0.1 262.853 -5.59963 4.48619
0.1 262.22 -6.07006 4.4406
0.1 261.644 -6.50643 4.4212
0.1 260.943 -6.95954 4.41461
0.1 260.697 -7.24868 4.38996
0.1 260.497 -7.51712 4.35294
0.1 260.419 -7.76858 4.33317
0.1 260.345 -8.10162 4.31705
0.1 260.359 -8.81749 4.29373
0.1 260.136 -9.63265 4.25627
0.1 259.599 -9.98845 4.20541
0.1 259.398 -10.725 4.17253
0.1 259.411 -11.278 4.14214
0.1 258.875 -11.4398 4.11947
0.1 258.341 -12.2663 4.08678
0.1 257.869 -12.8292 4.06047
0.1 257.494 -13.5787 4.04054
0.1 256.544 -14.1199 4.00658
0.1 255.708 -14.7261 3.96699
0.1 255.847 -14.9008 3.95203
0.1 255.356 -15.7384 3.91786
0.1 255.08 -16.1149 3.87869
0.1 255.079 -16.9229 3.85414
0.1 255.116 -17.3469 3.81724
0.1 254.602 -17.8028 3.79182
0.1 253.952 -17.785 3.75888
0.1 253.581 -18.5305 3.73234
0.1 253.143 -19.404 3.7165
0.1 252.935 -19.8304 3.67844
0.1 252.368 -19.9621 3.6464
0.1 252.21 -20.9584 3.60178
0.1 251.35 -21.0631 3.58269
0.1 250.113 -21.2698 3.54543
0.1 249.527 -21.8885 3.51288
0.1 248.815 -22.4141 3.48791
0.1 247.547 -22.4185 3.45278
0.1 247.214 -22.807 3.40404
0.1 246.667 -23.2813 3.37341
0.1 245.8 -24.091 3.31983
0.1 244.643 -24.2671 3.29283
0.1 244.052 -24.7312 3.25269
0.1 243.836 -24.6646 3.22287
0.1 243.304 -24.9473 3.1971
0.1 242.496 -24.7263 3.16513
0.1 241.613 -25.0829 3.1397
0.1 240.552 -24.6227 3.11327
0.1 239.506 -24.7877 3.09306
0.1 238.657 -25.4053 3.06752
0.1 237.474 -25.6759 3.03003
0.1 236.307 -25.6351 3.00287
0.1 235.559 -25.4772 2.96661
0.1 234.978 -24.8015 2.93329
0.1 234.066 -24.9248 2.90352
0.1 233.258 -24.7546 2.88817
0.1 232.658 -24.2155 2.8663
0.1 231.75 -24.2437 2.83644
0.1 231.063 -24.329 2.81391
0.1 230.449 -23.5186 2.8017
0.1 230.039 -23.218 2.7917
0.1 229.534 -22.6634 2.76593
0.1 228.408 -22.4351 2.76741
0.1 227.098 -21.8488 2.76034
0.1 226.236 -21.5347 2.74343
0.1 224.898 -21.087 2.71301
0.1 224.419 -20.362 2.69731
0.1 223.834 -20.1796 2.69244
0.1 223.338 -20.0958 2.66417
0.1 222.754 -19.9212 2.66324
0.1 222.066 -19.6952 2.64513
0.1 221.319 -19.0003 2.63944
0.1 220.922 -18.7009 2.63909
0.1 220.406 -18.6414 2.64905
0.1 219.54 -18.3723 2.65431
0.1 219.154 -17.8973 2.65756
0.1 218.646 -17.6999 2.65524
0.1 218.17 -16.4642 2.6492
0.1 217.749 -16.4204 2.66675
0.1 217.288 -16.4877 2.6716
0.1 216.641 -16.2089 2.68462
0.1 215.711 -15.8058 2.68513
0.1 214.599 -15.1946 2.68288
0.1 213.955 -14.7401 2.7037
0.1 213.445 -14.2804 2.71782
0.1 212.367 -13.9869 2.73836
0.1 211.347 -13.0281 2.75158
0.1 211.092 -12.6626 2.75655
0.1 209.945 -12.0492 2.75448
0.1 208.818 -12.0154 2.77894
0.1 207.83 -11.4254 2.79434
0.1 206.792 -11.2998 2.79329
0.1 205.786 -10.7787 2.80564
0.1 205.071 -10.2087 2.82268
0.1 204.238 -10.3581 2.8165
0.1 203.023 -9.80826 2.82334
0.1 202.624 -9.68787 2.8376
0.1 201.781 -9.17852 2.84575
0.1 200.663 -8.84431 2.86699
0.1 199.824 -8.86471 2.88028
0.1 198.585 -8.72589 2.87453
0.1 197.329 -8.28137 2.86092
0.1 196.244 -8.28671 2.8777
0.1 195.404 -8.47892 2.88953
0.1 194.347 -8.24243 2.8853
0.1 193.52 -7.5679 2.8877
0.1 193.086 -7.31138 2.87724
0.1 192.078 -7.33112 2.8909
0.1 190.975 -7.08371 2.90033
0.1 190.338 -6.95025 2.89665
0.1 189.741 -6.46459 2.88713
0.1 188.873 -6.4658 2.88143
0.1 187.491 -6.23779 2.89298
0.1 186.526 -5.49562 2.90671
0.1 184.977 -5.60554 2.91694
0.1 184.143 -5.50465 2.90092
0.1 182.876 -5.47662 2.91331
0.1 181.904 -5.05321 2.91687
0.1 180.938 -5.04755 2.93263
0.1 179.568 -4.86824 2.95023
0.1 178.606 -4.82312 2.96905
0.1 178.082 -4.52973 2.97532
0.1 177.269 -4.28416 2.97574
0.1 176.199 -3.38704 2.98092
0.1 175.74 -3.04463 2.98187
0.1 174.592 -2.57119 2.98611
0.1 173.783 -2.57826 3.00518
0.1 172.984 -2.29271 3.00488
0.1 172.395 -1.79205 3.0003
0.1 171.052 -1.55547 2.99934
0.1 170.011 -0.993186 2.99056
0.1 169.199 -0.959586 2.98331
0.1 168.023 -1.0335 2.98656
0.1 167.128 -0.51246 2.98839
0.1 166.398 -0.682521 2.99185
0.1 165.626 -0.769047 2.99553
0.1 164.596 -0.322369 2.97883
0.1 163.784 -0.0228965 2.99319
0.1 162.359 0.0482366 2.99153
0.1 160.89 0.526112 3.00002
0.1 159.987 1.15381 2.99721
0.1 159.304 0.952914 2.99344
0.1 158.713 1.18792 2.99448
0.1 157.761 1.09688 2.9888
0.1 156.535 1.71459 2.98317
0.1 155.578 1.36396 2.98086
0.1 155.13 1.30271 2.98217
0.1 154.068 1.26187 2.9969
0.1 153.515 1.37021 2.99887
0.1 152.739 1.24056 2.99144
0.1 151.42 1.96505 2.99718
0.1 150.286 2.64686 3.00993
0.1 149.728 2.5466 3.01683
0.1 149.248 2.73742 3.02349
0.1 148.468 2.52611 3.02037
0.1 147.464 2.19824 3.02314
0.1 146.776 2.38876 3.01247
0.1 145.838 2.93499 3.03062
0.1 144.803 2.69988 3.02903
0.1 143.416 2.8392 3.02364
0.1 142.54 2.82743 3.02389
0.1 141.413 3.22797 3.00748
0.1 140.47 3.21495 3.0077
0.1 139.828 3.86299 2.98422
0.1 139.228 3.47213 2.98777
0.1 138.404 3.83894 3.00361
0.1 138.094 4.17693 3.01888
0.1 137.313 4.19557 3.02328
0.1 135.841 4.1962 3.02887
0.1 135.028 4.30723 3.03228
0.1 134.486 4.26413 3.0307
0.1 133.806 4.19634 3.03665
0.1 132.895 4.25937 3.02834
0.1 132.312 4.56518 3.01813
0.1 131.41 4.70721 3.02165
0.1 130.344 4.57852 3.03852
0.1 129.426 4.19753 3.04951
0.1 128.623 4.3434 3.04224
0.1 127.968 4.1138 3.0582
0.1 127.48 4.1353 3.05869
0.1 125.928 4.24235 3.0465
0.1 124.948 4.41124 3.06272
0.1 123.871 4.68905 3.08413
0.1 122.689 4.56684 3.07441
0.1 122.053 4.80432 3.08409
0.1 120.902 4.59502 3.09486
0.1 120.073 4.4344 3.08494
0.1 118.993 4.20711 3.06675
0.1 118.416 4.63023 3.07751
0.1 117.355 4.95599 3.07556
0.1 115.938 5.26705 3.09367
0.1 115.115 5.20451 3.10217
0.1 114.01 5.24102 3.10534
0.1 112.877 4.88263 3.10742
0.1 112.047 4.70847 3.09481
0.1 111.049 4.27664 3.09363
0.1 110.139 4.44925 3.09285
0.1 108.995 4.55294 3.09488
0.1 108.03 4.37398 3.10536
0.1 106.7 4.1073 3.09573
0.1 105.452 4.48447 3.09383
0.1 105.068 4.52901 3.10525
0.1 104.474 4.37367 3.12053
0.1 103.381 3.93006 3.11455
0.1 102.679 4.22247 3.12795
0.1 101.891 4.23418 3.13712
0.1 100.76 4.38841 3.12826
0.1 99.6939 4.34825 3.1277
0.1 98.9788 4.58977 3.13336
0.1 98.1182 4.47314 3.12873
0.1 97.3701 4.59144 3.12849
0.1 96.7114 4.61786 3.13415
0.1 95.5399 4.84753 3.13475
0.1 94.667 4.81867 3.13833
0.1 93.5384 4.77887 3.14893
0.1 92.8265 4.84668 3.14176
0.1 91.6712 4.74122 3.13766
0.1 91.2411 4.76085 3.13864
0.1 90.1256 4.7469 3.14479
0.1 89.7282 4.62206 3.15031
0.1 89.1355 4.94646 3.15546
0.1 88.4414 4.78244 3.15416
0.1 87.8253 4.58259 3.14412
0.1 86.414 4.39394 3.15158
0.1 85.4198 4.31402 3.13408
0.1 84.8975 4.49238 3.13798
0.1 83.9261 4.57691 3.12537
0.1 83.4048 4.89833 3.12535
0.1 82.941 5.09728 3.10785
0.1 81.8935 4.73766 3.10695
0.1 81.3728 4.54702 3.11432
0.1 80.6345 4.36118 3.12682
0.1 79.8513 4.84853 3.14678
0.1 78.8974 5.32227 3.14624
0.1 78.1674 5.91343 3.15451
0.1 77.6516 5.37741 3.15984
0.1 76.7875 5.38213 3.16713
0.1 75.5952 5.29524 3.17148
0.1 74.748 5.08216 3.17355
0.1 74.2106 5.11463 3.18827
0.1 73.4182 5.83717 3.1974
0.1 73.3332 5.85223 3.21576
0.1 73.1206 5.76234 3.22604
0.1 72.4148 5.4713 3.24986
0.1 71.4179 5.13178 3.26074
0.1 71.1565 5.69063 3.28431
0.1 70.1331 5.38815 3.29009
0.1 69.7211 5.16537 3.29999
0.1 68.8568 5.16728 3.30946
0.1 68.8091 4.22102 3.32881
0.1 68.2185 3.95347 3.33568
0.1 67.4474 3.7346 3.33955
0.1 66.7816 3.07624 3.34307
0.1 65.8891 2.78532 3.36399
0.1 65.458 3.10756 3.36966
0.1 64.6077 2.84006 3.38024
0.1 63.9636 2.60744 3.37761
0.1 63.3366 2.43078 3.36897
0.1 62.631 1.54936 3.37722
0.1 62.2798 1.44019 3.38889
0.1 61.4006 0.46715 3.40113
0.1 60.9276 0.204638 3.39402
0.1 60.5892 -0.341311 3.39757
0.1 59.6305 -0.809513 3.40969
0.1 58.9628 -1.32913 3.4336
0.1 58.3985 -1.61005 3.43371
0.1 57.5949 -1.49322 3.42505
0.1 57.0964 -1.7165 3.40577
0.1 56.4163 -1.82346 3.40539
0.1 55.9736 -1.78489 3.40067
0.1 54.8649 -2.16399 3.40723
0.1 54.4439 -2.67079 3.42181
0.1 53.8048 -3.1098 3.4464
0.1 53.2778 -3.42118 3.45544
0.1 53.0918 -3.93089 3.45512
0.1 52.1665 -3.96973 3.46219
0.1 51.5434 -3.91685 3.4597
0.1 50.4729 -4.39093 3.46697
0.1 49.3906 -4.58297 3.46587
0.1 48.5494 -4.32846 3.45443
0.1 47.5986 -4.80102 3.47206
0.1 46.9356 -4.78033 3.46942
0.1 46.3357 -4.77834 3.4705
0.1 44.8812 -5.09627 3.47662
0.1 43.7807 -5.32245 3.48024
0.1 43.3076 -5.07208 3.48187
0.1 42.7974 -5.31857 3.46003
0.1 41.9142 -5.53972 3.47659
0.1 41.304 -5.98699 3.48544
0.1 40.5206 -6.68742 3.48857
0.1 39.2991 -7.08674 3.48665
0.1 38.6799 -7.49076 3.49209
0.1 38.0234 -7.98676 3.49269
0.1 37.5472 -8.14443 3.50346
0.1 36.9578 -8.25024 3.50078
0.1 36.066 -9.19733 3.48907
0.1 35.6012 -9.58401 3.46614
0.1 34.9373 -9.92162 3.46636
0.1 33.5093 -10.308 3.47092
0.1 32.3669 -10.9305 3.46755
0.1 31.7783 -11.2737 3.49961
0.1 31.4674 -11.8248 3.48593
0.1 30.71 -11.9357 3.47979
0.1 29.7839 -12.4252 3.49276
0.1 29.2524 -12.8766 3.51171
0.1 28.6193 -13.1827 3.52862
0.1 28.2239 -13.1881 3.52831
0.1 27.1714 -13.4929 3.54362
0.1 26.1116 -13.7489 3.54386
0.1 25.3175 -14.1409 3.54635
0.1 24.6316 -14.4117 3.55116
0.1 24.0935 -14.793 3.54782
0.1 23.7165 -15.1763 3.56016
0.1 22.6879 -16.1321 3.57094
0.1 22.0535 -16.2344 3.57447
0.1 21.792 -16.5158 3.56454
0.1 21.2013 -16.9002 3.5863
0.1 20.0756 -17.2566 3.59454
0.1 19.3237 -17.4158 3.58439
0.1 18.3368 -17.6376 3.60096
0.1 17.3202 -17.312 3.60155
0.1 15.9986 -17.2698 3.60823
0.1 15.7609 -16.9463 3.60105
0.1 14.6355 -17.1683 3.60623
0.1 14.1788 -17.6158 3.60142
0.1 13.8176 -17.8999 3.6043
0.1 13.3063 -18.0204 3.5917
0.1 12.577 -18.0077 3.57651
0.1 12.1088 -18.804 3.55644
0.1 11.85 -18.8768 3.55456
0.1 10.9053 -19.4926 3.54011
0.1 10.5594 -19.8816 3.52823
0.1 9.4725 -20.3257 3.52981
0.1 9.35047 -20.3578 3.53285
0.1 8.35471 -20.8429 3.53524
0.1 8.06728 -21.1184 3.5119
0.1 7.48659 -20.881 3.5039
0.1 6.9283 -21.1508 3.49954
0.1 6.85607 -21.5022 3.50373
0.1 6.28691 -21.5384 3.4862
0.1 5.41323 -21.9715 3.47246
0.1 4.99118 -21.7078 3.46346
0.1 3.79072 -21.8802 3.45708
0.1 2.22737 -22.0502 3.44373
0.1 1.96434 -22.322 3.43374
0.1 1.28584 -22.6057 3.43653
0.1 0.887979 -22.9206 3.43729
0.1 0.573649 -22.8435 3.43275
0.1 0.0907095 -23.3809 3.4238
0.1 -0.510101 -23.532 3.40826
0.1 -1.17903 -24.0463 3.39536
0.1 -2.59775 -23.3591 3.37019
0.1 -3.17495 -23.8592 3.34784
0.1 -3.99724 -24.6247 3.32747
0.1 -5.34946 -25.2942 3.29586
0.1 -6.1283 -25.6438 3.28358
0.1 -6.60312 -25.8444 3.26461
0.1 -7.34892 -26.0831 3.24676
0.1 -8.11558 -26.0429 3.23953
0.1 -8.75523 -25.6401 3.21808
0.1 -9.45873 -25.494 3.20803
0.1 -10.3085 -25.2858 3.19012
0.1 -11.0834 -24.71 3.16768
0.1 -11.5408 -24.4125 3.15319
0.1 -12.4317 -24.3766 3.1439
0.1 -13.7913 -24.3856 3.13364
0.1 -14.8809 -24.3128 3.12014
0.1 -15.6642 -24.5143 3.10605
0.1 -15.6597 -24.4796 3.09943
0.1 -16.2134 -24.5018 3.06934
0.1 -16.9786 -24.5963 3.05239
0.1 -18.1152 -24.7212 3.03065
0.1 -18.8838 -24.7669 3.01321
0.1 -19.291 -24.7556 3.01113
0.1 -19.5681 -24.7783 2.98452
0.1 -19.9886 -25.0586 2.96495
0.1 -20.4469 -24.6452 2.95781
0.1 -20.7664 -24.7037 2.95405
0.1 -21.5937 -24.6805 2.93786
0.1 -22.0436 -24.9626 2.93431
0.1 -22.3082 -24.7823 2.93879
0.1 -22.4092 -24.5301 2.94279
0.1 -22.7876 -24.5584 2.92582
0.1 -23.3075 -24.683 2.90603
0.1 -24.1902 -24.9198 2.88284
0.1 -24.6254 -24.5686 2.8576
0.1 -25.1053 -24.3679 2.82479
0.1 -26.1571 -23.8791 2.82859
0.1 -26.4918 -23.4645 2.80635
0.1 -27.0654 -23.2859 2.79259
0.1 -27.6103 -23.1713 2.78325
0.1 -27.5241 -22.7842 2.77246
0.1 -28.3691 -22.2488 2.75641
0.1 -28.5897 -21.9607 2.75411
0.1 -29.2693 -21.5214 2.75458
0.1 -29.3351 -21.3399 2.74023
0.1 -29.9494 -20.8079 2.71609
0.1 -30.2975 -20.8177 2.70017
0.1 -30.6007 -20.7843 2.68796
0.1 -30.8152 -20.5759 2.67545
0.1 -31.4788 -20.3436 2.67355
0.1 -32.2566 -20.4372 2.65134
0.1 -32.721 -20.5802 2.64221
0.1 -32.6218 -20.2842 2.63317
0.1 -33.7493 -20.0797 2.60632
0.1 -33.7813 -19.4108 2.59274
0.1 -34.5781 -19.2952 2.57165
0.1 -35.2863 -18.8386 2.54243
0.1 -35.6949 -18.0248 2.52459
0.1 -35.8513 -17.4048 2.50518
0.1 -36.6635 -16.6728 2.49195
0.1 -37.0734 -16.3722 2.46896
0.1 -37.8975 -16.27 2.47253
0.1 -37.8341 -15.5926 2.44361
0.1 -38.7396 -14.9384 2.42903
0.1 -38.9219 -14.3547 2.41499
0.1 -39.2588 -14.3976 2.4003
0.1 -39.7668 -14.1079 2.38274
0.1 -40.1952 -13.8769 2.36432
0.1 -40.8907 -13.2363 2.34452
0.1 -41.2269 -12.9247 2.31633
0.1 -41.4321 -12.5921 2.28682
0.1 -41.4993 -11.5247 2.26101
0.1 -42.5939 -10.9947 2.24417
0.1 -43.0834 -10.5684 2.21464
0.1 -43.8495 -10.0107 2.19203
0.1 -44.0742 -9.56898 2.16014
0.1 -44.7624 -9.24478 2.13769
0.1 -45.0872 -8.41287 2.12918
0.1 -45.3025 -7.78711 2.11726
0.1 -45.5737 -7.17391 2.08482
0.1 -45.5248 -6.5788 2.05293
0.1 -45.9636 -6.47467 2.01207
0.1 -46.3723 -5.49817 1.99875
0.1 -46.7782 -4.26015 1.98507
0.1 -47.123 -3.83638 1.9685
0.1 -47.281 -3.04817 1.93102
0.1 -47.0746 -2.36414 1.92689
0.1 -47.4465 -2.14123 1.90985
0.1 -47.8402 -1.55781 1.8869
0.1 -47.915 -0.739608 1.86186
0.1 -48.3441 0.00768813 1.82791
0.1 -48.6564 0.162286 1.79839
0.1 -48.8686 0.854873 1.77816
0.1 -48.8233 1.37713 1.77383
0.1 -48.7936 1.56855 1.7573
0.1 -48.6345 2.00311 1.74105
0.1 -49.017 2.26157 1.72918
0.1 -48.4517 2.66723 1.68752
0.1 -48.4645 3.05265 1.66685
0.1 -48.9347 3.7917 1.63298
0.1 -48.3755 4.05156 1.59687
0.1 -48.4291 4.04898 1.56662
0.1 -48.6735 4.8704 1.55913
0.1 -48.7973 5.77003 1.53844
0.1 -48.7048 6.69963 1.52735
0.1 -48.45 7.41071 1.49641
0.1 -48.8071 8.46501 1.49047
0.1 -48.7121 9.32795 1.46545
0.1 -48.1781 10.5713 1.45372
0.1 -47.8841 11.0956 1.45106
0.1 -47.499 11.477 1.42768
0.1 -47.6354 12.2036 1.41752
0.1 -47.0506 13.4998 1.39143
0.1 -46.7673 13.7346 1.3723
0.1 -47.0433 15.0508 1.34011
0.1 -46.1488 15.9474 1.32629
0.1 -46.1089 16.7609 1.31762
0.1 -45.7425 17.4563 1.29872
0.1 -45.664 18.4309 1.29587
0.1 -45.1744 18.8616 1.29895
0.1 -44.6617 19.1589 1.29616
0.1 -44.2519 20.1375 1.2914
0.1 -44.6108 20.9542 1.27873
0.1 -44.3612 21.113 1.27647
0.1 -44.4073 21.2217 1.26193
0.1 -44.2525 21.9733 1.26482
0.1 -44.2674 23.0101 1.25636
0.1 -44.6101 23.4965 1.24417
0.1 -44.2648 24.746 1.23456
0.1 -44.0418 25.8733 1.2323
0.1 -44.2858 26.2939 1.20856
0.1 -43.5562 27.1099 1.19928
0.1 -43.5233 27.5074 1.16722
0.1 -42.8159 28.2771 1.17241
0.1 -42.498 29.0744 1.1612
0.1 -41.7083 29.3588 1.15309
