0.1 6.09368 1.99219 0.00440938
0.1 6.71425 2.18398 0.305155
0.1 7.17187 2.074 0.306302
0.1 7.42758 2.22054 0.308437
0.1 8.12676 2.32411 0.306242
0.1 8.25543 2.44498 0.304434
0.1 8.82073 2.61568 0.31653
0.1 9.08902 2.98513 0.310853
0.1 9.43149 2.98616 0.303583
0.1 10.0317 3.05092 0.309334
0.1 10.4501 3.31787 0.313368
0.1 11.2296 3.54591 0.309081
0.1 11.4399 3.38178 0.305656
0.1 11.9601 3.72588 0.301036
0.1 12.3604 4.0523 0.307727
0.1 12.8614 3.8693 0.310059
0.1 13.2806 4.1143 0.298028
0.1 14.052 4.33429 0.294481
0.1 14.4489 4.80553 0.297575
0.1 14.9523 4.74067 0.295428
0.1 15.759 4.94497 0.283738
0.1 16.3525 5.12536 0.292328
0.1 16.8006 5.28319 0.285517
0.1 17.5141 5.30395 0.281732
0.1 18.1452 5.63463 0.276726
0.1 18.6501 6.17505 0.276255
0.1 18.9935 5.97712 0.282211
0.1 19.8856 6.06958 0.269583
0.1 20.4346 6.12664 0.264559
0.1 21.1159 6.44248 0.261844
0.1 21.718 6.58489 0.259542
0.1 22.2085 6.58767 0.263414
0.1 22.9845 6.99202 0.263059
0.1 23.7644 7.00909 0.257274
0.1 24.5134 7.17046 0.245555
0.1 25.0668 7.40768 0.245693
0.1 25.6094 7.59499 0.244094
0.1 26.6061 7.75329 0.239761
0.1 27.244 7.91874 0.232735
0.1 27.8745 8.10518 0.23208
0.1 28.916 8.23959 0.23067
0.1 29.6007 8.37483 0.222308
0.1 30.4108 8.69307 0.217231
0.1 31.2034 8.91718 0.217592
0.1 31.721 8.99341 0.216017
0.1 32.6634 9.1545 0.208814
0.1 33.3789 9.28102 0.20861
0.1 34.179 9.38334 0.200466
0.1 34.93 9.74111 0.196387
0.1 35.8079 9.67191 0.193565
0.1 36.8457 9.76347 0.189542
0.1 37.3754 10.098 0.194427
0.1 38.1316 10.3683 0.198741
0.1 39.0257 10.5064 0.184192
0.1 39.9882 10.7275 0.184875
0.1 40.6582 10.5398 0.181649
0.1 41.7019 10.8584 0.182999
0.1 42.475 11.2256 0.181299
0.1 43.536 11.2193 0.174103
0.1 44.2976 11.3432 0.173582
0.1 45.2081 11.566 0.171547
0.1 46.0703 11.7579 0.165298
0.1 47.0615 11.853 0.165597
0.1 47.8284 11.9294 0.158087
0.1 48.8578 11.8498 0.158044
0.1 49.9374 12.265 0.153277
0.1 50.797 12.2581 0.152207
0.1 51.4887 12.4577 0.154722
0.1 52.6578 12.5752 0.146529
0.1 53.5437 12.6852 0.144255
0.1 54.2992 12.9676 0.141759
0.1 55.3335 13.0598 0.139751
0.1 56.4042 13.2776 0.145011
0.1 57.2142 13.3102 0.139856
0.1 58.3638 13.2979 0.13117
0.1 59.543 13.4072 0.134616
0.1 60.401 13.925 0.134395
0.1 61.4771 13.964 0.134058
0.1 62.5924 14.153 0.124704
0.1 63.7647 13.9543 0.121031
0.1 64.5781 14.2558 0.12243
0.1 65.3089 14.2859 0.120422
0.1 66.4475 14.42 0.1278
0.1 67.5575 14.2845 0.116962
0.1 68.7966 14.6158 0.118486
0.1 69.6172 14.9131 0.113207
0.1 70.8296 14.7578 0.109893
0.1 71.6546 14.8988 0.123284
0.1 72.9076 15.2754 0.114295
0.1 73.6222 14.8987 0.0934696
0.1 75.2141 15.5347 0.111432
0.1 76.2965 15.6584 0.0943039
0.1 77.2989 15.5592 0.105171
0.1 78.5382 15.9655 0.0955926
0.1 79.4173 15.8598 0.0917712
0.1 80.9547 16.0062 0.0895817
0.1 81.6907 16.0541 0.0939412
0.1 83.149 15.9744 0.0955605
0.1 84.1215 16.0737 0.0915363
0.1 85.2696 16.4167 0.0896649
0.1 86.2285 16.5664 0.0868966
0.1 87.6476 16.5971 0.0854505
0.1 88.6083 16.7012 0.0878793
0.1 89.9957 16.5157 0.0815128
0.1 90.9266 16.7897 0.0886145
0.1 92.1189 16.9168 0.0787565
0.1 93.2743 17.0033 0.0723766
0.1 94.4114 17.1553 0.0807785
0.1 95.4036 17.198 0.0694273
0.1 96.7276 17.4793 0.0790603
0.1 98.1689 17.3862 0.062757
0.1 99.3399 17.3386 0.0725634
0.1 100.409 17.6101 0.0662042
0.1 101.668 17.6177 0.0690971
0.1 102.658 17.6133 0.0678356
0.1 104.002 17.6986 0.0729678
0.1 105.072 17.8705 0.0770089
0.1 106.162 17.8656 0.0745801
0.1 107.512 18.0806 0.0733533
0.1 108.759 18.1068 0.0786554
0.1 109.891 18.4916 0.0757313
0.1 111.223 18.2786 0.0644925
0.1 112.277 18.4579 0.0729695
0.1 113.563 18.1231 0.0729786
0.1 114.886 18.4635 0.0744603
0.1 115.969 18.7535 0.0737249
0.1 117.231 18.7208 0.068617
0.1 118.409 18.6279 0.0668511
0.1 119.56 18.946 0.0709332
0.1 120.754 18.9877 0.0727887
0.1 121.996 18.792 0.0658684
0.1 123.242 19.1143 0.0700926
0.1 124.502 19.1895 0.0713196
0.1 125.953 19.2104 0.0608426
0.1 126.736 19.29 0.0798395
0.1 128.325 19.3945 0.0705558
0.1 129.281 19.701 0.0722876
0.1 130.724 19.911 0.069645
0.1 131.801 19.7262 0.0716474
0.1 133.39 20.1067 0.0639409
0.1 134.401 20.1131 0.063942
0.1 135.886 20.0371 0.0592487
0.1 137.039 20.1288 0.0671982
0.1 138.175 20.2948 0.0673057
0.1 139.6 20.3916 0.0729725
0.1 140.614 20.1576 0.0803093
0.1 142.171 20.5632 0.0666122
0.1 143.286 20.4801 0.0751621
0.1 144.683 20.6703 0.0790912
0.1 145.925 20.5174 0.0766014
0.1 147.12 21.2146 0.0864643
0.1 148.106 20.9806 0.083817
0.1 149.652 21.0321 0.0855838
0.1 150.944 21.399 0.0849384
0.1 152.029 21.2046 0.080149
0.1 153.356 21.486 0.075716
0.1 154.795 21.5959 0.0800844
0.1 156.046 21.6849 0.0881291
0.1 157.277 21.8839 0.0786012
0.1 158.418 21.791 0.0830635
0.1 160.032 22.0159 0.0770888
0.1 161.07 22.0387 0.0790241
0.1 162.186 22.2339 0.0827743
0.1 163.62 22.2868 0.0817637
0.1 164.963 22.2957 0.0765539
0.1 166.139 22.4188 0.0806953
0.1 167.416 22.4164 0.0852032
0.1 168.881 22.7556 0.0773686
0.1 170.282 22.5477 0.0744818
0.1 171.313 22.7951 0.0691937
0.1 172.571 22.9897 0.0734312
0.1 174.045 23.1291 0.0757892
0.1 175.139 23.2219 0.0801597
0.1 176.682 23.225 0.0766598
0.1 177.986 23.1474 0.0762379
0.1 179.257 23.4315 0.065757
0.1 180.361 23.6422 0.080926
0.1 181.512 23.7689 0.0770667
0.1 182.995 23.7613 0.071437
0.1 184.488 23.7733 0.0760624
0.1 185.708 23.9734 0.0716851
0.1 186.819 24.1826 0.0688479
0.1 188.411 23.9863 0.0678044
0.1 189.667 23.9128 0.0689876
0.1 190.9 24.2071 0.0739161
0.1 192.141 24.4083 0.0781734
0.1 193.527 24.3651 0.0699168
0.1 194.801 24.6318 0.0778828
0.1 196.211 24.5321 0.0761323
0.1 197.627 24.6554 0.0694312
0.1 198.893 24.9535 0.070317
0.1 200.17 25.011 0.075483
0.1 201.433 25.1825 0.0749163
0.1 202.983 25.4426 0.075415
0.1 204.255 25.4494 0.0711959
0.1 205.636 25.3151 0.0760738
0.1 207.187 25.7058 0.0817713
0.1 208.201 25.6668 0.065962
0.1 209.626 25.7872 0.0759294
0.1 210.93 25.993 0.0755967
0.1 212.273 25.9992 0.0802637
0.1 213.737 26.0459 0.0779694
0.1 214.763 26.2218 0.069824
0.1 216.302 26.1233 0.0757051
0.1 217.84 26.1476 0.0761795
0.1 219.04 26.3651 0.0700873
0.1 220.422 26.4521 0.0667523
0.1 221.499 26.75 0.0748255
0.1 222.927 26.6665 0.0694936
0.1 224.041 26.8323 0.0810046
0.1 225.497 26.8174 0.075155
0.1 226.722 27.2065 0.0779676
0.1 228.031 27.2134 0.0743945
0.1 229.455 27.2992 0.0685945
0.1 230.621 27.2824 0.0743331
0.1 231.843 27.3539 0.0736448
0.1 233.384 27.5639 0.071874
0.1 234.67 27.6665 0.0679207
0.1 235.431 27.711 0.0822299
0.1 236.829 27.7163 0.0782316
0.1 237.922 27.9583 0.0735668
0.1 239.216 28.1991 0.0739042
0.1 240.498 28.0702 0.0769771
0.1 241.536 27.9229 0.0759365
0.1 242.941 28.1147 0.0717946
0.1 243.912 28.2258 0.0675216
0.1 244.864 28.1758 0.0720276
0.1 246.211 28.2723 0.0600339
0.1 247.266 28.418 0.0552893
0.1 248.153 28.5376 0.0567937
0.1 249.258 28.3201 0.0598966
0.1 250.369 28.6454 0.0503178
0.1 251.344 28.6757 0.0498091
0.1 252.268 28.6632 0.0457629
0.1 253.087 28.5072 0.0308791
0.1 253.913 28.6457 0.0282267
0.1 254.996 28.5769 0.0147114
0.1 255.373 28.6229 0.00923895
0.1 256.048 28.3441 6.28245
0.1 256.992 28.7585 6.25968
0.1 257.483 28.7037 6.24586
0.1 258.65 28.7253 6.21883
0.1 258.903 28.4202 6.21417
0.1 260.161 28.5687 6.17759
0.1 260.57 28.175 6.17226
0.1 261.665 28.0539 6.13122
0.1 262.307 27.9971 6.0965
0.1 263.084 27.8335 6.08785
0.1 263.992 27.5817 6.05509
0.1 264.299 27.5399 6.0326
0.1 265.29 26.9312 5.98886
0.1 265.927 27.1304 5.95984
0.1 266.415 26.5621 5.92989
0.1 267.294 26.2343 5.89956
0.1 267.857 26.0916 5.87094
0.1 268.398 25.7354 5.83487
0.1 269.099 25.4398 5.81128
0.1 269.739 24.9167 5.77612
0.1 270.093 24.8412 5.74355
0.1 270.563 24.4847 5.70987
0.1 271.487 23.8596 5.68262
0.1 271.813 23.4515 5.65662
0.1 272.513 23.1734 5.61615
0.1 273.027 22.3699 5.5794
0.1 273.545 22.1615 5.55219
0.1 273.82 21.5173 5.5268
0.1 274.315 21.0775 5.48483
0.1 274.724 20.3956 5.4567
0.1 275.317 19.8238 5.41322
0.1 275.876 19.2089 5.38767
0.1 276.04 18.7596 5.35391
0.1 276.437 18.0638 5.32252
0.1 277.001 17.392 5.29527
0.1 277.29 17.0868 5.2709
0.1 277.548 16.4991 5.2365
0.1 277.885 15.4706 5.20565
0.1 278.377 14.9302 5.16878
0.1 278.661 14.2138 5.13317
0.1 278.812 13.5226 5.10734
0.1 278.93 13.1184 5.07777
0.1 279.223 12.2195 5.04114
0.1 279.516 11.5813 5.00117
0.1 279.568 11.0502 4.97443
0.1 279.887 10.0153 4.94172
0.1 279.96 9.34831 4.90714
0.1 280.065 8.4895 4.87236
0.1 280.133 7.84836 4.84804
0.1 280.218 6.86014 4.78952
0.1 280.028 6.30071 4.77071
0.1 279.898 5.68576 4.73545
0.1 279.977 4.66981 4.70954
0.1 279.849 4.20443 4.66973
0.1 280.165 3.29094 4.6435
0.1 279.635 2.64775 4.60032
0.1 279.649 1.67096 4.5855
0.1 279.713 1.1234 4.55795
0.1 279.273 0.10896 4.51908
0.1 279.575 -0.535413 4.49963
0.1 279.29 -1.03245 4.47165
0.1 278.638 -1.92098 4.42406
0.1 278.49 -2.846 4.39843
0.1 278.363 -3.53615 4.37258
0.1 277.887 -4.00134 4.33532
0.1 277.39 -5.13408 4.29957
0.1 277.23 -5.57338 4.29055
0.1 276.706 -6.31056 4.23691
0.1 276.306 -7.09439 4.20625
0.1 275.871 -7.54537 4.18762
0.1 275.633 -8.18966 4.15916
0.1 275.254 -9.20249 4.13408
0.1 274.758 -9.47083 4.1046
0.1 274.419 -10.0708 4.07823
0.1 273.518 -10.884 4.04347
0.1 273.12 -11.477 4.0269
0.1 272.605 -12.1419 3.99205
0.1 271.751 -12.7417 3.94882
0.1 271.253 -13.3596 3.93157
0.1 270.437 -13.8051 3.89219
0.1 270.103 -14.2921 3.86805
0.1 269.32 -14.8976 3.82776
0.1 268.712 -15.3535 3.8058
0.1 267.931 -15.8417 3.76087
0.1 267.203 -16.2008 3.73624
0.1 266.817 -16.6509 3.71016
0.1 266.012 -17.3547 3.6682
0.1 265.024 -17.3297 3.63342
0.1 264.503 -17.7299 3.60779
0.1 263.605 -18.014 3.56488
0.1 262.648 -18.1793 3.53132
0.1 262.093 -18.8385 3.49531
0.1 261.071 -18.9792 3.45361
0.1 260.367 -19.1665 3.41354
0.1 259.554 -19.2316 3.37887
0.1 258.587 -19.3404 3.33959
0.1 257.571 -19.391 3.29252
0.1 256.835 -19.4402 3.2668
0.1 255.77 -19.5389 3.22958
0.1 255.067 -19.6564 3.19784
0.1 254.02 -19.6848 3.16602
0.1 253.617 -19.4295 3.13538
0.1 252.739 -19.579 3.10034
0.1 251.498 -19.4673 3.072
0.1 250.513 -19.604 3.03768
0.1 249.787 -19.3446 3.03014
0.1 248.928 -19.0324 3.00157
0.1 248.448 -19.0693 2.99107
0.1 247.006 -18.7189 2.96151
0.1 246.114 -18.5203 2.94376
0.1 245.554 -18.0543 2.93788
0.1 244.593 -18.2283 2.92725
0.1 243.798 -17.9601 2.91869
0.1 242.922 -17.9578 2.92307
0.1 242.118 -17.5695 2.92034
0.1 240.564 -17.2595 2.90258
0.1 240.067 -17.1344 2.90156
0.1 239.252 -16.9569 2.90706
0.1 237.953 -16.7545 2.90932
0.1 237.077 -16.4887 2.9003
0.1 236.305 -16.0976 2.90092
0.1 235.179 -16.0942 2.89676
0.1 234.492 -15.6754 2.90034
0.1 233.559 -15.635 2.90885
0.1 232.446 -15.1885 2.90278
0.1 231.484 -14.9982 2.89675
0.1 230.58 -14.8133 2.90731
0.1 229.509 -14.4779 2.90987
0.1 228.635 -14.3627 2.9062
0.1 227.542 -14.0632 2.91053
0.1 226.546 -14.1483 2.91587
0.1 225.796 -13.9494 2.92442
0.1 224.972 -13.7034 2.93024
0.1 223.882 -13.2466 2.93338
0.1 222.74 -13.0853 2.93994
0.1 221.889 -13.0625 2.93456
0.1 220.942 -12.5912 2.94469
0.1 219.716 -12.3439 2.95327
0.1 218.937 -12.3121 2.96071
0.1 217.633 -12.1573 2.96628
0.1 216.866 -12.1267 2.97763
0.1 215.905 -11.9835 2.99522
0.1 214.744 -11.7459 3.00044
0.1 213.688 -11.4287 3.00897
0.1 212.73 -11.4369 3.0134
0.1 211.453 -11.3473 3.02818
0.1 210.281 -11.0145 3.02916
0.1 209.371 -10.9978 3.04487
0.1 208.437 -10.7786 3.05636
0.1 207.361 -10.4942 3.05894
0.1 206.335 -10.7623 3.06805
0.1 205.014 -10.5127 3.07497
0.1 203.965 -10.6626 3.08134
0.1 202.451 -10.7684 3.08056
0.1 201.831 -10.5141 3.09127
0.1 200.782 -10.3723 3.10295
0.1 199.438 -10.5974 3.10453
0.1 198.185 -10.415 3.10477
0.1 197.238 -10.2094 3.12085
0.1 196.143 -9.89677 3.12605
0.1 194.858 -10.3402 3.11795
0.1 194.021 -10.2087 3.14115
0.1 192.506 -10.3074 3.13739
0.1 191.501 -10.3216 3.14815
0.1 190.549 -10.5687 3.14972
0.1 189.336 -10.4235 3.16221
0.1 188.01 -10.3044 3.16209
0.1 186.723 -10.7507 3.16978
0.1 185.766 -10.5802 3.17608
0.1 184.802 -10.5446 3.18932
0.1 183.582 -10.6516 3.18498
0.1 182.298 -10.633 3.19101
0.1 181.326 -10.6993 3.19696
0.1 180.193 -10.9175 3.20678
0.1 179.046 -10.8592 3.20959
0.1 177.426 -11.1165 3.20607
0.1 176.789 -11.1205 3.21984
0.1 175.7 -11.2176 3.22335
0.1 174.261 -11.2419 3.22212
0.1 173.268 -11.5002 3.22549
0.1 172.227 -11.7708 3.25218
0.1 170.851 -11.8462 3.25179
0.1 169.96 -11.568 3.25623
0.1 168.961 -11.9068 3.26792
0.1 167.838 -11.9986 3.26964
0.1 166.471 -12.2902 3.26643
0.1 165.469 -12.5186 3.27942
0.1 164.169 -12.7135 3.27611
0.1 162.948 -12.717 3.27736
0.1 161.755 -12.7324 3.2845
0.1 160.748 -13.123 3.29313
0.1 159.62 -13.2083 3.30118
0.1 158.73 -13.357 3.30339
0.1 157.346 -13.8163 3.31331
0.1 156.36 -13.7504 3.3168
0.1 155.109 -13.8452 3.31623
0.1 154.252 -14.1375 3.3193
0.1 152.766 -14.4446 3.32611
0.1 151.984 -14.6539 3.33026
0.1 150.551 -14.5617 3.33998
0.1 149.746 -14.9541 3.33458
0.1 148.723 -15.0308 3.34302
0.1 147.31 -15.5432 3.34311
0.1 146.157 -15.8812 3.34206
0.1 145.093 -15.9529 3.35179
0.1 144.316 -16.2226 3.35954
0.1 143.269 -16.4997 3.36483
0.1 141.861 -16.7735 3.36343
0.1 140.68 -16.9725 3.36796
0.1 139.933 -17.1029 3.37165
0.1 138.73 -17.3522 3.36836
0.1 137.689 -17.7689 3.36505
0.1 136.486 -18.1064 3.36398
0.1 135.485 -18.2663 3.36901
0.1 134.24 -18.5715 3.37721
0.1 133.203 -18.7822 3.37666
0.1 131.911 -18.9381 3.37124
0.1 131.234 -19.2679 3.37532
0.1 130.033 -19.5356 3.38077
0.1 128.863 -19.8427 3.38007
0.1 127.55 -20.1189 3.36994
0.1 126.558 -20.1239 3.38334
0.1 125.569 -20.6776 3.38712
0.1 124.531 -20.7796 3.3887
0.1 123.297 -21.4225 3.38714
0.1 122.015 -21.2686 3.38678
0.1 121.379 -21.9393 3.3931
0.1 120.08 -22.132 3.38878
0.1 119.288 -22.4643 3.40813
0.1 118.103 -22.305 3.40042
0.1 117.139 -22.7485 3.39621
0.1 116.181 -23.1398 3.40387
0.1 114.98 -23.3872 3.41069
0.1 113.885 -23.5777 3.40886
0.1 112.641 -23.9709 3.41488
0.1 111.765 -24.144 3.4256
0.1 111.01 -24.6234 3.42535
0.1 109.879 -24.6005 3.42879
0.1 108.983 -25.1487 3.43097
0.1 107.51 -25.2947 3.42971
0.1 106.674 -25.7191 3.43285
0.1 105.71 -26.1092 3.44628
0.1 104.855 -26.4746 3.45714
0.1 103.547 -26.6084 3.46341
0.1 103.038 -26.9396 3.47201
0.1 101.672 -27.4387 3.46949
0.1 101.012 -27.8394 3.46684
0.1 99.6632 -28.1917 3.47599
0.1 99.0505 -28.3895 3.4846
0.1 97.9138 -28.8499 3.4889
0.1 96.9335 -29.0846 3.49622
0.1 95.8364 -29.5128 3.50826
0.1 95.0009 -29.9406 3.51365
0.1 94.2591 -30.1836 3.52343
0.1 92.9558 -30.5914 3.52931
0.1 92.0662 -30.9587 3.53567
0.1 91.1852 -31.7015 3.54086
0.1 89.8749 -31.9287 3.54866
0.1 89.1446 -32.2089 3.56111
0.1 88.2095 -32.6112 3.57648
0.1 87.2468 -33.1167 3.57727
0.1 86.472 -33.7533 3.5899
0.1 85.3686 -34.4378 3.60007
0.1 84.5364 -34.8035 3.61428
0.1 83.5578 -35.3498 3.61911
0.1 82.611 -35.7569 3.63089
0.1 81.5076 -36.6556 3.64366
0.1 80.5727 -36.8343 3.66101
0.1 79.6936 -37.2498 3.68049
0.1 78.7357 -37.939 3.69339
0.1 77.7021 -38.6637 3.70111
0.1 77.1746 -39.0309 3.71042
0.1 76.1837 -39.6359 3.72366
0.1 75.288 -40.2417 3.74584
0.1 74.3383 -40.6341 3.76161
0.1 73.2674 -41.5258 3.76956
0.1 72.6773 -42.3276 3.78063
0.1 71.7428 -43.0015 3.79716
0.1 70.7136 -43.7798 3.80906
0.1 70.0956 -44.2821 3.81085
0.1 69.1322 -44.9733 3.82932
0.1 68.288 -45.9013 3.84013
0.1 67.441 -46.545 3.8532
0.1 66.7281 -47.3526 3.85303
0.1 65.6926 -47.7635 3.8721
0.1 65.1702 -48.616 3.87349
0.1 64.1851 -49.2681 3.87968
0.1 63.5499 -50.422 3.88724
0.1 62.9135 -50.7298 3.89076
0.1 62.0173 -51.4869 3.89758
0.1 61.0863 -52.288 3.89299
0.1 60.2103 -52.9985 3.89603
0.1 59.4653 -53.5046 3.91078
0.1 58.9519 -54.4192 3.90794
0.1 57.9368 -55.2838 3.91466
0.1 57.3208 -55.9103 3.91685
0.1 56.6201 -56.7198 3.91647
0.1 55.9619 -57.3633 3.92684
0.1 55.1402 -58.3453 3.9242
0.1 54.3004 -59.105 3.92851
0.1 53.5807 -59.6517 3.93142
0.1 52.8588 -60.5263 3.92526
0.1 52.0799 -61.2402 3.934
0.1 51.5816 -61.7035 3.93984
0.1 50.7764 -62.5717 3.93726
0.1 50.0789 -63.3466 3.93828
0.1 49.1689 -64.0813 3.93668
0.1 48.6266 -64.744 3.93827
0.1 47.789 -65.3813 3.93409
0.1 47.32 -66.0619 3.93711
0.1 46.5639 -66.8735 3.93522
0.1 45.9121 -67.4816 3.93763
0.1 45.1771 -68.1756 3.93768
0.1 44.38 -68.7555 3.93872
0.1 43.8111 -69.5547 3.93433
0.1 43.0888 -70.3659 3.93676
0.1 42.4763 -70.9501 3.94051
0.1 41.5899 -71.663 3.93622
0.1 41.2961 -72.4821 3.93293
0.1 40.1205 -73.0774 3.92879
0.1 40.013 -73.5357 3.93203
0.1 39.2014 -74.238 3.92851
0.1 38.3508 -74.8668 3.92943
0.1 37.5994 -75.7618 3.91998
0.1 37.0915 -76.3248 3.92988
0.1 36.7223 -77.1244 3.92106
0.1 35.8706 -77.5459 3.90451
0.1 35.0746 -78.4383 3.90355
0.1 34.3128 -78.5791 3.89949
0.1 33.8572 -79.3312 3.88462
0.1 33.3038 -80.1001 3.88598
0.1 32.4377 -80.7104 3.88584
0.1 31.8812 -81.2874 3.87392
0.1 31.2236 -82.0378 3.86195
0.1 30.6087 -82.4787 3.85965
0.1 29.6928 -82.9821 3.84974
0.1 28.7648 -83.5025 3.83163
0.1 28.2802 -84.0172 3.82568
0.1 27.4853 -84.9878 3.81785
0.1 26.9821 -85.3519 3.81392
0.1 26.4196 -86.0221 3.80172
0.1 25.6961 -86.1738 3.7919
0.1 24.9352 -86.8616 3.77975
0.1 23.8396 -87.2354 3.75609
0.1 23.4303 -87.7479 3.7531
0.1 22.8888 -88.2042 3.74249
0.1 22.2966 -88.6656 3.73275
0.1 21.4508 -88.9948 3.71798
0.1 20.7299 -89.304 3.69955
0.1 20.2586 -89.7997 3.68916
0.1 19.454 -90.1764 3.68889
0.1 18.5079 -90.4694 3.65225
0.1 17.9747 -90.6719 3.65171
0.1 17.5648 -91.477 3.64296
0.1 16.9059 -91.71 3.62688
0.1 16.3391 -92.0924 3.61385
0.1 15.1784 -92.7733 3.58423
0.1 14.1859 -92.6785 3.57016
0.1 14.0828 -93.0354 3.55721
0.1 13.3298 -93.0433 3.55176
0.1 12.6966 -93.6642 3.51396
0.1 11.5809 -93.5164 3.51347
0.1 11.3182 -93.8034 3.49031
0.1 10.412 -94.1967 3.46458
0.1 9.84306 -94.3919 3.44642
0.1 9.10011 -94.8132 3.41892
0.1 8.16789 -94.7869 3.41141
0.1 7.60742 -94.8292 3.38724
0.1 6.91419 -95.1688 3.363
0.1 6.09127 -95.3945 3.35062
0.1 5.34211 -95.6838 3.32553
0.1 4.92122 -95.366 3.31493
0.1 4.34931 -95.8286 3.284
0.1 3.45371 -95.5753 3.25654
0.1 2.92338 -95.7834 3.24965
0.1 2.07167 -95.63 3.2288
0.1 1.13313 -95.8986 3.20529
0.1 0.568076 -95.8482 3.17249
0.1 0.0347394 -95.8986 3.16348
0.1 -0.604374 -95.6238 3.1442
0.1 -1.51098 -95.2876 3.1216
0.1 -2.27133 -95.5501 3.11153
0.1 -2.79562 -95.4048 3.09361
0.1 -3.58049 -95.8423 3.0565
0.1 -4.52357 -95.7552 3.02911
0.1 -4.96175 -95.3674 3.02144
0.1 -5.40415 -95.123 3.0158
0.1 -6.10411 -95.2827 2.98015
0.1 -7.03803 -94.832 2.96755
0.1 -7.31885 -94.9379 2.95343
0.1 -8.2591 -94.674 2.93264
0.1 -8.77958 -94.408 2.92038
0.1 -9.56383 -94.3928 2.89707
0.1 -10.5016 -94.2028 2.87912
0.1 -11.2501 -93.8817 2.85957
0.1 -11.7369 -93.5078 2.8509
0.1 -12.7426 -93.3394 2.83676
0.1 -13.3427 -93.0711 2.821
0.1 -13.886 -93.2815 2.80001
0.1 -14.7501 -92.6839 2.78791
0.1 -14.9153 -92.5168 2.77847
0.1 -16.014 -92.2802 2.76509
0.1 -16.9144 -91.8171 2.73431
0.1 -17.3781 -91.234 2.71302
0.1 -18.1235 -90.8822 2.70177
0.1 -18.6517 -90.8975 2.66814
0.1 -19.4041 -90.2164 2.65316
0.1 -20.2765 -90.1374 2.63097
0.1 -20.9231 -89.3202 2.61947
0.1 -21.1836 -89.258 2.60219
0.1 -21.7116 -88.732 2.5839
0.1 -22.7997 -88.5021 2.56056
0.1 -23.5685 -87.6728 2.53676
0.1 -24.1927 -87.4587 2.51926
0.1 -24.5528 -86.6678 2.4978
0.1 -25.322 -86.2499 2.47295
0.1 -25.9653 -85.6589 2.44816
0.1 -26.5195 -85.4146 2.44627
0.1 -27.1711 -84.6838 2.42392
0.1 -27.9341 -84.2321 2.41188
0.1 -28.4551 -83.8335 2.3798
0.1 -28.9435 -83.3005 2.37041
0.1 -29.5712 -82.356 2.34517
0.1 -29.9837 -81.9959 2.3305
0.1 -30.527 -81.0734 2.30509
0.1 -31.0046 -80.5099 2.28678
0.1 -31.6019 -79.7876 2.26323
0.1 -32.2825 -79.153 2.23383
0.1 -32.4717 -78.6486 2.21089
0.1 -32.8822 -77.5886 2.17804
0.1 -33.5288 -77.1154 2.15001
0.1 -34.1123 -76.5023 2.13378
0.1 -34.3307 -75.8446 2.11332
0.1 -34.6586 -74.7999 2.08994
0.1 -35.1563 -74.2971 2.06241
0.1 -35.4628 -73.5706 2.0468
0.1 -35.9673 -72.7798 2.01898
0.1 -36.1228 -71.9442 1.99011
0.1 -36.3292 -71.4705 1.97311
0.1 -36.7364 -70.3976 1.94727
0.1 -36.8785 -69.5564 1.92944
0.1 -37.2931 -68.9572 1.90977
0.1 -37.5726 -67.803 1.88258
0.1 -37.7518 -67.212 1.86717
0.1 -38.1537 -66.6999 1.84426
0.1 -37.9901 -65.5011 1.82107
0.1 -38.3349 -64.9275 1.8065
0.1 -38.3488 -64.272 1.79077
0.1 -38.5805 -62.984 1.77429
0.1 -38.637 -62.5225 1.75212
0.1 -38.7661 -61.5017 1.73131
0.1 -39.1808 -60.6165 1.7048
0.1 -38.7898 -59.5265 1.70389
0.1 -39.2035 -59.2113 1.68868
0.1 -39.2645 -58.3023 1.66917
0.1 -39.2684 -57.601 1.66478
0.1 -39.3908 -56.5158 1.6469
0.1 -39.2592 -55.4459 1.63858
0.1 -39.2649 -54.6718 1.61892
0.1 -39.3117 -53.8847 1.60256
0.1 -39.6541 -52.9221 1.58449
0.1 -39.5956 -52.2324 1.57784
0.1 -39.4002 -51.3871 1.56887
0.1 -39.4285 -50.5423 1.55953
0.1 -39.2903 -49.8816 1.56054
0.1 -39.23 -48.8814 1.5365
0.1 -39.28 -47.7228 1.51639
0.1 -39.1527 -47.0411 1.51586
0.1 -39.2549 -46.2068 1.50156
0.1 -39.0322 -45.2766 1.49925
0.1 -39.0085 -44.3826 1.47632
0.1 -38.8179 -43.5361 1.4758
0.1 -38.3796 -42.9336 1.45896
0.1 -38.8409 -41.9321 1.44745
0.1 -38.3749 -41.0335 1.4345
0.1 -38.3616 -40.4877 1.42173
0.1 -38.1506 -39.3944 1.40185
0.1 -38.1328 -38.5015 1.40061
0.1 -38.0079 -37.8115 1.38233
0.1 -37.8193 -36.6468 1.36371
0.1 -37.2488 -35.6539 1.34889
0.1 -37.3065 -35.0916 1.34561
0.1 -37.0604 -34.1668 1.32741
0.1 -36.8194 -33.5803 1.31607
0.1 -36.4876 -32.7164 1.3026
0.1 -36.2869 -31.7345 1.28256
0.1 -35.9848 -30.7748 1.26828
0.1 -35.5847 -30.3375 1.26221
0.1 -35.6174 -29.2505 1.24943
0.1 -35.2212 -28.3437 1.22966
0.1 -34.6316 -27.2807 1.21065
0.1 -34.3956 -26.6623 1.19976
0.1 -34.1714 -25.9505 1.18696
0.1 -33.9186 -25.1166 1.17394
0.1 -33.4093 -24.0402 1.15388
0.1 -33.1126 -23.4527 1.14098
0.1 -32.3534 -22.8616 1.1217
0.1 -32.0741 -21.7994 1.09687
0.1 -31.6706 -20.9653 1.08106
0.1 -31.4477 -20.3749 1.06513
0.1 -30.6421 -19.5267 1.04012
0.1 -30.3217 -18.5001 1.02091
0.1 -29.9009 -18.1751 1.00918
0.1 -29.1686 -17.1677 0.990459
0.1 -28.8172 -16.6725 0.978257
0.1 -28.2688 -15.8815 0.95209
0.1 -27.7563 -15.14 0.933102
0.1 -27.285 -14.5564 0.913203
0.1 -26.4909 -13.4434 0.889099
0.1 -25.9736 -12.9651 0.873999
0.1 -25.4665 -12.2772 0.860492
0.1 -24.846 -11.6161 0.841725
0.1 -24.0728 -11.133 0.82896
0.1 -23.6517 -10.4487 0.80509
0.1 -23.0035 -9.66303 0.795415
0.1 -22.3495 -9.1489 0.783657
0.1 -21.7903 -8.6394 0.757965
0.1 -20.9316 -7.9316 0.744868
0.1 -20.3135 -7.60253 0.727026
0.1 -19.475 -6.90549 0.700792
0.1 -18.8276 -6.25924 0.683683
0.1 -18.095 -5.65839 0.667187
0.1 -17.2382 -4.97765 0.642914
0.1 -16.5069 -4.73532 0.62724
0.1 -16.1165 -4.18054 0.61867
0.1 -15.1648 -3.62876 0.599727
0.1 -14.6405 -3.20416 0.57827
0.1 -13.7097 -2.71092 0.566456
0.1 -13.0092 -2.43382 0.549384
0.1 -12.1389 -1.6968 0.529174
0.1 -11.3452 -1.37408 0.51599
0.1 -10.5046 -0.858865 0.493857
0.1 -9.92529 -0.47947 0.479871
0.1 -9.0141 -0.130325 0.463771
0.1 -8.0774 -0.0476552 0.451398
0.1 -7.1902 0.366381 0.431659
0.1 -6.3214 1.02348 0.410628
0.1 -5.82671 1.20302 0.40244
0.1 -4.72449 1.58839 0.389444
0.1 -4.26331 1.90121 0.384298
0.1 -3.07992 2.18722 0.357213
0.1 -1.87443 2.65462 0.339749
0.1 -1.58999 2.61883 0.334356
0.1 -0.603888 2.84962 0.316095
0.1 0.392087 3.32736 0.303863
0.1 1.07245 3.58796 0.304669
0.1 2.05656 3.79222 0.288346
0.1 2.88119 4.06194 0.282534
0.1 3.7844 4.22552 0.275171
0.1 4.81562 4.48578 0.270969
0.1 5.68144 4.82572 0.261211
0.1 6.60787 4.75006 0.262777
0.1 7.46868 5.33671 0.26006
0.1 8.22318 5.48921 0.260691
0.1 9.14591 5.5974 0.262646
0.1 9.91054 5.95141 0.256349
0.1 10.8902 6.00974 0.253441
0.1 11.6613 6.59671 0.253379
0.1 12.5894 6.456 0.243833
0.1 13.6553 6.73975 0.236975
0.1 14.5724 6.98748 0.237119
0.1 15.3932 7.1938 0.240113
0.1 16.3747 7.51163 0.228474
0.1 17.0891 7.6931 0.232838
0.1 17.7847 7.74535 0.227143
0.1 18.9119 8.03446 0.223
0.1 19.5214 8.24575 0.222593
0.1 20.8065 8.43446 0.214106
0.1 21.6749 8.63315 0.203197
0.1 22.8786 8.70697 0.191618
0.1 23.4245 9.28405 0.199321
0.1 24.3543 9.23204 0.194805
0.1 25.4657 9.30111 0.193518
0.1 26.054 9.32094 0.191587
0.1 27.2212 9.60868 0.184604
0.1 27.5915 9.93974 0.196464
0.1 28.7539 10.1598 0.185362
0.1 30.0208 10.1357 0.171127
0.1 31.0102 10.3168 0.164649
0.1 31.8007 10.4529 0.16955
0.1 32.5704 10.8548 0.165836
0.1 33.5677 10.7474 0.168998
0.1 34.5915 10.9104 0.159115
0.1 35.1494 10.9632 0.16954
0.1 36.3506 11.2049 0.166289
0.1 37.1195 11.4333 0.160769
0.1 38.1333 11.5035 0.157541
0.1 38.9573 11.7227 0.159727
0.1 39.9556 11.8094 0.158061
0.1 40.8803 12.2264 0.160932
0.1 41.8804 12.1962 0.14324
0.1 42.5871 12.0822 0.153097
0.1 43.7735 12.3261 0.148093
0.1 44.1936 12.481 0.146429
0.1 45.2376 12.6702 0.149234
0.1 46.5867 12.7357 0.139241
0.1 47.1977 13.1838 0.150854
0.1 48.1549 13.0834 0.139843
0.1 49.0045 13.0157 0.137108
0.1 50.0456 13.3624 0.137238
0.1 50.8957 13.6928 0.134839
0.1 51.9407 13.4997 0.12955
0.1 52.6401 13.612 0.127522
0.1 53.9408 13.7917 0.120295
0.1 54.3974 13.909 0.117107
0.1 55.854 14.1361 0.108495
0.1 56.5942 14.0562 0.105262
0.1 57.5544 14.2913 0.108331
0.1 58.4766 14.1188 0.104823
0.1 59.3795 14.2231 0.100581
0.1 60.1586 14.5763 0.100051
0.1 60.9542 14.4405 0.0957971
0.1 62.2402 14.9575 0.10435
0.1 62.9191 14.9335 0.105581
0.1 64.1832 14.8409 0.109736
0.1 64.8747 14.8843 0.112592
0.1 65.5925 15.0399 0.105873
0.1 66.8135 14.731 0.108272
0.1 67.9521 15.3716 0.09907
0.1 68.701 15.5107 0.101773
0.1 69.5599 15.5136 0.090126
0.1 70.3473 15.3802 0.101006
0.1 71.3965 15.8382 0.108223
0.1 72.0456 15.7355 0.109107
0.1 73.0006 15.7127 0.110355
0.1 74.3244 15.8905 0.100175
0.1 75.0526 16.0925 0.101305
0.1 76.2848 15.9916 0.105009
0.1 76.9395 15.964 0.0970602
0.1 77.8477 16.4291 0.10625
0.1 78.9801 16.3787 0.0989771
0.1 80.09 16.3447 0.101851
0.1 80.74 16.9706 0.10119
0.1 81.9308 16.5585 0.0934203
0.1 82.8362 17.0203 0.0924272
0.1 83.5887 16.6077 0.0935014
0.1 84.6777 16.8191 0.0949837
0.1 85.5125 16.9402 0.0979178
0.1 86.3436 17.0524 0.0935992
0.1 87.5939 17.3108 0.0862235
0.1 88.3421 17.1673 0.0947996
0.1 89.3081 17.2142 0.100286
0.1 90.3077 17.3103 0.0847535
0.1 91.1532 17.6224 0.0678298
0.1 92.0884 17.5183 0.0866543
0.1 92.7862 17.8463 0.089719
0.1 94.0053 17.7404 0.0867407
0.1 94.9271 17.8102 0.080392
0.1 95.8698 18.0035 0.0818711
0.1 96.6015 17.8658 0.0763662
0.1 97.6138 18.119 0.0790808
0.1 98.9665 18.1491 0.0688436
0.1 99.8152 18.1409 0.0766981
0.1 100.925 18.3586 0.0760244
0.1 101.569 18.3573 0.075712
0.1 102.44 18.3913 0.0728189
0.1 103.537 18.5885 0.0677807
0.1 104.677 18.6246 0.0652555
0.1 105.596 18.4893 0.0673905
0.1 106.47 18.8036 0.0649845
0.1 107.408 18.7455 0.0637932
0.1 108.427 18.8253 0.0696286
0.1 109.452 18.8498 0.0690046
0.1 110.129 18.8966 0.0717264
0.1 111.321 18.8266 0.0698307
0.1 112.232 18.9479 0.0641276
0.1 112.845 19.15 0.0599294
0.1 114.141 19.2085 0.0627503
0.1 115.013 19.2291 0.0664776
0.1 115.916 19.2912 0.0618747
0.1 116.906 19.3484 0.0658311
0.1 118.308 19.303 0.0586057
0.1 118.964 19.3944 0.0631388
0.1 119.872 19.4621 0.06434
0.1 120.873 19.4807 0.0653379
0.1 121.825 19.4393 0.0675195
0.1 122.896 19.7874 0.0634699
0.1 123.739 19.8028 0.0675191
0.1 124.791 20.0541 0.0655534
0.1 125.747 20.0267 0.0676581
0.1 126.525 19.9111 0.0642045
0.1 127.852 20.0165 0.0709969
0.1 128.739 20.0613 0.0676159
0.1 129.597 20.015 0.0669945
0.1 130.637 20.1023 0.0683184
0.1 131.727 20.3492 0.0724571
0.1 132.546 20.1082 0.0623654
0.1 133.335 20.4204 0.062451
0.1 134.659 20.2598 0.0717102
0.1 135.559 20.6894 0.0660395
0.1 136.415 20.4871 0.0662148
0.1 137.439 20.4774 0.0639899
0.1 138.304 20.9504 0.0695373
0.1 139.547 20.7736 0.0644172
0.1 140.426 20.9907 0.0716533
0.1 141.47 21.2486 0.0721858
0.1 142.294 20.9847 0.0726447
0.1 143.379 20.8615 0.0725431
0.1 144.507 21.1304 0.0678419
0.1 145.481 21.3003 0.0642052
0.1 146.27 21.2478 0.0746174
0.1 147.572 21.4817 0.0685249
0.1 148.707 21.6628 0.0726835
0.1 149.593 21.5005 0.0775973
0.1 150.584 21.6232 0.0721588
0.1 151.708 21.607 0.0744416
0.1 152.621 21.8191 0.0773114
0.1 153.704 21.8021 0.0820081
0.1 154.661 21.8641 0.0730358
0.1 156.084 21.972 0.0658019
0.1 156.937 22.3142 0.070185
0.1 158.252 22.3201 0.0736087
0.1 159.016 22.3891 0.072313
0.1 160.174 22.2508 0.0716299
0.1 161.234 22.4149 0.0756094
0.1 162.38 22.4097 0.0737747
0.1 163.402 22.548 0.0728869
0.1 164.611 22.7504 0.067366
0.1 165.739 22.7082 0.0702564
0.1 166.564 22.845 0.0707263
0.1 167.86 22.7633 0.072597
0.1 168.801 22.9367 0.0665286
0.1 169.878 23.1411 0.0797002
0.1 171.072 23.2937 0.0720274
0.1 171.936 23.0359 0.0721844
0.1 173.374 23.1517 0.0685169
0.1 174.556 23.3014 0.0706702
0.1 175.434 23.3686 0.0723016
0.1 176.651 23.4798 0.0732748
0.1 177.672 23.6186 0.0676125
0.1 178.85 23.3384 0.0662607
0.1 179.963 23.647 0.0689163
0.1 181.244 23.875 0.0604521
0.1 182.101 24.1304 0.067863
0.1 183.148 24.0231 0.0697575
0.1 184.416 24.0252 0.0640071
0.1 185.47 24.2812 0.0671998
0.1 186.724 24.0809 0.0697509
0.1 187.706 24.1881 0.0744974
0.1 188.744 24.2388 0.067866
0.1 189.799 24.3488 0.0688735
0.1 190.921 24.4513 0.0692561
0.1 192.045 24.6218 0.0621099
0.1 193.267 24.7457 0.068339
0.1 194.642 24.6126 0.0641054
0.1 195.308 24.6902 0.0670012
0.1 196.689 24.8219 0.0611446
0.1 197.65 24.8853 0.064145
0.1 199.084 24.8698 0.0575315
0.1 200.092 25.0957 0.0681802
0.1 201.122 25.2624 0.0610752
0.1 202.306 25.3032 0.0745957
0.1 203.333 25.304 0.0708522
0.1 204.527 25.3445 0.0776637
0.1 205.356 25.4143 0.07001
0.1 206.65 25.4934 0.0644782
0.1 207.793 25.6859 0.0690192
0.1 208.949 25.5737 0.0632737
0.1 209.856 25.8338 0.0715569
0.1 210.964 25.5627 0.0671889
0.1 212.273 25.7962 0.0676435
0.1 213.451 26.1833 0.0757002
0.1 214.509 26.2124 0.0722831
0.1 215.66 26.1582 0.0696467
0.1 216.805 26.195 0.0691625
0.1 217.711 26.4192 0.0720473
0.1 218.966 26.5388 0.069955
0.1 220.004 26.632 0.0699679
0.1 220.837 26.5317 0.071957
0.1 222.209 26.8025 0.0759693
0.1 223.195 26.5798 0.0764094
0.1 224.173 26.9746 0.0829542
0.1 225.4 26.8336 0.0811784
0.1 226.685 26.903 0.0790942
0.1 227.571 27.2915 0.0767591
0.1 228.554 27.083 0.0764284
0.1 229.827 27.2321 0.0769319
0.1 230.855 27.2257 0.0815928
0.1 231.789 27.364 0.0798049
0.1 232.731 27.3398 0.085396
0.1 233.892 27.5923 0.0788455
0.1 235.063 27.9946 0.077919
0.1 236.227 27.583 0.0800399
0.1 237.368 27.83 0.0804368
0.1 238.352 27.8307 0.0820956
0.1 239.267 27.9311 0.0844204
0.1 240.158 27.9255 0.0867626
0.1 241.453 28.1773 0.0880896
0.1 242.748 28.2709 0.0778551
0.1 243.443 28.3183 0.0780129
0.1 244.278 28.2635 0.082323
0.1 245.622 28.431 0.07965
0.1 246.373 28.6602 0.0728118
0.1 247.381 28.6374 0.0794336
0.1 248.345 28.7071 0.0798735
0.1 249.364 28.7993 0.0771007
0.1 250.145 28.8192 0.0694066
0.1 251.168 28.8131 0.0682518
0.1 252.013 29.304 0.0504116
0.1 252.676 28.9868 0.0540604
0.1 253.763 29.0149 0.0404743
0.1 254.625 28.9501 0.0242425
0.1 255.388 29.0069 0.0130207
0.1 255.33 28.8588 0.0123053
0.1 256.047 28.9379 6.27385
0.1 256.989 28.8356 6.25402
0.1 257.607 28.8472 6.22573
0.1 258.448 28.7564 6.20645
0.1 258.914 28.6165 6.19331
0.1 260.022 28.6567 6.16313
0.1 260.498 28.438 6.13048
0.1 261.304 28.2367 6.10289
0.1 261.9 28.2347 6.07654
0.1 262.824 27.9881 6.04547
0.1 263.244 27.7768 6.01612
0.1 263.75 27.6056 5.9878
0.1 264.321 27.3149 5.95534
0.1 265.063 27.2919 5.9171
0.1 265.643 26.6519 5.88069
0.1 266.33 26.8414 5.85478
0.1 267.042 26.2984 5.82626
0.1 267.568 25.9809 5.80042
0.1 268.217 25.6217 5.77424
0.1 268.734 25.1646 5.7516
0.1 269.106 24.7334 5.71515
0.1 270.039 24.1995 5.68197
0.1 270.243 23.9765 5.65857
0.1 270.949 23.5535 5.6266
0.1 271.439 23.1534 5.60689
0.1 271.861 22.7529 5.56525
0.1 272.356 22.1197 5.53624
0.1 272.822 21.7236 5.51223
0.1 273.118 21.3894 5.48845
0.1 273.578 20.7369 5.45828
0.1 274.156 20.2618 5.41348
0.1 274.464 19.7308 5.39853
0.1 274.927 18.684 5.34747
0.1 275.248 18.5463 5.31908
0.1 275.609 17.9508 5.29241
0.1 276.08 17.3462 5.26929
0.1 276.251 16.5614 5.23209
0.1 276.706 15.8249 5.19609
0.1 277.052 15.1669 5.16963
0.1 277.154 14.8873 5.14613
0.1 277.461 14.0712 5.1086
0.1 277.711 13.4529 5.07239
0.1 278.03 12.8331 5.04084
0.1 278.368 12.0866 5.01499
0.1 278.362 11.4002 4.982
0.1 278.426 10.5065 4.95272
0.1 278.867 10.0709 4.9386
0.1 278.799 9.29596 4.90745
0.1 278.691 8.59884 4.87139
0.1 278.818 7.67416 4.82578
0.1 278.805 6.77159 4.79076
0.1 278.789 6.54506 4.78444
0.1 278.739 5.63757 4.74171
0.1 278.681 4.79099 4.71121
0.1 278.891 3.90029 4.66582
0.1 278.676 3.48306 4.64949
0.1 278.667 2.72822 4.61478
0.1 278.704 1.84838 4.5885
0.1 278.163 1.08732 4.55737
0.1 278.143 0.271555 4.523
0.1 277.876 -0.367955 4.49537
0.1 278.071 -1.02715 4.47758
0.1 277.974 -1.66162 4.44761
0.1 277.457 -2.28635 4.40577
0.1 277.264 -3.17565 4.37592
0.1 276.824 -4.20187 4.33659
0.1 276.158 -4.63769 4.30062
0.1 276.232 -5.15805 4.27731
0.1 275.764 -5.86619 4.24769
0.1 275.341 -6.81434 4.20112
0.1 274.675 -7.33481 4.16394
0.1 274.759 -7.74301 4.1551
0.1 273.773 -8.42967 4.10707
0.1 273.838 -9.20587 4.07902
0.1 273.176 -9.69055 4.04854
0.1 272.606 -10.0469 4.01032
0.1 271.89 -10.8844 3.97388
0.1 271.106 -11.5449 3.94655
0.1 270.417 -11.9871 3.91231
0.1 270.005 -12.2227 3.89219
0.1 269.741 -13.1664 3.87085
0.1 269.228 -13.6706 3.83945
0.1 268.074 -13.8858 3.79348
0.1 267.944 -14.351 3.77853
0.1 266.82 -14.5798 3.73178
0.1 266.395 -15.0198 3.70478
0.1 265.372 -15.6078 3.67171
0.1 264.761 -16.0914 3.64452
0.1 263.981 -16.5067 3.61188
0.1 263.183 -16.4447 3.57579
0.1 262.505 -16.8909 3.54169
0.1 261.644 -17.2979 3.51644
0.1 260.68 -17.3301 3.47906
0.1 260.157 -17.8749 3.45229
0.1 259.676 -18.0202 3.4235
0.1 258.639 -18.1393 3.38954
0.1 257.759 -18.2862 3.35471
0.1 256.881 -18.5848 3.32696
0.1 256.113 -18.4602 3.28732
0.1 255.358 -18.4279 3.26141
0.1 254.298 -18.5628 3.22407
0.1 253.5 -18.3942 3.19267
0.1 252.707 -18.6088 3.16791
0.1 251.821 -18.4561 3.1417
0.1 250.733 -18.357 3.10125
0.1 250.037 -18.53 3.07375
0.1 249.252 -18.5537 3.05276
0.1 248.684 -18.3689 3.02763
0.1 247.71 -17.9677 3.00945
0.1 246.829 -18.0478 2.98717
0.1 245.541 -17.6861 2.95741
0.1 244.896 -17.8081 2.95216
0.1 244.202 -17.5435 2.93709
0.1 243.289 -17.0595 2.93203
0.1 242.337 -16.8695 2.92141
0.1 241.381 -16.8746 2.9198
0.1 240.444 -16.4898 2.91089
0.1 239.332 -16.3813 2.90219
0.1 238.557 -16.0939 2.90053
0.1 237.629 -15.9414 2.90263
0.1 236.422 -15.7207 2.89772
0.1 235.818 -15.3662 2.9056
0.1 234.677 -15.1088 2.89969
0.1 234.258 -15.1178 2.91175
0.1 232.996 -14.7085 2.89999
0.1 231.886 -14.4569 2.90568
0.1 230.767 -14.0382 2.90691
0.1 229.942 -14.0257 2.90703
0.1 228.82 -13.893 2.90535
0.1 227.852 -13.6481 2.91298
0.1 226.928 -13.2629 2.91393
0.1 225.83 -12.9124 2.91841
0.1 224.889 -12.8433 2.92226
0.1 224.022 -12.4865 2.93358
0.1 223.249 -12.8452 2.94807
0.1 221.762 -12.2466 2.93632
0.1 220.898 -12.035 2.93963
0.1 219.849 -11.8049 2.95096
0.1 218.829 -11.9544 2.96167
0.1 217.647 -11.5336 2.96473
0.1 216.58 -11.3521 2.97514
0.1 215.578 -11.0614 2.98757
0.1 214.659 -10.9295 2.99611
0.1 213.346 -10.899 2.99445
0.1 212.415 -10.5327 3.01276
0.1 211.168 -10.6621 3.02102
0.1 209.959 -10.1683 3.03373
0.1 208.985 -10.3861 3.04022
0.1 207.841 -10.1686 3.04935
0.1 206.891 -10.1347 3.05662
0.1 205.508 -10.1442 3.06585
0.1 204.431 -9.97064 3.08338
0.1 203.285 -9.86827 3.08573
0.1 201.85 -9.83542 3.09262
0.1 200.937 -9.91506 3.10202
0.1 199.722 -9.8105 3.10858
0.1 198.405 -9.88127 3.11541
0.1 197.628 -9.73113 3.13067
0.1 196.428 -9.8116 3.13045
0.1 195.062 -9.88836 3.13787
0.1 193.927 -9.8468 3.14616
0.1 192.715 -9.8369 3.15714
0.1 191.722 -9.78839 3.15806
0.1 190.638 -9.88216 3.16983
0.1 189.62 -9.8684 3.17278
0.1 188.147 -9.96662 3.1743
0.1 186.823 -10.037 3.17566
0.1 185.832 -10.0657 3.18567
0.1 184.537 -10.1643 3.18885
0.1 183.377 -9.975 3.19423
0.1 182.333 -10.2665 3.19649
0.1 181.248 -10.2227 3.20413
0.1 180.037 -10.4154 3.21152
0.1 178.855 -10.3433 3.21689
0.1 177.87 -10.6698 3.22184
0.1 176.881 -10.6335 3.22642
0.1 175.323 -10.8123 3.22192
0.1 174.492 -10.7009 3.22899
0.1 173.135 -10.6921 3.22975
0.1 172.197 -11.3547 3.23385
0.1 171.002 -11.2301 3.24443
0.1 169.793 -11.3216 3.24809
0.1 168.717 -11.2317 3.24636
0.1 167.54 -11.3773 3.25072
0.1 166.301 -11.6517 3.2484
0.1 165.406 -12.1079 3.26141
0.1 164.274 -12.0195 3.25476
0.1 163.278 -12.1315 3.27346
0.1 161.867 -12.2961 3.26408
0.1 161.047 -12.331 3.28088
0.1 159.623 -12.6944 3.27557
0.1 158.715 -12.6636 3.2769
0.1 158.321 -13.1448 3.29341
0.1 156.558 -13.0801 3.30042
0.1 155.708 -13.0224 3.30192
0.1 154.522 -13.5063 3.30573
0.1 153.411 -13.4676 3.31292
0.1 152.491 -13.7188 3.31702
0.1 151.593 -13.9421 3.32419
0.1 150.564 -13.9563 3.32846
0.1 149.171 -14.2874 3.32579
0.1 148.296 -14.6045 3.33449
0.1 147.304 -14.7054 3.33969
0.1 146.378 -14.832 3.34596
0.1 145.406 -15.1742 3.34479
0.1 144.333 -15.612 3.34521
0.1 143.209 -15.6846 3.34759
0.1 142.231 -15.8432 3.34875
0.1 141.23 -16.2578 3.35477
0.1 140.067 -16.1693 3.35779
0.1 139.174 -16.462 3.35899
0.1 138.16 -16.3583 3.36229
0.1 137.174 -16.9145 3.36124
0.1 136.419 -17.2679 3.36848
0.1 135.152 -17.3393 3.37027
0.1 134.301 -17.5245 3.38018
0.1 133.187 -18.0514 3.37438
0.1 132.149 -18.4066 3.38323
0.1 131.079 -18.4467 3.38179
0.1 130.245 -18.8166 3.38469
0.1 129.057 -18.4944 3.38026
0.1 128.09 -19.0388 3.39191
0.1 127.062 -19.4275 3.38841
0.1 126.166 -19.7604 3.38476
0.1 125.186 -19.7997 3.38696
0.1 124.224 -20.3324 3.39956
0.1 123.133 -20.498 3.38992
0.1 121.87 -20.6111 3.38728
0.1 121.075 -20.8859 3.39674
0.1 119.83 -21.2779 3.39101
0.1 118.795 -21.7133 3.38359
0.1 117.908 -21.4785 3.39211
0.1 116.742 -21.9551 3.39383
0.1 115.826 -22.1999 3.40292
0.1 114.802 -22.5189 3.39519
0.1 114.084 -22.765 3.40231
0.1 113.117 -23.0343 3.40294
0.1 112.139 -23.6512 3.4092
0.1 111.204 -23.6973 3.40149
0.1 109.779 -24.0561 3.40354
0.1 108.967 -24.1006 3.40312
0.1 108.042 -24.4011 3.4065
0.1 107.292 -24.5951 3.41136
0.1 106.447 -24.6851 3.417
0.1 105.063 -25.5597 3.39687
0.1 104.314 -25.6676 3.40238
0.1 103.634 -25.6402 3.41638
0.1 102.372 -26.0598 3.4164
0.1 101.64 -26.1717 3.41518
0.1 100.326 -26.4339 3.42911
0.1 99.5659 -26.9003 3.43715
0.1 98.4902 -27.0048 3.45343
0.1 97.5414 -27.3125 3.45293
0.1 96.5732 -27.645 3.46516
0.1 95.9068 -28.2054 3.4671
0.1 94.8609 -28.314 3.48939
0.1 93.9556 -28.6631 3.49968
0.1 93.1541 -28.9561 3.50896
0.1 92.2737 -29.4777 3.51562
0.1 91.3532 -29.891 3.51878
0.1 90.5237 -30.2184 3.53502
0.1 89.7196 -30.6102 3.54279
0.1 88.8394 -30.8742 3.55782
0.1 88.2308 -31.3704 3.56715
0.1 87.177 -31.6528 3.57635
0.1 86.3379 -32.1019 3.59371
0.1 85.5112 -32.6003 3.60673
0.1 84.7373 -32.995 3.61851
0.1 83.7429 -33.2358 3.63429
0.1 83.0277 -33.9769 3.63985
0.1 81.9448 -34.2932 3.65641
0.1 81.2828 -34.6925 3.67514
0.1 80.6333 -35.3294 3.67979
0.1 79.621 -35.9806 3.6975
0.1 78.809 -36.2453 3.71082
0.1 77.8808 -37.0454 3.71574
0.1 77.1377 -37.3551 3.72422
0.1 76.5097 -38.0375 3.72953
0.1 75.7224 -38.6708 3.73967
0.1 75.0594 -39.2126 3.75107
0.1 74.0327 -39.7797 3.76212
0.1 73.1674 -40.0536 3.7728
0.1 72.6744 -41.1644 3.77736
0.1 71.8497 -41.256 3.78793
0.1 71.0195 -42.0875 3.78893
0.1 70.0958 -42.5667 3.80706
0.1 69.3372 -43.2434 3.80971
0.1 68.8781 -43.6096 3.82567
0.1 68.0725 -44.3438 3.82936
0.1 67.162 -45.1116 3.83485
0.1 66.5947 -45.4346 3.84804
0.1 65.8408 -46.1853 3.84798
0.1 65.1845 -46.7334 3.85551
0.1 64.3326 -47.5396 3.85505
0.1 63.4385 -47.9521 3.8723
0.1 62.9496 -48.9287 3.87134
0.1 62.2373 -49.1522 3.88518
0.1 61.386 -50.0402 3.88608
0.1 60.9112 -50.5735 3.89571
0.1 60.3667 -51.2494 3.9043
0.1 59.4849 -51.9165 3.90961
0.1 58.7619 -52.8976 3.91828
0.1 58.2156 -53.5531 3.91975
0.1 57.3786 -54.3068 3.91892
0.1 56.5958 -54.811 3.92709
0.1 56.263 -55.4067 3.92964
0.1 55.2584 -56.0677 3.93465
0.1 54.6311 -57.0109 3.93404
0.1 53.9842 -57.6318 3.93263
0.1 53.2953 -58.4739 3.94127
0.1 52.7817 -58.9536 3.94127
0.1 52.2595 -59.6538 3.94965
0.1 51.1828 -60.3741 3.94111
0.1 50.6349 -61.3497 3.94343
0.1 49.9362 -61.8581 3.94188
0.1 49.0295 -62.4873 3.93573
0.1 48.4321 -63.1513 3.947
0.1 48.04 -63.9479 3.95396
0.1 47.3636 -64.5099 3.94671
0.1 46.7322 -65.2491 3.94713
0.1 46.1385 -65.8653 3.95329
0.1 45.3181 -66.5957 3.94478
0.1 44.668 -67.3929 3.94171
0.1 44.0742 -67.7606 3.9453
0.1 43.4694 -68.7112 3.93965
0.1 42.8561 -69.2336 3.94927
0.1 41.8079 -69.6977 3.93364
0.1 41.276 -70.4784 3.93914
0.1 40.5402 -71.2175 3.93371
0.1 39.8979 -71.7454 3.93515
0.1 39.2615 -72.3369 3.9263
0.1 38.9002 -73.0952 3.93002
0.1 38.212 -73.6394 3.92989
0.1 37.6051 -74.3627 3.93357
0.1 37.0779 -74.9935 3.92963
0.1 36.3402 -75.5495 3.92433
0.1 35.7771 -76.2943 3.92339
0.1 34.8849 -76.8351 3.91217
0.1 34.476 -77.2825 3.9144
0.1 34.0957 -77.8915 3.91775
0.1 33.1227 -78.6852 3.91415
0.1 32.6836 -79.5966 3.90747
0.1 32.0682 -79.9127 3.90988
0.1 31.4326 -80.4178 3.90477
0.1 30.9763 -81.0159 3.89499
0.1 30.0049 -81.6248 3.89284
0.1 29.6285 -82.192 3.89434
0.1 29.0057 -82.7827 3.88382
0.1 28.3639 -83.4765 3.88068
0.1 27.7093 -83.8034 3.86624
0.1 27.1776 -84.5919 3.85571
0.1 26.6969 -84.8232 3.85321
0.1 25.8479 -85.2879 3.83901
0.1 25.2531 -85.8996 3.83264
0.1 24.8032 -86.1847 3.82081
0.1 24.0432 -86.5741 3.80473
0.1 23.2136 -87.048 3.78894
0.1 22.7548 -87.6038 3.78014
0.1 22.3073 -88.0935 3.77046
0.1 21.4641 -88.7887 3.75292
0.1 21.0274 -88.9777 3.7349
0.1 20.4324 -89.1783 3.71937
0.1 19.811 -89.7879 3.7131
0.1 18.9491 -89.9714 3.69221
0.1 18.5669 -90.2775 3.6813
0.1 17.5247 -90.8694 3.65114
0.1 17.3459 -90.871 3.64026
0.1 16.3272 -91.438 3.62948
0.1 15.578 -91.9854 3.60346
0.1 15.2708 -91.9843 3.60582
0.1 14.5734 -92.6677 3.585
0.1 13.8738 -92.9393 3.55483
0.1 13.2913 -92.8507 3.55651
0.1 12.5013 -93.3302 3.5261
0.1 12.0315 -93.3747 3.52716
0.1 11.4501 -93.6933 3.50834
0.1 10.8168 -93.9203 3.49725
0.1 10.3405 -93.7775 3.48608
0.1 9.76892 -94.3858 3.45845
0.1 9.02224 -94.0865 3.45462
0.1 8.52297 -94.7531 3.41961
0.1 7.78659 -94.7709 3.41414
0.1 7.18663 -94.6855 3.39471
0.1 6.54023 -94.9388 3.36826
0.1 6.12921 -95.0725 3.35934
0.1 5.30249 -95.0038 3.33666
0.1 4.58092 -95.3301 3.31837
0.1 4.45086 -95.4387 3.3019
0.1 3.80271 -95.7314 3.27623
0.1 3.01482 -95.5418 3.25716
0.1 2.35517 -95.6714 3.25231
0.1 2.10812 -95.5662 3.22609
0.1 1.57326 -95.6223 3.2046
0.1 0.653018 -95.6718 3.19279
0.1 0.307049 -95.8099 3.17789
0.1 -0.349513 -95.605 3.15952
0.1 -1.0775 -95.8454 3.14032
0.1 -1.56664 -95.7624 3.12667
0.1 -1.94119 -95.6126 3.12382
0.1 -2.44669 -95.667 3.11229
0.1 -3.48488 -95.6293 3.08231
0.1 -3.91738 -95.5775 3.07032
0.1 -4.58843 -95.1973 3.05838
0.1 -4.78765 -95.2473 3.04617
0.1 -5.54849 -95.2384 3.04057
0.1 -6.07351 -95.1611 3.02557
0.1 -6.89659 -95.1578 3.00643
0.1 -7.37138 -95.1548 2.9922
0.1 -8.02799 -94.9194 2.98182
0.1 -8.64376 -94.7586 2.96914
0.1 -9.15035 -94.307 2.95633
0.1 -9.91842 -94.6081 2.93722
0.1 -10.6007 -93.8571 2.92794
0.1 -11.0374 -94.3004 2.9155
0.1 -11.8642 -94.3184 2.90353
0.1 -12.6182 -93.4744 2.88307
0.1 -13.1338 -93.5634 2.86343
0.1 -14.0034 -93.3242 2.84776
0.1 -14.3594 -93.2934 2.83059
0.1 -14.9837 -92.9875 2.81939
0.1 -15.6148 -92.8062 2.80603
0.1 -16.286 -92.6373 2.77887
0.1 -17.0508 -92.5295 2.76703
0.1 -17.7327 -91.9127 2.75036
0.1 -18.3398 -91.7591 2.7335
0.1 -18.8715 -91.5807 2.72491
0.1 -19.9954 -91.1954 2.69568
0.1 -20.4379 -90.7642 2.6815
0.1 -20.8289 -90.7493 2.66187
0.1 -21.587 -90.4025 2.64757
0.1 -21.9503 -89.8235 2.63667
0.1 -22.689 -89.4608 2.62008
0.1 -23.3963 -89.1742 2.5975
0.1 -23.7706 -88.3606 2.56744
0.1 -24.4843 -88.0929 2.5645
0.1 -25.1015 -87.7764 2.54486
0.1 -25.4591 -87.6777 2.54003
0.1 -26.0298 -86.9513 2.51372
0.1 -26.9291 -86.7141 2.50087
0.1 -27.3985 -85.7831 2.47653
0.1 -28.0124 -85.4898 2.45239
0.1 -28.3769 -85.1903 2.44465
0.1 -28.8552 -84.6178 2.41438
0.1 -29.4308 -84.5098 2.39975
0.1 -29.9474 -83.6238 2.37932
0.1 -30.2624 -82.8666 2.34104
0.1 -30.9776 -82.5775 2.32949
0.1 -31.3612 -81.9889 2.30236
0.1 -32.1269 -81.4231 2.27747
0.1 -32.5032 -80.5256 2.2488
0.1 -32.9409 -80.1454 2.22852
0.1 -33.2806 -79.5302 2.21458
0.1 -33.4227 -78.5397 2.18255
0.1 -34.0671 -78.2469 2.15701
0.1 -34.4714 -77.2206 2.13578
0.1 -34.6985 -76.8908 2.11034
0.1 -35.3088 -76.3498 2.09195
0.1 -35.3952 -75.461 2.07331
0.1 -35.8699 -75.0008 2.05296
0.1 -36.253 -74.1814 2.03157
0.1 -36.6791 -73.7922 2.0181
0.1 -36.8615 -72.6852 1.98332
0.1 -37.0972 -71.9811 1.9701
0.1 -37.434 -71.0958 1.9426
0.1 -37.8162 -70.4527 1.92784
0.1 -38.1856 -69.6793 1.90698
0.1 -38.1665 -69.1545 1.89378
0.1 -38.3382 -68.3259 1.87396
0.1 -38.4849 -67.5739 1.85731
0.1 -38.7035 -67.0215 1.86074
0.1 -39.1477 -66.2411 1.82663
0.1 -39.2912 -65.7017 1.80836
0.1 -39.2977 -64.664 1.7937
0.1 -39.8297 -63.6929 1.77354
0.1 -39.7698 -62.953 1.76054
0.1 -39.6229 -62.4077 1.74404
0.1 -39.8181 -61.2813 1.73039
0.1 -40.2102 -60.6856 1.71593
0.1 -40.1496 -59.9897 1.71058
0.1 -39.9804 -59.2481 1.70898
0.1 -40.2014 -58.5738 1.68572
0.1 -40.0677 -57.3342 1.66788
0.1 -40.3362 -56.7413 1.6473
0.1 -40.3688 -55.7724 1.64244
0.1 -40.5443 -55.2841 1.62762
0.1 -40.4456 -54.3342 1.61696
0.1 -40.5381 -53.2932 1.617
0.1 -40.4426 -52.701 1.59976
0.1 -40.8247 -51.8892 1.58457
0.1 -40.4601 -51.0311 1.57413
0.1 -40.9142 -49.9798 1.56654
0.1 -40.4194 -49.2946 1.55773
0.1 -40.315 -48.659 1.5478
0.1 -40.4849 -47.498 1.52876
0.1 -40.409 -46.6733 1.52924
0.1 -40.5233 -45.9195 1.51965
0.1 -40.0994 -45.3524 1.50783
0.1 -40.2972 -44.3904 1.49827
0.1 -40.1572 -43.6119 1.48881
0.1 -40.2038 -42.7119 1.45247
0.1 -40.1193 -42.083 1.46765
0.1 -39.8828 -41.146 1.44448
0.1 -39.8241 -40.2807 1.44145
0.1 -39.8725 -39.5061 1.41252
0.1 -39.3602 -38.8445 1.40939
0.1 -39.2737 -37.7222 1.38675
0.1 -38.9612 -37.2749 1.38163
0.1 -38.8538 -36.4524 1.36449
0.1 -38.7247 -35.5479 1.34684
0.1 -38.5093 -34.8093 1.33392
0.1 -38.4575 -34.3442 1.32748
0.1 -37.9429 -33.5563 1.30972
0.1 -37.9473 -32.3383 1.28526
0.1 -37.579 -31.6832 1.2803
0.1 -37.4608 -30.8967 1.26546
0.1 -37.1993 -30.4294 1.25387
0.1 -37.0272 -29.3597 1.24086
0.1 -36.813 -28.6976 1.22972
0.1 -36.2885 -27.9271 1.21029
0.1 -35.9254 -27.216 1.20027
0.1 -35.7614 -26.351 1.18505
0.1 -35.3162 -25.7099 1.17101
0.1 -35.1463 -24.9922 1.15581
0.1 -34.6622 -24.4945 1.15455
0.1 -34.4382 -23.7437 1.13106
0.1 -33.9094 -22.9578 1.11494
0.1 -33.5343 -22.2879 1.10566
0.1 -33.2342 -21.4323 1.07859
0.1 -32.9078 -20.9603 1.08131
0.1 -32.2007 -20.1063 1.07061
0.1 -31.8743 -19.6844 1.05105
0.1 -31.9862 -18.6611 1.03245
0.1 -31.356 -18.0476 1.02006
0.1 -30.8867 -17.4764 1.00386
0.1 -30.1738 -16.3567 0.98608
0.1 -29.7987 -16.3072 0.978236
0.1 -29.163 -15.5302 0.957759
0.1 -28.8466 -14.863 0.94713
0.1 -28.1704 -14.1683 0.917258
0.1 -27.9159 -13.1481 0.897732
0.1 -27.3944 -12.8785 0.884395
0.1 -26.8094 -11.999 0.871059
0.1 -26.2785 -11.4427 0.85315
0.1 -25.5549 -10.683 0.834429
0.1 -25.1059 -10.2603 0.819334
0.1 -24.3071 -9.96005 0.806999
0.1 -23.8267 -9.25787 0.784781
0.1 -23.4834 -8.70095 0.771538
0.1 -22.6777 -8.01011 0.758519
0.1 -22.0798 -7.79526 0.731392
0.1 -21.2358 -6.89428 0.713586
0.1 -20.8628 -6.59374 0.699001
0.1 -20.1109 -5.88991 0.679907
0.1 -19.4842 -5.36714 0.64849
0.1 -18.6751 -5.00455 0.641213
0.1 -17.948 -4.51235 0.625499
0.1 -17.2192 -3.97604 0.602127
0.1 -16.7008 -3.65227 0.592469
0.1 -15.9354 -3.0358 0.576691
0.1 -15.0802 -2.55875 0.554238
0.1 -14.2932 -2.11175 0.539016
0.1 -13.6037 -1.85158 0.533921
0.1 -12.9917 -1.27632 0.50881
0.1 -12.0033 -1.06873 0.496223
0.1 -11.155 -0.517703 0.475897
0.1 -10.3396 -0.209777 0.455846
0.1 -9.72599 0.1431 0.44523
0.1 -8.76683 0.548792 0.433028
0.1 -7.83354 0.799254 0.417925
0.1 -7.31667 1.47283 0.400559
0.1 -6.33943 1.7888 0.385411
0.1 -5.22993 1.78999 0.370138
0.1 -4.38061 2.03397 0.354913
0.1 -3.39239 2.58536 0.337144
0.1 -2.84927 2.8339 0.325216
0.1 -1.64797 3.19 0.325279
0.1 -0.809393 3.37609 0.303923
0.1 0.0098833 3.70103 0.306563
0.1 1.0817 3.87991 0.295829
0.1 1.67212 4.25687 0.288693
0.1 2.78874 4.6005 0.287547
0.1 3.3716 4.58145 0.285917
0.1 4.5181 5.05571 0.286659
0.1 5.69502 5.26156 0.27657
0.1 6.5999 5.5971 0.280148
0.1 7.68306 5.96362 0.263577
0.1 8.59969 6.19367 0.264788
0.1 9.58495 6.53196 0.254694
0.1 10.2773 6.63697 0.259187
0.1 11.3132 7.08634 0.250431
0.1 12.2641 7.23575 0.241004
0.1 13.3255 7.164 0.236183
0.1 14.0659 7.51238 0.230937
0.1 14.9751 7.7578 0.222576
0.1 16.1318 7.89733 0.217418
0.1 17.265 8.20001 0.212981
0.1 18.1452 8.27991 0.205651
0.1 19.5229 8.42818 0.187513
0.1 20.2999 8.65022 0.179755
0.1 21.0221 8.92224 0.183818
0.1 22.3973 9.03228 0.175432
0.1 23.2426 9.16268 0.16983
0.1 24.3875 9.56268 0.166103
0.1 25.6502 9.4629 0.16236
0.1 26.4961 9.63741 0.163457
0.1 27.568 9.79857 0.158493
0.1 28.5909 10.1114 0.158843
0.1 30.1796 10.2215 0.145879
0.1 30.8859 10.4108 0.150625
0.1 32.1567 10.4052 0.141447
0.1 32.8888 10.451 0.149005
0.1 34.0728 10.8651 0.146781
0.1 35.0938 10.9421 0.150117
0.1 36.039 11.0244 0.149307
0.1 37.3013 11.4618 0.146876
0.1 38.1907 11.1782 0.146619
0.1 39.7766 11.5112 0.143579
0.1 40.867 11.9006 0.151764
0.1 41.7285 11.9043 0.142891
0.1 42.8603 11.978 0.143611
0.1 43.751 12.2404 0.148107
0.1 44.8991 12.5344 0.150265
0.1 45.7778 12.7981 0.150029
0.1 46.801 12.8144 0.148684
0.1 47.9714 13.087 0.14761
0.1 49.2215 13.0776 0.156501
0.1 50.6367 13.159 0.143153
0.1 51.5418 13.2807 0.144977
0.1 52.1289 13.643 0.148373
0.1 53.4123 13.9164 0.147251
0.1 54.4004 13.8016 0.149511
0.1 55.6632 14.1279 0.144449
0.1 56.5067 14.2562 0.14585
0.1 57.5953 14.4003 0.14448
0.1 58.7692 14.6229 0.142552
0.1 59.6138 14.6686 0.142943
0.1 60.7713 14.781 0.137047
0.1 61.8997 15.0475 0.139135
0.1 63.2111 14.7011 0.125939
0.1 64.0286 15.4241 0.139501
0.1 65.0018 15.3135 0.133393
0.1 65.8833 15.093 0.138323
0.1 67.1793 15.6958 0.134579
0.1 68.0858 15.7323 0.141045
0.1 69.2148 15.9495 0.135049
0.1 70.5674 16.2099 0.128004
0.1 71.2829 16.1107 0.124191
0.1 72.4956 16.3912 0.131275
0.1 73.3806 16.4009 0.120741
0.1 74.4274 16.5273 0.12401
0.1 75.3914 16.5431 0.116193
0.1 76.6883 17.0677 0.115996
0.1 77.4848 16.9326 0.10778
0.1 78.7627 16.9374 0.101475
0.1 79.6143 17.3899 0.114143
0.1 81.0344 17.3926 0.100604
0.1 81.7528 17.3493 0.101111
0.1 82.6794 17.5016 0.0994535
0.1 83.4557 17.4694 0.0920115
0.1 84.6223 17.5895 0.0820248
0.1 85.736 17.5456 0.086264
0.1 86.6173 18.0999 0.0931049
0.1 87.9733 17.4505 0.0858597
0.1 88.7557 17.7346 0.0854944
0.1 89.91 18.0065 0.0737895
0.1 90.6809 18.0745 0.0710873
0.1 91.6483 18.4691 0.0804068
0.1 92.6031 18.3951 0.0779948
0.1 94.3424 18.2959 0.0707585
0.1 94.7731 18.6145 0.0845363
0.1 95.8799 18.6135 0.0662909
0.1 97.2102 18.6448 0.0566675
0.1 98.0363 18.8293 0.0680331
0.1 98.9859 18.532 0.0678032
0.1 100.238 18.8339 0.0643546
0.1 101.101 18.8347 0.0650797
0.1 102.385 19.0076 0.0618497
0.1 103.214 18.7351 0.0643327
0.1 104.089 19.0841 0.0607202
0.1 105.045 19.4396 0.0555715
0.1 106.164 18.9196 0.0644053
0.1 107.11 19.0449 0.0600043
0.1 108.25 19.2552 0.0685027
0.1 109.452 19.4155 0.0522982
0.1 110.172 19.395 0.0624019
0.1 110.85 19.2932 0.0632495
0.1 112.072 19.8116 0.0616666
0.1 113.11 19.3015 0.0646542
0.1 114.312 19.8478 0.05031
0.1 115.143 19.6908 0.0585471
0.1 116.163 19.7116 0.0574688
0.1 117.431 19.7796 0.0624628
0.1 118.145 19.8736 0.0584498
0.1 119.509 19.8476 0.0555333
0.1 120.382 19.8292 0.0553064
0.1 121.375 19.9324 0.0551857
0.1 122.398 20.2101 0.0579681
0.1 123.128 20.0707 0.0549886
0.1 124.056 19.9844 0.0587041
0.1 125.76 20.2373 0.0624265
0.1 126.737 20.3748 0.0605127
0.1 127.496 20.3437 0.0561594
0.1 128.459 20.4997 0.062229
0.1 129.227 20.4678 0.0613455
0.1 130.514 20.4993 0.0588278
0.1 131.303 20.8708 0.0583951
0.1 132.716 20.8599 0.0559502
0.1 133.577 20.5201 0.0589167
0.1 134.618 20.8906 0.061604
0.1 135.694 20.8456 0.0669592
0.1 136.404 20.6813 0.0684863
0.1 137.724 20.9753 0.0645944
0.1 138.889 20.8678 0.0665926
0.1 139.962 20.9858 0.0578716
0.1 140.933 21.2184 0.0610084
0.1 141.964 21.2705 0.0624725
0.1 142.925 21.1859 0.0671665
0.1 143.894 21.1729 0.0691896
0.1 144.939 21.3215 0.0680828
0.1 146.252 21.3709 0.069063
0.1 147.076 21.6393 0.0700506
0.1 148.147 21.8053 0.0725769
0.1 149.206 21.6715 0.0775188
0.1 150.352 21.6764 0.082999
0.1 151.068 21.7612 0.084045
0.1 152.171 22.0916 0.0839655
0.1 153.454 22.1476 0.0792498
0.1 154.302 22.0805 0.0823733
0.1 155.506 22.2904 0.0822666
0.1 156.532 22.5083 0.0802568
0.1 157.735 22.5892 0.0788208
0.1 158.594 22.6378 0.079393
0.1 159.835 22.6579 0.0821531
0.1 160.859 22.634 0.0813784
0.1 161.843 22.6104 0.0847231
0.1 163.001 22.7441 0.0832219
0.1 164.246 22.6725 0.0807296
0.1 165.214 23.0804 0.079701
0.1 166.202 22.9664 0.0771033
0.1 167.331 23.1073 0.076804
0.1 168.435 23.3116 0.0780781
0.1 169.149 23.4036 0.0771621
0.1 170.232 23.64 0.0837162
0.1 171.257 23.4998 0.0721965
0.1 172.539 23.6629 0.0791558
0.1 173.51 23.7556 0.0796801
0.1 174.483 23.4791 0.078843
0.1 175.791 23.5881 0.0792212
0.1 176.931 23.7839 0.0753106
0.1 177.975 23.9249 0.0756778
0.1 178.853 23.8727 0.0788601
0.1 180.192 24.0487 0.07422
0.1 181.028 24.2822 0.0677039
0.1 182.455 24.4442 0.074488
0.1 183.243 24.2492 0.0732305
0.1 184.184 24.6981 0.0748606
0.1 185.299 24.5852 0.0711993
0.1 186.662 24.6346 0.0683357
0.1 187.546 24.7964 0.0701418
0.1 188.747 24.8311 0.0719803
0.1 189.654 24.8442 0.0755777
0.1 190.672 25.05 0.0780165
0.1 191.954 25.0826 0.068913
0.1 192.727 25.0009 0.0685573
0.1 194.144 25.2311 0.0686163
0.1 195.14 25.4791 0.0669174
0.1 196.086 25.5944 0.0764291
0.1 197.069 25.449 0.0721144
0.1 198.202 25.3906 0.0698068
0.1 199.216 25.6872 0.072531
0.1 200.506 25.6918 0.0752477
0.1 201.371 25.8932 0.0754088
0.1 202.566 25.5863 0.0708792
0.1 203.647 25.9637 0.0654541
0.1 204.821 26.0174 0.0741153
0.1 205.844 25.9366 0.0793555
0.1 207.167 25.918 0.0612105
0.1 208.036 26.3932 0.0699846
0.1 209.251 26.4104 0.0723598
0.1 210.042 26.2813 0.0747242
0.1 211.298 26.3842 0.0769903
0.1 212.264 26.7572 0.0770856
0.1 213.082 26.7518 0.0736659
0.1 214.472 26.6152 0.0741116
0.1 215.536 26.8368 0.0736078
0.1 216.239 26.8454 0.0736788
0.1 217.916 26.8848 0.0586176
0.1 218.64 26.8526 0.0713015
0.1 219.593 26.9461 0.0753404
0.1 220.826 26.9135 0.0769627
0.1 221.724 27.2079 0.0640658
0.1 222.654 27.1903 0.0799471
0.1 223.648 27.2765 0.0731622
0.1 224.634 27.3656 0.0796992
0.1 225.632 27.8488 0.0740609
0.1 226.974 27.4942 0.0747752
0.1 227.895 27.684 0.0734698
0.1 228.975 27.8572 0.072927
0.1 229.988 27.5426 0.0737473
0.1 230.864 27.6534 0.0764747
0.1 231.828 27.7592 0.072117
0.1 232.814 27.8838 0.07614
0.1 233.832 28.1239 0.0691499
0.1 234.82 28.1385 0.0751606
0.1 236.072 28.325 0.0701979
0.1 236.893 28.5384 0.0698833
0.1 237.729 28.4862 0.0716024
0.1 238.66 28.5877 0.0756335
0.1 239.673 28.4699 0.0721893
0.1 240.5 28.5204 0.070537
0.1 241.466 28.7151 0.0691673
0.1 242.263 28.8053 0.0636989
0.1 243.135 28.5653 0.0722283
0.1 243.895 28.9429 0.0629055
0.1 244.82 28.6719 0.0690593
0.1 245.531 28.9032 0.0672658
0.1 246.355 29.0678 0.0671843
0.1 247.062 28.9235 0.0728777
0.1 248.169 29.0809 0.0570073
0.1 248.639 28.9812 0.0687262
0.1 249.322 29.2087 0.064123
0.1 249.921 29.0399 0.0664217
0.1 250.515 29.0116 0.0576674
0.1 251.578 29.2405 0.0418466
0.1 252.29 29.1204 0.0336585
0.1 252.681 29.2914 0.0335886
0.1 253.313 29.2095 0.027963
0.1 253.978 29.2084 0.012423
0.1 254.026 29.0919 0.0045707
0.1 254.239 29.2289 6.27826
0.1 254.88 29.4165 6.26333
0.1 255.69 29.2501 6.24786
0.1 256.002 29.2663 6.23827
0.1 256.634 29.1298 6.21095
0.1 256.849 28.9805 6.20192
0.1 257.333 29.018 6.18767
0.1 257.974 29.1337 6.17355
0.1 258.15 28.8615 6.16433
0.1 258.56 28.7827 6.14478
0.1 258.987 28.8012 6.12691
0.1 259.452 28.6415 6.09826
0.1 259.755 28.8721 6.09014
0.1 260.318 28.3697 6.07772
0.1 260.56 28.3557 6.06647
0.1 260.74 28.3768 6.06362
0.1 261.43 28.1137 6.03769
0.1 261.46 28.2028 6.01511
0.1 262.081 28.0913 6.00081
0.1 262.287 28.1457 5.97962
0.1 262.588 27.913 5.95293
0.1 262.792 27.9002 5.9461
0.1 263.251 27.6068 5.9302
0.1 263.571 27.3868 5.90576
0.1 263.784 27.393 5.88719
0.1 264.237 27.2573 5.86654
0.1 264.657 27.1664 5.85959
0.1 264.524 27.1184 5.84646
0.1 265.059 26.6896 5.82873
0.1 265.174 26.5094 5.80147
0.1 265.355 26.5093 5.79843
0.1 265.982 26.2627 5.79095
0.1 266.367 26.0705 5.7672
0.1 266.637 26.0319 5.76096
0.1 266.973 25.6853 5.75095
0.1 266.933 25.509 5.75877
0.1 267.287 25.5112 5.73323
0.1 267.861 25.2606 5.71803
0.1 268.04 25.2061 5.71061
0.1 268.427 24.79 5.69723
0.1 268.872 24.4802 5.6843
0.1 268.828 24.4119 5.67557
0.1 269.361 24.1924 5.65826
0.1 269.992 23.9066 5.64909
0.1 269.733 23.3665 5.63593
0.1 270.391 23.2407 5.62517
0.1 270.832 23.1787 5.61022
0.1 271.119 22.7845 5.60285
0.1 271.343 22.5179 5.57478
0.1 271.577 22.2853 5.56825
0.1 271.874 21.7187 5.53912
0.1 272.248 21.41 5.51349
0.1 272.79 21.1082 5.49147
0.1 272.919 20.6252 5.46492
0.1 273.37 20.5204 5.45837
0.1 273.625 19.8874 5.43084
0.1 274.005 19.5846 5.41369
0.1 274.33 19.2745 5.3796
0.1 274.637 18.754 5.35718
0.1 275.2 17.9565 5.31759
0.1 275.282 18.041 5.30692
0.1 275.595 17.2896 5.28189
0.1 275.723 16.8855 5.25397
0.1 276.074 16.7144 5.22121
0.1 276.203 15.935 5.19917
0.1 276.532 15.6051 5.17016
0.1 276.658 15.1764 5.15688
0.1 276.992 14.3526 5.11253
0.1 276.972 13.7394 5.07136
0.1 277.412 13.3562 5.05418
0.1 277.128 12.8478 5.01655
0.1 277.627 12.1266 4.99061
0.1 277.693 11.2858 4.95108
0.1 277.808 10.8376 4.9398
0.1 277.909 10.6408 4.90869
0.1 277.966 9.67068 4.8844
0.1 278.18 8.58058 4.84305
0.1 278.21 8.35379 4.82316
0.1 278.293 7.84541 4.80782
0.1 278.344 7.26421 4.77734
0.1 278.134 6.6448 4.75129
0.1 278.376 6.24137 4.72788
0.1 278.184 5.58129 4.69296
0.1 278.002 5.12251 4.67511
0.1 277.896 4.12973 4.65525
0.1 278.35 3.50486 4.61946
0.1 277.926 2.77713 4.60058
0.1 277.902 2.03678 4.56971
0.1 277.784 1.6229 4.54299
0.1 277.632 1.07169 4.51334
0.1 277.62 0.311636 4.49659
0.1 277.273 -0.54984 4.46126
0.1 277.31 -0.695045 4.43452
0.1 276.83 -1.60471 4.40659
0.1 276.754 -2.10689 4.3962
0.1 276.356 -2.93968 4.3517
0.1 276.063 -3.38788 4.32557
0.1 275.806 -4.08646 4.29306
0.1 275.651 -4.76735 4.2741
0.1 274.987 -5.49502 4.23279
0.1 274.685 -6.17016 4.2059
0.1 274.399 -6.44136 4.17237
0.1 273.753 -7.31566 4.146
0.1 273.284 -7.86675 4.10814
0.1 273.106 -8.25876 4.08611
0.1 272.921 -8.97436 4.07362
0.1 272.384 -9.26516 4.0429
0.1 271.797 -10.1273 4.02374
0.1 271.408 -10.4266 4.00403
0.1 270.372 -10.9046 3.95947
0.1 270.18 -11.4117 3.94047
0.1 269.447 -11.9349 3.90451
0.1 269.04 -12.5037 3.88664
0.1 268.454 -13.0917 3.86148
0.1 267.944 -13.3948 3.83665
0.1 267.341 -14.0963 3.80974
0.1 266.696 -14.2574 3.78293
0.1 265.871 -14.6841 3.74325
0.1 265.209 -15.0405 3.71462
0.1 264.899 -15.7131 3.70211
0.1 263.715 -15.5195 3.65171
0.1 263.296 -16.0907 3.62877
0.1 262.89 -16.5031 3.60643
0.1 261.934 -16.9098 3.57271
0.1 261.247 -16.9815 3.53968
0.1 260.669 -17.4179 3.51787
0.1 259.81 -17.4221 3.48268
0.1 258.892 -17.7447 3.43699
0.1 258.4 -18.0776 3.4133
0.1 257.733 -18.2398 3.38496
0.1 257.05 -18.2659 3.36057
0.1 256.321 -18.3221 3.32348
0.1 255.255 -18.4916 3.29435
0.1 254.484 -18.4228 3.25667
0.1 253.585 -18.6277 3.22164
0.1 253.082 -18.7271 3.19953
0.1 252.496 -18.6582 3.1743
0.1 251.191 -18.5997 3.13129
0.1 250.451 -18.4332 3.11188
0.1 249.922 -18.4517 3.08627
0.1 248.77 -18.2056 3.05106
0.1 248.198 -18.1223 3.02782
0.1 247.254 -18.035 3.00479
0.1 246.529 -17.8837 2.98154
0.1 245.691 -17.6562 2.95336
0.1 244.915 -17.8434 2.94923
0.1 244.571 -17.557 2.93423
0.1 243.585 -17.1199 2.91888
0.1 242.7 -16.9517 2.90733
0.1 241.961 -17.0147 2.90438
0.1 240.667 -16.8179 2.89127
0.1 240.124 -16.4092 2.89995
0.1 239.25 -15.9562 2.8928
0.1 238.593 -15.9289 2.89145
0.1 237.342 -15.6249 2.88744
0.1 236.444 -15.633 2.8837
0.1 235.985 -15.3688 2.89119
0.1 235.093 -15.4041 2.89589
0.1 234.282 -14.9033 2.89028
0.1 233.317 -14.595 2.88395
0.1 232.703 -14.3752 2.88879
0.1 231.705 -14.4715 2.89154
0.1 230.935 -14.061 2.88865
0.1 230.033 -13.6497 2.90062
0.1 229.054 -13.4357 2.89937
0.1 228.224 -13.3824 2.90759
0.1 227.276 -13.0719 2.91157
0.1 226.218 -13.0284 2.9068
0.1 225.541 -13.0922 2.91142
0.1 224.527 -12.7583 2.91683
0.1 223.709 -12.4227 2.92285
0.1 222.809 -12.3534 2.92786
0.1 221.728 -11.9686 2.92203
0.1 220.762 -11.7312 2.93206
0.1 219.778 -11.6846 2.94188
0.1 219.182 -11.3615 2.94984
0.1 218.076 -11.373 2.95585
0.1 216.987 -11.3778 2.96337
0.1 215.982 -10.7422 2.97222
0.1 215.115 -10.923 2.97868
0.1 214.249 -10.8865 2.99719
0.1 212.915 -10.4265 2.99341
0.1 212.165 -10.5374 3.01205
0.1 210.961 -9.98379 3.01
0.1 210.311 -9.96514 3.02662
0.1 209.671 -9.82426 3.04479
0.1 208.233 -9.82556 3.04517
0.1 207.26 -9.69065 3.05647
0.1 206.081 -9.64975 3.06621
0.1 205.255 -9.88907 3.0724
0.1 204.24 -9.49642 3.08235
0.1 203.118 -9.27641 3.0827
0.1 202.286 -9.57576 3.09331
0.1 201.081 -9.42462 3.09197
0.1 200.101 -9.74311 3.10244
0.1 199.113 -9.5889 3.11305
0.1 198.351 -9.25621 3.1208
0.1 197.081 -9.36787 3.1286
0.1 196.063 -9.27582 3.13094
0.1 195.172 -9.40873 3.13741
0.1 193.891 -9.28745 3.13135
0.1 193.079 -9.34464 3.14822
0.1 192.107 -9.50795 3.15914
0.1 191.007 -9.39543 3.15529
0.1 189.961 -9.26359 3.16205
0.1 189.045 -9.37983 3.16528
0.1 187.887 -9.40199 3.16552
0.1 187.532 -9.41282 3.18223
0.1 186.271 -9.55454 3.18419
0.1 185.033 -9.66522 3.17827
0.1 183.954 -9.74494 3.17897
0.1 183.164 -9.90186 3.18888
0.1 182.019 -9.72393 3.19101
0.1 180.963 -9.77262 3.19067
0.1 180.041 -9.8289 3.19726
0.1 179.013 -9.88702 3.18797
0.1 178.493 -9.94689 3.20324
0.1 177.113 -10.2114 3.20454
0.1 176.338 -10.1521 3.20948
0.1 175.523 -10.1688 3.21232
0.1 174.46 -10.1434 3.20555
0.1 173.616 -10.2925 3.22533
0.1 172.557 -10.4334 3.22112
0.1 171.692 -10.3486 3.22535
0.1 170.619 -10.1195 3.22466
0.1 169.773 -10.6127 3.23925
0.1 168.601 -10.7899 3.23123
0.1 167.83 -10.9099 3.24167
0.1 167.125 -10.7932 3.24903
0.1 166.446 -11.085 3.25321
0.1 165.362 -11.2292 3.25651
0.1 164.486 -11.2841 3.26461
0.1 163.414 -11.267 3.26102
0.1 162.549 -11.5859 3.27343
0.1 161.795 -11.6038 3.27647
0.1 160.872 -11.576 3.27931
0.1 159.847 -11.9019 3.28623
0.1 158.924 -11.8057 3.29048
0.1 157.859 -12.0596 3.29285
0.1 157.134 -12.3186 3.29806
0.1 156.227 -12.6159 3.3039
0.1 155.271 -12.6188 3.3125
0.1 154.396 -12.4642 3.31301
0.1 153.345 -12.8775 3.31358
0.1 152.651 -13.0378 3.31712
0.1 151.674 -13.3116 3.32218
0.1 151.113 -13.2414 3.32788
0.1 150.003 -13.5265 3.33541
0.1 148.865 -13.6066 3.33596
0.1 148.09 -14.1815 3.33518
0.1 147.145 -14.0477 3.34298
0.1 146.729 -14.3114 3.35366
0.1 145.556 -14.5924 3.35312
0.1 144.532 -14.544 3.36153
0.1 143.505 -15.1017 3.36224
0.1 142.851 -15.1137 3.36542
0.1 142.003 -15.2092 3.36274
0.1 141.132 -15.6013 3.37231
0.1 140.232 -15.6114 3.36365
0.1 139.373 -15.9966 3.3691
0.1 138.545 -16.3034 3.37782
0.1 137.464 -16.4154 3.38043
0.1 136.668 -16.7686 3.37745
0.1 135.744 -16.8003 3.38408
0.1 134.907 -17.0423 3.38828
0.1 134.202 -17.3872 3.39075
0.1 133.146 -17.4137 3.39548
0.1 132.338 -17.9639 3.39553
0.1 131.366 -18.0092 3.4004
0.1 130.547 -18.0656 3.40576
0.1 129.588 -18.4641 3.40115
0.1 128.77 -18.4834 3.40213
0.1 127.787 -18.8332 3.40162
0.1 127.407 -19.1251 3.39867
0.1 126.338 -19.124 3.40318
0.1 125.49 -19.3312 3.40625
0.1 124.7 -19.8475 3.408
0.1 123.817 -19.9547 3.41088
0.1 123.033 -19.9268 3.40563
0.1 122.196 -20.4103 3.4095
0.1 121.49 -20.8546 3.41393
0.1 120.592 -20.8697 3.40946
0.1 119.792 -21.2549 3.41716
0.1 119.173 -21.5999 3.41576
0.1 118.238 -21.4272 3.41303
0.1 117.421 -21.6448 3.41533
0.1 116.616 -21.7723 3.41566
0.1 115.758 -22.1549 3.41918
0.1 114.835 -22.6369 3.41354
0.1 114.023 -22.7248 3.4211
0.1 113.187 -22.6735 3.41742
0.1 112.454 -23.0532 3.42434
0.1 111.901 -23.58 3.42604
0.1 111.188 -23.8859 3.43101
0.1 110.154 -23.9277 3.43143
0.1 109.163 -23.9166 3.42132
0.1 108.546 -24.5923 3.43054
0.1 107.697 -24.4402 3.41922
0.1 106.932 -25.0557 3.43481
0.1 106.524 -25.0811 3.43101
0.1 105.655 -25.3132 3.42633
0.1 104.717 -25.7155 3.42585
0.1 104.154 -25.42 3.43529
0.1 103.31 -25.8608 3.43513
0.1 102.438 -26.1886 3.43563
0.1 101.526 -26.1571 3.43005
0.1 101.062 -26.5552 3.4453
0.1 100.224 -26.7739 3.43453
0.1 99.4104 -27.0834 3.43899
0.1 98.5865 -27.0443 3.44323
0.1 97.8638 -27.595 3.45425
0.1 97.2589 -27.6898 3.44927
0.1 96.579 -28.2952 3.45625
0.1 95.6957 -28.285 3.46594
0.1 95.1412 -28.4913 3.46736
0.1 94.4233 -28.6436 3.47783
0.1 93.6419 -28.992 3.47873
0.1 92.8272 -29.3757 3.47911
0.1 92.2018 -29.4304 3.49007
0.1 91.3296 -29.6637 3.49574
0.1 91.0814 -30.276 3.49618
0.1 90.1939 -30.3002 3.50549
0.1 89.3073 -30.5507 3.51701
0.1 88.3658 -30.9205 3.52158
0.1 88.145 -31.1798 3.52889
0.1 87.2891 -31.4001 3.5424
0.1 86.6566 -31.8618 3.55458
0.1 85.9222 -32.0286 3.56743
0.1 85.2829 -32.7508 3.57523
0.1 84.6074 -32.8532 3.5903
0.1 84.0038 -33.263 3.59448
0.1 83.2606 -33.3882 3.61536
0.1 82.7272 -33.5425 3.62948
0.1 82.0109 -33.9392 3.64241
0.1 81.275 -34.1701 3.65383
0.1 80.8249 -34.6797 3.66632
0.1 80.1227 -35.3571 3.66444
0.1 79.2753 -35.5512 3.68583
0.1 78.8452 -35.9405 3.69196
0.1 78.0537 -36.4176 3.71642
0.1 77.5387 -36.7218 3.71863
0.1 76.8727 -37.3968 3.7195
0.1 76.0783 -37.5885 3.73735
0.1 75.6324 -38.1754 3.75379
0.1 75.0384 -38.3797 3.76074
0.1 74.3487 -39.1707 3.76972
0.1 73.7859 -39.4595 3.77377
0.1 73.1981 -39.8337 3.78125
0.1 72.6668 -40.4259 3.77386
0.1 71.719 -40.8416 3.79358
0.1 71.7297 -41.2869 3.8013
0.1 70.7917 -41.7759 3.80113
0.1 70.1363 -42.4825 3.79783
0.1 69.4376 -42.8355 3.80074
0.1 68.8904 -43.085 3.81369
0.1 68.2623 -43.764 3.81794
0.1 67.734 -44.0926 3.82609
0.1 67.0123 -44.9247 3.82144
0.1 66.3987 -45.3925 3.82348
0.1 65.8133 -45.4033 3.83653
0.1 65.2602 -46.1714 3.84217
0.1 64.5832 -46.8526 3.8443
0.1 64.0497 -47.3167 3.84537
0.1 63.3676 -47.7805 3.84602
0.1 62.9933 -48.3016 3.85001
0.1 62.3585 -48.9775 3.86214
0.1 61.7442 -49.4619 3.86135
0.1 61.012 -49.8223 3.86728
0.1 60.544 -50.4333 3.88325
0.1 59.9399 -51.0232 3.88632
0.1 59.2636 -51.8988 3.88411
0.1 58.6533 -51.9763 3.88636
0.1 57.9507 -52.571 3.88921
0.1 57.2107 -53.2806 3.88826
0.1 56.7135 -53.7382 3.89
0.1 56.1832 -54.2233 3.90255
0.1 55.7959 -55.0893 3.90987
0.1 55.1561 -55.4567 3.90903
0.1 54.4407 -56.2269 3.90348
0.1 53.7768 -56.5664 3.90889
0.1 53.3915 -57.0851 3.91235
0.1 52.5481 -58.0316 3.91095
0.1 51.848 -58.4592 3.91542
0.1 51.5238 -58.994 3.92238
0.1 50.9862 -59.7259 3.917
0.1 50.3744 -60.3367 3.92649
0.1 49.5578 -60.8491 3.91706
0.1 48.9406 -61.5228 3.92246
0.1 48.526 -62.3266 3.92935
0.1 47.9585 -62.5494 3.92724
0.1 47.3683 -63.1058 3.93091
0.1 46.9006 -63.8343 3.93166
0.1 46.1961 -64.2305 3.93418
0.1 45.7189 -65.0402 3.92824
0.1 44.9796 -65.5045 3.92923
0.1 44.4151 -65.981 3.93225
0.1 43.6465 -66.7241 3.92699
0.1 43.1113 -66.9178 3.92938
0.1 42.674 -67.7764 3.93287
0.1 42.3887 -68.2418 3.94634
0.1 41.5793 -68.8459 3.935
0.1 40.9783 -69.6158 3.93526
0.1 40.616 -70.0422 3.93553
0.1 39.9136 -70.6953 3.93142
0.1 39.4195 -71.2188 3.93452
0.1 38.727 -71.6278 3.93324
0.1 38.3163 -72.4992 3.93171
0.1 37.9269 -72.8403 3.939
0.1 37.3399 -73.6293 3.9379
0.1 36.664 -74.2126 3.94167
0.1 36.0678 -74.5669 3.93218
0.1 35.548 -75.0682 3.92557
0.1 34.9194 -75.7071 3.93066
0.1 34.5545 -76.1066 3.92813
0.1 33.8065 -76.5911 3.91811
0.1 33.1731 -77.3719 3.90013
0.1 32.5197 -77.657 3.90131
0.1 32.0699 -78.2835 3.8892
0.1 31.6246 -78.7441 3.89001
0.1 30.8298 -79.2564 3.8915
0.1 30.5172 -79.6796 3.88326
0.1 30.171 -80.2173 3.88363
0.1 29.3353 -80.6767 3.87082
0.1 28.9051 -81.132 3.86764
0.1 28.3959 -81.7814 3.86471
0.1 27.9291 -82.1167 3.85962
0.1 27.1413 -82.8769 3.84561
0.1 26.5671 -83.4041 3.84209
0.1 25.9201 -83.7518 3.82907
0.1 25.275 -84.1191 3.81847
0.1 24.5869 -84.4747 3.80622
0.1 24.0762 -85.1678 3.8009
0.1 23.648 -85.554 3.78777
0.1 23.066 -86.162 3.77839
0.1 22.5337 -86.5821 3.77658
0.1 21.7976 -87.0374 3.75998
0.1 21.0711 -87.2914 3.73687
0.1 20.4555 -87.9054 3.72795
0.1 19.6363 -88.1621 3.71078
0.1 19.6529 -88.4574 3.71239
0.1 18.315 -88.8251 3.68857
0.1 17.7954 -89.6649 3.67398
0.1 17.2281 -89.914 3.66421
0.1 16.4944 -90.0282 3.64689
0.1 16.0353 -90.0725 3.63415
0.1 15.4368 -90.8883 3.62713
0.1 14.5974 -90.9864 3.60593
0.1 13.9121 -91.0449 3.59258
0.1 13.1727 -91.5958 3.58556
0.1 12.7099 -92.1922 3.54377
0.1 11.7561 -92.0949 3.54488
0.1 11.1421 -92.0199 3.525
0.1 10.9378 -92.6726 3.51961
0.1 9.90521 -93.262 3.47499
0.1 9.32746 -93.0021 3.47933
0.1 8.79506 -92.8052 3.45946
0.1 8.28798 -93.4007 3.44481
0.1 7.54889 -93.8398 3.42624
0.1 7.03376 -93.3984 3.40787
0.1 6.58461 -93.8489 3.39112
0.1 5.69855 -93.9489 3.38064
0.1 5.13184 -94.0847 3.34714
0.1 4.51833 -94.3849 3.33171
0.1 3.8536 -94.1212 3.31053
0.1 2.9907 -94.1631 3.2907
0.1 2.75242 -94.2752 3.27979
0.1 2.25615 -94.1818 3.25758
0.1 1.16022 -94.4192 3.23639
0.1 0.890512 -94.5252 3.22864
0.1 -0.0460231 -94.5963 3.20268
0.1 -0.871047 -94.7549 3.17537
0.1 -1.65125 -94.8634 3.16446
0.1 -1.79934 -94.9404 3.15862
0.1 -2.78801 -94.76 3.13862
0.1 -3.37911 -94.5704 3.11789
0.1 -4.33176 -94.5981 3.10392
0.1 -4.44935 -94.1583 3.09928
0.1 -5.22866 -94.2876 3.08129
0.1 -6.10503 -94.3291 3.055
0.1 -6.57136 -94.4014 3.04318
0.1 -7.2581 -94.0373 3.03709
0.1 -8.02645 -94.2331 3.02183
0.1 -8.40588 -93.9734 3.01735
0.1 -8.92987 -93.6702 2.99473
0.1 -9.8484 -93.8454 2.96818
0.1 -10.4963 -93.5953 2.95838
0.1 -11.0511 -93.6286 2.9427
0.1 -11.732 -93.3453 2.93917
0.1 -12.567 -93.3152 2.91549
0.1 -13.1364 -93.0712 2.90622
0.1 -13.5186 -93.0838 2.90019
0.1 -14.2889 -92.7086 2.88679
0.1 -15.0201 -92.7417 2.87382
0.1 -15.7002 -92.5351 2.84869
0.1 -16.0352 -92.2799 2.83534
0.1 -16.7743 -92.0267 2.82796
0.1 -17.6158 -91.6004 2.80048
0.1 -18.2094 -91.2084 2.7851
0.1 -18.871 -91.1136 2.7673
0.1 -19.4236 -90.9369 2.7507
0.1 -19.9608 -90.6048 2.72974
0.1 -20.9034 -90.323 2.71604
0.1 -21.2697 -90.2997 2.69212
0.1 -21.6574 -89.7757 2.68818
0.1 -22.698 -89.2775 2.67079
0.1 -23.0447 -88.9495 2.64667
0.1 -23.7987 -88.6972 2.6245
0.1 -24.2635 -88.3856 2.6168
0.1 -24.7637 -88.1328 2.60003
0.1 -25.322 -87.6006 2.57317
0.1 -26.2883 -87.3646 2.56487
0.1 -26.4668 -86.9661 2.54732
0.1 -26.9392 -86.5046 2.53113
0.1 -27.578 -86.0722 2.49653
0.1 -28.171 -85.455 2.47162
0.1 -28.6984 -84.9192 2.4662
0.1 -28.9713 -84.3119 2.44105
0.1 -29.7089 -84.4808 2.42812
0.1 -30.3236 -83.6873 2.39777
0.1 -30.5886 -83.5552 2.38761
0.1 -31.4118 -82.7459 2.36235
0.1 -31.5944 -82.4189 2.34635
0.1 -32.0773 -81.735 2.31458
0.1 -32.2673 -81.1345 2.30079
0.1 -33.1271 -80.8361 2.27476
0.1 -33.6754 -80.333 2.26524
0.1 -33.8877 -79.5817 2.23196
0.1 -34.3283 -79.2313 2.21484
0.1 -34.6648 -78.5459 2.1921
0.1 -35.0634 -77.9861 2.18159
0.1 -35.2761 -77.0397 2.14207
0.1 -35.8114 -76.5838 2.12763
0.1 -36.0731 -75.8153 2.10751
0.1 -36.64 -75.4373 2.08668
0.1 -37.0395 -74.6245 2.06289
0.1 -37.2334 -74.2323 2.03887
0.1 -37.3691 -73.4607 2.02518
0.1 -37.8987 -72.573 1.99901
0.1 -38.0604 -72.1666 1.9765
0.1 -38.033 -71.3382 1.951
0.1 -38.702 -70.8344 1.92759
0.1 -38.4853 -70.016 1.91503
0.1 -38.8638 -69.1357 1.88997
0.1 -39.0203 -68.581 1.87215
0.1 -39.0617 -68.1335 1.8656
0.1 -39.356 -67.2889 1.83606
0.1 -39.7021 -66.412 1.81703
0.1 -39.8051 -65.7819 1.80553
0.1 -39.8881 -64.9519 1.78003
0.1 -39.9523 -64.4086 1.77069
0.1 -40.136 -63.7507 1.76136
0.1 -40.3949 -63.0297 1.74429
0.1 -40.5416 -62.199 1.73583
0.1 -40.5773 -61.2921 1.71232
0.1 -40.9336 -60.8315 1.70289
0.1 -40.7954 -60.0498 1.69723
0.1 -40.8181 -59.3919 1.68252
0.1 -40.9624 -58.4892 1.66509
0.1 -41.0676 -57.7803 1.65451
0.1 -41.1411 -56.9473 1.65311
0.1 -40.9191 -56.4298 1.64848
0.1 -40.9666 -55.589 1.63455
0.1 -41.4932 -54.6702 1.62139
0.1 -41.4498 -54.0634 1.62049
0.1 -41.0783 -52.9869 1.59213
0.1 -41.302 -52.4113 1.6072
0.1 -41.1273 -51.5764 1.59146
0.1 -41.0372 -51.123 1.58418
0.1 -41.4043 -50.3399 1.57439
0.1 -41.0326 -49.1803 1.57422
0.1 -41.2882 -48.4586 1.56065
0.1 -40.9373 -47.8069 1.55647
