0.1 6.10491 2.05329 0.00113269
0.1 6.69318 2.09014 0.30949
0.1 7.08386 2.20727 0.314329
0.1 7.35703 2.44275 0.304796
0.1 7.69237 2.63753 0.314667
0.1 8.15563 2.67973 0.309627
0.1 8.51695 2.73836 0.314457
0.1 9.24362 2.92163 0.313166
0.1 9.71784 3.01293 0.307807
0.1 10.0657 3.05681 0.310393
0.1 10.8127 3.22359 0.296525
0.1 11.3267 3.43195 0.298265
0.1 11.7177 3.58552 0.299958
0.1 11.8102 3.72756 0.308313
0.1 12.8299 4.13288 0.297107
0.1 13.4636 4.03254 0.298756
0.1 13.7062 4.24211 0.287557
0.1 13.8229 4.07206 0.302217
0.1 14.226 4.26962 0.301214
0.1 15.2809 4.6552 0.294206
0.1 15.7185 5.03816 0.296705
0.1 16.2502 5.21977 0.286277
0.1 17.1599 5.18941 0.274503
0.1 17.6862 5.50841 0.278204
0.1 18.0228 5.86584 0.278255
0.1 18.4796 5.76647 0.280274
0.1 19.5478 5.82103 0.260647
0.1 20.1707 6.42973 0.260683
0.1 20.6135 6.40243 0.262197
0.1 21.112 6.28523 0.257685
0.1 21.556 6.90277 0.270715
0.1 22.2437 6.96841 0.260599
0.1 23.1334 7.1608 0.268168
0.1 23.7999 7.12163 0.244221
0.1 24.6274 7.17473 0.249756
0.1 25.232 7.45967 0.238503
0.1 25.91 7.50023 0.232218
0.1 26.6726 7.43253 0.23436
0.1 27.4599 7.96815 0.235132
0.1 27.7887 7.90327 0.22822
0.1 28.7798 8.14453 0.223804
0.1 29.4684 8.25912 0.221549
0.1 30.1028 8.51495 0.215164
0.1 30.599 8.75217 0.220688
0.1 31.5616 8.91411 0.215992
0.1 32.3438 9.35138 0.218686
0.1 33.0313 9.48179 0.209594
0.1 33.8705 9.2057 0.200963
0.1 34.7546 9.59464 0.204409
0.1 35.8406 9.69871 0.196538
0.1 36.5404 9.94033 0.194264
0.1 37.5882 10.2047 0.19516
0.1 38.3615 10.5439 0.189231
0.1 38.943 10.5926 0.196865
0.1 39.8552 10.68 0.190473
0.1 40.8128 10.6688 0.185687
0.1 41.5631 10.8889 0.178585
0.1 42.5128 11.1572 0.183358
0.1 43.4588 11.09 0.168586
0.1 44.2666 11.4427 0.176484
0.1 45.0967 11.2098 0.1735
0.1 45.8958 11.348 0.170075
0.1 46.7904 11.6595 0.166481
0.1 47.8768 11.6886 0.159704
0.1 48.7638 12.1019 0.158052
0.1 49.8677 12.1862 0.151811
0.1 50.8164 12.1895 0.153216
0.1 51.4708 12.422 0.153485
0.1 52.4395 12.5447 0.149224
0.1 53.5268 12.5043 0.145589
0.1 54.3037 12.6969 0.1449
0.1 55.3049 12.8741 0.142812
0.1 56.1639 13.0995 0.141193
0.1 57.3434 13.1965 0.132571
0.1 58.2829 13.2674 0.131982
0.1 59.294 13.1883 0.129534
0.1 60.2297 13.5136 0.124707
0.1 61.1845 13.99 0.140177
0.1 62.3175 14.2059 0.130996
0.1 63.3461 14.3489 0.131447
0.1 64.3605 14.0764 0.124324
0.1 65.7572 14.2467 0.122874
0.1 66.8811 14.441 0.123056
0.1 67.901 14.6699 0.109759
0.1 68.9712 14.9546 0.104128
0.1 69.5234 15.1888 0.123458
0.1 70.8114 15.0657 0.119634
0.1 71.933 15.0735 0.108119
0.1 72.8439 15.1767 0.125279
0.1 74.1796 15.1244 0.10818
0.1 74.9214 15.1336 0.104221
0.1 76.1344 15.6239 0.0984164
0.1 77.4218 15.6579 0.0959385
0.1 78.4229 15.3308 0.106339
0.1 79.463 15.4651 0.0906184
0.1 80.8971 15.5153 0.0974474
0.1 81.7576 15.9586 0.0877608
0.1 82.8879 16.0646 0.0993532
0.1 83.7773 16.1581 0.0916175
0.1 85.1114 16.0868 0.0841638
0.1 85.9858 16.7821 0.0909661
0.1 87.4016 16.4493 0.0778805
0.1 89.0954 16.6246 0.0944132
0.1 90.1372 16.2785 0.089234
0.1 91.3775 17.3434 0.0888661
0.1 92.2022 17.3627 0.0722389
0.1 93.0324 16.9227 0.0670303
0.1 94.4912 17.2781 0.0906662
0.1 95.9751 17.4371 0.0902376
0.1 96.4745 17.3198 0.0910026
0.1 98.2592 17.5345 0.0645418
0.1 98.8201 17.6987 0.0699309
0.1 100.303 17.5772 0.063286
0.1 101.549 17.3519 0.0679551
0.1 102.905 17.7952 0.0718974
0.1 104.018 17.7636 0.0725386
0.1 105.187 17.4869 0.073223
0.1 105.984 17.9533 0.0714632
0.1 107.575 18.2004 0.0691391
0.1 108.766 18.1063 0.0740207
0.1 109.99 18.0093 0.0646123
0.1 111.328 18.4197 0.0673076
0.1 112.507 18.2681 0.0711268
0.1 113.533 18.4403 0.0836501
0.1 114.625 18.6263 0.0740086
0.1 116.24 18.4127 0.0677865
0.1 117.296 18.4901 0.078105
0.1 118.492 18.8372 0.0688529
0.1 119.508 19.0437 0.0648762
0.1 120.942 18.8391 0.0714727
0.1 121.917 18.8535 0.0718431
0.1 123.354 18.9154 0.0773017
0.1 124.516 19.3476 0.0643628
0.1 125.698 19.2129 0.0619298
0.1 126.936 19.4423 0.0851287
0.1 128.577 19.415 0.0741895
0.1 129.677 19.5405 0.0692681
0.1 130.771 19.7022 0.0737186
0.1 132.077 19.9403 0.0767503
0.1 133.058 19.7044 0.0737663
0.1 134.242 19.793 0.0639348
0.1 135.574 20.0363 0.0749307
0.1 136.896 19.7579 0.0803296
0.1 138.171 20.2019 0.0851349
0.1 139.418 20.122 0.0710636
0.1 140.269 20.499 0.0772825
0.1 141.645 20.4176 0.08041
0.1 143.124 20.6827 0.0867215
0.1 144.766 20.6591 0.080137
0.1 146.183 20.5128 0.0819748
0.1 147.022 20.5065 0.0911492
0.1 148.028 20.7619 0.0863916
0.1 149.421 21.4171 0.080987
0.1 151.104 21.3862 0.0837108
0.1 152.349 21.3118 0.0878334
0.1 153.598 21.354 0.0723249
0.1 154.982 21.5134 0.0743098
0.1 156.031 21.4648 0.0791829
0.1 157.298 21.4842 0.0811123
0.1 158.082 21.8214 0.0836819
0.1 159.574 22.1244 0.0812119
0.1 160.959 22.2021 0.0806686
0.1 162.392 21.9415 0.0781048
0.1 163.576 22.3254 0.0833041
0.1 164.969 22.5566 0.0805388
0.1 166.495 22.3696 0.0750675
0.1 167.809 22.5259 0.0759009
0.1 168.517 22.666 0.0795281
0.1 170.002 22.6084 0.0717266
0.1 171.404 22.7504 0.0743351
0.1 172.646 23.0344 0.0899043
0.1 173.847 23.0245 0.0808712
0.1 175.199 23.0961 0.0737129
0.1 176.388 23.2372 0.0785554
0.1 177.845 23.2369 0.0749351
0.1 179.365 23.3391 0.0761413
0.1 180.619 23.7285 0.0629624
0.1 181.451 23.6495 0.0688469
0.1 183.053 23.9037 0.0734827
0.1 184.451 23.9394 0.0688834
0.1 185.672 23.9223 0.0673339
0.1 186.823 23.904 0.0703204
0.1 188.185 24.1665 0.0740762
0.1 189.764 23.9347 0.0754623
0.1 190.97 24.6535 0.0758018
0.1 192.265 24.6767 0.0717238
0.1 193.732 24.6957 0.0677244
0.1 194.892 24.304 0.0708718
0.1 195.808 24.7751 0.0734087
0.1 197.458 24.8249 0.0830384
0.1 198.967 25.0963 0.0756685
0.1 200.049 24.9617 0.0659065
0.1 201.372 25.1762 0.0710693
0.1 203.154 24.9695 0.0731678
0.1 204.305 25.2717 0.0651625
0.1 205.507 25.119 0.0740362
0.1 206.93 25.1995 0.0680129
0.1 208.06 25.5546 0.0778342
0.1 209.709 25.6534 0.067838
0.1 210.544 25.8748 0.0766378
0.1 211.857 25.5776 0.063877
0.1 213.692 26.353 0.0753173
0.1 215.015 26.0807 0.0792065
0.1 216.204 26.343 0.0789208
0.1 217.46 26.2749 0.074984
0.1 219.061 26.3902 0.0825943
0.1 220.48 26.8291 0.072569
0.1 221.773 26.5738 0.066646
0.1 222.858 26.816 0.0752317
0.1 224.304 26.8442 0.0720801
0.1 225.643 26.8317 0.0756197
0.1 226.901 27.0403 0.0683176
0.1 228.177 26.8661 0.0663335
0.1 229.54 27.0707 0.0673712
0.1 230.864 27.1994 0.07244
0.1 231.808 27.2765 0.0734553
0.1 233.299 27.3653 0.0788911
0.1 234.298 27.6934 0.0679655
0.1 235.367 27.7408 0.0606823
0.1 236.758 27.6368 0.069355
0.1 237.729 27.7209 0.0727277
0.1 239.316 28.086 0.0671818
0.1 240.462 27.8487 0.0682291
0.1 241.578 27.7908 0.069388
0.1 242.906 28.1183 0.0600087
0.1 244.065 28.4607 0.0748383
0.1 245.091 28.3485 0.0753095
0.1 246.146 28.6271 0.0557599
0.1 247.537 28.5541 0.0560985
0.1 248.327 28.4578 0.0659106
0.1 249.164 28.6655 0.0585648
0.1 250.127 29.0613 0.0484179
0.1 251.202 28.7132 0.0471453
0.1 252.364 28.6412 0.0449732
0.1 253.224 28.8016 0.0311647
0.1 254.017 28.8305 0.0341385
0.1 255.012 28.5387 0.0310896
0.1 255.48 29.074 0.0198236
0.1 255.93 28.7471 6.28907
0.1 256.705 28.8809 6.26304
0.1 257.539 28.5132 6.24852
0.1 258.221 28.6491 6.22771
0.1 259.245 28.3215 6.1976
0.1 260.053 28.2571 6.18018
0.1 260.645 28.1691 6.15915
0.1 261.451 28.2663 6.14406
0.1 262.246 27.8358 6.11615
0.1 262.909 27.7106 6.09417
0.1 263.577 27.5211 6.05932
0.1 264.46 27.4619 6.02006
0.1 265.11 27.1276 5.99257
0.1 265.847 26.8362 5.9575
0.1 266.43 26.8831 5.92
0.1 267.127 26.5213 5.90392
0.1 267.764 25.9733 5.86481
0.1 268.378 25.7798 5.82422
0.1 268.717 25.4512 5.81151
0.1 269.753 25.0288 5.78051
0.1 270.306 24.6698 5.75573
0.1 270.708 24.3704 5.69889
0.1 271.269 24.0358 5.67658
0.1 272.027 23.2884 5.64305
0.1 272.705 22.8853 5.60631
0.1 272.574 22.1698 5.58653
0.1 273.727 22.0195 5.54424
0.1 273.851 21.4391 5.51789
0.1 274.408 20.8526 5.48045
0.1 274.947 20.4504 5.43896
0.1 275.43 19.7193 5.40665
0.1 275.728 19.307 5.37652
0.1 276.181 19.1121 5.36002
0.1 276.751 18.2174 5.32983
0.1 276.93 17.756 5.30264
0.1 277.156 16.8971 5.26729
0.1 277.756 16.0735 5.23733
0.1 278.165 15.6435 5.20609
0.1 278.1 15.3437 5.15636
0.1 278.444 14.4516 5.12867
0.1 278.696 13.611 5.10955
0.1 279.007 13.1808 5.09364
0.1 279.167 12.2951 5.03486
0.1 279.287 11.7992 5.00742
0.1 279.433 10.7507 4.95706
0.1 279.957 9.77003 4.94386
0.1 280.026 9.50849 4.90622
0.1 280.152 8.57594 4.87415
0.1 279.956 8.14291 4.83947
0.1 279.814 7.23203 4.8034
0.1 279.9 6.53864 4.77609
0.1 280.202 5.72214 4.7457
0.1 280.334 4.94728 4.71978
0.1 280.292 4.34066 4.69057
0.1 279.973 3.44167 4.66013
0.1 280.046 2.84925 4.62815
0.1 279.931 1.72341 4.5996
0.1 279.73 0.954904 4.5624
0.1 279.362 0.514179 4.53225
0.1 279.422 -0.282751 4.50715
0.1 279.805 -1.34425 4.47679
0.1 279.118 -1.68295 4.44698
0.1 278.353 -2.6344 4.40982
0.1 278.207 -3.27482 4.37118
0.1 278.011 -3.89126 4.34254
0.1 277.537 -4.99524 4.30201
0.1 277.184 -5.48332 4.27037
0.1 276.763 -6.49728 4.24984
0.1 276.273 -7.13834 4.22125
0.1 275.938 -7.66217 4.19188
0.1 275.63 -8.09964 4.17337
0.1 275.09 -8.87612 4.14251
0.1 275.03 -9.74416 4.1164
0.1 274.208 -10.1657 4.0866
0.1 273.697 -10.8921 4.05025
0.1 273.408 -11.3963 4.02677
0.1 272.792 -11.989 3.99591
0.1 271.894 -12.8729 3.96965
0.1 270.901 -13.1797 3.93027
0.1 270.406 -13.822 3.8898
0.1 270.153 -14.6476 3.87048
0.1 269.414 -15.1259 3.8328
0.1 268.534 -15.6372 3.79872
0.1 267.558 -15.9724 3.75406
0.1 267.673 -16.3303 3.74154
0.1 266.244 -16.3362 3.68662
0.1 265.53 -16.6589 3.65722
0.1 264.709 -17.1818 3.62564
0.1 264.101 -17.4675 3.59288
0.1 263.478 -18.1975 3.56018
0.1 262.798 -18.3885 3.52181
0.1 261.983 -18.6101 3.48974
0.1 260.99 -18.7235 3.45407
0.1 259.899 -19.145 3.40531
0.1 259.112 -19.2678 3.36473
0.1 258.204 -19.3532 3.33272
0.1 257.563 -19.8054 3.29923
0.1 256.506 -19.7805 3.25451
0.1 255.78 -19.7711 3.22596
0.1 254.953 -19.5539 3.19887
0.1 254.43 -19.492 3.15706
0.1 253.409 -19.6988 3.14583
0.1 252.553 -19.5373 3.10097
0.1 251.638 -19.394 3.0804
0.1 250.728 -19.2823 3.04628
0.1 249.904 -19.3025 3.01659
0.1 248.903 -19.25 3.0032
0.1 248.229 -18.9856 2.99065
0.1 247.273 -18.8362 2.97135
0.1 246.146 -18.3947 2.94104
0.1 245.26 -18.4171 2.92455
0.1 244.154 -17.9591 2.91302
0.1 243.896 -18.0624 2.92411
0.1 242.755 -17.7395 2.91416
0.1 242.046 -17.4379 2.91365
0.1 241.201 -17.6177 2.91732
0.1 240.014 -17.2703 2.91562
0.1 239.029 -17.1588 2.90926
0.1 238.094 -16.4827 2.89766
0.1 237.498 -16.7265 2.91814
0.1 236.505 -16.1777 2.91395
0.1 235.585 -16.0209 2.90852
0.1 234.168 -15.7645 2.89875
0.1 233.435 -15.5258 2.90198
0.1 232.384 -15.037 2.90266
0.1 231.445 -15.0055 2.90791
0.1 230.713 -14.9078 2.91164
0.1 229.525 -14.4449 2.89887
0.1 228.496 -14.0913 2.91343
0.1 227.436 -13.9822 2.91624
0.1 226.863 -13.9295 2.92031
0.1 225.678 -13.8757 2.92311
0.1 224.823 -13.35 2.92271
0.1 223.586 -13.3759 2.93032
0.1 222.727 -13.136 2.93627
0.1 221.728 -12.8828 2.94516
0.1 220.724 -12.7202 2.94211
0.1 219.604 -12.8231 2.95834
0.1 218.381 -12.3913 2.95501
0.1 217.626 -12.0623 2.96107
0.1 216.619 -11.8235 2.97297
0.1 215.865 -11.4535 2.99046
0.1 214.728 -11.6442 2.99296
0.1 213.68 -11.3668 3.0041
0.1 212.531 -11.5273 3.01301
0.1 211.342 -10.8707 3.01575
0.1 210.081 -10.8007 3.02305
0.1 209.316 -10.6918 3.03422
0.1 207.896 -10.9009 3.03743
0.1 206.937 -10.6449 3.05757
0.1 206.355 -10.7677 3.06834
0.1 205.085 -10.3697 3.0703
0.1 203.915 -10.4474 3.08046
0.1 202.566 -10.5893 3.08605
0.1 201.985 -10.4578 3.10275
0.1 200.627 -10.2871 3.09594
0.1 199.556 -10.442 3.10207
0.1 198.299 -10.568 3.11448
0.1 197.234 -10.5763 3.11477
0.1 196.141 -10.2105 3.12342
0.1 195.022 -10.4827 3.12534
0.1 194.106 -10.1413 3.13818
0.1 192.884 -10.6193 3.14434
0.1 191.767 -10.4896 3.14959
0.1 190.4 -10.406 3.15144
0.1 189.119 -10.3968 3.15177
0.1 187.947 -10.4415 3.17056
0.1 186.743 -10.6074 3.16442
0.1 185.589 -10.6316 3.17057
0.1 184.659 -10.4628 3.17768
0.1 183.585 -10.6339 3.18753
0.1 182.512 -10.6555 3.19475
0.1 181.62 -10.6299 3.20034
0.1 180.116 -10.9925 3.20374
0.1 179.031 -10.9704 3.20288
0.1 177.893 -10.8746 3.21527
0.1 176.683 -11.0043 3.21453
0.1 175.542 -10.9322 3.22394
0.1 174.426 -11.3549 3.23086
0.1 173.598 -11.3719 3.2363
0.1 172.211 -11.3159 3.23738
0.1 171.181 -11.3019 3.25277
0.1 169.99 -11.5781 3.25264
0.1 168.782 -11.8148 3.26321
0.1 167.602 -12.1024 3.26872
0.1 166.552 -12.0569 3.26254
0.1 165.343 -12.4008 3.28141
0.1 164.588 -12.2961 3.27502
0.1 162.948 -12.8576 3.2881
0.1 162.014 -12.9127 3.28495
0.1 160.731 -12.9553 3.29446
0.1 159.519 -13.3639 3.30119
0.1 158.72 -13.539 3.31098
0.1 157.601 -13.5676 3.30952
0.1 156.589 -13.7997 3.32428
0.1 155.082 -13.7446 3.30639
0.1 154.112 -14.1729 3.32721
0.1 152.632 -14.1223 3.31803
0.1 151.452 -14.5742 3.3162
0.1 150.285 -14.9365 3.32264
0.1 149.463 -14.9363 3.32125
0.1 148.412 -15.6682 3.34755
0.1 147.481 -16.1285 3.34493
0.1 146.081 -16.2384 3.33708
0.1 145.068 -16.5456 3.34969
0.1 143.792 -16.1719 3.35449
0.1 142.956 -16.3391 3.35717
0.1 141.764 -16.761 3.35865
0.1 140.63 -16.9136 3.35138
0.1 139.588 -17.104 3.35742
0.1 138.47 -17.3867 3.35912
0.1 137.903 -18.0042 3.36969
0.1 136.76 -18.1318 3.37249
0.1 135.727 -18.3336 3.37202
0.1 134.551 -18.5673 3.38345
0.1 133.28 -19.3602 3.3737
0.1 132.125 -19.0916 3.37859
0.1 131.442 -19.4567 3.36739
0.1 130.016 -19.481 3.3808
0.1 129.031 -19.8774 3.38252
0.1 127.907 -20.1189 3.38108
0.1 126.767 -20.3074 3.38175
0.1 125.702 -20.4447 3.37998
0.1 124.619 -20.9668 3.38506
0.1 123.439 -21.0216 3.39249
0.1 122.674 -21.3172 3.39848
0.1 121.463 -21.5754 3.39153
0.1 120.407 -21.9326 3.39928
0.1 119.036 -22.2189 3.40054
0.1 118.327 -22.6147 3.40207
0.1 116.93 -22.8568 3.40052
0.1 116.093 -22.9295 3.39111
0.1 114.986 -23.1671 3.40876
0.1 114.078 -23.9011 3.41667
0.1 113.415 -24.0142 3.42666
0.1 111.585 -24.345 3.41945
0.1 110.989 -24.4147 3.42767
0.1 110.047 -24.9336 3.42613
0.1 109.039 -25.2327 3.44032
0.1 107.781 -25.5385 3.43777
0.1 106.521 -25.3963 3.43831
0.1 105.632 -26.1547 3.4537
0.1 104.723 -26.4434 3.46698
0.1 103.706 -26.8164 3.46607
0.1 102.408 -27.0871 3.46148
0.1 101.718 -27.5781 3.46977
0.1 100.558 -27.4624 3.47693
0.1 99.7161 -27.885 3.48245
0.1 98.9568 -28.2325 3.48505
0.1 98.0695 -28.6738 3.49684
0.1 97.1 -29.0443 3.50768
0.1 95.9394 -29.5303 3.5053
0.1 95.0115 -30.0984 3.51739
0.1 94.0385 -30.1529 3.52143
0.1 92.9652 -30.5406 3.51864
0.1 92.3235 -30.8428 3.53602
0.1 91.394 -31.4038 3.54807
0.1 90.4831 -32.3062 3.54514
0.1 88.9625 -32.3249 3.55704
0.1 88.2802 -32.8828 3.57049
0.1 87.4142 -32.9577 3.58162
0.1 86.2414 -33.7737 3.5937
0.1 85.4898 -34.1862 3.60537
0.1 84.2315 -34.9045 3.61277
0.1 83.2778 -35.2779 3.61583
0.1 82.3254 -36.0702 3.63072
0.1 81.417 -36.2986 3.6397
0.1 80.4594 -37.0309 3.6591
0.1 79.9096 -36.8656 3.68522
0.1 78.6337 -37.4417 3.71071
0.1 78.1501 -38.099 3.71271
0.1 77.2407 -38.8743 3.7208
0.1 76.2646 -39.3108 3.73927
0.1 75.2293 -40.0079 3.74526
0.1 74.4261 -40.6926 3.76235
0.1 73.6604 -41.5174 3.77405
0.1 72.7048 -42.2646 3.7769
0.1 71.8471 -42.8219 3.7918
0.1 70.9359 -43.4792 3.80864
0.1 70.3041 -44.2778 3.81404
0.1 69.4882 -44.7742 3.83221
0.1 68.2661 -45.7525 3.8455
0.1 67.474 -46.0406 3.85533
0.1 66.7174 -46.9926 3.86781
0.1 65.7684 -47.6835 3.87324
0.1 65.0131 -48.6007 3.86871
0.1 64.2611 -49.5769 3.88178
0.1 63.2635 -50.3068 3.88829
0.1 62.5926 -50.7869 3.88429
0.1 61.9747 -51.386 3.88792
0.1 61.0304 -52.2884 3.90304
0.1 60.5916 -52.8546 3.90643
0.1 59.6902 -53.6711 3.9038
0.1 58.8467 -54.5537 3.90294
0.1 57.8559 -55.1803 3.90498
0.1 57.4448 -55.735 3.9077
0.1 56.5281 -56.6758 3.922
0.1 55.7131 -57.4849 3.91829
0.1 55.0607 -58.303 3.92168
0.1 54.6971 -58.8758 3.92761
0.1 53.6661 -59.6602 3.92566
0.1 53.0221 -60.3129 3.93113
0.1 52.4275 -61.0038 3.9385
0.1 51.4651 -62.0298 3.93803
0.1 50.8993 -62.459 3.94067
0.1 49.8456 -63.152 3.93234
0.1 49.1002 -64.0704 3.93753
0.1 48.6987 -64.5319 3.94893
0.1 47.9131 -65.4721 3.93562
0.1 47.1061 -66.0818 3.94186
0.1 46.4539 -66.9791 3.93591
0.1 45.8125 -67.3723 3.9297
0.1 45.4729 -67.9585 3.94134
0.1 44.3719 -68.6581 3.9358
0.1 43.809 -69.3542 3.92704
0.1 43.3133 -70.1744 3.9361
0.1 42.4868 -71.0104 3.94016
0.1 41.7766 -71.5259 3.93856
0.1 41.1253 -72.2477 3.9351
0.1 40.4643 -72.943 3.92596
0.1 39.7345 -73.6358 3.93025
0.1 38.962 -74.1075 3.93894
0.1 38.3358 -74.8946 3.9268
0.1 37.725 -75.4493 3.92184
0.1 37.1494 -76.5351 3.91393
0.1 36.25 -77.1409 3.91795
0.1 35.6228 -77.6214 3.90992
0.1 35.2347 -78.4066 3.90863
0.1 34.5333 -78.9778 3.90644
0.1 33.5575 -79.7389 3.89056
0.1 33.3496 -80.2112 3.88272
0.1 32.659 -80.7881 3.87324
0.1 31.8216 -81.2481 3.86627
0.1 31.1973 -81.996 3.85999
0.1 30.6966 -82.36 3.86083
0.1 29.8816 -83.0367 3.84862
0.1 29.0233 -83.5819 3.84527
0.1 28.4989 -84.2566 3.83497
0.1 27.8084 -84.6578 3.81712
0.1 26.8736 -85.0073 3.81106
0.1 26.3146 -85.6577 3.80112
0.1 25.9525 -86.0871 3.79648
0.1 24.8071 -86.7307 3.7808
0.1 24.2081 -86.8735 3.76388
0.1 23.4843 -87.4501 3.75233
0.1 22.5973 -87.6763 3.7432
0.1 22.0826 -88.7377 3.73686
0.1 21.6193 -89.0897 3.72869
0.1 20.9634 -89.3499 3.72058
0.1 20.4539 -89.74 3.70763
0.1 19.6299 -90.2704 3.68263
0.1 18.8549 -90.5885 3.67697
0.1 17.9275 -90.6602 3.65048
0.1 16.8764 -91.1738 3.63196
0.1 16.4048 -92.1102 3.62712
0.1 16.3829 -92.3587 3.61007
0.1 15.0721 -92.2271 3.59967
0.1 14.3916 -92.6597 3.57655
0.1 13.9133 -92.9769 3.5687
0.1 13.1095 -93.1978 3.54996
0.1 12.7607 -93.2952 3.52911
0.1 12.2285 -93.9534 3.50478
0.1 11.8257 -93.9611 3.49406
0.1 10.5781 -94.4472 3.47718
0.1 10.233 -94.3098 3.45189
0.1 9.39938 -94.545 3.4193
0.1 8.97176 -95.0058 3.40055
0.1 7.9441 -95.0334 3.39177
0.1 7.13809 -94.9094 3.35597
0.1 6.34485 -94.8726 3.35151
0.1 5.37248 -95.2376 3.32863
0.1 5.22656 -95.4731 3.30398
0.1 4.48861 -94.9178 3.29454
0.1 3.83606 -95.1891 3.27342
0.1 2.96217 -95.5218 3.2382
0.1 2.31645 -95.6932 3.22572
0.1 1.73427 -95.929 3.20997
0.1 1.18479 -95.6493 3.19107
0.1 0.225894 -95.6852 3.17042
0.1 -0.612032 -95.9964 3.13847
0.1 -1.11968 -95.6883 3.13174
0.1 -1.7694 -95.8055 3.10825
0.1 -2.87301 -95.5427 3.08152
0.1 -3.32412 -95.5067 3.05663
0.1 -4.15132 -95.4927 3.04001
0.1 -4.92106 -95.4816 3.02782
0.1 -5.92199 -95.3727 3.00985
0.1 -6.40804 -95.1065 2.97998
0.1 -7.45039 -95.0521 2.9649
0.1 -7.75284 -95.006 2.94254
0.1 -8.20056 -94.7811 2.93583
0.1 -8.88719 -94.6536 2.91723
0.1 -9.54318 -94.4335 2.89332
0.1 -10.0202 -94.0817 2.89191
0.1 -10.7595 -93.9883 2.87061
0.1 -11.6314 -93.5525 2.85833
0.1 -12.2524 -93.5634 2.83367
0.1 -13.2465 -93.1027 2.82045
0.1 -13.6523 -92.715 2.80516
0.1 -14.3695 -92.828 2.7817
0.1 -15.6152 -92.245 2.78017
0.1 -15.8565 -92.2744 2.7625
0.1 -16.7674 -91.7168 2.74478
0.1 -17.5042 -91.5408 2.71532
0.1 -18.0719 -91.0863 2.70007
0.1 -18.6998 -90.6116 2.66478
0.1 -19.7901 -90.2753 2.65159
0.1 -19.9509 -89.9708 2.63424
0.1 -21.0171 -89.4887 2.61185
0.1 -21.408 -89.0386 2.60242
0.1 -22.1667 -88.8709 2.58663
0.1 -23.1217 -88.3784 2.5665
0.1 -23.4779 -88.0294 2.54017
0.1 -24.3131 -87.4076 2.52733
0.1 -24.821 -86.8964 2.5092
0.1 -25.2073 -86.1228 2.48871
0.1 -25.9917 -85.7535 2.46228
0.1 -26.6296 -85.842 2.45035
0.1 -27.7287 -84.2504 2.42241
0.1 -28.2438 -83.7168 2.40251
0.1 -28.5086 -83.5674 2.37945
0.1 -28.7501 -82.9707 2.35915
0.1 -29.8403 -82.3447 2.34816
0.1 -29.9681 -81.5614 2.32238
0.1 -30.6157 -80.9097 2.29755
0.1 -31.1145 -80.6398 2.28339
0.1 -31.7568 -80.0069 2.25376
0.1 -31.7706 -79.3884 2.24493
0.1 -32.3055 -78.7877 2.20553
0.1 -33.1442 -77.9731 2.18799
0.1 -33.5004 -77.2645 2.16374
0.1 -33.6099 -76.533 2.14174
0.1 -34.3207 -75.5723 2.11008
0.1 -34.8071 -74.9818 2.08816
0.1 -35.0978 -74.312 2.06359
0.1 -35.6233 -73.5749 2.04552
0.1 -35.9304 -72.6525 2.01944
0.1 -36.2963 -71.8103 1.99368
0.1 -36.3341 -71.4121 1.97342
0.1 -36.666 -70.8243 1.95634
0.1 -37.1075 -69.5523 1.90773
0.1 -37.2553 -68.7904 1.90441
0.1 -37.2554 -68.2341 1.89616
0.1 -37.8985 -67.2385 1.86831
0.1 -37.9058 -66.4279 1.84984
0.1 -38.0694 -65.759 1.83068
0.1 -38.2713 -65.0227 1.80687
0.1 -38.1302 -64.1137 1.79438
0.1 -38.4487 -63.2733 1.77159
0.1 -38.6223 -62.4126 1.75093
0.1 -38.8951 -61.3068 1.73815
0.1 -38.983 -60.3513 1.71014
0.1 -39.1829 -59.555 1.69337
0.1 -39.5028 -58.9385 1.67853
0.1 -38.9798 -57.8075 1.66583
0.1 -39.4121 -57.5572 1.66058
0.1 -39.4481 -56.5662 1.6408
0.1 -39.285 -55.5335 1.62532
0.1 -39.6166 -54.6765 1.62577
0.1 -39.4325 -53.9558 1.60542
0.1 -39.6484 -52.9877 1.58449
0.1 -39.5926 -52.0563 1.57336
0.1 -39.322 -51.1445 1.56285
0.1 -39.3773 -50.6874 1.56273
0.1 -39.423 -49.7899 1.53586
0.1 -39.5414 -49.104 1.54871
0.1 -39.477 -48.0982 1.53251
0.1 -39.3464 -47.2852 1.52324
0.1 -39.4417 -46.2711 1.49988
0.1 -39.0295 -45.2632 1.47851
0.1 -38.9566 -44.4421 1.47944
0.1 -39.0667 -43.5629 1.46162
0.1 -38.9874 -42.4876 1.45291
0.1 -39.1128 -41.9954 1.43884
0.1 -38.7352 -41.2098 1.43369
0.1 -38.2468 -40.188 1.41202
0.1 -38.3909 -39.0304 1.40563
0.1 -37.7414 -38.7697 1.38948
0.1 -37.6841 -37.505 1.37664
0.1 -37.5075 -36.571 1.35479
0.1 -37.275 -35.8134 1.3418
0.1 -36.7445 -34.86 1.33409
0.1 -36.9158 -34.291 1.32225
0.1 -36.4197 -33.3407 1.31395
0.1 -36.4131 -32.5824 1.29562
0.1 -36.541 -31.7792 1.28954
0.1 -36.2592 -30.8101 1.27683
0.1 -35.803 -29.8032 1.24929
0.1 -35.4114 -29.0493 1.25471
0.1 -34.7655 -28.1215 1.23163
0.1 -34.4596 -27.405 1.21686
0.1 -34.7014 -26.6776 1.21482
0.1 -34.0627 -25.9072 1.18764
0.1 -33.282 -24.9271 1.16487
0.1 -33.2429 -24.362 1.14965
0.1 -32.8735 -23.2817 1.12982
0.1 -32.8162 -22.5942 1.12761
0.1 -32.1955 -21.825 1.1036
0.1 -31.5953 -20.8223 1.07568
0.1 -31.0897 -20.1503 1.06515
0.1 -30.8396 -19.5075 1.03889
0.1 -30.4444 -18.3286 1.01813
0.1 -29.5565 -17.6491 0.999825
0.1 -29.3775 -17.1431 0.983468
0.1 -28.8686 -16.6618 0.966605
0.1 -28.3718 -15.9051 0.950347
0.1 -27.7117 -15.0748 0.936596
0.1 -27.2081 -14.3935 0.910943
0.1 -26.684 -13.9075 0.897731
0.1 -25.9415 -13.0715 0.883446
0.1 -25.2744 -12.1725 0.870154
0.1 -24.9883 -11.9342 0.856326
0.1 -24.1735 -11.53 0.841414
0.1 -23.3141 -10.7233 0.820838
0.1 -23.0358 -9.91766 0.793671
0.1 -22.2438 -9.27883 0.774065
0.1 -21.7128 -8.72243 0.762286
0.1 -20.8813 -8.03334 0.73501
0.1 -20.3736 -7.58617 0.723909
0.1 -19.3998 -6.89282 0.709346
0.1 -18.9485 -6.4038 0.678072
0.1 -18.3287 -5.75149 0.668907
0.1 -17.0846 -5.1227 0.63498
0.1 -16.5442 -4.67535 0.626192
0.1 -15.9569 -4.32219 0.618361
0.1 -15.2418 -3.65103 0.600377
0.1 -14.4039 -2.99151 0.572989
0.1 -13.3837 -2.63776 0.567496
0.1 -12.785 -2.13253 0.537335
0.1 -12.0255 -1.81797 0.528249
0.1 -11.6146 -1.45949 0.519079
0.1 -10.9071 -1.29045 0.505032
0.1 -9.59253 -0.377345 0.477852
0.1 -8.92994 -0.0965439 0.469065
0.1 -7.8208 -0.0833466 0.451342
0.1 -6.93572 0.565684 0.427144
0.1 -6.27555 1.10341 0.427372
0.1 -5.64968 1.20398 0.401601
0.1 -4.48364 1.60231 0.380901
0.1 -3.75558 2.13208 0.366564
0.1 -2.9722 2.11544 0.35282
0.1 -2.30512 2.43103 0.346353
0.1 -1.83679 2.5891 0.337651
0.1 -0.669864 2.68948 0.319528
0.1 0.340477 3.31742 0.300867
0.1 1.2997 3.50294 0.302256
0.1 2.23583 3.80786 0.286955
0.1 2.75 4.13456 0.275893
0.1 3.69304 4.32674 0.272099
0.1 4.65515 4.61695 0.270175
0.1 5.63083 4.84302 0.265917
0.1 6.54781 4.83219 0.262496
0.1 7.43869 5.21289 0.268598
0.1 8.22884 5.40157 0.266158
0.1 9.16917 5.87742 0.246275
0.1 9.89932 6.16521 0.252911
0.1 10.8415 6.00542 0.2483
0.1 11.8851 6.2377 0.242759
0.1 12.8288 6.44733 0.240898
0.1 13.6766 7.10283 0.238427
0.1 14.3045 6.80277 0.229527
0.1 15.2494 6.85871 0.236627
0.1 16.1434 7.31827 0.237705
0.1 17.0938 7.64432 0.229672
0.1 17.9021 7.71094 0.22972
0.1 19.1003 8.40784 0.223469
0.1 19.7859 8.43348 0.226799
0.1 20.6119 8.36757 0.221324
0.1 21.4714 8.40435 0.216796
0.1 22.2804 8.88897 0.216121
0.1 23.1797 9.07945 0.205813
0.1 24.2825 9.03948 0.197546
0.1 24.9795 9.21989 0.19474
0.1 26.1104 9.41407 0.192403
0.1 26.7306 9.70409 0.193377
0.1 27.9781 9.54893 0.190389
0.1 28.8979 10.0935 0.17206
0.1 30.4218 9.98105 0.159143
0.1 31.0608 10.0547 0.172056
0.1 31.67 10.3639 0.161711
0.1 32.8289 10.6423 0.150397
0.1 33.7957 10.5175 0.156443
0.1 34.3232 10.797 0.161402
0.1 35.0589 11.1364 0.163985
0.1 36.1396 11.1964 0.166059
0.1 37.0482 11.4909 0.161741
0.1 37.9969 11.5519 0.166334
0.1 39.1386 11.6468 0.16816
0.1 40.1758 11.7849 0.143691
0.1 40.8649 11.8904 0.145961
0.1 41.5859 12.2755 0.152655
0.1 42.7445 12.0713 0.152102
0.1 43.324 12.0242 0.153698
0.1 44.7028 12.3786 0.158418
0.1 45.8219 12.6717 0.152454
0.1 46.5358 12.6978 0.148405
0.1 47.5532 12.8405 0.141622
0.1 48.1606 12.8372 0.132005
0.1 49.0352 12.9817 0.141088
0.1 50.2246 13.1077 0.12509
0.1 51.3429 13.3898 0.122705
0.1 51.8134 13.4314 0.133727
0.1 52.9202 13.4458 0.122169
0.1 53.6107 13.8451 0.124734
0.1 55.0522 14.0175 0.118001
0.1 55.7201 13.9141 0.103046
0.1 56.6389 13.7845 0.0996906
0.1 57.317 14.2316 0.109808
0.1 58.3308 14.1341 0.109742
0.1 59.2934 14.5657 0.108143
0.1 60.3612 14.3294 0.11019
0.1 60.9099 14.5782 0.109772
0.1 62.2378 14.2841 0.100053
0.1 63.1704 14.6916 0.1043
0.1 64.1314 14.5599 0.130554
0.1 64.744 14.8592 0.097125
0.1 65.9733 15.082 0.0973463
0.1 66.9258 15.4249 0.0950564
0.1 67.5891 15.3257 0.0908713
0.1 68.3716 15.7272 0.106725
0.1 69.3444 15.4374 0.0942804
0.1 70.0152 15.5457 0.0955678
0.1 71.3939 15.5545 0.0959782
0.1 72.4502 15.8574 0.0952888
0.1 73.5616 16.0477 0.0981648
0.1 74.0034 15.8079 0.0975998
0.1 74.6662 15.9675 0.104534
0.1 75.7687 16.248 0.096765
0.1 76.8162 16.2412 0.0966138
0.1 77.7888 16.1132 0.0972871
0.1 78.7493 16.3628 0.10167
0.1 79.7401 16.3521 0.0898913
0.1 80.3868 16.6245 0.0911004
0.1 81.9846 17.0319 0.0956423
0.1 82.4906 16.4742 0.1149
0.1 83.2177 16.7421 0.103761
0.1 84.2876 16.6873 0.0897562
0.1 85.3431 17.4009 0.0895973
0.1 86.2617 17.5548 0.0800723
0.1 87.4819 17.4222 0.0927631
0.1 88.3018 17.3881 0.0837848
0.1 89.5748 17.4707 0.0970429
0.1 90.1345 17.0736 0.0824597
0.1 91.2782 17.2768 0.0879721
0.1 92.1881 17.4292 0.0902714
0.1 93.2363 17.7196 0.0932537
0.1 94.0413 17.9612 0.100685
0.1 94.7609 18.0427 0.0755634
0.1 95.8307 17.8215 0.087335
0.1 97.1897 17.8055 0.0728629
0.1 97.6702 17.9988 0.0874775
0.1 99.1197 18.1167 0.077688
0.1 99.9237 18.3135 0.0674554
0.1 100.968 18.1873 0.0617135
0.1 102.138 18.3755 0.0742256
0.1 102.807 18.5448 0.0658611
0.1 103.913 18.3182 0.0717534
0.1 104.975 18.4238 0.0672941
0.1 105.574 18.3879 0.0802988
0.1 106.31 18.6081 0.0651552
0.1 107.526 18.9576 0.0670513
0.1 108.459 18.9218 0.0788194
0.1 109.306 19.0082 0.0678469
0.1 110.088 19.1012 0.0707509
0.1 111.191 19.2193 0.0601156
0.1 112.395 19.1245 0.0766283
0.1 112.94 19.0445 0.0797041
0.1 113.866 19.2127 0.0713558
0.1 115.01 19.3411 0.0680077
0.1 115.939 19.2914 0.0682698
0.1 116.957 19.5007 0.0699441
0.1 117.931 19.4356 0.0598154
0.1 118.968 19.5292 0.0601223
0.1 120.005 19.561 0.0547327
0.1 121.073 19.6631 0.0720795
0.1 121.735 19.4259 0.0758257
0.1 122.71 19.8787 0.0814481
0.1 123.789 19.4062 0.0731454
0.1 124.528 19.7737 0.0649445
0.1 125.743 19.8775 0.0534554
0.1 126.694 20.052 0.0603052
0.1 127.435 20.1417 0.0693969
0.1 128.695 20.0213 0.0590104
0.1 129.499 19.9837 0.0630935
0.1 130.421 20.3633 0.0686212
0.1 131.441 20.3001 0.0702604
0.1 132.419 20.2482 0.0736492
0.1 133.416 20.4024 0.0635049
0.1 134.565 20.6344 0.0699213
0.1 135.787 20.6812 0.0644177
0.1 136.529 20.9058 0.0581031
0.1 137.478 20.498 0.0777249
0.1 138.346 20.7477 0.0683668
0.1 139.322 20.9746 0.0684708
0.1 140.908 20.8188 0.0608604
0.1 141.491 20.7102 0.06122
0.1 142.562 21.1331 0.0687159
0.1 143.804 21.2717 0.0654728
0.1 144.845 21.325 0.0718363
0.1 145.384 21.3312 0.0796871
0.1 146.424 21.3185 0.0797315
0.1 147.845 21.3319 0.0735501
0.1 149.049 21.7121 0.0628346
0.1 149.945 21.5395 0.0657312
0.1 150.691 21.5021 0.0615778
0.1 151.43 21.7996 0.0657892
0.1 152.4 22.0814 0.07039
0.1 153.665 21.6119 0.0771782
0.1 154.803 21.7893 0.073821
0.1 156.141 22.0154 0.0716081
0.1 157.086 22.3025 0.0748651
0.1 157.884 21.9032 0.0713146
0.1 158.92 22.2081 0.0744833
0.1 160.362 22.2974 0.0751518
0.1 161.42 22.1682 0.0753607
0.1 162.203 22.3997 0.0606713
0.1 163.31 22.6571 0.0684366
0.1 164.348 22.6103 0.0736761
0.1 165.415 22.6627 0.0714931
0.1 166.532 22.6774 0.0730765
0.1 168.14 22.8682 0.0832521
0.1 169.008 23.0223 0.0745333
0.1 170.162 23.2914 0.0719465
0.1 171.054 23.1395 0.0674127
0.1 172.052 23.1992 0.0666145
0.1 173.137 23.2828 0.0728472
0.1 174.299 23.0677 0.0649783
0.1 175.614 23.3623 0.0643719
0.1 176.559 23.6829 0.070557
0.1 177.798 23.4932 0.0639135
0.1 178.758 23.8386 0.0666994
0.1 179.891 23.5733 0.0749141
0.1 180.837 23.9317 0.0723231
0.1 182.209 23.9731 0.0721311
0.1 183.442 23.9119 0.0640417
0.1 184.442 23.8655 0.0704055
0.1 185.465 24.0813 0.0706422
0.1 186.599 24.1405 0.0599551
0.1 187.572 24.4202 0.0640645
0.1 188.663 24.3912 0.0686057
0.1 189.926 24.397 0.0654721
0.1 191.456 24.3647 0.0678896
0.1 191.978 24.8158 0.0616274
0.1 193.311 24.841 0.0694165
0.1 194.453 24.8493 0.0627698
0.1 195.85 25.0657 0.0661019
0.1 196.696 24.7251 0.0542951
0.1 197.737 24.5716 0.0599169
0.1 199.021 25.1758 0.062587
0.1 200.234 25.1285 0.0578794
0.1 201.058 25.3082 0.0658457
0.1 202.248 25.3927 0.0739257
0.1 203.04 25.451 0.0767401
0.1 204.388 25.6172 0.0796485
0.1 205.349 25.186 0.0794106
0.1 206.687 25.4997 0.068281
0.1 207.47 25.906 0.0734306
0.1 209.057 25.5872 0.0714514
0.1 210.537 25.9792 0.0633484
0.1 211.393 25.9753 0.0627571
0.1 212.292 26.1062 0.0737966
0.1 213.333 25.9954 0.0744452
0.1 214.401 26.1194 0.0762375
0.1 215.637 26.3619 0.0704378
0.1 216.817 26.0839 0.0703167
0.1 217.91 26.1048 0.0681214
0.1 218.914 26.4327 0.0705824
0.1 220.179 26.2893 0.0736216
0.1 221.289 26.2927 0.0779365
0.1 222.52 26.5366 0.0726814
0.1 223.47 26.7394 0.0750124
0.1 224.371 26.853 0.0747068
0.1 225.176 26.671 0.0721648
0.1 226.084 26.8695 0.0821545
0.1 227.264 27.1708 0.088732
0.1 228.511 27.1463 0.0922776
0.1 229.503 27.3646 0.0793545
0.1 230.8 27.3112 0.0769856
0.1 231.861 27.482 0.0754651
0.1 232.883 27.4001 0.0924139
0.1 234.189 27.7785 0.0799727
0.1 235.613 27.7865 0.0775102
0.1 236.402 27.6886 0.0726559
0.1 237.306 27.6848 0.0776898
0.1 238.343 27.8074 0.0777923
0.1 239.446 28.0282 0.0774684
0.1 240.445 28.1466 0.0783375
0.1 241.583 28.021 0.078429
0.1 242.313 28.2066 0.0783215
0.1 243.648 28.3136 0.075742
0.1 244.788 28.2451 0.0735064
0.1 245.468 28.3997 0.0862594
0.1 246.782 28.4132 0.0796974
0.1 247.919 28.9975 0.0725237
0.1 248.227 28.6955 0.0819062
0.1 249.306 28.4491 0.0738829
0.1 250.106 28.5356 0.0775579
0.1 250.818 28.7165 0.077114
0.1 251.935 28.6719 0.0632966
0.1 252.744 28.9355 0.0544141
0.1 253.778 29.0941 0.0435797
0.1 254.51 28.8696 0.030738
0.1 255.373 28.9621 0.00409607
0.1 255.309 29.0548 -3.71279e-05
0.1 255.774 29.512 6.26748
0.1 256.938 29.279 6.24892
0.1 257.786 29.0885 6.21726
0.1 258.522 29.1668 6.19374
0.1 259.131 29.0198 6.19586
0.1 259.626 28.8864 6.16919
0.1 260.148 28.6633 6.14266
0.1 260.923 28.3041 6.11795
0.1 261.944 28.1937 6.08722
0.1 262.358 27.9383 6.05663
0.1 262.979 28.1779 6.01838
0.1 263.93 27.8205 5.96273
0.1 264.671 27.2367 5.93112
0.1 265.262 27.3032 5.92202
0.1 265.732 26.8865 5.89665
0.1 266.641 26.4678 5.84613
0.1 267.439 26.205 5.83346
0.1 267.888 25.8798 5.80322
0.1 268.33 25.4945 5.78061
0.1 268.851 25.1449 5.74012
0.1 269.315 24.6412 5.72047
0.1 269.847 24.2597 5.68407
0.1 270.354 23.849 5.66405
0.1 270.657 23.3894 5.63087
0.1 271.294 22.8239 5.59758
0.1 271.7 22.5497 5.565
0.1 272.24 22.0465 5.52794
0.1 272.666 21.4697 5.51083
0.1 273.315 21.1139 5.49097
0.1 273.501 20.4701 5.45926
0.1 273.941 20.0944 5.42564
0.1 274.683 19.4762 5.39426
0.1 274.946 18.9008 5.36163
0.1 275.333 18.3803 5.31816
0.1 275.501 17.7196 5.28896
0.1 275.805 17.0351 5.27725
0.1 276.167 16.5525 5.24923
0.1 276.852 15.8365 5.21431
0.1 277.032 15.3942 5.15551
0.1 277.139 14.3167 5.13335
0.1 277.511 13.7069 5.11071
0.1 277.729 13.5291 5.08593
0.1 277.809 12.6672 5.05875
0.1 278.392 12.2047 5.00981
0.1 278.151 11.1299 4.97851
0.1 278.314 10.2103 4.95575
0.1 278.559 9.81705 4.91839
0.1 278.417 9.18643 4.89513
0.1 278.621 8.16214 4.86503
0.1 278.747 7.34688 4.82956
0.1 279.275 7.30635 4.80762
0.1 279.029 5.80691 4.77474
0.1 278.797 5.17333 4.73051
0.1 278.588 4.64712 4.69618
0.1 278.813 4.03708 4.68013
0.1 278.769 3.19644 4.64956
0.1 278.434 2.92689 4.61491
0.1 278.727 1.51748 4.58693
0.1 278.566 1.29495 4.56946
0.1 278.63 0.491457 4.5476
0.1 278.122 0.134103 4.51635
0.1 278.284 -0.736902 4.47857
0.1 277.928 -1.40151 4.4399
0.1 277.345 -2.7203 4.40202
0.1 277.234 -3.11843 4.37104
0.1 276.696 -3.73476 4.33595
0.1 276.791 -4.6193 4.30773
0.1 276.335 -4.76183 4.28154
0.1 275.411 -5.99345 4.24557
0.1 275.576 -6.67523 4.22318
0.1 275.347 -7.29939 4.17891
0.1 274.321 -7.88687 4.14076
0.1 274.112 -8.72291 4.1093
0.1 273.601 -9.15282 4.08723
0.1 273.355 -10.0915 4.05033
0.1 272.664 -10.4771 4.01805
0.1 271.966 -10.6065 3.98251
0.1 271.065 -11.5898 3.95042
0.1 270.763 -11.8192 3.92606
0.1 270.115 -12.6711 3.89393
0.1 269.384 -13.2748 3.85575
0.1 268.772 -13.7004 3.8366
0.1 268.1 -14.0435 3.79092
0.1 267.594 -14.3547 3.7635
0.1 266.75 -14.8446 3.73353
0.1 265.809 -15.3452 3.70313
0.1 265.368 -15.6265 3.66382
0.1 264.78 -16.2287 3.63836
0.1 263.903 -16.4191 3.61053
0.1 263.454 -16.6943 3.57344
0.1 262.463 -16.8806 3.5429
0.1 261.618 -17.2197 3.51832
0.1 261.059 -17.4441 3.4929
0.1 260.433 -17.8256 3.44806
0.1 259.362 -18.2189 3.41503
0.1 258.558 -18.3581 3.38896
0.1 257.378 -18.1028 3.35444
0.1 256.856 -18.384 3.31471
0.1 255.899 -18.6803 3.2862
0.1 255.186 -18.6473 3.26365
0.1 254.513 -18.8323 3.23211
0.1 253.553 -18.9125 3.19488
0.1 252.77 -18.6592 3.16021
0.1 251.904 -18.5572 3.12859
0.1 250.397 -18.3598 3.09049
0.1 249.927 -18.2396 3.07845
0.1 249.063 -18.1731 3.04919
0.1 248.448 -18.1972 3.03139
0.1 247.544 -17.9067 2.9984
0.1 246.85 -17.9231 2.9865
0.1 245.832 -17.9093 2.97212
0.1 245.168 -17.7389 2.95907
0.1 244.208 -17.4892 2.95246
0.1 243.233 -17.1634 2.92851
0.1 242.376 -17.0554 2.93669
0.1 241.418 -16.9164 2.91879
0.1 240.528 -16.3723 2.91241
0.1 240.009 -16.4555 2.91219
0.1 238.793 -16.1903 2.91404
0.1 237.879 -15.5912 2.90599
0.1 236.596 -15.5019 2.89804
0.1 235.589 -15.6063 2.89829
0.1 234.588 -15.3417 2.90389
0.1 233.606 -15.1116 2.89463
0.1 232.777 -14.6353 2.8983
0.1 231.766 -14.5441 2.90037
0.1 231.31 -14.467 2.91349
0.1 229.723 -14.0644 2.9044
0.1 228.762 -14.0581 2.89773
0.1 228.083 -13.6695 2.90486
0.1 227.03 -13.1488 2.91552
0.1 225.724 -12.8694 2.91114
0.1 224.933 -12.8864 2.92347
0.1 224.352 -12.4973 2.93501
0.1 223.188 -12.3433 2.92648
0.1 221.728 -12.0255 2.94808
0.1 221.209 -11.659 2.94775
0.1 219.921 -11.7901 2.94957
0.1 218.69 -11.4832 2.95462
0.1 217.488 -11.3382 2.96989
0.1 216.995 -10.9805 2.9839
0.1 215.654 -11.2607 2.99282
0.1 214.633 -10.8197 3.00326
0.1 213.437 -10.7041 3.00626
0.1 212.32 -10.4896 3.01436
0.1 211.024 -10.6793 3.02808
0.1 209.896 -10.4388 3.02608
0.1 208.753 -10.1818 3.03732
0.1 207.661 -10.1918 3.0427
0.1 206.447 -10.4017 3.06149
0.1 205.698 -10.4213 3.07541
0.1 204.328 -9.75521 3.07763
0.1 203.335 -10.0211 3.08569
0.1 202.083 -9.93068 3.09417
0.1 201.263 -9.9233 3.10993
0.1 199.848 -9.71789 3.11333
0.1 199.077 -9.86853 3.1222
0.1 197.879 -9.6047 3.1335
0.1 196.445 -10.0024 3.14342
0.1 195.182 -9.79583 3.15183
0.1 194.169 -9.78054 3.15093
0.1 193.435 -9.93595 3.16254
0.1 191.986 -9.34091 3.16083
0.1 190.965 -9.96175 3.17049
0.1 189.915 -9.83312 3.18438
0.1 188.449 -9.9189 3.18131
0.1 187.656 -9.71806 3.18895
0.1 185.918 -9.90739 3.19598
0.1 184.825 -10.1858 3.19403
0.1 183.727 -10.2351 3.20218
0.1 182.483 -9.99685 3.1942
0.1 181.176 -10.2618 3.20235
0.1 180.019 -10.1996 3.21661
0.1 178.712 -10.4097 3.2178
0.1 178.187 -10.6496 3.21894
0.1 176.654 -10.6532 3.22476
0.1 175.194 -10.8211 3.22009
0.1 174.341 -11.0066 3.22925
0.1 173.369 -10.9664 3.23452
0.1 172.101 -11.3797 3.23561
0.1 171.083 -11.1165 3.24228
0.1 169.907 -11.0137 3.24285
0.1 168.66 -11.1338 3.24169
0.1 167.636 -11.3255 3.24174
0.1 166.663 -11.5341 3.25273
0.1 165.643 -11.8133 3.27169
0.1 164.234 -12.0641 3.26147
0.1 163.372 -12.2105 3.27206
0.1 162.35 -12.3876 3.27872
0.1 161.065 -12.2129 3.28571
0.1 159.862 -12.3342 3.28106
0.1 158.72 -12.5493 3.28917
0.1 157.709 -13.2918 3.30158
0.1 156.787 -13.3198 3.30271
0.1 155.474 -13.5081 3.29628
0.1 154.302 -13.4114 3.29652
0.1 153.253 -13.7625 3.29972
0.1 152.389 -13.7714 3.31507
0.1 151.346 -14.0332 3.32509
0.1 150.527 -14.145 3.3238
0.1 149.687 -14.4695 3.33482
0.1 148.348 -14.4836 3.33193
0.1 147.643 -14.7913 3.33701
0.1 146.249 -14.931 3.34448
0.1 145.663 -15.1191 3.34615
0.1 144.286 -15.34 3.3418
0.1 142.883 -15.9289 3.35044
0.1 141.595 -15.9199 3.34398
0.1 141.285 -16.1227 3.34619
0.1 139.801 -16.3215 3.34752
0.1 138.613 -16.5571 3.34916
0.1 137.708 -16.5615 3.35529
0.1 137.091 -17.3633 3.35572
0.1 135.749 -17.1912 3.34599
0.1 134.651 -17.3999 3.3603
0.1 133.821 -17.6456 3.37678
0.1 133.023 -17.8665 3.37847
0.1 132.095 -18.2755 3.38227
0.1 131.098 -18.5414 3.38933
0.1 130.469 -18.8006 3.3813
0.1 129.457 -18.8589 3.37587
0.1 128.367 -19.1598 3.37995
0.1 127.099 -19.6871 3.39321
0.1 125.915 -19.9249 3.39225
0.1 125.117 -19.9215 3.39643
0.1 123.961 -20.4438 3.39267
0.1 122.953 -20.4719 3.38955
0.1 121.772 -20.6764 3.3898
0.1 120.77 -20.6976 3.39912
0.1 119.713 -20.9947 3.38731
0.1 118.556 -21.4388 3.38759
0.1 117.667 -21.9401 3.39133
0.1 117.095 -21.9445 3.39339
0.1 116.12 -22.4027 3.40804
0.1 115.026 -22.8902 3.39246
0.1 113.606 -22.8964 3.39084
0.1 112.579 -23.2251 3.40458
0.1 111.864 -23.2772 3.39158
0.1 111.089 -23.5601 3.40869
0.1 110.252 -23.4702 3.41679
0.1 108.53 -24.1699 3.41008
0.1 107.988 -24.0736 3.41312
0.1 107.187 -24.3147 3.41108
0.1 106.527 -25.0362 3.41777
0.1 105.326 -25.2895 3.40468
0.1 104.384 -25.5942 3.41881
0.1 103.405 -25.7851 3.40792
0.1 102.492 -26.0329 3.41169
0.1 101.586 -26.173 3.42477
0.1 100.515 -26.489 3.42531
0.1 99.6756 -26.8815 3.43141
0.1 98.4952 -27.3597 3.44084
0.1 97.6952 -27.3297 3.44894
0.1 96.5322 -27.6298 3.466
0.1 95.9198 -27.9573 3.47726
0.1 95.0275 -28.0565 3.49116
0.1 93.815 -28.817 3.49048
0.1 93.2613 -28.8303 3.50609
0.1 92.3298 -29.5796 3.51927
0.1 91.3558 -29.9778 3.52105
0.1 90.3526 -30.0314 3.52727
0.1 89.7805 -30.7033 3.5399
0.1 88.6099 -30.7798 3.55713
0.1 87.764 -30.9465 3.56806
0.1 87.241 -31.4931 3.57803
0.1 86.1753 -32.1292 3.58488
0.1 85.4547 -32.6318 3.6031
0.1 84.4324 -33.0115 3.61635
0.1 83.62 -33.5609 3.62704
0.1 83.0279 -34.104 3.63718
0.1 82.4363 -34.3788 3.65318
0.1 81.2543 -34.5268 3.6654
0.1 80.3902 -35.2978 3.67986
0.1 79.387 -35.7138 3.70053
0.1 78.7727 -36.1909 3.70672
0.1 77.9406 -36.7094 3.72026
0.1 77.0148 -37.4693 3.72865
0.1 76.2089 -38.0534 3.73025
0.1 75.5877 -38.4044 3.738
0.1 75.0463 -39.553 3.74831
0.1 74.1902 -39.9009 3.75833
0.1 73.332 -40.3151 3.77591
0.1 72.3923 -40.8904 3.78341
0.1 71.8756 -41.4925 3.79297
0.1 71.1469 -41.8964 3.80255
0.1 70.1069 -42.2525 3.81138
0.1 69.4375 -43.0082 3.81223
0.1 68.8926 -43.8542 3.81928
0.1 68.2854 -44.2831 3.82468
0.1 67.1502 -45.0161 3.83302
0.1 66.6203 -45.4357 3.8434
0.1 65.8412 -46.304 3.85042
0.1 65.0045 -46.6061 3.85846
0.1 64.4979 -47.4882 3.86554
0.1 63.6594 -48.0563 3.8637
0.1 63.0825 -48.6681 3.88637
0.1 62.2223 -49.4099 3.89491
0.1 61.3644 -49.9102 3.8976
0.1 60.6201 -50.8355 3.8976
0.1 60.2597 -51.7341 3.90553
0.1 59.5979 -52.2531 3.90963
0.1 58.9757 -52.6496 3.92048
0.1 58.1716 -53.7058 3.9158
0.1 57.2451 -53.8895 3.92663
0.1 56.9501 -54.8556 3.92785
0.1 56.2937 -55.8698 3.92962
0.1 55.3207 -56.037 3.93488
0.1 54.7307 -56.9264 3.93094
0.1 53.9397 -57.7078 3.93544
0.1 53.0601 -58.2499 3.93041
0.1 52.6957 -59 3.93917
0.1 51.7035 -60.1523 3.93547
0.1 50.8843 -60.5266 3.93661
0.1 50.3969 -61.1547 3.93637
0.1 49.9983 -61.6363 3.94574
0.1 49.3016 -62.4272 3.94539
0.1 48.5225 -63.0368 3.94825
0.1 47.6817 -63.859 3.94764
0.1 47.3763 -64.5105 3.94513
0.1 46.5717 -65.2608 3.93564
0.1 45.8233 -66.1953 3.93756
0.1 45.3641 -66.767 3.94201
0.1 44.7047 -67.3995 3.93524
0.1 43.9509 -68.1052 3.94282
0.1 43.4222 -68.6981 3.93678
0.1 42.7183 -69.032 3.94452
0.1 42.1421 -69.9945 3.93815
0.1 41.4121 -70.6139 3.93769
0.1 41.1269 -71.2433 3.93708
0.1 40.1264 -71.9893 3.9302
0.1 39.4359 -72.5952 3.93423
0.1 38.709 -73.2658 3.92651
0.1 38.6085 -73.7402 3.93674
0.1 37.6071 -74.3805 3.93657
0.1 37.0308 -74.9385 3.93143
0.1 36.2831 -75.4343 3.93475
0.1 35.8279 -76.3256 3.93104
0.1 35.3117 -77.0385 3.93368
0.1 34.9181 -77.503 3.92894
0.1 33.8898 -78.1202 3.91949
0.1 33.0244 -78.83 3.91873
0.1 32.4235 -79.1878 3.91767
0.1 32.0596 -79.844 3.91539
0.1 31.5172 -80.3463 3.91027
0.1 30.9532 -81.0556 3.90432
0.1 30.2025 -81.7164 3.88606
0.1 29.3684 -82.0493 3.88727
0.1 28.8692 -82.7557 3.88396
0.1 28.4906 -83.2473 3.87678
0.1 27.9309 -83.6216 3.86705
0.1 26.5801 -84.0277 3.86169
0.1 26.2937 -84.9489 3.8467
0.1 25.9672 -85.1971 3.83584
0.1 25.5414 -86.2066 3.83218
0.1 24.6528 -86.0726 3.80934
0.1 24.2795 -86.8334 3.80204
0.1 23.2995 -87.2893 3.79121
0.1 22.7375 -87.4696 3.77508
0.1 22.0592 -88.3097 3.76518
0.1 21.5322 -88.7401 3.7476
0.1 21.0494 -88.9064 3.72747
0.1 20.1646 -89.2427 3.71414
0.1 19.1712 -89.4794 3.69112
0.1 19.0045 -89.7631 3.69249
0.1 18.7869 -90.3595 3.67794
0.1 18.1404 -90.5007 3.66236
0.1 17.1668 -90.9245 3.6623
0.1 16.5217 -91.393 3.62957
0.1 15.526 -91.7175 3.60693
0.1 14.971 -91.8145 3.6016
0.1 14.096 -92.2549 3.59137
0.1 13.785 -93.1242 3.55486
0.1 13.3488 -93.0836 3.55522
0.1 12.7826 -92.969 3.54502
0.1 12.0814 -93.1176 3.5266
0.1 11.3384 -93.4741 3.51109
0.1 10.4401 -93.7393 3.49268
0.1 9.98177 -94.0971 3.4779
0.1 9.31606 -94.1152 3.46865
0.1 8.58969 -94.6282 3.445
0.1 8.30264 -94.3549 3.42208
0.1 7.77772 -94.7855 3.39639
0.1 7.1102 -94.931 3.38961
0.1 6.29156 -94.9772 3.38073
0.1 5.88261 -94.997 3.36478
0.1 4.99853 -95.3493 3.33211
0.1 4.95183 -95.4074 3.3171
0.1 4.33415 -95.7093 3.29246
0.1 3.43541 -95.7942 3.27777
0.1 2.93156 -95.4793 3.26539
0.1 2.54079 -95.7644 3.25921
0.1 1.9116 -95.8583 3.21491
0.1 1.41913 -95.3582 3.21634
0.1 0.866034 -95.7542 3.18811
0.1 -0.115035 -95.8199 3.16424
0.1 -0.45323 -95.4157 3.15313
0.1 -1.46446 -95.7992 3.13274
0.1 -1.67836 -96.0137 3.12031
0.1 -1.90194 -95.8953 3.09884
0.1 -2.28114 -95.7308 3.10247
0.1 -3.19342 -95.8151 3.08663
0.1 -3.97336 -95.6541 3.07084
0.1 -4.70974 -95.1391 3.05615
0.1 -5.16552 -95.6051 3.05304
0.1 -5.6253 -95.0705 3.03799
0.1 -6.07964 -95.3153 3.02503
0.1 -7.10075 -95.0561 3.00481
0.1 -7.4937 -95.4324 2.99393
0.1 -7.99105 -95.1266 2.9778
0.1 -8.66981 -95.101 2.9639
0.1 -9.14393 -94.6011 2.95622
0.1 -9.73445 -94.4535 2.94296
0.1 -10.6673 -94.4685 2.92258
0.1 -11.2966 -94.3879 2.92062
0.1 -11.6874 -93.9395 2.90452
0.1 -12.4791 -94.0786 2.87844
0.1 -13.2837 -93.9829 2.86837
0.1 -13.8321 -93.4669 2.85316
0.1 -14.4448 -93.0548 2.83241
0.1 -15.0233 -92.9918 2.81556
0.1 -16.0894 -92.7813 2.79142
0.1 -16.4247 -92.7786 2.77481
0.1 -17.414 -92.3273 2.76192
0.1 -17.7762 -92.0302 2.75606
0.1 -18.2201 -91.581 2.72596
0.1 -19.1052 -91.2211 2.70736
0.1 -19.8549 -91.1126 2.69574
0.1 -20.083 -91.0065 2.68146
0.1 -20.8301 -90.6488 2.66828
0.1 -21.5478 -90.1005 2.64593
0.1 -22.1864 -89.8881 2.62982
0.1 -22.6716 -89.7101 2.61474
0.1 -23.0389 -88.7009 2.58864
0.1 -23.9668 -88.6738 2.57862
0.1 -24.5151 -88.1663 2.56749
0.1 -25.3099 -87.9168 2.55015
0.1 -25.6935 -87.2964 2.52819
0.1 -25.9914 -86.8443 2.51665
0.1 -26.6669 -86.4656 2.4952
0.1 -27.3833 -86.2452 2.47799
0.1 -27.8608 -85.5431 2.46195
0.1 -28.2801 -85.4449 2.43209
0.1 -28.8669 -84.9058 2.42008
0.1 -29.5896 -84.2579 2.39584
0.1 -30.1106 -83.9763 2.36829
0.1 -31.0912 -82.9068 2.34198
0.1 -31.4972 -82.8196 2.32332
0.1 -31.6103 -81.9602 2.3015
0.1 -32.2377 -81.4831 2.27575
0.1 -32.5024 -80.5942 2.23651
0.1 -32.8161 -80.4254 2.24013
0.1 -33.288 -79.4992 2.2154
0.1 -33.5939 -78.733 2.19207
0.1 -34.0848 -78.3232 2.16483
0.1 -34.3242 -77.7256 2.12984
0.1 -34.9067 -77.1455 2.11325
0.1 -35.2709 -76.2848 2.09442
0.1 -35.5755 -75.829 2.07644
0.1 -35.8427 -74.882 2.05728
0.1 -36.3321 -74.2399 2.03289
0.1 -36.9687 -73.5602 2.00811
0.1 -36.5368 -72.8177 1.99506
0.1 -37.095 -72.2151 1.9664
0.1 -37.3254 -71.1613 1.94772
0.1 -37.4428 -70.5212 1.93277
0.1 -37.6002 -70.136 1.91155
0.1 -37.8419 -69.3503 1.90353
0.1 -38.4074 -68.0937 1.87762
0.1 -38.9285 -67.5954 1.86221
0.1 -38.8959 -66.689 1.8392
0.1 -38.8588 -66.2553 1.82492
0.1 -39.3128 -65.3627 1.80988
0.1 -39.4779 -64.7137 1.78682
0.1 -39.3578 -63.7095 1.77955
0.1 -39.6348 -62.9852 1.75806
0.1 -39.6058 -62.3098 1.7462
0.1 -39.6698 -61.2146 1.7331
0.1 -39.8692 -60.8424 1.71998
0.1 -40.1887 -60.0192 1.70658
0.1 -40.4585 -59.1329 1.69242
0.1 -40.4054 -57.9786 1.67234
0.1 -40.3352 -57.6214 1.66819
0.1 -40.2296 -56.9567 1.65349
0.1 -40.3541 -56.1835 1.6503
0.1 -40.4279 -55.1011 1.63451
0.1 -40.6227 -54.1253 1.6244
0.1 -40.5742 -53.1258 1.61426
0.1 -40.3643 -53.0892 1.59978
0.1 -40.6026 -51.7375 1.59203
0.1 -40.3995 -50.659 1.58102
0.1 -40.0204 -50.7001 1.56543
0.1 -40.3376 -49.6646 1.55321
0.1 -40.3356 -48.8243 1.55603
0.1 -40.5123 -47.7952 1.54467
0.1 -40.436 -47.1039 1.53586
0.1 -40.0704 -46.362 1.51122
0.1 -39.855 -44.9366 1.502
0.1 -39.9625 -44.2076 1.47977
0.1 -40.119 -43.7307 1.47881
0.1 -39.8948 -42.7583 1.47174
0.1 -40.0939 -42.0942 1.45157
0.1 -39.5428 -41.062 1.4567
0.1 -39.6325 -40.191 1.42791
0.1 -39.7001 -39.4633 1.41973
0.1 -39.394 -38.6407 1.40185
0.1 -39.1593 -38.095 1.39914
0.1 -38.8295 -37.1285 1.38947
0.1 -38.982 -36.2545 1.36234
0.1 -38.6786 -35.369 1.34837
0.1 -38.3283 -34.7734 1.33021
0.1 -38.072 -33.96 1.32568
0.1 -38.16 -32.8795 1.30257
0.1 -37.8814 -32.3791 1.29056
0.1 -37.3046 -31.9129 1.28233
0.1 -37.3634 -31.1064 1.25972
0.1 -37.2368 -30.2178 1.25009
0.1 -36.9979 -29.1699 1.23494
0.1 -36.5269 -28.7724 1.22085
0.1 -36.254 -28.0184 1.20979
0.1 -36.1142 -27.1936 1.1965
0.1 -35.9365 -26.432 1.18397
0.1 -35.4471 -25.8268 1.16067
0.1 -35.2077 -25.0357 1.15904
0.1 -34.7432 -24.4555 1.15749
0.1 -34.7956 -23.5702 1.13069
0.1 -34.2154 -22.9149 1.11681
0.1 -33.6379 -22.0957 1.11153
0.1 -33.225 -21.6693 1.09182
0.1 -32.8158 -20.8989 1.06746
0.1 -32.3126 -20.0913 1.06763
0.1 -32.0283 -19.3401 1.05143
0.1 -31.5183 -18.7887 1.03858
0.1 -31.3184 -17.9006 1.0173
0.1 -31.0478 -17.4647 0.998353
0.1 -30.2169 -16.5719 0.97521
0.1 -29.9609 -16.1391 0.967749
0.1 -29.1957 -15.5273 0.956465
0.1 -28.6308 -14.9895 0.938574
0.1 -28.189 -14.0831 0.921757
0.1 -27.8229 -13.4221 0.903873
0.1 -27.4078 -12.4737 0.882339
0.1 -26.8593 -12.2534 0.868956
0.1 -26.2719 -11.7703 0.856333
0.1 -26.2663 -10.795 0.822812
0.1 -25.4885 -10.2357 0.819783
0.1 -24.7011 -9.80088 0.797738
0.1 -23.9631 -9.17055 0.783468
0.1 -23.4518 -8.54815 0.765214
0.1 -22.8798 -8.02232 0.751325
0.1 -22.1608 -7.61429 0.736187
0.1 -21.2402 -7.17002 0.71493
0.1 -20.6973 -6.6854 0.698447
0.1 -19.7054 -5.97191 0.673275
0.1 -18.9499 -5.25883 0.656153
0.1 -18.3249 -4.73803 0.639326
0.1 -17.7581 -4.24271 0.616325
0.1 -16.9331 -3.94805 0.604137
0.1 -16.218 -3.45082 0.58447
0.1 -15.8797 -3.16922 0.580424
0.1 -14.9581 -2.68697 0.550759
0.1 -14.7564 -2.09798 0.553668
0.1 -13.3668 -1.53532 0.520309
0.1 -12.7622 -1.22086 0.494706
0.1 -11.9229 -0.857451 0.481804
0.1 -11.2472 -0.534991 0.481621
0.1 -10.4118 -0.0884304 0.462335
0.1 -9.52327 0.444254 0.440666
0.1 -8.52977 0.916151 0.43033
0.1 -7.82324 1.10618 0.405964
0.1 -7.23557 0.946683 0.391528
0.1 -6.04624 1.84152 0.38591
0.1 -5.32352 1.86595 0.364396
0.1 -4.47481 2.24148 0.360784
0.1 -3.74903 2.42581 0.343533
0.1 -2.71623 2.85012 0.33755
0.1 -1.55468 3.17579 0.324234
0.1 -0.800706 3.45306 0.306294
0.1 0.187404 3.72724 0.29722
0.1 1.0977 4.17668 0.285604
0.1 1.86821 4.59681 0.284722
0.1 2.88759 4.56259 0.289506
0.1 3.74947 4.65415 0.291237
0.1 4.35949 4.9176 0.285204
0.1 5.56486 5.19674 0.278105
0.1 6.76262 5.32222 0.275599
0.1 7.51417 5.65296 0.282991
0.1 8.26895 5.98785 0.262122
0.1 9.3203 5.96638 0.26224
0.1 9.94457 6.50943 0.263631
0.1 11.0519 6.74413 0.248219
0.1 12.1713 7.09514 0.236592
0.1 13.3039 7.24653 0.231736
0.1 14.4346 7.39573 0.236381
0.1 15.1903 7.84083 0.22299
0.1 16.1196 8.00364 0.208711
0.1 17.4473 8.07411 0.196782
0.1 18.585 8.26534 0.19214
0.1 19.5068 8.55649 0.194541
0.1 20.5519 8.96574 0.173957
0.1 21.4807 8.91088 0.177726
0.1 22.408 9.3388 0.175916
0.1 23.6569 9.16761 0.16249
0.1 24.4643 9.61566 0.173902
0.1 25.4989 9.6952 0.164789
0.1 26.6456 9.62963 0.155407
0.1 27.641 9.99811 0.149943
0.1 28.2297 10.1491 0.153165
0.1 29.534 10.0348 0.145033
0.1 30.6366 10.5026 0.155138
0.1 31.9255 10.5946 0.151348
0.1 33.1007 10.7383 0.145953
0.1 34.1782 10.8672 0.149591
0.1 35.5635 11.1926 0.14537
0.1 36.0088 11.164 0.149669
0.1 37.3048 11.5259 0.153539
0.1 38.6281 11.4869 0.151981
0.1 39.5796 11.6034 0.149081
0.1 40.5449 11.9321 0.146011
0.1 41.4821 11.9476 0.151793
0.1 42.8074 12.3198 0.148477
0.1 43.773 12.2787 0.150869
0.1 44.8778 12.4937 0.151401
0.1 46.0886 12.4614 0.142371
0.1 47.2009 12.5876 0.138741
0.1 47.7915 12.3923 0.152111
0.1 49.0022 12.6635 0.150171
0.1 50.3391 13.0906 0.146715
0.1 51.329 13.219 0.146246
0.1 52.4953 13.3944 0.140854
0.1 53.7292 13.6385 0.14902
0.1 54.3321 14.2106 0.148964
0.1 55.4968 14.1272 0.140909
0.1 56.795 14.1477 0.143288
0.1 57.81 14.2363 0.142816
0.1 58.8611 14.5608 0.138443
0.1 59.7362 14.7468 0.155821
0.1 60.6812 14.5786 0.135896
0.1 61.8134 14.8699 0.13738
0.1 63.1887 14.8986 0.138653
0.1 63.7621 15.0736 0.132397
0.1 64.8774 15.5916 0.129124
0.1 65.7602 15.6253 0.124696
0.1 67.131 15.7932 0.135073
0.1 68.038 16.0403 0.135212
0.1 68.9294 16.0053 0.139594
0.1 69.9008 15.7238 0.124255
0.1 71.4547 15.9968 0.124893
0.1 72.4033 16.1266 0.114295
0.1 73.4218 16.2897 0.123197
0.1 74.4182 16.2389 0.130183
0.1 75.5148 16.74 0.105227
0.1 76.6746 16.9103 0.119365
0.1 77.2361 17.1753 0.102014
0.1 78.461 17.0553 0.108968
0.1 79.6457 17.1942 0.11489
0.1 80.4225 17.1903 0.112868
0.1 81.7517 17.496 0.115944
0.1 82.8308 17.3828 0.0990513
0.1 83.7446 18.0239 0.0955886
0.1 84.6468 17.4151 0.0681272
0.1 86.0119 17.7786 0.0876784
0.1 86.6251 17.8331 0.0827714
0.1 87.7187 17.8118 0.0773772
0.1 88.8748 18.1674 0.0786263
0.1 89.9514 18.0541 0.0801645
0.1 91.2587 18.5046 0.0763673
0.1 91.8202 17.9243 0.0724672
0.1 92.9243 18.6491 0.0616354
0.1 94.351 18.4922 0.0636585
0.1 95.3263 18.4855 0.072495
0.1 96.22 18.3246 0.0600449
0.1 97.0374 18.7769 0.0727352
0.1 98.0941 18.8295 0.0720086
0.1 99.3099 18.5932 0.0681476
0.1 99.8281 18.9236 0.0715366
0.1 101.042 18.75 0.0620567
0.1 102.043 18.9712 0.0646312
0.1 102.921 18.9417 0.0723839
0.1 104.481 19.1807 0.0671953
0.1 105.434 19.0408 0.0623351
0.1 106.154 19.1104 0.0656063
0.1 106.87 18.8434 0.0617481
0.1 108.103 19.2318 0.0604869
0.1 109.093 19.1961 0.061976
0.1 109.9 19.2846 0.0695089
0.1 111.4 19.5412 0.0607788
0.1 112.146 19.4215 0.0680391
0.1 113.017 19.1856 0.0610878
0.1 114.18 19.7964 0.048782
0.1 115.021 19.3895 0.0554632
0.1 116.477 19.6625 0.0372395
0.1 117.603 19.861 0.0541723
0.1 118.263 19.9543 0.0561103
0.1 119.088 19.9144 0.0585971
0.1 120.604 19.8905 0.0575931
0.1 121.178 19.9817 0.0527762
0.1 122.008 20.3106 0.0676726
0.1 123.131 19.8509 0.051999
0.1 124.562 20.1369 0.0570374
0.1 125.46 20.2296 0.0631307
0.1 126.504 20.8683 0.0549907
0.1 127.188 20.6035 0.0672584
0.1 128.616 20.6092 0.0601983
0.1 129.651 20.2998 0.0542608
0.1 130.453 20.7157 0.046422
0.1 131.491 20.8045 0.0625831
0.1 132.603 20.7795 0.0560544
0.1 133.653 20.7399 0.0611054
0.1 134.651 20.8565 0.060287
0.1 135.462 20.8427 0.0612027
0.1 136.732 20.9374 0.0587234
0.1 137.823 21.1753 0.0547933
0.1 138.705 21.0196 0.0669825
0.1 139.87 21.3549 0.0550781
0.1 140.834 20.9937 0.066875
0.1 141.808 21.2284 0.069518
0.1 142.721 20.978 0.0689354
0.1 144.52 21.2536 0.0630594
0.1 145.151 21.3881 0.0543584
0.1 146.175 21.4955 0.0703309
0.1 147.183 21.4512 0.0793571
0.1 148.21 21.9214 0.0816376
0.1 149.292 21.6962 0.0801628
0.1 150.274 21.5458 0.0812725
0.1 151.538 21.8053 0.0748003
0.1 152.188 21.8101 0.0841984
0.1 153.009 22.2098 0.0831677
0.1 154.29 22.0861 0.0888834
0.1 155.205 22.1809 0.0875267
0.1 156.748 22.1395 0.0835807
0.1 157.342 22.4972 0.0809158
0.1 158.355 22.4429 0.0785891
0.1 159.553 22.5962 0.0812324
0.1 160.931 23.052 0.0783539
0.1 161.659 22.5735 0.0882301
0.1 162.941 22.7589 0.0789925
0.1 164.097 23.2258 0.0867173
0.1 164.784 22.997 0.0788547
0.1 165.96 23.2758 0.0735955
0.1 166.917 23.0731 0.0850498
0.1 168.321 23.2471 0.0795715
0.1 169.247 23.206 0.0748816
0.1 170.67 23.15 0.0826483
0.1 171.692 23.4199 0.0802235
0.1 172.293 23.9016 0.0655465
0.1 173.156 23.9735 0.0766811
0.1 174.518 23.9564 0.0809592
0.1 175.557 24.0158 0.0715804
0.1 176.84 24.1734 0.0655538
0.1 177.998 23.9534 0.0609867
0.1 178.966 24.0298 0.0790405
0.1 179.791 24.323 0.0750578
0.1 181.027 24.0008 0.0651389
0.1 182.397 24.1138 0.0666011
0.1 183.379 23.9827 0.0831319
0.1 184.144 24.3132 0.0791739
0.1 185.249 24.4003 0.0796293
0.1 186.618 24.4814 0.0760691
0.1 187.402 24.4886 0.0781303
0.1 188.849 24.6064 0.0649696
0.1 189.636 25.0989 0.0654001
0.1 190.859 25.0724 0.0809586
0.1 191.895 25.1622 0.0767318
0.1 193.333 25.0375 0.0691663
0.1 193.687 25.499 0.0743549
0.1 194.788 25.3387 0.0713694
0.1 195.975 25.2758 0.073819
0.1 197.319 25.5311 0.0737304
0.1 198.286 25.5483 0.0736774
0.1 199.611 25.3963 0.0767299
0.1 200.575 25.7665 0.0749444
0.1 201.54 25.736 0.081295
0.1 202.664 25.7154 0.0667287
0.1 203.634 25.8996 0.0748703
0.1 204.779 25.9699 0.0780444
0.1 205.883 26.0638 0.0751837
0.1 206.724 26.5042 0.0865792
0.1 207.87 26.1124 0.0775881
0.1 208.825 26.3021 0.0828174
0.1 209.656 26.4336 0.0742655
0.1 210.855 26.4238 0.0801558
0.1 212.076 26.7378 0.0746413
0.1 213.217 26.587 0.0781268
0.1 214.275 26.8129 0.0720287
0.1 215.462 26.928 0.066348
0.1 216.498 26.826 0.0763609
0.1 217.563 26.9607 0.0707249
0.1 218.503 27.0699 0.0709632
0.1 219.701 27.2573 0.0730103
0.1 220.778 27.4443 0.0711579
0.1 221.629 27.2559 0.0721576
0.1 222.686 27.2885 0.0725959
0.1 223.698 27.4398 0.082289
0.1 224.733 27.3517 0.0763293
0.1 225.758 27.2805 0.066269
0.1 227.104 27.4781 0.0695539
0.1 228.078 27.4245 0.0583341
0.1 228.824 27.7215 0.0633234
0.1 230.012 27.8889 0.0722037
0.1 230.634 27.9431 0.0674868
0.1 231.76 27.9355 0.0773183
0.1 232.86 27.9596 0.0775788
0.1 233.765 28.0576 0.0797732
0.1 234.77 28.253 0.0713766
0.1 235.899 28.4919 0.0753546
0.1 237.196 28.3305 0.0629732
0.1 238.209 28.077 0.0748394
0.1 238.627 28.8423 0.0781599
0.1 239.914 28.64 0.0675947
0.1 240.568 28.3872 0.0758411
0.1 241.252 28.3581 0.0756385
0.1 242.141 28.5614 0.0661923
0.1 242.84 28.9679 0.0710051
0.1 244.139 28.4517 0.0693989
0.1 244.706 28.5121 0.0804482
0.1 245.626 28.5698 0.0810814
0.1 246.17 28.8789 0.0676698
0.1 247.156 29.1945 0.0707816
0.1 247.731 29.0059 0.0731058
0.1 248.529 29.2884 0.0604752
0.1 249.297 29.4448 0.0602396
0.1 249.764 29.1846 0.0596465
0.1 250.557 29.3774 0.0607848
0.1 251.451 29.3715 0.0360371
0.1 252.268 29.1351 0.033193
0.1 252.95 29.2032 0.0348463
0.1 253.435 29.2608 0.0167712
0.1 254.065 29.3733 0.0180255
0.1 254.306 29.6291 0.00684298
0.1 254.379 29.407 6.27242
0.1 255.1 29.6919 6.26507
0.1 255.467 29.5332 6.25968
0.1 256.152 29.3178 6.21895
0.1 256.438 29.292 6.20831
0.1 256.771 29.1533 6.20734
0.1 257.292 29.0199 6.18938
0.1 257.797 29.1427 6.18043
0.1 258.365 28.9441 6.15645
0.1 258.255 28.7847 6.14885
0.1 259.143 29.1773 6.13221
0.1 259.216 28.7309 6.11167
0.1 259.624 28.5668 6.10108
0.1 260.247 28.5058 6.07899
0.1 260.377 28.473 6.07595
0.1 260.725 28.4266 6.05139
0.1 261.397 28.3954 6.03809
0.1 261.46 27.968 6.01908
0.1 261.985 28.0437 6.00274
0.1 262.195 28.1291 5.98514
0.1 262.331 27.8368 5.9613
0.1 262.986 27.6051 5.94133
0.1 263.479 27.5831 5.91426
0.1 263.593 27.344 5.89333
0.1 263.858 27.2136 5.87415
0.1 264.084 27.2067 5.86337
0.1 264.338 26.8395 5.86062
0.1 264.724 26.8964 5.84312
0.1 265.186 26.5861 5.83272
0.1 265.054 26.5364 5.81919
0.1 265.655 26.5291 5.81035
0.1 266.169 26.2422 5.78272
0.1 266.269 26.4896 5.77884
0.1 266.588 25.9341 5.76906
0.1 266.835 25.5337 5.74971
0.1 266.913 25.4127 5.74355
0.1 267.18 25.5539 5.73361
0.1 267.66 25.2079 5.72564
0.1 267.716 24.9524 5.7223
0.1 268.036 24.6357 5.69847
0.1 268.836 24.849 5.67735
0.1 269.034 24.1659 5.6675
0.1 269.34 23.6834 5.66154
0.1 269.84 23.7937 5.63931
0.1 270.176 23.4696 5.63294
0.1 269.994 23.2312 5.62631
0.1 270.446 22.6924 5.60859
0.1 271.189 22.7389 5.60159
0.1 271.297 22.5085 5.58364
0.1 271.81 22.161 5.55627
0.1 271.869 21.6584 5.53946
0.1 272.342 21.2289 5.5216
0.1 272.796 21.1626 5.50269
0.1 272.748 20.7751 5.4747
0.1 273.667 20.4982 5.45061
0.1 273.763 20.0778 5.416
0.1 274.316 19.7234 5.40587
0.1 274.329 19.6586 5.38514
0.1 274.643 18.8728 5.35513
0.1 274.844 17.9779 5.33054
0.1 274.972 18.2122 5.30308
0.1 275.271 17.6986 5.28699
0.1 275.739 17.1371 5.25627
0.1 275.997 16.6606 5.22502
0.1 276.036 16.1163 5.19035
0.1 276.467 15.6533 5.16405
0.1 276.534 14.7939 5.13297
0.1 276.99 14.1642 5.09718
0.1 277.337 13.512 5.07179
0.1 277.722 13.1963 5.0423
0.1 277.947 12.6314 5.01302
0.1 277.442 11.9333 4.97896
0.1 277.707 11.099 4.95938
0.1 277.936 11.0452 4.94797
0.1 278.103 10.5674 4.92322
0.1 277.923 9.65103 4.90153
0.1 278.187 9.27724 4.8707
0.1 278.037 8.55888 4.82692
0.1 278.115 7.94588 4.80296
0.1 278.505 7.43859 4.79251
0.1 277.995 6.41959 4.75519
0.1 278.394 6.25333 4.72387
0.1 278.247 5.68607 4.71191
0.1 278.084 5.05026 4.67973
0.1 278.542 4.28408 4.66585
0.1 277.976 3.8363 4.6147
0.1 277.651 2.98044 4.58757
0.1 277.723 1.63818 4.56632
0.1 277.499 1.46056 4.5363
0.1 277.303 0.878165 4.51583
0.1 277.078 0.315684 4.47507
0.1 277.083 -0.276376 4.45544
0.1 277.31 -1.12122 4.43612
0.1 276.851 -1.43797 4.40999
0.1 277.129 -2.00596 4.39331
0.1 276.765 -2.75698 4.35842
0.1 276.487 -3.69194 4.32715
0.1 276.06 -4.25884 4.2925
0.1 275.453 -4.62379 4.25988
0.1 274.845 -5.20012 4.21494
0.1 274.604 -5.87821 4.19884
0.1 274.358 -6.52162 4.17211
0.1 273.822 -7.04547 4.14765
0.1 273.865 -7.82371 4.12766
0.1 273.057 -8.28975 4.0835
0.1 272.487 -8.7115 4.05759
0.1 272.73 -9.17146 4.04586
0.1 271.903 -9.85504 4.02977
0.1 271.542 -10.3495 4.01308
0.1 270.75 -11.0205 3.97836
0.1 270.397 -11.4582 3.94631
0.1 269.52 -11.8646 3.91601
0.1 269.161 -12.8014 3.89484
0.1 268.927 -13.0973 3.86752
0.1 267.986 -13.2378 3.83548
0.1 267.762 -13.931 3.81051
0.1 266.399 -13.8073 3.77897
0.1 265.693 -14.2698 3.74055
0.1 265.283 -15.127 3.71528
0.1 264.622 -15.5239 3.6975
0.1 264.236 -15.8926 3.67868
0.1 263.793 -16.1453 3.64171
0.1 262.823 -16.3426 3.60577
0.1 262.005 -16.6844 3.56945
0.1 261.464 -17.2955 3.53966
0.1 260.402 -17.1998 3.50559
0.1 259.935 -17.7547 3.47819
0.1 259.305 -17.6209 3.45025
0.1 258.449 -18.2215 3.40915
0.1 257.52 -18.2393 3.38398
0.1 257.113 -18.5137 3.36314
0.1 256.543 -18.6394 3.32394
0.1 255.443 -18.8101 3.29651
0.1 254.637 -18.663 3.26277
0.1 253.851 -18.4848 3.2295
0.1 252.401 -18.5385 3.19323
0.1 251.836 -18.6278 3.15227
0.1 250.877 -18.1509 3.12395
0.1 250.131 -18.5235 3.10336
0.1 249.77 -18.4507 3.09306
0.1 249.138 -18.3678 3.05806
0.1 248.567 -18.3352 3.0326
0.1 247.499 -18.1721 3.00528
0.1 246.842 -18.1717 2.98897
0.1 245.927 -18.0935 2.96589
0.1 245.016 -17.9278 2.94422
0.1 244.196 -17.6481 2.94062
0.1 243.471 -17.3785 2.90943
0.1 242.282 -16.7894 2.89975
0.1 242.115 -16.9421 2.90197
0.1 240.69 -16.8442 2.89641
0.1 240.002 -16.7266 2.89371
0.1 239.444 -16.4579 2.89741
0.1 238.214 -16.1186 2.89287
0.1 237.804 -15.6262 2.89765
0.1 237.022 -15.5658 2.89682
0.1 236.249 -15.5185 2.89174
0.1 235.026 -15.0424 2.89498
0.1 234.328 -15.0644 2.89229
0.1 233.342 -14.843 2.89639
0.1 232.734 -14.473 2.8984
0.1 231.617 -14.3347 2.8858
0.1 230.929 -13.9961 2.8908
0.1 229.825 -13.6787 2.89797
0.1 228.646 -13.6481 2.89869
0.1 228.103 -13.2078 2.90743
0.1 227.461 -12.786 2.90544
0.1 226.395 -12.922 2.91457
0.1 225.625 -13.0047 2.91927
0.1 224.32 -12.4574 2.91794
0.1 223.658 -12.5719 2.91254
0.1 222.972 -12.1585 2.91958
0.1 221.82 -11.9857 2.93352
0.1 220.722 -11.7125 2.93779
0.1 219.797 -11.3061 2.94767
0.1 218.892 -11.2333 2.95886
0.1 217.89 -11.0556 2.96601
0.1 216.892 -11.2407 2.96992
0.1 215.744 -10.5277 2.98041
0.1 215.274 -10.4932 2.98217
0.1 213.942 -10.4429 2.98919
0.1 212.991 -10.4036 2.99252
0.1 211.984 -9.89251 3.01978
0.1 211.04 -10.0083 3.02303
0.1 210.211 -10.0357 3.03325
0.1 209.479 -10.0851 3.03431
0.1 208.188 -10.1024 3.04675
0.1 207.116 -9.99409 3.05238
0.1 206.009 -9.71496 3.05462
0.1 205.149 -9.63313 3.07084
0.1 204.097 -9.55453 3.08131
0.1 203.122 -9.33459 3.08654
0.1 202.131 -9.4786 3.09599
0.1 201.259 -9.44581 3.10183
0.1 200.059 -9.45299 3.09561
0.1 198.743 -9.62952 3.102
0.1 198.053 -9.3202 3.11417
0.1 196.788 -9.29807 3.11999
0.1 196.196 -9.58988 3.13021
0.1 195.366 -9.16992 3.13277
0.1 194.42 -9.28419 3.14617
0.1 193.368 -9.32938 3.1586
0.1 191.719 -9.03885 3.1462
0.1 191.049 -9.55938 3.15059
0.1 189.84 -9.48626 3.15574
0.1 188.786 -9.54115 3.15912
0.1 188.413 -9.21429 3.1802
0.1 186.709 -9.369 3.17358
0.1 186.009 -9.36236 3.1769
0.1 184.893 -9.45791 3.17692
0.1 183.833 -9.55318 3.17814
0.1 182.703 -9.65956 3.18132
0.1 181.898 -9.54395 3.19375
0.1 180.909 -9.63013 3.19505
0.1 179.996 -9.67883 3.19947
0.1 179.366 -9.73616 3.20583
0.1 178.455 -9.98676 3.20528
0.1 177.167 -10.1535 3.20809
0.1 176.222 -10.0571 3.21048
0.1 175.425 -10.0001 3.20682
0.1 174.687 -10.472 3.22386
0.1 173.772 -10.5881 3.22585
0.1 172.696 -10.5652 3.22606
0.1 171.947 -10.4512 3.23758
0.1 170.588 -10.7021 3.22715
0.1 169.797 -10.5856 3.23712
0.1 169.018 -10.6523 3.23901
0.1 167.65 -10.5737 3.23405
0.1 166.798 -10.966 3.25089
0.1 166.017 -11.0715 3.24592
0.1 165.209 -11.2149 3.25727
0.1 164.288 -11.4227 3.25805
0.1 163.349 -11.2872 3.26379
0.1 161.876 -11.3537 3.26797
0.1 161.347 -11.5351 3.25709
0.1 160.669 -11.5255 3.27808
0.1 160.167 -11.6931 3.29194
0.1 159.557 -12.1858 3.29715
0.1 158.102 -12.0831 3.29798
0.1 157.207 -12.3217 3.3019
0.1 156.229 -12.4771 3.29875
0.1 155.276 -12.4744 3.30061
0.1 154.285 -12.5878 3.30814
0.1 153.589 -12.6969 3.31953
0.1 153.146 -12.7597 3.3312
0.1 151.719 -13.3134 3.32114
0.1 150.698 -13.3874 3.32702
0.1 150.123 -13.6486 3.33739
0.1 149.009 -13.6963 3.33698
0.1 148.503 -13.9436 3.34018
0.1 147.165 -14.1837 3.33875
0.1 146.197 -14.0132 3.34649
0.1 145.487 -14.6736 3.34871
0.1 144.797 -14.85 3.35437
0.1 144.313 -14.6935 3.36772
0.1 143.363 -15.3913 3.37086
0.1 142.303 -15.3413 3.37646
0.1 140.849 -15.4907 3.36974
0.1 140.257 -15.8678 3.37562
0.1 139.183 -16.0801 3.37114
0.1 138.502 -15.9566 3.37455
0.1 137.692 -16.3556 3.3835
0.1 136.914 -16.4766 3.38053
0.1 135.944 -16.6987 3.38933
0.1 135.113 -17.0423 3.38448
0.1 134.021 -16.8581 3.38869
0.1 132.95 -17.5553 3.39866
0.1 132.332 -17.7691 3.39702
0.1 131.565 -17.905 3.40539
0.1 130.804 -18.2102 3.40411
0.1 129.974 -18.2389 3.40987
0.1 129.139 -18.586 3.40812
0.1 127.91 -18.6125 3.39061
0.1 127.183 -19.1061 3.40831
0.1 126.492 -19.3981 3.40119
0.1 125.55 -19.3192 3.40521
0.1 124.763 -19.4755 3.41315
0.1 123.796 -20.1621 3.41159
0.1 122.965 -20.3503 3.40984
0.1 121.921 -20.2441 3.40393
0.1 121.197 -20.4744 3.39906
0.1 120.066 -20.829 3.39659
0.1 119.341 -20.9061 3.39488
0.1 118.762 -20.9349 3.40164
0.1 118 -20.9637 3.40456
0.1 117.276 -21.4387 3.41238
0.1 116.709 -21.9146 3.41971
0.1 115.457 -21.6772 3.41681
0.1 114.922 -22.1014 3.41718
0.1 114.251 -22.5559 3.42483
0.1 113.501 -22.8995 3.42621
0.1 112.475 -23.2917 3.42308
0.1 111.668 -23.3599 3.41725
0.1 110.912 -23.4958 3.4232
0.1 110.241 -23.9237 3.43874
0.1 109.847 -23.9878 3.43251
0.1 108.867 -24.1932 3.41956
0.1 107.721 -24.3644 3.43382
0.1 107.022 -24.4942 3.42503
0.1 106.448 -25.2164 3.43508
0.1 105.195 -25.5039 3.42148
0.1 104.694 -25.2551 3.41958
0.1 104.054 -25.1361 3.43291
0.1 103.025 -25.9786 3.43842
0.1 102.332 -26.3514 3.43774
0.1 101.49 -26.3348 3.43715
0.1 100.938 -26.9387 3.42858
0.1 100.318 -26.9883 3.44102
0.1 99.6679 -27.1041 3.44017
0.1 98.8888 -27.0473 3.44318
0.1 98.0304 -27.484 3.44359
0.1 97.1898 -27.8715 3.44443
0.1 96.7985 -27.8861 3.45809
0.1 95.7715 -28.3206 3.45594
0.1 94.9128 -28.5265 3.46657
0.1 94.2151 -28.708 3.4761
0.1 93.5016 -28.9826 3.47526
0.1 92.8976 -29.124 3.47613
0.1 92.3682 -29.6883 3.48082
0.1 91.4471 -29.7526 3.48998
0.1 90.5623 -29.8874 3.50693
0.1 90.0672 -30.365 3.51594
0.1 89.2208 -30.4126 3.51864
0.1 88.6247 -30.7743 3.52851
0.1 87.8355 -31.1909 3.54015
0.1 87.5897 -31.4816 3.54364
0.1 86.6824 -31.6261 3.54978
0.1 86.0436 -32.209 3.56853
0.1 85.4245 -32.5824 3.5863
0.1 84.8054 -32.9074 3.58736
0.1 83.526 -33.2444 3.60156
0.1 83.2494 -33.34 3.6237
0.1 82.5364 -33.8009 3.62869
0.1 82.0379 -34.023 3.63793
0.1 81.2236 -34.2106 3.651
0.1 80.5093 -34.4506 3.67569
0.1 79.9025 -35.0707 3.68176
0.1 79.5911 -35.416 3.68647
0.1 78.7227 -35.4789 3.70386
0.1 78.3743 -36.1166 3.70863
0.1 77.6367 -36.6072 3.72006
0.1 76.9865 -37.0809 3.7313
0.1 76.1282 -37.4211 3.73609
0.1 75.6575 -38.3389 3.7437
0.1 74.8285 -38.4798 3.7623
0.1 74.4591 -38.935 3.77859
0.1 73.7425 -39.9491 3.76353
0.1 73.4037 -39.8778 3.78183
0.1 72.6545 -40.0367 3.79247
0.1 72.2062 -40.5924 3.79947
0.1 71.4264 -41.4355 3.79534
0.1 70.7841 -41.9057 3.79726
0.1 70.3004 -42.5164 3.80232
0.1 69.6777 -42.7933 3.80395
0.1 68.5866 -43.1656 3.81137
0.1 68.058 -43.775 3.81946
0.1 67.6153 -43.9823 3.82898
0.1 66.9706 -44.6453 3.83087
0.1 66.572 -45.0522 3.83393
0.1 65.7545 -45.8125 3.833
0.1 65.3637 -46.2959 3.83828
0.1 64.9192 -46.7729 3.84496
0.1 63.908 -47.3931 3.84429
0.1 63.7247 -47.6425 3.85083
0.1 62.7492 -48.3584 3.83954
0.1 62.3428 -48.9881 3.86152
0.1 61.4938 -49.5223 3.86505
0.1 60.504 -49.9563 3.88054
0.1 60.1695 -50.3722 3.88288
0.1 59.9301 -50.8314 3.87157
0.1 59.1988 -51.5951 3.87479
0.1 58.486 -51.9246 3.88095
0.1 58.0619 -52.6924 3.88682
0.1 57.3745 -53.2836 3.88592
0.1 56.6029 -53.8846 3.88528
0.1 56.2564 -54.4397 3.90631
0.1 55.6482 -54.9898 3.90652
0.1 54.901 -55.8257 3.90418
0.1 54.4925 -56.3142 3.90416
0.1 53.9104 -57.1923 3.9043
0.1 53.2272 -57.3609 3.91859
0.1 52.5451 -58.2493 3.91552
0.1 52.0083 -58.6372 3.92525
0.1 51.296 -58.8972 3.92162
0.1 50.8038 -59.5727 3.92376
0.1 50.2324 -60.2513 3.91629
0.1 49.5595 -60.7959 3.92364
0.1 48.779 -61.3661 3.91805
0.1 48.4833 -62.0567 3.9198
0.1 47.9278 -62.7024 3.92745
0.1 47.067 -62.9289 3.92859
0.1 46.7269 -63.9382 3.9293
0.1 46.0218 -64.2929 3.93488
0.1 45.2883 -64.9819 3.9374
0.1 44.7192 -65.6479 3.92851
0.1 44.2788 -66.1322 3.9282
0.1 43.6741 -66.5514 3.93856
0.1 42.9473 -67.0627 3.92745
0.1 42.6594 -67.6831 3.9295
0.1 42.3112 -68.4992 3.93307
0.1 41.7728 -69.0424 3.93987
0.1 41.2245 -69.7509 3.9354
0.1 40.6868 -70.4504 3.93467
0.1 40.027 -70.7816 3.94286
0.1 39.523 -71.2412 3.93524
0.1 38.7976 -71.7509 3.93268
0.1 38.5438 -72.5962 3.92414
0.1 37.915 -73.2301 3.93481
0.1 36.7648 -73.3307 3.93422
0.1 36.53 -74.0097 3.94079
0.1 35.9585 -74.477 3.93201
0.1 35.3272 -75.0972 3.93156
0.1 34.7079 -75.6995 3.91493
0.1 34.4821 -76.188 3.92087
0.1 33.8627 -76.7369 3.91149
0.1 33.3072 -77.4107 3.90131
0.1 32.3612 -77.4655 3.90351
0.1 32.3383 -78.335 3.89482
0.1 31.7282 -78.6397 3.88451
0.1 30.9268 -79.4171 3.89046
0.1 30.8151 -80.1142 3.88584
0.1 29.6587 -80.2243 3.87452
0.1 29.4096 -80.5477 3.8644
0.1 28.9428 -81.3259 3.86507
0.1 28.2097 -81.815 3.86227
0.1 27.5828 -82.3386 3.85284
0.1 27.2539 -82.772 3.85118
0.1 26.5088 -83.2134 3.83448
0.1 26.0313 -83.8714 3.837
0.1 25.0361 -84.4296 3.81891
0.1 24.5312 -84.7669 3.80108
0.1 24.0937 -85.409 3.80578
0.1 23.5042 -85.9124 3.79406
0.1 22.8766 -86.2581 3.77584
0.1 22.7092 -86.6511 3.77622
0.1 21.8959 -86.8716 3.76219
0.1 20.7682 -87.0825 3.7437
0.1 20.3534 -87.6239 3.72987
0.1 19.5025 -87.9978 3.70452
0.1 19.0106 -88.5052 3.69234
0.1 18.06 -89.1454 3.68605
0.1 18.0839 -89.3201 3.67864
0.1 17.3926 -89.7245 3.67326
0.1 16.7479 -90.1948 3.66215
0.1 16.2041 -90.0656 3.64007
0.1 15.732 -90.6453 3.62747
0.1 14.9809 -90.8736 3.6196
0.1 14.3279 -91.1458 3.60445
0.1 13.4389 -91.4569 3.58638
0.1 12.9899 -91.8202 3.56255
0.1 11.8177 -92.2184 3.54808
0.1 11.1044 -92.4772 3.52245
0.1 11.254 -92.6858 3.50668
0.1 10.2623 -92.8654 3.48674
0.1 9.24854 -93.2789 3.47511
0.1 8.99473 -93.4115 3.45849
0.1 7.82823 -93.0973 3.44963
0.1 7.65236 -93.5123 3.42175
0.1 6.95177 -93.5149 3.40567
0.1 6.25317 -93.5619 3.38886
0.1 5.56022 -94.388 3.36803
0.1 4.47797 -94.3149 3.34318
0.1 4.37469 -94.6075 3.31758
0.1 3.6147 -94.3858 3.31047
0.1 3.17994 -94.6275 3.28794
0.1 2.03706 -94.61 3.26406
0.1 1.69411 -94.3059 3.25367
0.1 1.04428 -94.5403 3.23274
0.1 0.889245 -94.3188 3.23421
0.1 -0.0527346 -94.9898 3.20372
0.1 -0.973944 -94.7906 3.19468
0.1 -1.4343 -94.4913 3.16002
0.1 -2.02156 -94.4497 3.15641
0.1 -3.06186 -94.5924 3.13104
0.1 -3.73974 -94.6223 3.1198
0.1 -4.36888 -94.6337 3.10278
0.1 -4.57106 -94.9229 3.07489
0.1 -5.43824 -94.5644 3.07102
0.1 -5.75234 -94.3153 3.07141
0.1 -6.52637 -94.3805 3.05618
0.1 -7.06505 -94.2083 3.03278
0.1 -7.92225 -94.3557 3.01624
0.1 -8.42793 -94.3475 3.00521
0.1 -8.99662 -94.1789 2.98357
0.1 -9.9879 -94.1245 2.9622
0.1 -10.2458 -93.7459 2.95396
0.1 -11.7294 -93.7234 2.94149
0.1 -11.7399 -93.6508 2.92456
0.1 -12.5883 -93.3557 2.91442
0.1 -12.843 -93.2885 2.91461
0.1 -13.9332 -92.9053 2.89425
0.1 -14.5091 -92.4167 2.88431
0.1 -15.1441 -92.2821 2.86108
0.1 -15.6125 -92.1607 2.84599
0.1 -16.3654 -92.2647 2.84117
0.1 -16.9451 -92.3691 2.81249
0.1 -17.7574 -91.8515 2.79354
0.1 -18.3199 -91.3276 2.78028
0.1 -18.7151 -91.2067 2.75963
0.1 -19.5391 -90.7743 2.74296
0.1 -20.2019 -90.7791 2.72895
0.1 -20.7891 -90.4177 2.71749
0.1 -21.5973 -89.6482 2.70724
0.1 -21.9732 -89.7568 2.67801
0.1 -22.7418 -89.5389 2.67272
0.1 -22.914 -89.3108 2.65879
0.1 -23.6041 -88.7661 2.63595
0.1 -24.1666 -88.4961 2.6099
0.1 -24.6949 -87.8731 2.60434
0.1 -25.5778 -87.6239 2.58149
0.1 -25.9616 -87.0468 2.56894
0.1 -26.3844 -87.2284 2.54117
0.1 -27.0052 -86.4433 2.53241
0.1 -27.5031 -85.7997 2.49091
0.1 -28.4951 -85.3676 2.48497
0.1 -28.7819 -85.0872 2.47006
0.1 -29.1381 -84.9357 2.45084
0.1 -29.718 -84.3351 2.41415
0.1 -29.9961 -83.4875 2.39892
0.1 -30.7832 -83.2038 2.3746
0.1 -31.1721 -82.778 2.36254
0.1 -31.3948 -82.561 2.34652
0.1 -32.0387 -81.5743 2.31435
0.1 -32.6305 -81.2405 2.29398
0.1 -32.8847 -81.0837 2.27456
0.1 -33.3944 -80.6152 2.2636
0.1 -33.6175 -79.6453 2.24697
0.1 -34.0073 -79.07 2.22525
0.1 -34.412 -78.2247 2.19776
0.1 -35.1066 -78.0373 2.17572
0.1 -35.2752 -77.2273 2.14391
0.1 -35.703 -76.537 2.12463
0.1 -36.1781 -76.1924 2.10712
0.1 -36.4023 -75.8282 2.08214
0.1 -36.4529 -74.6907 2.05959
0.1 -37.0061 -73.8931 2.02244
0.1 -37.1676 -73.3857 2.01827
0.1 -37.7118 -72.7208 2.00108
0.1 -38.0816 -72.26 1.9822
0.1 -38.2187 -71.2489 1.95904
0.1 -38.367 -70.7823 1.93063
0.1 -38.5246 -70.0076 1.90847
0.1 -38.8671 -69.0655 1.89062
0.1 -39.0797 -68.4249 1.87164
0.1 -39.2231 -67.759 1.84967
0.1 -39.1872 -67.3425 1.83747
0.1 -39.4867 -66.496 1.82207
0.1 -39.9796 -65.7962 1.80352
0.1 -39.8897 -65.1422 1.78891
0.1 -40.3697 -64.2751 1.77585
0.1 -40.1452 -63.7713 1.76486
0.1 -40.5209 -62.9962 1.74906
0.1 -40.5118 -61.867 1.73505
0.1 -40.5441 -61.532 1.71065
0.1 -40.5164 -60.5355 1.71069
0.1 -40.5334 -59.9989 1.69401
0.1 -40.8707 -58.6569 1.68234
0.1 -41.0788 -58.2728 1.65831
0.1 -41.2332 -57.6496 1.65231
0.1 -40.7867 -56.9523 1.64509
0.1 -40.9937 -56.196 1.63627
0.1 -41.0752 -55.5848 1.63145
0.1 -41.1151 -54.7265 1.6296
0.1 -41.1289 -54.2483 1.63364
0.1 -41.1441 -53.1619 1.60852
0.1 -41.0253 -52.4682 1.60682
0.1 -40.9966 -51.621 1.60403
0.1 -41.2626 -50.7434 1.58121
0.1 -41.4485 -50.0013 1.57582
0.1 -41.2904 -49.3814 1.57676
0.1 -41.0858 -48.5293 1.56125
0.1 -41.4276 -47.4533 1.54899
