0.1 5.44535 2.28394 -0.00115164
0.1 5.44725 2.68097 0.306496
0.1 6.17852 2.76114 0.304059
0.1 6.8394 2.8956 0.30463
0.1 7.01584 3.26376 0.312465
0.1 7.50863 3.16326 0.31396
0.1 8.08194 3.10463 0.306333
0.1 8.19541 3.23778 0.326053
0.1 8.62768 3.02569 0.329867
0.1 9.25864 3.14864 0.325461
0.1 9.72349 3.11687 0.334877
0.1 10.2406 3.59699 0.339407
0.1 10.6753 2.90603 0.335342
0.1 11.504 3.27107 0.336061
0.1 11.7822 3.32941 0.329014
0.1 12.6495 3.73418 0.335177
0.1 13.3296 4.15017 0.322092
0.1 14.2859 4.86295 0.299825
0.1 14.6902 4.92345 0.302832
0.1 15.1112 5.28951 0.298702
0.1 15.6649 5.01782 0.311708
0.1 16.1435 4.66912 0.300112
0.1 16.6909 4.87437 0.284302
0.1 17.4839 5.30911 0.272663
0.1 18.3165 5.71746 0.26937
0.1 19.1114 5.86799 0.269164
0.1 19.5125 5.56498 0.258866
0.1 19.6514 6.00485 0.24805
0.1 20.4867 5.49056 0.250534
0.1 21.0135 5.88689 0.266294
0.1 21.6381 6.3345 0.270097
0.1 22.3097 7.07944 0.264039
0.1 23.2754 6.92685 0.257555
0.1 24.1384 7.10283 0.257167
0.1 25.4194 7.86796 0.237169
0.1 25.863 7.52771 0.240961
0.1 26.2479 7.77009 0.242304
0.1 26.8183 7.95867 0.224708
0.1 27.8779 8.22019 0.22595
0.1 28.5722 8.15189 0.236358
0.1 29.4048 8.5231 0.235152
0.1 29.8324 8.73842 0.232273
0.1 30.6449 8.87237 0.22321
0.1 31.1373 9.23482 0.217571
0.1 31.5781 9.26777 0.236177
0.1 32.6543 9.16233 0.226122
0.1 33.147 8.94801 0.215061
0.1 34.1158 9.63655 0.208806
0.1 34.4949 9.95724 0.219778
0.1 35.2724 10.1683 0.217875
0.1 36.4102 10.4597 0.207518
0.1 37.5666 10.518 0.205376
0.1 38.1503 10.6817 0.197367
0.1 39.2985 10.8662 0.179283
0.1 40.557 10.673 0.18102
0.1 41.4887 10.3164 0.175338
0.1 42.1617 10.6656 0.157961
0.1 43.1149 10.6143 0.157733
0.1 44.061 11.1398 0.153411
0.1 45.0361 10.8576 0.154666
0.1 46.0706 10.9079 0.152712
0.1 46.5838 10.7802 0.145232
0.1 47.4106 10.8162 0.133707
0.1 48.2188 11.2584 0.139659
0.1 49.1067 11.0847 0.131737
0.1 49.7426 10.9735 0.133461
0.1 50.7047 10.9512 0.124553
0.1 51.7405 11.1396 0.119884
0.1 52.7347 11.0185 0.120124
0.1 53.5924 11.3095 0.12947
0.1 55.1696 11.4103 0.118855
0.1 56.003 11.6536 0.1084
0.1 57.1138 12.0021 0.107105
0.1 57.6354 12.1483 0.093462
0.1 58.5169 12.2345 0.0990863
0.1 59.467 12.5188 0.108127
0.1 60.2553 13.0026 0.109713
0.1 61.4096 13.211 0.108647
0.1 62.4213 13.4779 0.104189
0.1 63.2931 14.217 0.102988
0.1 64.7549 14.703 0.0903547
0.1 66.3078 14.6405 0.0945402
0.1 67.126 14.5814 0.0873145
0.1 68.2127 15.0095 0.0901512
0.1 68.9303 14.9052 0.0957849
0.1 69.4796 15.683 0.10099
0.1 70.3612 15.4808 0.0946373
0.1 71.8495 15.3803 0.0983429
0.1 73.1946 15.2042 0.0927334
0.1 74.5587 15.2244 0.0949515
0.1 75.3251 15.7852 0.100448
0.1 76.4112 15.5901 0.0918186
0.1 77.3597 15.1768 0.0953199
0.1 78.1542 15.5339 0.0961385
0.1 79.3528 15.3911 0.0894905
0.1 80.5528 15.3822 0.0882655
0.1 81.5586 15.6967 0.0908849
0.1 82.558 16.2289 0.0926669
0.1 83.8524 16.4148 0.0771847
0.1 84.5448 16.0478 0.0945792
0.1 86.1743 16.6845 0.0847546
0.1 87.5865 16.6724 0.0915976
0.1 88.6688 16.8276 0.096216
0.1 89.8745 17.0713 0.0962026
0.1 91.0152 16.7098 0.0834443
0.1 92.3339 16.7779 0.0820514
0.1 93.3151 16.6724 0.0837821
0.1 94.8601 16.7445 0.0938434
0.1 96.0911 17.2031 0.0843697
0.1 96.7321 16.8451 0.0890709
0.1 97.8588 17.077 0.0755758
0.1 99.4546 16.8999 0.0692276
0.1 100.498 16.9326 0.0750647
0.1 101.576 17.0347 0.0736569
0.1 102.782 17.571 0.076597
0.1 103.78 17.5049 0.0781289
0.1 104.693 17.9956 0.0773811
0.1 106.237 18.0456 0.0654806
0.1 107.241 18.2297 0.06731
0.1 109.015 18.1373 0.0774525
0.1 110.376 18.0554 0.0726109
0.1 111.021 18.1774 0.0689484
0.1 112.444 18.1532 0.0668274
0.1 113.689 18.447 0.0775702
0.1 115.184 18.5948 0.0772097
0.1 116.936 18.5175 0.0615736
0.1 117.613 18.6161 0.0512184
0.1 119.028 19.2006 0.054685
0.1 120.494 19.3262 0.0522478
0.1 121.405 18.9937 0.0428046
0.1 122.367 18.7005 0.0613629
0.1 124.182 18.9276 0.0703176
0.1 124.949 18.7234 0.0818674
0.1 125.923 18.8355 0.0649209
0.1 127.44 19.0934 0.0732302
0.1 128.74 19.1094 0.069485
0.1 129.802 19.0042 0.0736584
0.1 131.098 19.2355 0.0661775
0.1 132.367 19.4189 0.0571952
0.1 133.998 19.684 0.0695536
0.1 134.996 19.7204 0.0618766
0.1 136.151 19.3721 0.0633922
0.1 137.748 19.7276 0.0434651
0.1 139.012 19.6948 0.0429155
0.1 140.664 20.2419 0.0645562
0.1 141.915 20.7243 0.0649508
0.1 143.155 20.7656 0.0636611
0.1 144.319 21.1657 0.0569729
0.1 145.207 21.3318 0.0741499
0.1 146.459 21.3905 0.0762952
0.1 147.763 20.9103 0.0909539
0.1 149.179 21.0108 0.0848948
0.1 150.315 21.1139 0.103699
0.1 152.073 21.1333 0.115947
0.1 152.978 21.0211 0.0929444
0.1 154.068 21.2408 0.0841465
0.1 155.365 21.2838 0.071934
0.1 156.275 21.5385 0.0791438
0.1 157.437 21.706 0.0884552
0.1 159.221 21.7766 0.0935511
0.1 160.228 21.7501 0.0821242
0.1 161.812 22.0219 0.084898
0.1 162.553 22.1137 0.0762985
0.1 163.478 22.3209 0.0743269
0.1 164.852 22.2902 0.0726306
0.1 166.17 22.3119 0.0753153
0.1 167.11 22.6616 0.0835554
0.1 168.256 23.2398 0.0905417
0.1 169.739 23.1564 0.0980301
0.1 170.893 22.7575 0.0962304
0.1 172.707 22.9269 0.100893
0.1 173.758 23.3175 0.0810818
0.1 174.718 23.2614 0.0757555
0.1 176.243 23.4544 0.0710959
0.1 177.648 23.6731 0.0664944
0.1 179.058 23.5679 0.0801159
0.1 180.568 23.7899 0.0771147
0.1 181.809 23.808 0.0753967
0.1 183.814 24.002 0.0591426
0.1 185.26 24.1778 0.0550584
0.1 186.342 23.9313 0.058081
0.1 187.642 24.2018 0.062673
0.1 188.944 24.2758 0.0613218
0.1 190.47 24.108 0.0441718
0.1 191.714 24.1708 0.0543438
0.1 192.551 24.2498 0.0611192
0.1 193.597 24.6633 0.0651443
0.1 194.659 24.6107 0.0770302
0.1 195.969 24.5933 0.094308
0.1 197.681 24.9484 0.102265
0.1 198.632 24.9111 0.0927507
0.1 199.767 24.804 0.094718
0.1 201.045 24.519 0.0802405
0.1 202.562 24.4134 0.0989339
0.1 203.773 25.0519 0.0885217
0.1 205.321 25.1515 0.0930389
0.1 206.702 25.5373 0.0894955
0.1 208.061 25.5684 0.0892312
0.1 209.726 25.9235 0.0881468
0.1 210.822 26.2256 0.0861851
0.1 212.331 26.5881 0.0735793
0.1 214.157 26.1286 0.0613917
0.1 215.326 26.3678 0.0620836
0.1 216.715 26.1881 0.0549803
0.1 218.224 26.3534 0.0525138
0.1 219.557 26.4724 0.0599724
0.1 220.85 26.4376 0.0506665
0.1 222.1 26.3766 0.0682582
0.1 223.457 26.4275 0.0636534
0.1 224.622 26.3192 0.0566361
0.1 226.002 26.3798 0.0565982
0.1 227.112 26.4406 0.0538112
0.1 228.494 26.7307 0.0466485
0.1 230.046 26.4614 0.0606333
0.1 231.628 26.7947 0.0902031
0.1 232.582 26.8655 0.0923499
0.1 233.631 26.8548 0.0818671
0.1 234.369 26.6347 0.0812149
0.1 235.855 27.0947 0.0856017
0.1 236.906 27.4742 0.0753493
0.1 237.703 27.2318 0.0779028
0.1 239.263 27.4078 0.0812043
0.1 240.689 27.5672 0.0843867
0.1 242.533 27.4538 0.072439
0.1 243.246 27.3855 0.0601374
0.1 244.399 27.4829 0.070584
0.1 245.338 27.8322 0.0757046
0.1 245.557 28.2386 0.0749406
0.1 246.826 28.45 0.063346
0.1 247.59 28.3975 0.0684046
0.1 248.727 28.9486 0.0697436
0.1 249.399 28.8812 0.0581402
0.1 250.58 29.0303 0.0709869
0.1 251.087 29.0872 0.0635715
0.1 252.459 29.0048 0.0623508
0.1 252.994 29.5446 0.0402144
0.1 254.258 29.22 0.0444642
0.1 255.193 28.9376 0.0175929
0.1 255 29.0162 6.28001
0.1 255.625 28.8839 6.2639
0.1 256.924 28.6891 6.25097
0.1 258.087 28.103 6.22422
0.1 258.892 28.3686 6.19398
0.1 260.103 28.3209 6.17523
0.1 261.179 28.6254 6.14762
0.1 262.32 28.553 6.12543
0.1 263.071 28.0255 6.09169
0.1 263.746 27.2495 6.07013
0.1 264.015 27.0962 6.04288
0.1 264.717 26.5676 6.02701
0.1 265.346 26.7763 5.99143
0.1 265.521 26.4913 5.9622
0.1 266.302 25.9844 5.93486
0.1 267.077 25.685 5.89787
0.1 267.409 25.6866 5.88525
0.1 268.172 25.5549 5.84364
0.1 268.75 25.4274 5.80984
0.1 269.513 25.0245 5.77827
0.1 270.154 24.7423 5.74283
0.1 270.852 24.1358 5.71901
0.1 271.508 23.9708 5.67712
0.1 271.879 23.8864 5.65865
0.1 272.459 23.3133 5.62093
0.1 272.792 22.2016 5.5826
0.1 273.46 22.183 5.55143
0.1 274.144 21.5898 5.53023
0.1 274.797 21.1452 5.49126
0.1 275.405 20.4576 5.44916
0.1 275.714 19.7157 5.42688
0.1 276.379 19.1811 5.39457
0.1 276.405 18.4563 5.37062
0.1 276.508 18.111 5.32474
0.1 276.65 17.5528 5.29284
0.1 276.533 16.7374 5.26397
0.1 277.377 15.9284 5.23539
0.1 277.522 15.4667 5.17512
0.1 277.899 14.7719 5.15332
0.1 278.45 14.3738 5.1264
0.1 278.746 13.3027 5.10222
0.1 279.187 12.7778 5.07332
0.1 279.659 12.322 5.04042
0.1 279.787 11.2418 5.01046
0.1 280.077 10.3204 4.97456
0.1 280.178 9.42424 4.94402
0.1 280.501 8.65478 4.91052
0.1 280.858 8.00266 4.87966
0.1 280.994 7.28278 4.85997
0.1 281.041 7.05657 4.83882
0.1 280.973 6.0815 4.79964
0.1 280.919 5.39147 4.78362
0.1 280.921 5.09347 4.76091
0.1 281.003 4.62843 4.73464
0.1 280.389 3.43572 4.69497
0.1 280.752 2.84867 4.65202
0.1 280.683 1.97047 4.61484
0.1 280.146 1.49204 4.59316
0.1 279.825 0.810394 4.56397
0.1 279.631 0.013747 4.52668
0.1 279.557 -1.10044 4.50142
0.1 279.472 -2.1937 4.43307
0.1 278.969 -3.07924 4.42129
0.1 278.453 -3.3737 4.38955
0.1 278.173 -3.99671 4.35973
0.1 277.75 -4.7901 4.32441
0.1 277.54 -5.60211 4.29623
0.1 277.623 -6.13119 4.26898
0.1 277.248 -6.62004 4.24162
0.1 276.653 -7.18378 4.21621
0.1 276.013 -7.6721 4.18768
0.1 276.139 -8.94126 4.15651
0.1 275.595 -9.85095 4.13255
0.1 275.53 -10.3159 4.10247
0.1 275.019 -10.5173 4.08098
0.1 274.412 -11.3767 4.04259
0.1 274.127 -12.2005 4.02263
0.1 273.254 -12.8085 3.98438
0.1 272.667 -13.0992 3.94079
0.1 272.185 -13.1902 3.89053
0.1 271.594 -14.1423 3.84836
0.1 270.592 -14.6655 3.81611
0.1 269.635 -14.751 3.78983
0.1 268.939 -15.0977 3.76971
0.1 268.362 -15.7585 3.74787
0.1 267.312 -16.1973 3.71032
0.1 266.407 -16.891 3.68524
0.1 265.729 -17.8293 3.64876
0.1 264.926 -18.6398 3.61574
0.1 264.079 -18.545 3.59175
0.1 262.884 -18.6605 3.53343
0.1 261.435 -18.739 3.48363
0.1 260.689 -18.9384 3.45506
0.1 260.327 -18.9406 3.42461
0.1 259.821 -19.5457 3.38416
0.1 258.661 -19.5953 3.34017
0.1 257.32 -19.8322 3.30518
0.1 256.411 -19.7831 3.25719
0.1 255.451 -19.6275 3.22628
0.1 254.668 -20.1966 3.1876
0.1 254.165 -20.0165 3.16448
0.1 253.56 -19.4075 3.13074
0.1 252.541 -19.2454 3.09858
0.1 251.687 -19.0875 3.06715
0.1 250.729 -19.3233 3.02749
0.1 249.348 -19.4961 3.00913
0.1 248.34 -19.1641 2.98134
0.1 247.306 -18.7067 2.97331
0.1 246.703 -18.7282 2.9494
0.1 245.97 -18.3514 2.91707
0.1 245.22 -17.8418 2.91738
0.1 244.213 -17.3059 2.91846
0.1 243.446 -17.3584 2.9093
0.1 242.721 -17.1768 2.89821
0.1 241.793 -16.6391 2.8939
0.1 240.881 -17.1962 2.88563
0.1 239.847 -16.7427 2.89695
0.1 239.27 -16.2746 2.88483
0.1 238.411 -16.6651 2.88592
0.1 237.422 -16.255 2.90028
0.1 236.297 -15.2711 2.91022
0.1 235.329 -15.3183 2.90786
0.1 234.011 -15.1085 2.89706
0.1 233.324 -15.075 2.90732
0.1 232.519 -15.174 2.90912
0.1 231.867 -14.9708 2.9014
0.1 231.042 -14.9237 2.9184
0.1 230.084 -14.7894 2.91974
0.1 228.88 -14.6551 2.90272
0.1 227.854 -14.2464 2.90234
0.1 227.324 -14.2953 2.93496
0.1 225.892 -14.3153 2.93435
0.1 225.248 -14.1882 2.94417
0.1 224.082 -14.2437 2.95704
0.1 223.461 -13.833 2.95299
0.1 221.755 -13.9805 2.94326
0.1 220.898 -13.7323 2.94494
0.1 219.53 -13.4609 2.94291
0.1 218.535 -12.8174 2.95297
0.1 217.688 -12.7597 2.95579
0.1 216.663 -12.3785 2.98859
0.1 215.812 -12.5243 2.99149
0.1 215.003 -12.4931 2.99808
0.1 213.628 -12.409 3.00458
0.1 212.118 -11.6169 3.01153
0.1 211.345 -11.4052 3.03748
0.1 210.385 -11.1643 3.03411
0.1 209.21 -11.5229 3.04414
0.1 208.385 -11.1091 3.03944
0.1 207.404 -11.0341 3.06136
0.1 206.65 -10.2823 3.08349
0.1 205.77 -10.1669 3.09051
0.1 204.274 -10.1746 3.11104
0.1 202.823 -10.0513 3.1184
0.1 202.42 -10.0927 3.13205
0.1 201.136 -10.086 3.13643
0.1 200.297 -10.2255 3.14129
0.1 199.498 -10.0699 3.14491
0.1 198.594 -10.0292 3.1364
0.1 197.518 -10.3631 3.13699
0.1 196.589 -10.3073 3.13933
0.1 195.438 -10.4203 3.14995
0.1 194.07 -10.7359 3.15919
0.1 192.319 -11.0814 3.1821
0.1 191.425 -10.9674 3.18835
0.1 190.107 -10.5282 3.19308
0.1 189.029 -10.4102 3.18977
0.1 188.161 -10.5557 3.19594
0.1 186.822 -10.5137 3.19152
0.1 185.514 -10.349 3.195
0.1 184.618 -10.2585 3.20466
0.1 183.806 -10.4859 3.22078
0.1 182.238 -10.496 3.23386
0.1 181.089 -11.0196 3.22559
0.1 180.037 -10.8671 3.21271
0.1 178.457 -10.7671 3.23122
0.1 177.709 -10.5859 3.22823
0.1 176.555 -10.8319 3.23125
0.1 175.511 -10.8806 3.24212
0.1 174.418 -11.3995 3.25214
0.1 172.753 -11.5181 3.25905
0.1 171.941 -11.7889 3.26412
0.1 170.838 -12.1963 3.28612
0.1 169.525 -12.6434 3.28293
0.1 168.674 -12.4008 3.28256
0.1 167.779 -12.6929 3.28629
0.1 166.641 -12.0539 3.2924
0.1 165.578 -12.683 3.31561
0.1 164.785 -13.3366 3.31869
0.1 163.382 -13.5208 3.3151
0.1 161.975 -13.3545 3.33699
0.1 160.856 -13.6014 3.33549
0.1 159.439 -13.8184 3.3326
0.1 158.389 -14.2085 3.34231
0.1 156.896 -14.2964 3.33763
0.1 155.777 -14.5935 3.33256
0.1 154.359 -14.6915 3.33354
0.1 153.266 -14.9773 3.32538
0.1 152.204 -15.3723 3.33254
0.1 150.376 -15.7804 3.33479
0.1 149.347 -15.8778 3.34935
0.1 148.478 -16.513 3.34693
0.1 147.329 -16.1302 3.34314
0.1 146.512 -16.1611 3.34458
0.1 145.459 -16.4177 3.33985
0.1 144.198 -16.4859 3.35577
0.1 143.109 -16.8107 3.35868
0.1 141.87 -16.9414 3.36683
0.1 140.095 -17.4677 3.37056
0.1 140.322 -17.5238 3.37647
0.1 138.916 -17.5575 3.36378
0.1 137.898 -17.8762 3.37291
0.1 136.892 -17.7801 3.37883
0.1 135.789 -18.1009 3.36992
0.1 134.668 -18.2391 3.38637
0.1 133.917 -18.6075 3.37376
0.1 132.97 -18.9409 3.3747
0.1 132.124 -19.2062 3.38771
0.1 130.933 -19.0039 3.38798
0.1 129.49 -19.3615 3.38628
0.1 128.232 -19.2383 3.39363
0.1 127.031 -19.6732 3.40665
0.1 125.89 -20.1666 3.4112
0.1 124.691 -20.7028 3.38863
0.1 123.326 -20.8538 3.38234
0.1 122.541 -21.2785 3.3864
0.1 121.949 -21.4703 3.3947
0.1 120.802 -21.7934 3.40544
0.1 119.833 -22.6643 3.41292
0.1 118.171 -22.8508 3.41862
0.1 117.351 -23.3081 3.43144
0.1 116.346 -23.4912 3.42228
0.1 114.974 -24.0886 3.42234
0.1 114.396 -24.2543 3.42383
0.1 113.451 -24.4377 3.41634
0.1 112.484 -24.4873 3.41487
0.1 111.115 -24.8406 3.40242
0.1 110.69 -24.8881 3.43876
0.1 108.865 -25.0177 3.44624
0.1 107.839 -24.8725 3.42356
0.1 106.536 -25.4379 3.42696
0.1 105.848 -26.2026 3.44617
0.1 105.256 -26.5946 3.45368
0.1 104.434 -27.1603 3.43996
0.1 103.528 -27.3325 3.4451
0.1 102.393 -27.2922 3.46293
0.1 101.559 -27.7311 3.46506
0.1 100.427 -28.1187 3.472
0.1 99.7959 -28.8765 3.4858
0.1 98.9558 -29.4572 3.49201
0.1 97.7801 -29.6923 3.49195
0.1 95.8654 -29.9568 3.50731
0.1 94.8882 -30.5425 3.51099
0.1 93.5571 -30.7748 3.53238
0.1 92.4543 -30.6869 3.54147
0.1 91.2227 -31.104 3.54101
0.1 90.7021 -31.6081 3.54206
0.1 89.6942 -32.085 3.54923
0.1 88.9443 -32.7022 3.57546
0.1 88.2955 -32.8797 3.59317
0.1 87.7488 -33.1951 3.59469
0.1 86.0581 -34.3991 3.5862
0.1 84.9141 -34.9417 3.58464
0.1 84.3374 -35.5019 3.60374
0.1 83.2045 -36.1277 3.62045
0.1 82.6553 -36.5743 3.62807
0.1 82.0479 -37.0404 3.62546
0.1 81.116 -37.1129 3.65056
0.1 79.9348 -37.5625 3.66728
0.1 78.5385 -38.2625 3.66813
0.1 77.9235 -38.938 3.67994
0.1 76.9155 -39.6606 3.69868
0.1 76.0406 -40.2276 3.72023
0.1 74.8208 -41.025 3.73639
0.1 74.3639 -41.5425 3.75878
0.1 73.6382 -42.134 3.76056
0.1 73.1546 -42.6177 3.77619
0.1 72.1857 -43.3286 3.78503
0.1 71.2799 -43.6978 3.80855
0.1 70.2728 -44.2387 3.81582
0.1 69.2069 -45.2391 3.83593
0.1 68.494 -45.9197 3.85988
0.1 67.5456 -46.4499 3.8697
0.1 66.7569 -47.1673 3.86291
0.1 66.3046 -47.6252 3.87503
0.1 64.9315 -48.7772 3.86834
0.1 64.2823 -49.9397 3.87626
0.1 63.5254 -50.1768 3.88429
0.1 63.0692 -50.6312 3.87651
0.1 62.3934 -51.8028 3.88343
0.1 61.6811 -52.6436 3.90531
0.1 61.0392 -53.6247 3.90878
0.1 60.0301 -53.2921 3.91327
0.1 58.8617 -53.9962 3.91826
0.1 58.1215 -55.0809 3.92071
0.1 56.9422 -56.0004 3.91823
0.1 56.1221 -56.5106 3.92557
0.1 55.8292 -57.6656 3.91988
0.1 54.8163 -58.4996 3.92532
0.1 54.466 -59.2288 3.91868
0.1 54.0025 -59.9624 3.92288
0.1 53.0577 -60.7381 3.92109
0.1 52.3564 -60.9842 3.9265
0.1 51.6844 -61.7281 3.92427
0.1 50.6932 -63.0638 3.936
0.1 50.3562 -63.678 3.93352
0.1 49.385 -63.9974 3.94396
0.1 48.4349 -64.6907 3.94775
0.1 47.6516 -65.8261 3.93927
0.1 47.0021 -66.3399 3.92948
0.1 46.6226 -66.9168 3.94349
0.1 45.7621 -67.491 3.92319
0.1 44.8 -68.01 3.92091
0.1 44.1317 -68.8346 3.92687
0.1 43.6769 -69.5475 3.92014
0.1 42.95 -69.9614 3.92267
0.1 42.1754 -70.9568 3.91427
0.1 41.3173 -71.838 3.93222
0.1 40.9435 -72.4146 3.9221
0.1 40.5449 -73.3458 3.93498
0.1 39.7167 -74.5591 3.92991
0.1 39.1354 -75.1274 3.93002
0.1 38.4497 -75.3896 3.93675
0.1 37.8838 -76.4791 3.93229
0.1 36.6361 -76.7782 3.93689
0.1 35.8471 -77.3746 3.93239
0.1 35.3157 -77.7227 3.89387
0.1 34.3696 -78.3388 3.87095
0.1 33.8071 -79.1243 3.86591
0.1 33.2985 -80.1161 3.86593
0.1 32.8131 -80.8511 3.87124
0.1 32.3891 -81.0297 3.85669
0.1 32.1254 -81.4886 3.85552
0.1 31.5741 -81.9156 3.86795
0.1 31.0419 -82.7096 3.86743
0.1 30.1902 -83.006 3.85094
0.1 29.51 -83.6065 3.84993
0.1 28.6143 -84.4349 3.83611
0.1 27.8392 -84.8381 3.81327
0.1 27.4018 -85.2595 3.80697
0.1 26.7781 -85.8881 3.79439
0.1 25.8914 -86.159 3.77466
0.1 25.1078 -86.6 3.75668
0.1 24.5775 -86.6582 3.75334
0.1 23.7885 -87.5923 3.74892
0.1 23.1194 -87.8089 3.73223
0.1 22.5167 -87.7986 3.71791
0.1 21.6683 -88.1886 3.70094
0.1 21.176 -88.634 3.68871
0.1 20.4201 -89.2318 3.6759
0.1 19.9539 -89.7587 3.66542
0.1 19.1679 -90.3438 3.65576
0.1 18.2776 -90.9439 3.649
0.1 17.6156 -91.3188 3.63053
0.1 17.2763 -91.3832 3.61162
0.1 16.342 -92.0281 3.58561
0.1 15.5284 -92.4858 3.56548
0.1 14.4622 -92.9157 3.5599
0.1 13.6179 -92.8232 3.55632
0.1 12.7926 -93.0506 3.53835
0.1 12.2444 -93.2882 3.51488
0.1 11.7472 -94.0654 3.48189
0.1 11.0375 -94.2883 3.47752
0.1 10.1191 -94.5772 3.45322
0.1 9.71716 -94.8125 3.44162
0.1 9.01763 -94.7861 3.4347
0.1 8.20244 -94.9051 3.40608
0.1 7.3982 -95.1292 3.3866
0.1 6.7776 -95.3177 3.36765
0.1 5.72134 -95.6469 3.34569
0.1 4.97651 -96.0015 3.31759
0.1 4.05217 -96.601 3.28757
0.1 4.01921 -96.9555 3.25822
0.1 3.11497 -96.5905 3.24687
0.1 2.14407 -96.0002 3.21067
0.1 1.76869 -96.0353 3.19475
0.1 1.62008 -96.1517 3.18575
0.1 0.744964 -96.4577 3.15661
0.1 -0.235698 -96.3908 3.1457
0.1 -0.742019 -96.4797 3.12927
0.1 -1.74779 -96.0789 3.10225
0.1 -2.3853 -96.0339 3.08071
0.1 -2.73715 -96.2754 3.08567
0.1 -3.66341 -96.4901 3.05386
0.1 -4.25117 -96.2696 3.04621
0.1 -4.62978 -95.9924 3.03581
0.1 -5.40698 -95.8313 3.02939
0.1 -6.15879 -95.6282 3.02599
0.1 -6.54111 -95.0637 3.00082
0.1 -6.68511 -94.7346 2.98314
0.1 -7.83171 -94.5466 2.98469
0.1 -8.6942 -94.7758 2.95972
0.1 -9.61445 -94.6498 2.93721
0.1 -10.6006 -94.438 2.92036
0.1 -10.9521 -94.5775 2.91213
0.1 -11.5571 -94.3114 2.89303
0.1 -12.0155 -93.8888 2.88526
0.1 -12.4214 -93.9442 2.86463
0.1 -12.7014 -94.1467 2.82487
0.1 -13.6872 -93.9192 2.81771
0.1 -14.3091 -93.8839 2.79884
0.1 -15.1511 -93.6812 2.77107
0.1 -15.8583 -93.2591 2.74823
0.1 -16.7861 -92.9506 2.72504
0.1 -17.3613 -92.2356 2.71614
0.1 -18.432 -92.0623 2.69135
0.1 -18.7255 -91.5861 2.67578
0.1 -19.7208 -90.8804 2.65017
0.1 -20.4816 -90.495 2.62063
0.1 -21.3264 -89.6453 2.60353
0.1 -21.9747 -89.0748 2.59392
0.1 -22.2054 -88.6091 2.57429
0.1 -22.8436 -87.9072 2.5494
0.1 -24.0608 -87.8759 2.5243
0.1 -24.7287 -87.1984 2.5099
0.1 -25.5011 -87.0877 2.4952
0.1 -26.245 -86.644 2.46601
0.1 -26.4919 -85.8633 2.46202
0.1 -27.2272 -85.5584 2.43474
0.1 -27.9642 -84.7591 2.39666
0.1 -28.3023 -84.439 2.36715
0.1 -29.3035 -83.6155 2.35284
0.1 -30.1949 -82.5767 2.32612
0.1 -30.9547 -82.121 2.29784
0.1 -30.7677 -81.2779 2.27257
0.1 -30.8678 -80.2979 2.26365
0.1 -31.2828 -79.6215 2.24601
0.1 -31.7406 -78.8868 2.23112
0.1 -32.1478 -78.0452 2.21868
0.1 -32.7037 -77.3918 2.19706
0.1 -33.3312 -76.7035 2.16889
0.1 -33.6941 -76.1334 2.15383
0.1 -34.0549 -75.5324 2.13885
0.1 -34.4976 -74.9018 2.11857
0.1 -34.7916 -74.3964 2.07476
0.1 -35.063 -73.4446 2.05192
0.1 -35.3414 -72.0538 2.02062
0.1 -36.025 -71.386 1.99937
0.1 -36.0872 -70.7683 1.96906
0.1 -36.6178 -70.1052 1.947
0.1 -37.0758 -69.3464 1.92262
0.1 -37.0056 -68.4624 1.89589
0.1 -37.6584 -67.7701 1.89149
0.1 -38.3275 -67.0858 1.85418
0.1 -37.9098 -66.3006 1.81999
0.1 -38.038 -64.7188 1.80577
0.1 -38.1743 -64.3562 1.77684
0.1 -38.6981 -63.4542 1.76422
0.1 -38.9042 -62.3691 1.76004
0.1 -38.6537 -61.9939 1.74962
0.1 -38.5522 -61.2575 1.72281
0.1 -38.715 -59.9974 1.6933
0.1 -38.8183 -58.7659 1.68934
0.1 -39.3731 -57.9719 1.68325
0.1 -39.5961 -57.2643 1.68109
0.1 -39.5811 -56.2544 1.66986
0.1 -39.5497 -55.5092 1.65749
0.1 -39.4405 -55.4706 1.63691
0.1 -39.597 -54.4989 1.62518
0.1 -39.5083 -53.5038 1.59696
0.1 -39.0531 -52.7749 1.60943
0.1 -39.4406 -52.1604 1.58096
0.1 -39.3483 -51.4127 1.56139
0.1 -39.3259 -50.8065 1.54819
0.1 -38.6974 -50.3574 1.54234
0.1 -39.2804 -49.7844 1.5222
0.1 -39.6974 -49.0161 1.52497
0.1 -39.2483 -47.5407 1.51072
0.1 -39.1432 -46.4765 1.50285
0.1 -38.8751 -45.618 1.49411
0.1 -38.6299 -44.859 1.47621
0.1 -38.3673 -44.0342 1.476
0.1 -38.2755 -43.2769 1.46747
0.1 -38.8277 -42.5225 1.44411
0.1 -38.5836 -41.3038 1.42443
0.1 -38.4573 -40.4386 1.3982
0.1 -38.2879 -39.6049 1.37351
0.1 -38.0646 -38.6567 1.36256
0.1 -37.5005 -37.1479 1.34951
0.1 -37.1451 -36.025 1.33655
0.1 -37.3146 -35.2516 1.33288
0.1 -37.094 -34.5607 1.33086
0.1 -37.0289 -34.004 1.31211
0.1 -37.0856 -33.2649 1.29355
0.1 -36.5724 -32.1134 1.28347
0.1 -36.6513 -31.5946 1.27665
0.1 -36.2064 -30.5921 1.25652
0.1 -36.0721 -29.9583 1.24747
0.1 -35.5643 -28.8708 1.23103
0.1 -35.2735 -28.3825 1.21224
0.1 -34.5783 -27.1947 1.20267
0.1 -34.568 -26.3217 1.18759
0.1 -33.8363 -25.6163 1.17816
0.1 -33.6514 -25.1124 1.15827
0.1 -33.4412 -24.056 1.1489
0.1 -32.5713 -23.1828 1.12417
0.1 -32.0095 -22.4977 1.10782
0.1 -32.0776 -21.7127 1.08892
0.1 -31.43 -20.969 1.06391
0.1 -30.7901 -19.4746 1.05019
0.1 -30.0453 -19.1571 1.03651
0.1 -28.9063 -18.2969 1.00577
0.1 -28.3659 -17.5933 0.993138
0.1 -28.0173 -16.9456 0.972169
0.1 -27.7447 -16.5028 0.945697
0.1 -27.1976 -15.699 0.948755
0.1 -26.878 -14.8886 0.92325
0.1 -26.9068 -13.5302 0.885972
0.1 -26.4625 -12.5056 0.886725
0.1 -25.5122 -12.2205 0.867169
0.1 -24.6378 -11.6848 0.837061
0.1 -24.0846 -10.8333 0.822893
0.1 -24.2386 -10.6271 0.805229
0.1 -23.4579 -9.72385 0.787573
0.1 -23.3417 -9.32425 0.773069
0.1 -22.5652 -9.21846 0.763212
0.1 -21.932 -8.24363 0.751443
0.1 -21.2887 -7.70262 0.719154
0.1 -20.6968 -7.46602 0.699073
0.1 -19.8278 -6.98288 0.679684
0.1 -19.2943 -6.04561 0.664002
0.1 -18.5008 -5.90698 0.651774
0.1 -17.4149 -5.33831 0.62578
0.1 -16.7505 -4.46314 0.619326
0.1 -16.3744 -4.15611 0.620955
0.1 -15.063 -3.25119 0.591442
0.1 -14.0818 -3.0526 0.574715
0.1 -13.6654 -2.58582 0.557691
0.1 -12.7829 -2.10636 0.527762
0.1 -12.0994 -1.79326 0.529777
0.1 -11.2932 -1.65672 0.526418
0.1 -10.5463 -1.41765 0.496866
0.1 -9.44018 -0.989562 0.482666
0.1 -9.0093 -0.178386 0.473747
0.1 -7.71369 0.338052 0.447479
0.1 -7.15291 0.650604 0.432163
0.1 -6.4948 1.19488 0.421064
0.1 -6.16882 1.78808 0.409043
0.1 -4.7832 2.25114 0.380496
0.1 -4.27607 2.68814 0.3731
0.1 -3.21525 2.45377 0.369707
0.1 -2.29617 2.68136 0.350572
0.1 -1.02271 2.90261 0.338581
0.1 -0.145047 3.30807 0.321873
0.1 0.904819 3.31583 0.309445
0.1 1.55863 3.78289 0.312134
0.1 2.77039 3.8297 0.290512
0.1 3.82484 3.87659 0.278368
0.1 4.24732 3.875 0.252808
0.1 5.10059 4.15948 0.24429
0.1 5.6683 4.74104 0.249992
0.1 6.92443 4.68187 0.249463
0.1 8.17218 5.01608 0.250354
0.1 9.09017 5.18075 0.240233
0.1 9.70423 5.17382 0.225617
0.1 10.8081 5.37762 0.222873
0.1 11.4926 6.06532 0.224213
0.1 11.9524 6.62063 0.231675
0.1 12.8852 6.87546 0.23009
0.1 14.0211 7.10734 0.222968
0.1 14.6502 7.26919 0.219722
0.1 15.782 7.36667 0.212339
0.1 16.6047 7.07403 0.208454
0.1 16.9768 7.22274 0.208593
0.1 17.6522 7.69789 0.215705
0.1 18.574 7.91645 0.202573
0.1 19.5892 7.79926 0.215346
0.1 20.8784 8.25107 0.217975
0.1 21.8875 8.6639 0.20724
0.1 22.454 8.44547 0.199364
0.1 23.5134 8.54433 0.207644
0.1 24.3418 9.11689 0.213039
0.1 25.3915 9.34307 0.21045
0.1 26.3779 9.42189 0.195815
0.1 26.7857 9.61191 0.198401
0.1 28.2566 9.98183 0.193222
0.1 29.7333 10.4322 0.179376
0.1 30.8306 10.6033 0.168664
0.1 32.2114 10.4578 0.152212
0.1 32.9048 10.5155 0.144833
0.1 33.6008 10.6065 0.15232
0.1 34.2091 10.8309 0.142582
0.1 35.5575 11.049 0.136794
0.1 36.3653 10.9134 0.142935
0.1 37.2421 11.0533 0.130616
0.1 38.23 11.1961 0.131447
0.1 38.6183 11.2049 0.127126
0.1 39.6385 10.8214 0.110019
0.1 40.3126 11.3824 0.107406
0.1 41.3262 11.5791 0.107796
0.1 42.3937 11.5799 0.109026
0.1 43.5051 11.5015 0.111706
0.1 44.6606 11.4542 0.118001
0.1 45.5234 11.8998 0.10147
0.1 46.1565 12.0905 0.0747198
0.1 47.2443 13.0444 0.0757848
0.1 48.3177 13.1105 0.0730943
0.1 49.1924 13.0043 0.068703
0.1 50.4543 13.0519 0.0665774
0.1 51.3437 13.0769 0.0729497
0.1 52.3668 12.4891 0.0855626
0.1 52.981 13.1854 0.0924754
0.1 53.4381 13.572 0.090504
0.1 54.1464 13.8116 0.0788725
0.1 54.8738 14.0004 0.0904928
0.1 56.1482 13.686 0.0884983
0.1 56.842 13.5276 0.087132
0.1 57.5928 13.6721 0.08912
0.1 58.2785 13.9284 0.083053
0.1 59.45 13.7953 0.084783
0.1 59.8755 14.0357 0.100687
0.1 61.3158 13.7641 0.0976903
0.1 62.2694 13.8818 0.086961
0.1 63.4895 14.0664 0.0975507
0.1 64.1591 14.1777 0.0956698
0.1 65.1703 14.456 0.101154
0.1 66.1672 14.5015 0.114529
0.1 67.2113 14.3708 0.108743
0.1 68.4306 15.0956 0.119524
0.1 69.1548 15.2376 0.115199
0.1 69.8558 15.2867 0.106544
0.1 70.7952 15.4362 0.0915785
0.1 71.8629 14.9989 0.092781
0.1 72.6039 15.6821 0.0837169
0.1 73.4794 16.5194 0.0756129
0.1 74.4402 16.738 0.0687578
0.1 75.0074 16.672 0.0726001
0.1 76.2252 16.2683 0.0665267
0.1 77.0438 16.5206 0.061717
0.1 78.0388 16.2821 0.0576149
0.1 78.8323 16.7193 0.0589238
0.1 79.6082 17.1899 0.0697576
0.1 80.4793 17.2639 0.0656072
0.1 81.3946 17.6186 0.076126
0.1 82.2018 17.3804 0.0823121
0.1 83.3719 17.1477 0.0998937
0.1 84.429 17.0942 0.120393
0.1 85.3928 17.5092 0.101242
0.1 86.1181 17.282 0.113496
0.1 86.8131 17.5583 0.113161
0.1 87.8337 17.0387 0.113439
0.1 88.737 16.8107 0.111676
0.1 89.7985 17.1917 0.0973642
0.1 91.2824 17.2781 0.0898696
0.1 92.3182 16.9291 0.0906917
0.1 93.5165 17.1222 0.1002
0.1 94.8223 17.3258 0.0809115
0.1 95.7992 17.3373 0.0694935
0.1 96.6187 18.0258 0.0611787
0.1 97.3208 17.9995 0.0717896
0.1 97.7553 18.2645 0.069423
0.1 98.9405 18.4948 0.0810892
0.1 100.442 18.3361 0.0766488
0.1 101.179 18.5014 0.0797437
0.1 102.005 18.9861 0.0828116
0.1 102.765 18.9228 0.0672444
0.1 103.285 18.9662 0.0666259
0.1 103.886 18.7592 0.0807801
0.1 104.565 18.674 0.0717665
0.1 106.382 18.6504 0.0574502
0.1 107.411 18.7497 0.0657107
0.1 108.106 18.8045 0.0733618
0.1 109.29 18.7786 0.0725104
0.1 110.666 18.3328 0.0606935
0.1 111.849 18.5733 0.0517968
0.1 112.761 18.4087 0.0421908
0.1 113.179 18.389 0.0398342
0.1 114.455 18.231 0.0518329
0.1 115.319 18.6286 0.0476251
0.1 116.093 18.8049 0.0420298
0.1 117.382 18.9296 0.0495435
0.1 118.204 19.1583 0.0535888
0.1 119.344 19.1135 0.0637672
0.1 119.923 19.4119 0.0626466
0.1 120.749 19.5274 0.0655208
0.1 121.879 19.734 0.0645205
0.1 122.873 19.7139 0.0726705
0.1 124.001 19.8128 0.0725068
0.1 124.946 19.4593 0.0610343
0.1 126.16 19.8435 0.0554777
0.1 126.8 19.9701 0.0619238
0.1 127.683 19.8932 0.0608385
0.1 128.929 20.1711 0.0760662
0.1 129.976 20.1155 0.076965
0.1 130.89 20.4264 0.0822968
0.1 132.199 20.6258 0.0784037
0.1 133.239 20.5869 0.077401
0.1 133.952 21.1504 0.053362
0.1 134.999 20.9106 0.0358574
0.1 135.974 20.823 0.0228095
0.1 136.668 21.0257 0.043388
0.1 137.909 21.3577 0.038493
0.1 138.732 21.1849 0.0528575
0.1 139.699 20.7563 0.0635795
0.1 140.788 20.828 0.0689013
0.1 142.001 21.0084 0.0755835
0.1 143.46 20.6524 0.0702661
0.1 144.194 21.2029 0.0627558
0.1 145.206 20.6356 0.0646056
0.1 146.047 20.794 0.0687133
0.1 146.853 20.5957 0.0815318
0.1 147.387 21.1795 0.0801762
0.1 148.172 21.0505 0.083842
0.1 149.47 21.4807 0.0735862
0.1 150.811 21.8965 0.0851619
0.1 151.144 21.8978 0.0779837
0.1 152.074 22.0754 0.0576573
0.1 153.013 21.9931 0.0828485
0.1 153.63 22.1984 0.0892502
0.1 154.571 22.4973 0.106994
0.1 155.639 21.9809 0.108634
0.1 157.026 22.0887 0.0992686
0.1 158.36 21.6443 0.100145
0.1 159.044 22.1674 0.102702
0.1 160.1 22.2001 0.0944313
0.1 161.426 22.8703 0.0799223
0.1 163.226 23.2044 0.0879887
0.1 164.162 23.0594 0.0976224
0.1 165.841 23.5518 0.0963003
0.1 166.755 23.9211 0.077606
0.1 167.104 23.8625 0.0824359
0.1 167.863 24.4777 0.0705424
0.1 169.235 24.0526 0.0788234
0.1 170.393 24.0778 0.085068
0.1 171.119 23.7723 0.0863425
0.1 172.239 24.194 0.0665981
0.1 173.352 24.2686 0.0505133
0.1 174.791 23.771 0.0512654
0.1 176.351 24.1497 0.061573
0.1 177.44 23.667 0.0629657
0.1 178.226 23.2524 0.0829141
0.1 179.484 23.387 0.0769448
0.1 180.278 24.0263 0.0839683
0.1 181.33 24.1394 0.0710868
0.1 183.018 24.1124 0.064345
0.1 184.466 23.9575 0.0698267
0.1 185.787 23.6879 0.06708
0.1 186.649 23.9134 0.0684301
0.1 188.034 23.99 0.0610277
0.1 188.979 24.4175 0.0762235
0.1 190.1 24.5227 0.064613
0.1 191.131 24.3832 0.0729323
0.1 191.846 24.0672 0.059405
0.1 192.903 24.1425 0.0635318
0.1 194.139 24.2248 0.0550272
0.1 195.419 24.618 0.0618849
0.1 196.297 24.4324 0.0661157
0.1 197.461 24.4806 0.0699875
0.1 198.483 24.733 0.0675961
0.1 200.102 25.04 0.0744677
0.1 201.129 25.2656 0.0851827
0.1 202.244 25.3634 0.0631105
0.1 203.069 24.8944 0.0521256
0.1 204.029 25.1952 0.0532371
0.1 205.208 25.2659 0.0651169
0.1 206.747 25.3928 0.0618648
0.1 208.06 25.2961 0.0554722
0.1 209.479 25.5031 0.0703118
0.1 210.432 25.6392 0.0668977
0.1 211.476 25.5544 0.0721893
0.1 212.142 26.0027 0.0652719
0.1 213.24 26.1806 0.0814612
0.1 214.582 26.4176 0.0908487
0.1 215.332 26.3887 0.073034
0.1 216.289 26.505 0.073659
0.1 217.116 26.3871 0.0790595
0.1 218.419 26.7217 0.0906038
0.1 219.606 26.9938 0.0905996
0.1 220.933 27.0588 0.0955895
0.1 221.937 27.1441 0.0888116
0.1 223.269 26.5236 0.0845013
0.1 224.307 26.6575 0.0784292
0.1 225.517 26.3907 0.0837362
0.1 227.002 26.7918 0.0802983
0.1 228.081 27.0784 0.0841086
0.1 229.256 27.2264 0.0857316
0.1 230.718 27.3867 0.068098
0.1 231.769 27.782 0.0677968
0.1 232.727 27.8324 0.0661604
0.1 233.576 28.0861 0.0651836
0.1 234.706 28.1552 0.0934204
0.1 235.963 28.0484 0.0866711
0.1 237.003 28.321 0.0696103
0.1 237.833 28.6587 0.0737308
0.1 238.699 28.4619 0.0644133
0.1 239.672 28.6963 0.0695552
0.1 240.628 28.5817 0.062846
0.1 241.986 28.873 0.0690298
0.1 242.988 28.5524 0.068131
0.1 243.741 28.4997 0.0717815
0.1 244.717 28.2946 0.0778884
0.1 245.613 28.6177 0.0756631
0.1 245.706 29.2682 0.0697316
0.1 246.398 29.2784 0.0728315
0.1 247.553 29.7772 0.10103
0.1 248.265 29.7382 0.0910128
0.1 249.325 29.7912 0.0810321
0.1 250.173 30.1618 0.0786048
0.1 251.221 30.1898 0.0709073
0.1 252.706 30.1055 0.0747545
0.1 253.877 30.1431 0.0667076
0.1 254.71 29.946 0.0575843
0.1 255.405 29.969 0.0454863
0.1 256.308 29.8283 0.0342844
0.1 256.766 29.7736 6.2952
0.1 257.038 29.5209 6.27998
0.1 258.019 29.1646 6.26253
0.1 258.953 29.0711 6.23911
0.1 259.504 28.8003 6.21623
0.1 259.674 28.6195 6.19124
0.1 260.389 28.4169 6.17099
0.1 261.533 28.5093 6.12912
0.1 261.862 28.6753 6.10052
0.1 262.675 28.072 6.06044
0.1 263.54 28.0046 6.01959
0.1 264.074 27.5338 5.99995
0.1 264.482 27.0809 5.97026
0.1 265.344 27.0065 5.94021
0.1 265.962 26.5577 5.91737
0.1 266.363 25.9971 5.89905
0.1 267.171 26.4872 5.85506
0.1 268.051 25.8428 5.83694
0.1 268.631 25.5571 5.81404
0.1 269.473 25.5445 5.7759
0.1 269.8 25.0277 5.74474
0.1 270.404 23.9871 5.69995
0.1 270.816 23.7428 5.66137
0.1 271.161 23.6685 5.61692
0.1 271.523 23.1975 5.5796
0.1 271.749 23.1614 5.55207
0.1 272.858 22.9042 5.54492
0.1 273.252 22.65 5.51008
0.1 273.733 21.9138 5.49269
0.1 274.318 21.3621 5.47074
0.1 274.768 21.0866 5.43609
0.1 275.443 20.3559 5.39925
0.1 275.265 19.9858 5.38268
0.1 275.499 19.4517 5.35662
0.1 275.995 19.0565 5.33204
0.1 276.183 18.4528 5.31792
0.1 276.196 18.1192 5.27973
0.1 276.352 17.4028 5.24899
0.1 276.97 16.5129 5.2283
0.1 276.984 15.8474 5.18637
0.1 277.35 15.2185 5.15965
0.1 278.198 14.0184 5.12293
0.1 278.262 13.1882 5.09404
0.1 278.254 12.4473 5.05737
0.1 278.612 11.5439 5.02738
0.1 278.621 10.7116 4.99933
0.1 278.591 10.2602 4.96714
0.1 278.904 9.9599 4.94947
0.1 278.981 8.93069 4.91713
0.1 278.523 8.41614 4.88
0.1 278.432 7.33734 4.85734
0.1 278.709 6.24625 4.83233
0.1 279.168 5.24607 4.78309
0.1 279.713 4.59597 4.75838
0.1 279.983 3.62416 4.72178
0.1 279.83 2.68531 4.69043
0.1 280.139 1.93296 4.64884
0.1 279.973 0.867389 4.61643
0.1 279.415 -0.35269 4.57773
0.1 278.475 -1.6405 4.54498
0.1 278.058 -2.31688 4.50843
0.1 277.477 -2.99111 4.47776
0.1 277.371 -3.82327 4.43874
0.1 277.173 -4.29743 4.39706
0.1 277.158 -5.30809 4.37645
0.1 277.002 -6.07168 4.33507
0.1 276.519 -7.07297 4.30217
0.1 276.96 -7.34367 4.26828
0.1 276.332 -7.72057 4.23534
0.1 275.926 -8.30215 4.20077
0.1 275.104 -9.06742 4.17313
0.1 274.566 -9.43632 4.14988
0.1 273.983 -10.452 4.11409
0.1 273.604 -11.213 4.08398
0.1 273.277 -11.5477 4.04524
0.1 272.82 -11.8689 4.00752
0.1 272.672 -12.1095 3.97445
0.1 272.071 -12.2088 3.94135
0.1 271.663 -12.4078 3.91811
0.1 270.802 -12.8492 3.88642
0.1 270.151 -13.5358 3.86641
0.1 269.617 -13.9316 3.83457
0.1 268.71 -14.3533 3.80682
0.1 268.575 -14.2956 3.77918
0.1 267.722 -14.9154 3.75819
0.1 266.757 -15.085 3.72943
0.1 266.101 -15.3318 3.6915
0.1 265.182 -16.013 3.64552
0.1 264.718 -16.8156 3.61061
0.1 264.278 -17.0139 3.58168
0.1 263.603 -17.3373 3.5432
0.1 262.474 -17.4812 3.51862
0.1 261.734 -17.8218 3.48758
0.1 261.035 -18.2331 3.46503
0.1 260.228 -18.3242 3.44047
0.1 259.256 -18.215 3.41071
0.1 258.039 -17.9319 3.37193
0.1 257.083 -19.07 3.33383
0.1 256.824 -18.7561 3.30463
0.1 255.603 -19.0504 3.26776
0.1 254.868 -18.9727 3.24995
0.1 253.84 -19.3126 3.2132
0.1 253.083 -19.3444 3.17472
0.1 251.921 -19.3015 3.14369
0.1 251.394 -19.1608 3.12548
0.1 251.048 -18.9414 3.09532
0.1 250.52 -19.202 3.073
0.1 249.459 -18.6825 3.03833
0.1 248.075 -18.7026 3.02795
0.1 247.244 -18.5445 3.01638
0.1 246.043 -18.2102 2.99729
0.1 244.904 -17.7612 2.96785
0.1 244.331 -17.6635 2.94626
0.1 243.372 -17.6231 2.93153
0.1 242.097 -16.7484 2.90421
0.1 241.102 -16.6575 2.90698
0.1 240.003 -15.8981 2.894
0.1 238.893 -16.1028 2.88615
0.1 237.533 -15.4899 2.88622
0.1 236.522 -14.9067 2.88916
0.1 235.63 -14.4932 2.89291
0.1 234.775 -13.9722 2.89361
0.1 233.894 -13.9961 2.88328
0.1 233.316 -13.6126 2.8778
0.1 232.951 -13.4441 2.87654
0.1 231.782 -13.1965 2.8811
0.1 230.767 -12.9349 2.87232
0.1 229.361 -12.8446 2.9013
0.1 228.123 -12.6107 2.91156
0.1 227.394 -12.4186 2.91672
0.1 226.206 -12.559 2.92745
0.1 225.557 -12.5125 2.93768
0.1 224.567 -12.1646 2.92365
0.1 223.624 -11.9829 2.9298
0.1 222.444 -12.3574 2.93343
0.1 221.535 -12.0153 2.9244
0.1 220.685 -12.2857 2.93413
0.1 219.7 -12.0289 2.93995
0.1 218.454 -11.8983 2.96276
0.1 217.354 -11.9707 2.96989
0.1 216.246 -11.3309 2.96522
0.1 215.379 -11.2364 2.98462
0.1 214.338 -11.5007 2.98347
0.1 213.349 -11.0774 2.99923
0.1 212.05 -11.0844 3.00552
0.1 211.213 -10.8378 3.01616
0.1 210.644 -10.7675 3.01818
0.1 209.05 -10.624 3.04586
0.1 208.032 -10.503 3.05259
0.1 206.539 -10.5009 3.04722
0.1 205.417 -9.93128 3.06026
0.1 204.463 -10.039 3.07825
0.1 203.204 -10.2943 3.0789
0.1 202.341 -10.1008 3.08606
0.1 201.328 -10.3656 3.09249
0.1 200.184 -10.3148 3.09311
0.1 199.018 -10.1117 3.11394
0.1 197.948 -10.0697 3.13029
0.1 196.278 -9.8155 3.14224
0.1 195.508 -10.2221 3.14574
0.1 194.027 -10.2534 3.14909
0.1 192.526 -10.5432 3.14526
0.1 191.236 -10.5692 3.14129
0.1 190.167 -10.436 3.147
0.1 189.136 -10.5062 3.15542
0.1 188.017 -10.0872 3.16249
0.1 186.857 -9.80086 3.16528
0.1 185.978 -10.1031 3.17321
0.1 185.196 -9.54225 3.18979
0.1 183.653 -9.33877 3.19143
0.1 182.266 -9.52603 3.20398
0.1 181.08 -9.87111 3.21541
0.1 179.846 -10.3818 3.22238
0.1 179.06 -10.278 3.22797
0.1 177.995 -10.6562 3.23135
0.1 176.469 -10.4704 3.22282
0.1 175.152 -10.192 3.22172
0.1 174.094 -10.1798 3.22547
0.1 172.634 -10.345 3.23096
0.1 171.745 -11.0359 3.23237
0.1 170.53 -11.3476 3.2225
0.1 169.564 -11.5023 3.23827
0.1 168.737 -11.3819 3.24493
0.1 167.812 -11.377 3.25222
0.1 166.561 -11.7824 3.24186
0.1 165.857 -12.1628 3.25407
0.1 164.864 -12.3439 3.26445
0.1 163.664 -12.5785 3.2571
0.1 162.305 -12.2286 3.26064
0.1 161.323 -12.5101 3.26939
0.1 159.86 -12.3488 3.28387
0.1 158.345 -12.9556 3.28948
0.1 156.933 -13.0036 3.2893
0.1 156.107 -13.2951 3.28678
0.1 155.486 -13.7731 3.3002
0.1 154.286 -14.0523 3.30915
0.1 153.214 -13.936 3.31866
0.1 152.008 -14.3603 3.31888
0.1 150.48 -14.5386 3.3204
0.1 149.754 -14.8018 3.3431
0.1 148.458 -14.8484 3.35041
0.1 147.546 -15.2985 3.34262
0.1 146.759 -15.446 3.33854
0.1 146.349 -15.6506 3.35711
0.1 145.026 -15.756 3.35884
0.1 144.315 -16.1096 3.35829
0.1 143.857 -16.434 3.3581
0.1 142.942 -16.4547 3.35182
0.1 141.606 -16.3587 3.37186
0.1 139.899 -16.7834 3.34821
0.1 138.853 -17.1541 3.35627
0.1 137.804 -17.0318 3.33863
0.1 136.924 -17.9058 3.34576
0.1 135.9 -18.06 3.34029
0.1 134.536 -18.456 3.34801
0.1 133.787 -18.8872 3.36153
0.1 132.761 -18.8755 3.35627
0.1 131.561 -19.5603 3.36802
0.1 130.556 -19.2634 3.36966
0.1 129.873 -19.2005 3.37277
0.1 128.479 -18.985 3.37843
0.1 127.72 -18.6422 3.39646
0.1 127.039 -18.8299 3.39263
0.1 126.169 -19.3324 3.38926
0.1 125.318 -20.0154 3.40554
0.1 124.304 -20.1118 3.41072
0.1 123.324 -20.5354 3.40244
0.1 122.51 -21.1467 3.39933
0.1 121.198 -21.3432 3.38318
0.1 119.938 -21.929 3.37805
0.1 119.299 -22.4056 3.38301
0.1 118.444 -22.5289 3.3953
0.1 117.386 -22.4531 3.39321
0.1 116.583 -22.7064 3.40191
0.1 115.617 -23.2549 3.40467
0.1 114.514 -23.604 3.39324
0.1 113.667 -23.4211 3.38884
0.1 112.635 -23.5866 3.38906
0.1 111.474 -24.0035 3.38966
0.1 110.668 -24.0417 3.39804
0.1 109.592 -24.6581 3.39588
0.1 108.708 -24.076 3.40322
0.1 107.759 -24.1229 3.41873
0.1 106.415 -24.6881 3.41036
0.1 105.144 -25.259 3.41588
0.1 104.155 -25.684 3.41119
0.1 103.644 -25.5976 3.43231
0.1 102.134 -26.2691 3.43195
0.1 101.134 -26.6217 3.43098
0.1 99.8912 -26.5258 3.44225
0.1 99.1831 -26.716 3.44927
0.1 97.9284 -27.2875 3.45473
0.1 97.6673 -27.6765 3.45329
0.1 96.4689 -27.7095 3.45058
0.1 95.7666 -28.3944 3.46777
0.1 95.0281 -28.7999 3.47698
0.1 93.8967 -29.1217 3.47758
0.1 93.1427 -29.7667 3.50449
0.1 92.3195 -30.1332 3.51652
0.1 91.4941 -30.4131 3.52365
0.1 91.064 -30.8852 3.52516
0.1 90.3629 -31.2989 3.53667
0.1 89.1327 -31.6432 3.54081
0.1 88.075 -31.425 3.54498
0.1 86.7576 -32.1293 3.57028
0.1 85.6488 -32.5023 3.58544
0.1 85.4441 -33.0105 3.60005
0.1 84.4827 -33.5815 3.61631
0.1 83.6355 -33.9813 3.61346
0.1 82.5946 -34.2059 3.62742
0.1 81.6503 -34.5716 3.65873
0.1 81.1257 -34.682 3.67
0.1 79.96 -35.2459 3.68011
0.1 79.3087 -35.8354 3.70305
0.1 78.7198 -35.7143 3.69758
0.1 77.7279 -36.4122 3.70039
0.1 77.5021 -36.8366 3.72048
0.1 76.883 -37.5858 3.72427
0.1 75.7541 -37.9171 3.73054
0.1 74.3586 -38.2194 3.75972
0.1 73.5611 -39.2275 3.78294
0.1 72.3169 -39.7288 3.78667
0.1 71.4886 -40.7576 3.78742
0.1 70.9494 -41.8839 3.79449
0.1 69.798 -41.8134 3.8023
0.1 69.4909 -42.2876 3.79824
0.1 68.6756 -43.0825 3.81036
0.1 68.2093 -43.5775 3.83126
0.1 67.8167 -44.5452 3.84202
0.1 67.1225 -44.9351 3.84462
0.1 66.4975 -45.578 3.83558
0.1 65.7096 -46.1171 3.84828
0.1 65.4986 -46.7509 3.87295
0.1 64.9227 -47.2398 3.88522
0.1 64.423 -47.6573 3.89499
0.1 63.6979 -48.6774 3.89482
0.1 62.8936 -49.501 3.89978
0.1 62.0678 -50.0995 3.8875
0.1 61.5364 -50.7603 3.89516
0.1 60.4384 -51.3246 3.9042
0.1 60.1575 -51.892 3.89944
0.1 59.1572 -52.9477 3.93084
0.1 58.5288 -53.2872 3.93578
0.1 57.8875 -54.2149 3.94336
0.1 56.806 -54.897 3.94321
0.1 55.7805 -55.2803 3.9554
0.1 55.4232 -55.6414 3.94858
0.1 54.6257 -56.8237 3.94533
0.1 54.2651 -57.9702 3.94566
0.1 53.443 -59.2671 3.93277
0.1 52.9218 -60.2975 3.93505
0.1 51.9232 -60.5585 3.94006
0.1 51.1228 -60.9598 3.93993
0.1 50.5478 -61.7487 3.96818
0.1 49.9807 -62.3141 3.9714
0.1 49.5241 -63.4455 3.94953
0.1 48.2524 -64.1229 3.94166
0.1 48.0094 -64.4505 3.94284
0.1 47.3011 -64.8533 3.94099
0.1 46.4461 -65.821 3.93749
0.1 46.3195 -66.1348 3.92788
0.1 45.6963 -66.9404 3.93801
0.1 45.1183 -67.5435 3.94867
0.1 44.1248 -67.9578 3.94774
0.1 43.154 -68.9518 3.95251
0.1 42.3382 -69.0042 3.94041
0.1 42.0109 -69.6974 3.93153
0.1 41.1951 -70.4624 3.9282
0.1 40.6491 -71.47 3.91048
0.1 40.127 -72.0678 3.91123
0.1 39.2771 -72.8895 3.90098
0.1 38.5287 -73.4568 3.9061
0.1 37.8878 -73.9939 3.91132
0.1 37.3349 -74.5382 3.90101
0.1 36.3765 -75.2851 3.89473
0.1 35.7076 -75.8959 3.89633
0.1 35.3267 -76.6575 3.89711
0.1 34.7229 -77.5968 3.89831
0.1 34.4971 -78.1739 3.90572
0.1 33.7624 -78.4724 3.89739
0.1 32.801 -78.7869 3.89904
0.1 32.121 -79.0321 3.91246
0.1 32.0065 -79.2336 3.91536
0.1 31.2106 -80.1272 3.90678
0.1 30.8263 -81.0919 3.89955
0.1 30.2762 -81.4847 3.88144
0.1 29.4986 -82.0609 3.87626
0.1 28.9001 -82.4854 3.87219
0.1 28.3403 -83.138 3.87007
0.1 27.4238 -83.562 3.8712
0.1 27.0007 -84.2462 3.87103
0.1 26.2036 -85.1379 3.86862
0.1 26.2801 -85.7719 3.84714
0.1 25.6605 -86.2189 3.84118
0.1 25.1044 -86.6368 3.82458
0.1 24.5751 -87.3503 3.81786
0.1 23.7521 -88.2646 3.80231
0.1 23.0809 -88.6804 3.79504
0.1 22.8769 -88.6684 3.79175
0.1 22.2384 -89.063 3.76374
0.1 21.4252 -89.2953 3.75707
0.1 20.7748 -89.4045 3.73729
0.1 20.0999 -89.9193 3.72388
0.1 19.3339 -90.5605 3.72141
0.1 18.7918 -90.837 3.70545
0.1 18.1775 -90.894 3.69472
0.1 17.2072 -91.2564 3.66177
0.1 16.4318 -91.2907 3.64276
0.1 16.0388 -91.1676 3.6299
0.1 15.2837 -92.0153 3.62306
0.1 15.029 -92.4582 3.60505
0.1 14.6786 -92.9164 3.58884
0.1 13.5519 -93.4923 3.56372
0.1 12.9965 -94.0168 3.54872
0.1 12.5682 -94.2229 3.54772
0.1 11.6339 -94.7998 3.52193
0.1 11.2617 -94.6122 3.51458
0.1 10.2112 -94.6878 3.4968
0.1 9.28933 -94.646 3.48299
0.1 8.80794 -94.691 3.46669
0.1 8.24086 -94.7954 3.44462
0.1 8.26315 -95.1772 3.43098
0.1 7.92798 -94.8507 3.4078
0.1 7.25702 -95.1313 3.38532
0.1 6.894 -95.2513 3.3652
0.1 5.93295 -95.0813 3.35782
0.1 4.92291 -95.1314 3.33344
0.1 4.40348 -94.8479 3.31189
0.1 3.74287 -95.2144 3.29256
0.1 3.37773 -95.7259 3.27006
0.1 2.33839 -95.9255 3.24882
0.1 2.11331 -95.6561 3.22908
0.1 1.06194 -95.8534 3.21064
0.1 0.441273 -95.2829 3.19708
0.1 -0.227321 -95.4883 3.19159
0.1 -0.821306 -94.8582 3.15868
0.1 -1.65062 -95.006 3.15478
0.1 -2.09254 -95.0957 3.12278
0.1 -2.71328 -95.5578 3.12141
0.1 -3.38272 -94.7264 3.10678
0.1 -4.01827 -95.3816 3.09922
0.1 -4.8212 -95.3922 3.07859
0.1 -5.32462 -95.0974 3.05621
0.1 -5.93315 -95.099 3.04058
0.1 -6.51213 -95.0481 3.03121
0.1 -6.92685 -95.4128 3.01983
0.1 -7.43352 -95.0687 2.99898
0.1 -8.04331 -95.0822 2.99079
0.1 -8.65948 -94.8401 2.98931
0.1 -8.42769 -94.82 2.96275
0.1 -9.1018 -94.9431 2.95392
0.1 -9.97582 -94.7624 2.93726
0.1 -10.5581 -94.866 2.90765
0.1 -11.6161 -94.2295 2.8965
0.1 -12.4941 -94.3204 2.86965
0.1 -13.3276 -94.2159 2.83724
0.1 -13.7498 -94.1326 2.83751
0.1 -13.9771 -93.807 2.83366
0.1 -14.3148 -93.5125 2.82463
0.1 -15.2585 -93.1672 2.80693
0.1 -15.5551 -92.944 2.78954
0.1 -16.0437 -92.5563 2.79059
0.1 -16.2315 -92.0863 2.77603
0.1 -17.1869 -91.6761 2.75686
0.1 -17.9603 -91.2815 2.74627
0.1 -18.4224 -90.9167 2.73001
0.1 -19.5123 -90.2468 2.70899
0.1 -19.676 -90.0411 2.69047
0.1 -20.3476 -90.3393 2.67212
0.1 -21.3477 -90.2482 2.64694
0.1 -21.8888 -90.1655 2.63378
0.1 -22.8708 -89.5847 2.60609
0.1 -23.6064 -89.0762 2.59459
0.1 -23.9855 -88.9997 2.57773
0.1 -24.3576 -88.6361 2.56011
0.1 -24.7512 -88.0614 2.54673
0.1 -25.5337 -88.1168 2.5253
0.1 -25.7139 -87.7547 2.51803
0.1 -26.4218 -87.1357 2.4895
0.1 -27.2977 -86.3522 2.46153
0.1 -27.9195 -85.8808 2.45562
0.1 -28.5661 -85.1842 2.43577
0.1 -28.8526 -84.7293 2.4136
0.1 -29.4162 -84.2117 2.39554
0.1 -29.7746 -83.3464 2.34401
0.1 -30.3057 -82.5639 2.32799
0.1 -31.3788 -82.4415 2.30439
0.1 -32.0809 -81.8335 2.27997
0.1 -32.6492 -81.473 2.25537
0.1 -33.1991 -80.4483 2.2275
0.1 -33.2092 -80.0583 2.18897
0.1 -33.5117 -79.7348 2.16759
0.1 -34.0582 -79.1338 2.15079
0.1 -34.0881 -78.5606 2.12526
0.1 -34.6319 -77.995 2.106
0.1 -34.8798 -77.1102 2.07957
0.1 -35.4813 -75.6868 2.04114
0.1 -35.7071 -74.605 2.02287
0.1 -36.4514 -73.8778 1.9962
0.1 -36.8391 -73.5066 1.96451
0.1 -37.753 -73.0051 1.94127
0.1 -38.2078 -72.0218 1.93016
0.1 -38.3552 -71.1318 1.91071
0.1 -38.5005 -69.8974 1.88421
0.1 -38.5373 -69.062 1.86261
0.1 -38.8093 -68.3317 1.84715
0.1 -39.1556 -67.8729 1.84607
0.1 -38.807 -67.3922 1.8321
0.1 -39.0635 -66.7729 1.81412
0.1 -39.6531 -66.3538 1.81666
0.1 -39.726 -65.4556 1.80814
0.1 -39.9808 -64.6805 1.80053
0.1 -40.0987 -63.7854 1.78388
0.1 -40.332 -62.5447 1.76729
0.1 -40.2861 -62.0822 1.74668
0.1 -40.3746 -61.3136 1.73434
0.1 -40.0449 -60.6942 1.72898
0.1 -40.1006 -59.9061 1.72213
0.1 -40.4635 -59.1536 1.69947
0.1 -40.1779 -59.106 1.68168
0.1 -40.1367 -58.3871 1.66703
0.1 -40.225 -57.3554 1.66045
0.1 -40.4055 -56.9796 1.64777
0.1 -40.5297 -55.9661 1.63868
0.1 -40.3261 -55.3983 1.6209
0.1 -40.1466 -54.3536 1.61292
0.1 -39.9166 -53.5149 1.6049
0.1 -40.2327 -52.7541 1.58879
0.1 -40.5675 -51.488 1.58754
0.1 -40.4282 -50.4763 1.58535
0.1 -41.0079 -49.9808 1.58406
0.1 -41.0007 -49.4367 1.55544
0.1 -40.3033 -48.3898 1.54902
0.1 -40.2549 -47.743 1.53545
0.1 -40.52 -47.2982 1.52411
0.1 -40.6406 -46.468 1.5017
0.1 -40.6967 -45.9416 1.50554
0.1 -40.9339 -45.242 1.49038
0.1 -40.7071 -44.2311 1.48493
0.1 -40.6177 -42.6891 1.47822
0.1 -40.7478 -42.2416 1.46968
0.1 -40.651 -41.1442 1.47946
0.1 -40.9445 -39.9082 1.45789
0.1 -40.8899 -39.6679 1.43765
0.1 -40.3943 -38.8093 1.42013
0.1 -39.7785 -38.2573 1.41443
0.1 -39.1873 -37.5967 1.40273
0.1 -38.8437 -36.9051 1.38112
0.1 -38.9822 -36.0809 1.36771
0.1 -39.2825 -35.2445 1.35953
0.1 -38.9363 -34.4106 1.35517
0.1 -38.6397 -33.7469 1.34427
0.1 -38.5756 -32.906 1.32219
0.1 -37.9449 -31.7483 1.30854
0.1 -37.7742 -31.1615 1.2876
0.1 -37.2559 -29.9261 1.26379
0.1 -36.9378 -29.1203 1.2539
0.1 -36.2549 -28.2748 1.22378
0.1 -35.6793 -27.8919 1.20182
0.1 -35.7449 -27.4066 1.20669
0.1 -35.4954 -26.5642 1.18769
0.1 -35.0872 -26.3973 1.17071
0.1 -34.9394 -25.532 1.14604
0.1 -34.9489 -24.2915 1.14767
0.1 -34.4949 -23.6368 1.13037
0.1 -33.8684 -22.7588 1.11463
0.1 -33.325 -22.0056 1.08465
0.1 -32.5744 -21.4041 1.07782
0.1 -32.2518 -19.9491 1.06551
0.1 -31.4727 -19.6516 1.04841
0.1 -30.7904 -18.6562 1.04672
0.1 -30.3055 -17.7779 1.01651
0.1 -29.5959 -17.5202 0.998776
0.1 -29.2655 -16.6632 0.999381
0.1 -29.3228 -16.2765 0.980808
0.1 -28.9847 -15.484 0.969946
0.1 -28.4541 -15.3255 0.942431
0.1 -27.8494 -14.4965 0.923221
0.1 -27.3015 -13.7506 0.907074
0.1 -26.7392 -13.0374 0.873752
0.1 -26.3559 -12.0656 0.867083
0.1 -25.7582 -11.5299 0.845736
0.1 -25.5602 -11.1573 0.838106
0.1 -25.0053 -10.5632 0.83373
0.1 -24.4326 -10.1381 0.814499
0.1 -23.885 -9.88041 0.790336
0.1 -23.3867 -8.76213 0.780822
0.1 -22.5021 -8.71581 0.747264
0.1 -21.5837 -8.13127 0.72738
0.1 -20.8979 -7.21319 0.708749
0.1 -20.3742 -7.02666 0.68992
0.1 -19.5918 -6.19077 0.670287
0.1 -19.0308 -5.2355 0.666906
0.1 -18.5659 -4.85481 0.635966
0.1 -17.9212 -4.63364 0.631639
0.1 -17.2832 -4.08908 0.624922
0.1 -16.962 -3.87717 0.625602
0.1 -16.1028 -3.31028 0.604089
0.1 -15.2392 -2.53569 0.569873
0.1 -14.4372 -2.32064 0.54109
0.1 -13.5718 -1.91834 0.519388
0.1 -13.0418 -1.10317 0.511732
0.1 -12.5214 -0.94794 0.499018
0.1 -11.6333 -0.354054 0.481223
0.1 -10.5843 -0.129922 0.459122
0.1 -10.0885 0.58179 0.43499
0.1 -9.77361 1.04131 0.42795
0.1 -9.15735 1.68409 0.419079
0.1 -8.47043 1.80581 0.399516
0.1 -6.79893 2.48781 0.378224
0.1 -6.38751 2.65737 0.362072
0.1 -5.02932 2.80238 0.352328
0.1 -4.30042 2.61422 0.362815
0.1 -3.39602 3.22984 0.341315
0.1 -2.52509 3.32036 0.325318
0.1 -1.55962 3.54814 0.330487
0.1 -0.190309 4.08803 0.332261
0.1 0.434383 4.44647 0.308213
0.1 1.15774 4.81824 0.309352
0.1 2.5501 5.05578 0.294859
0.1 3.28364 5.26646 0.289872
0.1 3.86935 5.00864 0.298024
0.1 4.94221 5.11998 0.284123
0.1 6.28189 5.10146 0.306966
0.1 7.18593 5.73088 0.285201
0.1 7.8202 6.05239 0.282956
0.1 8.59602 6.41212 0.272181
0.1 9.44446 6.35156 0.265063
0.1 9.74367 6.67541 0.254664
0.1 10.8686 7.00604 0.251241
0.1 11.9223 7.30299 0.242335
0.1 13.318 7.05671 0.228067
0.1 14.6262 7.33756 0.224743
0.1 15.6122 7.8494 0.20924
0.1 16.4591 8.62296 0.205841
0.1 18.11 8.32997 0.186672
0.1 19.0496 8.33911 0.185461
0.1 19.9546 8.65759 0.173285
0.1 21.0368 8.99896 0.172047
0.1 21.9883 8.84962 0.170605
0.1 23.0035 8.83279 0.172617
0.1 23.8666 8.74842 0.1824
0.1 24.747 9.49416 0.186283
0.1 25.8837 9.35112 0.184275
0.1 27.113 9.62741 0.185118
0.1 28.3481 9.82647 0.177069
0.1 29.3662 10.2255 0.178407
0.1 30.6339 10.4205 0.180579
0.1 31.5412 10.8108 0.17665
0.1 31.935 11.1922 0.177309
0.1 33.0175 11.5341 0.166972
0.1 34.162 11.8214 0.158855
0.1 35.468 11.5149 0.151393
0.1 36.668 11.6317 0.151442
0.1 37.4861 11.7111 0.141318
0.1 38.8974 11.5005 0.141047
0.1 39.6755 11.7191 0.154151
0.1 40.6371 12.0056 0.147729
0.1 41.9029 12.1789 0.135028
0.1 42.8465 12.0504 0.140108
0.1 43.583 11.6485 0.157427
0.1 44.5394 12.4812 0.162586
0.1 45.8444 12.366 0.154556
0.1 46.9646 12.5849 0.162943
0.1 47.9874 13.1577 0.165242
0.1 49.3229 12.6927 0.168174
0.1 50.1544 12.9849 0.17155
0.1 51.433 12.6792 0.157259
0.1 52.2818 12.7596 0.146538
0.1 53.3496 13.5019 0.148723
0.1 54.2098 13.85 0.146434
0.1 55.6037 13.9108 0.142779
0.1 56.6898 14.0629 0.133238
0.1 58.1329 14.4458 0.125992
0.1 59.2045 14.7677 0.133416
0.1 60.5365 14.5462 0.132387
0.1 61.357 14.3317 0.117833
0.1 61.8328 14.512 0.132061
0.1 62.7778 14.8497 0.145245
0.1 63.9145 14.7578 0.147388
0.1 64.9041 14.6386 0.145115
0.1 66.028 15.5122 0.125148
0.1 67.1838 15.6524 0.130607
0.1 68.3616 15.7147 0.122907
0.1 69.0552 15.5937 0.111418
0.1 70.5013 15.7749 0.111907
0.1 71.7656 16.2169 0.117923
0.1 72.8162 16.5918 0.117048
0.1 73.7573 16.1951 0.114176
0.1 74.66 16.4332 0.110757
0.1 75.4894 16.4937 0.126305
0.1 75.8797 16.7757 0.113084
0.1 76.6096 16.6084 0.126048
0.1 77.9316 17.4967 0.128897
0.1 78.9766 17.2828 0.129302
0.1 79.7641 17.3573 0.12715
0.1 81.1909 17.2982 0.122644
0.1 82.6297 17.36 0.101975
0.1 84.1004 17.4751 0.0793331
0.1 85.0671 18.2602 0.0796203
0.1 85.8472 18.1841 0.0749645
0.1 87.0597 17.3251 0.0815969
0.1 88.0983 17.7786 0.0756819
0.1 88.4807 17.6399 0.0866948
0.1 89.1189 17.3438 0.0683441
0.1 90.4724 17.1833 0.062886
0.1 91.2326 17.1547 0.0680716
0.1 92.0798 17.5426 0.0666272
0.1 93.4132 17.5832 0.0845714
0.1 94.3155 17.987 0.0653868
0.1 95.4349 17.9918 0.0571671
0.1 96.4093 17.967 0.0640905
0.1 97.5135 18.5708 0.060121
0.1 98.8105 18.5191 0.0750207
0.1 99.6082 18.7075 0.0542826
0.1 101.163 18.737 0.0592075
0.1 102.256 18.5203 0.0621681
0.1 103.185 18.1885 0.0590645
0.1 104.18 18.5158 0.0587022
0.1 104.716 18.3833 0.0523569
0.1 105.538 18.7311 0.0581474
0.1 106.845 19.0237 0.0623002
0.1 107.71 19.2236 0.0504895
0.1 109.205 19.1863 0.0488198
0.1 109.527 19.6737 0.0618899
0.1 111.525 19.9759 0.0373178
0.1 112.591 19.7833 0.0363317
0.1 113.663 19.8559 0.0449936
0.1 114.642 19.558 0.0455597
0.1 115.508 19.9139 0.0648393
0.1 116.249 19.8148 0.0825815
0.1 117.428 19.9734 0.0812726
0.1 118.299 19.8323 0.0914276
0.1 119.353 19.2235 0.0896794
0.1 120.584 19.0574 0.103989
0.1 121.467 19.5646 0.0934201
0.1 122.024 19.7891 0.096429
0.1 123.076 19.8088 0.0881279
0.1 124.174 19.4571 0.0539706
0.1 125.584 19.7739 0.0619468
0.1 126.441 20.1662 0.0483514
0.1 127.713 20.3274 0.0623434
0.1 128.504 20.8058 0.0572293
0.1 129.684 20.8785 0.0546545
0.1 130.832 20.7244 0.0525882
0.1 131.667 21.0587 0.0566311
0.1 132.61 21.1062 0.0660096
0.1 133.507 21.0904 0.0682647
0.1 135.023 21.1964 0.0615264
0.1 135.799 21.3399 0.0426401
0.1 136.502 21.172 0.0484066
0.1 138.031 21.4303 0.0491963
0.1 138.838 21.5707 0.0478182
0.1 140.431 21.4891 0.0576139
0.1 141.244 21.8364 0.0622367
0.1 141.892 21.6038 0.0792185
0.1 142.391 21.4634 0.0679345
0.1 143.442 21.3369 0.0743501
0.1 144.517 21.8151 0.0720177
0.1 145.832 21.8379 0.0873359
0.1 147.219 22.1086 0.0981547
0.1 148.492 22.2561 0.0970158
0.1 149.347 22.0177 0.104695
0.1 150.618 21.753 0.093857
0.1 151.653 21.8 0.09491
0.1 152.742 21.8873 0.0901376
0.1 154.321 21.9437 0.104218
0.1 155.386 22.0416 0.110563
0.1 156.456 22.3324 0.090162
0.1 157.716 22.4816 0.0984249
0.1 158.62 23.2409 0.09921
0.1 159.463 23.089 0.101709
0.1 159.863 23.3201 0.105068
0.1 161.112 23.2243 0.105886
0.1 161.891 22.9743 0.0906194
0.1 162.997 22.9366 0.0973526
0.1 163.535 22.8066 0.0867326
0.1 164.955 23.1892 0.0873875
0.1 166.226 23.0372 0.0811142
0.1 167.274 22.9651 0.0800841
0.1 168.5 23.4107 0.0879889
0.1 169.699 23.6905 0.0849731
0.1 170.578 23.2097 0.080342
0.1 171.881 23.1835 0.0746043
0.1 172.478 23.0229 0.0727227
0.1 173.618 23.616 0.078365
0.1 174.152 24.4423 0.077762
0.1 175.01 24.3608 0.0763771
0.1 176.471 24.275 0.058185
0.1 177.641 24.619 0.054219
0.1 178.823 24.8779 0.0575883
0.1 179.939 24.4271 0.0518605
0.1 180.903 24.5383 0.0559665
0.1 182.177 24.9882 0.0545787
0.1 183.669 25.1429 0.0661575
0.1 184.044 24.7312 0.0702368
0.1 184.952 24.419 0.0747591
0.1 185.622 24.3584 0.078868
0.1 187.08 24.1003 0.0745716
0.1 188.096 24.2155 0.0864634
0.1 189.24 25.1636 0.0965076
0.1 189.688 25.2727 0.0863431
0.1 190.544 25.3978 0.0735861
0.1 191.838 25.6057 0.0665394
0.1 192.694 25.376 0.0653658
0.1 193.966 26.1004 0.0754631
0.1 195.516 26.6898 0.0628313
0.1 196.706 26.6731 0.0729208
0.1 197.431 26.6715 0.0888557
0.1 198.222 26.478 0.0883817
0.1 199.772 26.8606 0.0832967
0.1 200.715 27.0008 0.0942072
0.1 201.741 26.6565 0.0927492
0.1 203.213 26.7594 0.0764691
0.1 204.274 26.6382 0.0867357
0.1 205.795 26.1512 0.0843622
0.1 206.863 26.1063 0.0783817
0.1 207.956 26.0848 0.0711764
0.1 209.184 26.4069 0.0627113
0.1 210.377 25.8144 0.0534661
0.1 211.484 25.9865 0.046697
0.1 212.262 26.3225 0.0577218
0.1 213.197 26.4591 0.0797183
0.1 214.66 26.6731 0.0762915
0.1 215.839 26.394 0.0804333
0.1 216.842 26.3483 0.0703995
0.1 217.914 26.8403 0.0673915
0.1 218.734 26.8009 0.0647651
0.1 219.758 27.1198 0.0796652
0.1 220.484 27.0911 0.0799972
0.1 221.199 27.5185 0.0906317
0.1 222.244 27.5933 0.0892752
0.1 223.362 27.5829 0.0807528
0.1 224.067 28.1624 0.0641739
0.1 225.035 28.1454 0.0636984
0.1 225.846 27.9231 0.0601874
0.1 227.21 27.5985 0.0727253
0.1 228.472 28.0262 0.0602647
0.1 229.758 27.7232 0.0650267
0.1 230.691 27.6203 0.072078
0.1 231.627 27.9539 0.0650438
0.1 233.019 28.0915 0.0667377
0.1 234.076 27.9521 0.0663783
0.1 235.166 27.7674 0.0632166
0.1 236.157 27.7919 0.0531757
0.1 237.09 28.0601 0.0678892
0.1 238.138 27.7845 0.0880894
0.1 239.415 27.915 0.0582449
0.1 239.952 27.5417 0.0668988
0.1 240.732 27.6722 0.0772218
0.1 241.47 27.7681 0.0723055
0.1 242.377 27.9504 0.0764503
0.1 243.185 28.4043 0.0841502
0.1 244.021 28.8136 0.0736281
0.1 244.469 28.8458 0.0794567
0.1 245.522 29.1454 0.0896456
0.1 245.991 29.3613 0.0640761
0.1 246.762 28.9201 0.0623148
0.1 247.502 28.7317 0.0613013
0.1 248.242 28.987 0.0538436
0.1 248.958 29.1858 0.0491596
0.1 249.772 29.1795 0.046506
0.1 250.911 28.9708 0.036647
0.1 251.777 28.6117 0.0449906
0.1 251.944 28.9238 0.033229
0.1 253.073 29.053 0.0279709
0.1 254.05 29.1643 0.0259936
0.1 254.383 29.4 0.00309897
0.1 255.01 29.2404 -0.0227513
0.1 254.519 28.8593 6.25132
0.1 254.933 28.4392 6.25489
0.1 255.604 28.3104 6.23184
0.1 256.049 28.0185 6.2137
0.1 256.591 28.3541 6.19429
0.1 257.322 28.3379 6.18088
0.1 257.55 28.2994 6.17508
0.1 257.939 28.6381 6.14853
0.1 258.106 28.5412 6.13424
0.1 258.915 28.861 6.11449
0.1 259.385 28.7179 6.08753
0.1 259.796 29.0082 6.06948
0.1 259.871 28.7957 6.0494
0.1 260.212 28.9505 6.03865
0.1 260.22 28.6875 6.01501
0.1 260.39 28.7961 6.01158
0.1 260.772 28.492 5.9889
0.1 260.924 28.5681 5.96603
0.1 261.286 29.0759 5.95034
0.1 262.209 28.9708 5.92632
0.1 263.105 29.0919 5.91103
0.1 263.211 29.0262 5.89486
0.1 263.814 29.1443 5.8722
0.1 263.897 28.5494 5.83798
0.1 263.643 28.3206 5.8192
0.1 264.01 28.2329 5.80702
0.1 264.401 27.9264 5.79799
0.1 264.499 28.0851 5.79258
0.1 264.866 28.2603 5.78937
0.1 265.285 27.9918 5.75914
0.1 265.627 28.3181 5.75745
0.1 266.144 28.1457 5.75149
0.1 266.348 27.7938 5.72857
0.1 266.549 27.4255 5.74865
0.1 266.966 27.1576 5.74067
0.1 266.936 27.3294 5.72573
0.1 267.246 27.1245 5.72253
0.1 267.377 26.8028 5.70789
0.1 267.589 26.3192 5.70467
0.1 267.667 25.3632 5.69116
0.1 267.963 24.8674 5.67354
0.1 268.829 24.476 5.65844
0.1 269.272 24.3074 5.65131
0.1 269.735 24.1667 5.63713
0.1 269.927 23.6971 5.64343
0.1 270.497 23.4785 5.63633
0.1 271.038 22.9586 5.61477
0.1 270.905 22.1761 5.61858
0.1 271.03 21.874 5.60805
0.1 271.588 21.5142 5.5956
0.1 272.074 21.6768 5.56722
0.1 272.483 21.159 5.53355
0.1 272.532 21.3203 5.52926
0.1 273.34 20.847 5.49897
0.1 273.415 20.4417 5.48122
0.1 273.215 20.3289 5.47631
0.1 273.97 19.6547 5.45687
0.1 274.509 19.2043 5.42998
0.1 274.181 18.816 5.39728
0.1 274.373 18.6896 5.35616
0.1 274.906 18.1159 5.32931
0.1 275.22 17.7281 5.30378
0.1 275.613 16.9128 5.26509
0.1 276.03 16.5108 5.22753
0.1 275.955 15.693 5.20762
0.1 276.139 15.2866 5.18944
0.1 276.762 14.9493 5.15634
0.1 276.755 14.2387 5.11319
0.1 277.021 13.834 5.10189
0.1 277.153 13.4337 5.06436
0.1 277.287 13.1326 5.03389
0.1 277.407 12.6306 5.01615
0.1 277.814 12.3041 4.98323
0.1 277.852 11.8752 4.95381
0.1 277.835 10.7525 4.94413
0.1 278.226 9.65674 4.9178
0.1 278.172 9.23502 4.86618
0.1 278.329 8.00949 4.82619
0.1 278.392 7.4271 4.80843
0.1 278.272 7.31155 4.77898
0.1 278.506 6.91989 4.75493
0.1 278.445 6.61339 4.72723
0.1 278.602 5.85451 4.70869
0.1 278.356 5.12316 4.69653
0.1 277.976 4.34206 4.66931
0.1 278.15 3.79508 4.65495
0.1 277.953 2.79365 4.63009
0.1 278.204 2.34527 4.60012
0.1 278.152 1.78682 4.56478
0.1 278.087 1.02949 4.53548
0.1 277.841 0.332344 4.49555
0.1 277.441 -0.284906 4.45951
0.1 277.266 -0.958912 4.42668
0.1 276.944 -1.56561 4.39267
0.1 276.464 -2.30385 4.3656
0.1 276.308 -3.27927 4.34187
0.1 276.05 -3.36515 4.31449
0.1 275.748 -4.15697 4.29819
0.1 275.697 -4.81881 4.2745
0.1 275.534 -5.19853 4.24126
0.1 275.199 -5.80855 4.2032
0.1 274.717 -5.99233 4.16972
0.1 274.595 -6.50383 4.15046
0.1 274.18 -7.19525 4.12637
0.1 273.901 -8.09895 4.11771
0.1 273.502 -8.30122 4.08446
0.1 272.461 -9.0185 4.08132
0.1 272.455 -9.5613 4.06271
0.1 271.936 -10.2093 4.03764
0.1 271.656 -11.086 4.01649
0.1 271.107 -11.1419 3.98246
0.1 270.918 -11.4284 3.95013
0.1 270.294 -11.8349 3.91631
0.1 269.525 -12.4884 3.8886
0.1 268.795 -13.4939 3.8721
0.1 267.908 -13.7516 3.83753
0.1 267.802 -14.1142 3.80933
0.1 267.173 -14.5562 3.77951
0.1 266.137 -15.399 3.76574
0.1 266.005 -15.8696 3.73341
0.1 265.381 -16.408 3.69559
0.1 264.919 -16.9806 3.67271
0.1 264.149 -17.5785 3.63219
0.1 263.125 -17.8053 3.59949
0.1 262.221 -17.8272 3.56757
0.1 261.049 -17.7485 3.5224
0.1 260.131 -18.318 3.4921
0.1 259.72 -18.2401 3.46521
0.1 258.273 -18.7992 3.42326
0.1 257.342 -18.229 3.39816
0.1 256.173 -18.1849 3.37325
0.1 255.635 -18.4515 3.32977
0.1 255.095 -18.6593 3.30671
0.1 254.426 -18.8386 3.26723
0.1 253.48 -18.7157 3.23647
0.1 253.03 -18.6269 3.20652
0.1 252.989 -18.8462 3.20047
0.1 252.065 -18.5725 3.16544
0.1 251.787 -19.0258 3.13178
0.1 251.153 -19.0684 3.10169
0.1 249.871 -19.046 3.06378
0.1 249.203 -18.8177 3.06305
0.1 247.996 -18.8275 3.03131
0.1 247.532 -18.8143 3.01319
0.1 246.736 -18.3969 2.99995
0.1 245.618 -18.2073 2.95707
0.1 244.591 -17.5995 2.92446
0.1 243.26 -16.8424 2.9015
0.1 242.394 -16.3692 2.89181
0.1 241.803 -15.9109 2.88935
0.1 240.681 -15.9465 2.88428
0.1 240.166 -16.1441 2.88611
0.1 239.753 -16.1173 2.88561
0.1 239.042 -16.3553 2.90014
0.1 237.809 -16.0718 2.89395
0.1 237.431 -15.5664 2.88612
0.1 236.584 -15.4121 2.88378
0.1 235.642 -15.4271 2.89148
0.1 234.313 -14.8924 2.88091
0.1 233.489 -14.4933 2.87587
0.1 232.454 -14.6345 2.88121
0.1 231.386 -13.6143 2.88512
0.1 230.381 -12.935 2.89349
0.1 229.331 -13.1405 2.90007
0.1 228.85 -13.1026 2.89239
0.1 228.036 -12.9226 2.90695
0.1 227.543 -12.5159 2.91956
0.1 226.762 -12.3076 2.92917
0.1 225.672 -11.8631 2.92112
0.1 224.925 -11.8528 2.92245
0.1 224.372 -11.3495 2.92748
0.1 223.638 -11.6078 2.90306
0.1 222.056 -11.2326 2.91678
0.1 221.089 -10.8068 2.92096
0.1 220.278 -10.1057 2.93215
0.1 219.087 -9.61504 2.95945
0.1 217.928 -9.41401 2.97154
0.1 217.113 -9.2431 2.97501
0.1 216.374 -9.0308 2.98794
0.1 215.632 -9.00143 2.99814
0.1 214.57 -8.53504 3.00499
0.1 213.016 -8.59193 2.99789
0.1 212.57 -8.06482 3.01356
0.1 211.774 -8.09398 3.01365
0.1 210.674 -7.66746 3.03446
0.1 209.205 -7.94879 3.03626
0.1 207.821 -7.90144 3.06011
0.1 207.086 -8.11832 3.06224
0.1 206.767 -7.74528 3.07415
0.1 205.678 -7.76687 3.07297
0.1 204.835 -8.32537 3.08498
0.1 203.8 -8.45822 3.08697
0.1 202.621 -8.26471 3.09945
0.1 201.453 -8.62696 3.09172
0.1 200.723 -8.29967 3.10081
0.1 200.242 -8.22936 3.10621
0.1 199.28 -8.26466 3.12536
0.1 198.216 -8.32441 3.14989
0.1 197.32 -8.75788 3.15719
0.1 195.992 -8.81367 3.16228
0.1 195.032 -8.98941 3.16663
0.1 194.111 -9.01421 3.17642
0.1 193.613 -9.22735 3.18755
0.1 192.709 -8.95667 3.18161
0.1 191.612 -9.61678 3.17992
0.1 190.683 -10.0749 3.18452
0.1 189.451 -10.1809 3.18512
0.1 188.308 -9.78495 3.19459
0.1 186.782 -9.03437 3.213
0.1 186.212 -9.11749 3.21928
0.1 185.209 -9.39453 3.2155
0.1 184.331 -9.41205 3.23049
0.1 183.606 -9.65648 3.23015
0.1 182.885 -9.77166 3.23772
0.1 181.706 -10.2897 3.24403
0.1 180.826 -10.7816 3.24368
0.1 179.211 -10.8939 3.25124
0.1 178.168 -10.7151 3.26461
0.1 176.996 -10.7581 3.24068
0.1 176.191 -10.9444 3.24257
0.1 175.154 -10.9299 3.25462
0.1 174.069 -10.9304 3.26105
0.1 173.337 -11.7237 3.24773
0.1 171.915 -11.8741 3.25375
0.1 170.956 -11.9152 3.25363
0.1 169.839 -11.8492 3.25551
0.1 169.022 -11.2062 3.26702
0.1 168.193 -11.351 3.26431
0.1 167.519 -11.3353 3.26985
0.1 166.59 -11.487 3.27538
0.1 165.801 -11.139 3.28047
0.1 165.154 -11.4292 3.28565
0.1 164.54 -11.6003 3.28817
0.1 163.386 -12.1294 3.28811
0.1 162.224 -12.1981 3.28029
0.1 161.464 -12.3133 3.27123
0.1 160.88 -12.8836 3.2851
0.1 160.261 -12.8066 3.28368
0.1 159.177 -13.4315 3.29677
0.1 158.164 -13.3658 3.30941
0.1 157.549 -13.4442 3.32813
0.1 156.789 -12.87 3.33167
0.1 156.087 -12.759 3.32416
0.1 155.483 -13.18 3.33516
0.1 154.132 -13.3585 3.34273
0.1 152.965 -13.6779 3.33661
0.1 151.601 -14.195 3.35434
0.1 150.457 -14.434 3.36052
0.1 149.608 -14.5447 3.35392
0.1 148.805 -14.8433 3.34475
0.1 147.565 -14.4802 3.3398
0.1 146.457 -14.8357 3.3345
0.1 145.914 -14.939 3.34539
0.1 145.644 -14.5931 3.37156
0.1 144.812 -14.949 3.37851
0.1 143.597 -15.1883 3.37007
0.1 142.279 -15.3328 3.36803
0.1 141.386 -15.9453 3.37357
0.1 140.393 -16.3533 3.37666
0.1 139.144 -16.4455 3.37292
0.1 138.132 -16.5664 3.39116
0.1 137.52 -16.7211 3.39401
0.1 136.731 -17.3533 3.38225
0.1 136.016 -17.6822 3.39287
0.1 134.968 -17.8584 3.39376
0.1 134.668 -18.3463 3.40195
0.1 133.608 -18.5483 3.4032
0.1 132.784 -18.4243 3.40607
0.1 131.622 -18.4135 3.41265
0.1 130.681 -18.227 3.4134
0.1 129.84 -17.9484 3.42352
0.1 129.613 -18.758 3.41517
0.1 128.541 -18.8837 3.40454
0.1 127.044 -19.1038 3.39057
0.1 126.41 -19.0822 3.39486
0.1 125.49 -19.1961 3.39611
0.1 124.695 -19.9058 3.40332
0.1 123.909 -20.2544 3.38682
0.1 122.908 -20.3414 3.38644
0.1 121.877 -20.301 3.39222
0.1 121.229 -20.2171 3.38335
0.1 120.473 -20.3981 3.38756
0.1 120.093 -21.0692 3.39103
0.1 119.753 -21.2441 3.40611
0.1 118.624 -21.5459 3.40197
0.1 117.945 -21.6106 3.39984
0.1 117.36 -21.9298 3.42707
0.1 116.444 -22.0284 3.42204
0.1 115.236 -22.3657 3.41993
0.1 114.613 -22.7634 3.4379
0.1 113.9 -22.5954 3.42438
0.1 113.11 -22.8309 3.42446
0.1 112.055 -23.4051 3.4481
0.1 111.677 -23.8658 3.44765
0.1 110.746 -23.8476 3.43361
0.1 109.99 -24.3941 3.42424
0.1 109.04 -24.5372 3.43457
0.1 108.617 -24.8758 3.42992
0.1 107.745 -25.147 3.42439
0.1 107.154 -25.2728 3.41685
0.1 106.735 -25.433 3.42069
0.1 105.69 -25.4237 3.41823
0.1 104.512 -25.4138 3.43501
0.1 103.894 -25.8172 3.45022
0.1 103.073 -26.3305 3.45632
0.1 101.98 -27.0059 3.45363
0.1 101.311 -27.3204 3.45335
0.1 100.648 -27.4038 3.4641
0.1 99.9046 -27.7645 3.45947
0.1 99.0416 -27.7018 3.46252
0.1 98.0907 -28.2729 3.4591
0.1 96.787 -28.4072 3.46796
0.1 96.4057 -28.7329 3.48544
0.1 96.3025 -29.5326 3.49259
0.1 95.6193 -29.7816 3.50109
0.1 95.3441 -29.7305 3.49866
0.1 94.0629 -29.9048 3.49762
0.1 93.0691 -29.5838 3.47872
0.1 92.1932 -29.6918 3.48755
0.1 91.3604 -29.7466 3.50627
0.1 90.9616 -30.0475 3.50529
0.1 90.0836 -30.3744 3.51476
0.1 89.5614 -30.3446 3.51652
0.1 89.0165 -30.5118 3.51618
0.1 87.8191 -30.7556 3.52555
0.1 86.8297 -31.2312 3.54329
0.1 86.0752 -31.2677 3.54696
0.1 85.4334 -31.159 3.57468
0.1 84.845 -31.5566 3.59073
0.1 84.0243 -31.989 3.5965
0.1 83.7223 -32.5482 3.61168
0.1 83.1339 -33.008 3.61895
0.1 83.3605 -33.9483 3.61746
0.1 82.0431 -34.143 3.63827
0.1 81.7685 -34.5616 3.65724
0.1 81.1777 -34.9315 3.66401
0.1 79.9878 -35.2176 3.68301
0.1 79.6895 -35.0927 3.6966
0.1 79.1731 -35.948 3.70337
0.1 78.4087 -36.4784 3.72462
0.1 77.8922 -37.0826 3.73123
0.1 76.9115 -38.1561 3.74452
0.1 76.1666 -38.658 3.73909
0.1 75.3487 -38.9283 3.74579
0.1 75.1367 -39.3468 3.75776
0.1 73.8365 -39.5436 3.76301
0.1 73.4877 -40.0564 3.76616
0.1 72.8402 -40.4746 3.76933
0.1 71.8016 -40.7731 3.77179
0.1 71.5464 -41.1437 3.77995
0.1 70.8834 -41.6391 3.78389
0.1 70.3308 -41.9773 3.78273
0.1 69.5221 -42.5364 3.79333
0.1 69.2722 -43.2116 3.80426
0.1 68.598 -43.7595 3.80857
0.1 68.1256 -43.594 3.82005
0.1 67.4397 -43.5573 3.83995
0.1 66.5624 -43.6965 3.82247
0.1 66.2966 -44.2695 3.82545
0.1 65.6283 -45.1025 3.84102
0.1 65.5147 -45.652 3.85593
0.1 64.6996 -46.2165 3.85948
0.1 64.2599 -46.9394 3.84946
0.1 63.4894 -47.2971 3.8508
0.1 62.6522 -47.679 3.85205
0.1 62.158 -48.171 3.84989
0.1 61.7206 -49.097 3.8581
0.1 60.9647 -49.8745 3.86028
0.1 60.6348 -50.5271 3.84979
0.1 60.1224 -51.4549 3.84761
0.1 59.4483 -51.809 3.83808
0.1 58.6476 -52.2376 3.85292
0.1 57.7605 -52.5508 3.87514
0.1 57.0368 -53.0705 3.88185
0.1 56.6362 -54.0811 3.87547
0.1 56.0045 -54.4909 3.87826
0.1 55.5265 -55.1527 3.89196
0.1 54.8783 -55.1706 3.90561
0.1 54.1141 -55.7721 3.90112
0.1 53.207 -56.6327 3.9042
0.1 52.8948 -57.0745 3.91546
0.1 52.5266 -58.1126 3.91756
0.1 51.9065 -59.0176 3.9159
0.1 51.4326 -59.3854 3.92153
0.1 50.3655 -59.7601 3.91999
0.1 50.0948 -59.8739 3.92477
0.1 49.4422 -60.7202 3.92402
0.1 48.8273 -61.49 3.93193
0.1 48.2179 -61.615 3.92529
0.1 47.6012 -62.5101 3.93059
0.1 47.0565 -63.5584 3.91816
0.1 46.2396 -63.6689 3.92238
0.1 45.9459 -64.1995 3.93437
0.1 45.2461 -64.8717 3.95095
0.1 44.9527 -65.4009 3.95447
0.1 44.3569 -65.9975 3.95804
0.1 43.6663 -66.9308 3.95016
0.1 43.4041 -67.9425 3.95244
0.1 42.9762 -68.3606 3.95039
0.1 42.7691 -68.8733 3.93515
0.1 42.2455 -69.4359 3.94924
0.1 41.4266 -70.4291 3.94724
0.1 40.5276 -70.8635 3.94666
0.1 40.2752 -71.1659 3.94118
0.1 39.6496 -71.3809 3.93538
0.1 38.5251 -72.073 3.92189
0.1 38.1762 -72.9532 3.92428
0.1 37.3616 -73.6338 3.93076
0.1 36.4769 -73.5811 3.9169
0.1 36.3858 -73.8907 3.92832
0.1 35.5927 -73.9016 3.93449
0.1 35.3619 -74.2364 3.94128
0.1 35.1445 -74.3202 3.93058
0.1 34.483 -74.7631 3.91319
0.1 34.0612 -75.503 3.91169
0.1 33.6383 -75.9988 3.89838
0.1 32.9885 -76.6596 3.89635
0.1 32.9304 -77.0775 3.89871
0.1 32.4452 -77.6569 3.88712
0.1 31.9691 -78.2023 3.88148
0.1 31.1831 -78.7734 3.89121
0.1 30.3569 -79.4692 3.87973
0.1 29.6664 -80.1467 3.88003
0.1 29.0776 -80.6944 3.87374
0.1 28.6507 -81.7422 3.87318
0.1 27.9987 -82.127 3.85841
0.1 27.7677 -82.7658 3.85388
0.1 26.71 -83.0138 3.8478
0.1 26.3732 -83.4734 3.84111
0.1 25.8788 -83.9208 3.83656
0.1 25.5194 -84.671 3.81431
0.1 24.6221 -85.2098 3.80753
0.1 24.0225 -85.7383 3.78983
0.1 22.8503 -85.8371 3.76377
0.1 21.7985 -86.1853 3.74504
0.1 21.4629 -86.7454 3.7323
0.1 20.5599 -87.1653 3.71898
0.1 19.7447 -87.3737 3.70127
0.1 19.4172 -88.0994 3.69588
0.1 18.679 -88.8031 3.69205
0.1 17.8725 -88.6587 3.68881
0.1 17.4509 -89.0218 3.68172
0.1 16.8349 -89.3023 3.66485
0.1 16.4938 -89.5928 3.64663
0.1 15.9881 -90.1635 3.63033
0.1 15.934 -90.606 3.61947
0.1 15.519 -90.5745 3.62146
0.1 14.7607 -90.7254 3.60219
0.1 14.071 -91.3821 3.57802
0.1 13.1613 -91.6494 3.55445
0.1 12.4826 -91.9641 3.53203
0.1 11.6175 -92.2907 3.51811
0.1 10.7154 -92.1395 3.50574
0.1 10.1857 -92.1371 3.48707
0.1 9.21562 -92.4773 3.46714
0.1 8.78121 -93.1931 3.45572
0.1 8.25593 -93.496 3.43492
0.1 7.77259 -93.5247 3.41411
0.1 6.95946 -94.1369 3.3985
0.1 6.52603 -93.8058 3.3942
0.1 5.88768 -93.4303 3.37463
0.1 5.95815 -94.1984 3.33928
0.1 5.16782 -94.6175 3.31894
0.1 4.38688 -94.3269 3.31875
0.1 3.94237 -94.1131 3.30247
0.1 3.05484 -94.8697 3.29174
0.1 2.1336 -95.0006 3.27412
0.1 1.93232 -94.9683 3.2565
0.1 1.05191 -94.9025 3.24496
0.1 -0.00571372 -95.2976 3.22231
0.1 -0.19086 -94.8014 3.20854
0.1 -1.68534 -94.9546 3.17899
0.1 -2.12942 -94.753 3.17515
0.1 -2.70741 -94.5595 3.16401
0.1 -3.40223 -94.7102 3.14298
0.1 -4.34846 -94.7395 3.11662
0.1 -5.11931 -94.6494 3.09551
0.1 -5.7301 -94.7882 3.0907
0.1 -6.39953 -94.9015 3.07195
0.1 -7.21816 -94.6324 3.05702
0.1 -7.78267 -94.5468 3.03317
0.1 -8.1298 -94.9096 3.01218
0.1 -8.48269 -95.1302 3.00182
0.1 -8.87121 -94.988 2.9683
0.1 -9.38453 -94.9384 2.94618
0.1 -10.2459 -94.7836 2.9424
0.1 -10.9605 -94.8747 2.93364
0.1 -11.4479 -94.6476 2.91045
0.1 -12.0795 -93.8569 2.88362
0.1 -13.0401 -94.0225 2.86343
0.1 -13.6582 -93.5653 2.86059
0.1 -14.6433 -93.2936 2.86713
0.1 -15.0034 -93.0487 2.84396
0.1 -16.1332 -92.5215 2.83565
0.1 -16.8784 -92.0561 2.82062
0.1 -17.7078 -91.7947 2.79811
0.1 -17.9405 -91.5192 2.79097
0.1 -18.4035 -91.3089 2.77483
0.1 -19.1687 -91.0262 2.76064
0.1 -19.7155 -90.8243 2.74342
0.1 -20.0981 -90.3334 2.72966
0.1 -20.6154 -90.0161 2.70624
0.1 -21.3604 -89.6967 2.69644
0.1 -21.9613 -89.393 2.68324
0.1 -22.8733 -89.3683 2.66467
0.1 -23.5645 -89.2004 2.64554
0.1 -23.8256 -88.6375 2.62675
0.1 -24.1956 -88.5891 2.60361
0.1 -24.6615 -87.8388 2.60287
0.1 -24.9697 -87.2841 2.57233
0.1 -25.0537 -86.8746 2.56667
0.1 -25.6527 -86.973 2.5491
0.1 -26.1826 -86.7964 2.53928
0.1 -27.041 -86.0356 2.52215
0.1 -27.6228 -85.207 2.49393
0.1 -27.958 -85.0404 2.45643
0.1 -28.9059 -84.2298 2.43006
0.1 -29.1419 -84.5455 2.40604
0.1 -30.216 -84.4665 2.38752
0.1 -30.9414 -84.3303 2.36546
0.1 -31.2961 -83.4499 2.33872
0.1 -31.8249 -82.814 2.30832
0.1 -32.4095 -82.0083 2.29037
0.1 -33.1826 -81.4525 2.28525
0.1 -33.3999 -80.5834 2.27499
0.1 -34.1209 -80.26 2.25316
0.1 -34.6843 -79.5667 2.23853
0.1 -34.635 -79.0643 2.20703
0.1 -35.1463 -78.7527 2.19218
0.1 -35.7157 -77.8867 2.17792
0.1 -35.7539 -77.0881 2.15363
0.1 -36.0841 -76.6317 2.15281
0.1 -36.7036 -76.1785 2.12617
0.1 -36.8766 -75.9684 2.10428
0.1 -37.149 -75.1521 2.06279
0.1 -37.6472 -74.1058 2.04034
0.1 -37.9049 -73.2656 2.01338
0.1 -37.5201 -72.8463 1.99917
0.1 -37.8756 -71.9105 1.98893
0.1 -38.5262 -71.6943 1.95645
0.1 -38.6393 -71.0952 1.93583
0.1 -38.8361 -69.7395 1.92415
0.1 -39.0014 -69.0772 1.89619
0.1 -39.1166 -68.4989 1.87523
0.1 -39.3402 -67.7567 1.85162
0.1 -39.4139 -67.092 1.84823
0.1 -39.6984 -66.1145 1.82864
0.1 -39.7054 -65.7411 1.79638
0.1 -39.63 -65.3304 1.79423
0.1 -39.4815 -64.391 1.77409
0.1 -39.6156 -63.2901 1.74631
0.1 -40.0002 -62.4959 1.7252
0.1 -40.2034 -61.8448 1.73713
0.1 -40.7711 -61.5051 1.71845
0.1 -40.4492 -60.5981 1.70531
0.1 -40.5114 -59.7371 1.68627
0.1 -40.373 -59.1238 1.68646
0.1 -40.3907 -58.2386 1.66813
0.1 -40.0131 -57.4476 1.66866
0.1 -40.4321 -56.702 1.65436
0.1 -40.7596 -55.985 1.64773
0.1 -40.6791 -55.1548 1.63303
0.1 -41.2484 -54.7574 1.60898
0.1 -41.515 -53.4883 1.60346
0.1 -41.602 -52.5131 1.597
0.1 -41.6573 -51.7431 1.58556
0.1 -41.6852 -51.1513 1.57748
0.1 -41.8421 -50.778 1.56372
0.1 -42.1612 -49.8604 1.55822
0.1 -41.7419 -48.6303 1.5642
0.1 -41.66 -48.1907 1.55899
0.1 -41.5679 -47.6233 1.56431
