0.1 6.10721 1.83969 0.0209327
0.1 6.21278 2.34135 0.32256
0.1 6.82064 2.27775 0.317184
0.1 6.97911 2.45412 0.318443
0.1 7.804 2.75644 0.324709
0.1 8.05071 3.22993 0.30814
0.1 8.7816 3.24716 0.299775
0.1 8.86735 3.1008 0.295326
0.1 9.51742 2.73792 0.294268
0.1 9.48805 2.99259 0.309063
0.1 10.4377 2.85657 0.309854
0.1 10.9013 3.43804 0.30936
0.1 10.8352 3.58659 0.310499
0.1 11.5467 3.95646 0.318143
0.1 12.4789 3.97021 0.308321
0.1 12.8715 4.38691 0.300705
0.1 13.5097 4.31504 0.287616
0.1 14.2285 5.02526 0.282021
0.1 14.8884 4.89759 0.269244
0.1 15.6378 5.05022 0.267407
0.1 16.1556 4.89708 0.268432
0.1 16.7484 4.7621 0.269907
0.1 17.3302 5.10708 0.275921
0.1 17.6018 5.31121 0.274542
0.1 18.1663 5.42571 0.274092
0.1 19.2305 5.82135 0.256654
0.1 20.0377 6.01587 0.259516
0.1 20.744 6.56564 0.260907
0.1 21.1166 6.79191 0.264396
0.1 21.6584 6.53777 0.252523
0.1 21.9479 6.84951 0.244209
0.1 22.579 6.74702 0.248433
0.1 22.6489 6.96417 0.252233
0.1 23.4644 7.034 0.262094
0.1 24.0599 7.11804 0.250638
0.1 25.0271 7.57021 0.256157
0.1 25.5458 7.80944 0.255386
0.1 26.2392 7.57082 0.249951
0.1 26.9879 8.08789 0.255924
0.1 27.5905 8.45339 0.239799
0.1 28.3098 8.72212 0.22526
0.1 28.882 8.90728 0.21459
0.1 29.3849 8.59473 0.222577
0.1 30.1695 9.03845 0.219839
0.1 31.4163 8.78156 0.225223
0.1 32.2138 8.68364 0.228021
0.1 33.0072 8.8628 0.213732
0.1 33.9914 9.23141 0.214947
0.1 34.7267 9.73555 0.213911
0.1 35.6135 9.60799 0.20824
0.1 36.3828 9.62611 0.209131
0.1 37.4199 9.99816 0.198301
0.1 38.3696 10.6853 0.188138
0.1 39.6092 10.9015 0.188383
0.1 40.1139 10.766 0.177675
0.1 41.0142 11.1366 0.184616
0.1 41.5205 10.9926 0.184582
0.1 42.4971 11.0292 0.179523
0.1 43.2785 11.3506 0.178888
0.1 44.1788 11.1188 0.167424
0.1 44.6647 11.1731 0.178692
0.1 46.0919 11.2652 0.184671
0.1 47.0041 11.8791 0.184041
0.1 47.5292 12.5135 0.172139
0.1 48.1226 12.1934 0.16629
0.1 49.3327 12.2299 0.164778
0.1 50.5773 12.442 0.157818
0.1 51.5731 12.1727 0.155087
0.1 52.5661 12.3096 0.140154
0.1 53.959 12.1194 0.144659
0.1 55.2261 12.5951 0.134165
0.1 55.792 12.4482 0.14899
0.1 57.0234 12.9621 0.143244
0.1 58.0631 13.0269 0.137099
0.1 58.9732 13.1337 0.127793
0.1 59.5273 12.9692 0.120762
0.1 60.3877 12.9028 0.118342
0.1 61.3186 14.0682 0.117887
0.1 62.6637 14.02 0.111602
0.1 63.7368 14.178 0.113429
0.1 64.7437 14.0688 0.112605
0.1 65.681 14.3926 0.119974
0.1 66.9682 14.4939 0.119474
0.1 67.8039 15.1098 0.113805
0.1 69.0866 15.0189 0.130403
0.1 69.8856 15.1208 0.131034
0.1 70.5715 14.6205 0.125573
0.1 71.4816 14.7748 0.104827
0.1 72.9858 14.537 0.108107
0.1 74.1202 15.0683 0.118701
0.1 75.0923 15.4685 0.109084
0.1 76.1122 15.6799 0.102235
0.1 77.0622 15.7026 0.0963893
0.1 78.3217 15.8436 0.0932145
0.1 79.2915 15.6085 0.0884201
0.1 80.6347 15.8012 0.0825605
0.1 82.0636 15.7296 0.0839865
0.1 82.9825 15.7432 0.0870579
0.1 84.019 15.9456 0.0779947
0.1 84.8424 16.1214 0.0771162
0.1 86.4009 16.2221 0.0910299
0.1 87.4801 16.294 0.0961066
0.1 88.8013 16.4645 0.10238
0.1 90.3546 16.779 0.0966125
0.1 91.0213 16.8706 0.0982128
0.1 91.9468 17.0236 0.0996063
0.1 92.8957 17.3706 0.0760062
0.1 94.519 17.2652 0.0663891
0.1 95.612 17.2108 0.0567144
0.1 97.0133 16.888 0.053337
0.1 97.9876 16.9753 0.0539642
0.1 99.3102 17.2013 0.0406233
0.1 100.401 17.6431 0.0427511
0.1 101.778 17.4338 0.0448666
0.1 102.83 17.4828 0.0649027
0.1 103.736 17.6844 0.0668467
0.1 104.842 17.4013 0.0724586
0.1 106.363 17.9335 0.0760015
0.1 107.547 17.9213 0.0755727
0.1 108.646 18.3676 0.0749091
0.1 109.682 18.3546 0.0731595
0.1 110.983 18.3849 0.0737473
0.1 112.456 18.3698 0.0719485
0.1 113.426 18.9961 0.066105
0.1 114.311 18.6235 0.060987
0.1 115.907 18.815 0.0781653
0.1 117.103 18.7025 0.070991
0.1 118.353 19.0572 0.0762174
0.1 119.604 19.3144 0.0785776
0.1 120.872 19.0565 0.0702205
0.1 121.705 19.4364 0.0761089
0.1 122.95 19.2118 0.0606576
0.1 124.205 18.672 0.0648006
0.1 125.235 18.8382 0.0646976
0.1 126.851 18.8051 0.0688148
0.1 127.831 19.2697 0.0699604
0.1 129.291 19.3929 0.0746646
0.1 130.865 19.9348 0.0718064
0.1 131.876 19.9221 0.0705208
0.1 132.954 19.5978 0.081323
0.1 134.634 19.9611 0.0719357
0.1 136.046 19.8209 0.0624402
0.1 137.382 20.1886 0.0661904
0.1 138.469 20.0775 0.079226
0.1 139.572 20.3918 0.0914024
0.1 141.212 20.4485 0.092695
0.1 142.619 20.6103 0.0874595
0.1 144.091 20.7284 0.0869468
0.1 144.893 20.8696 0.0846113
0.1 145.608 20.595 0.0847787
0.1 146.838 21.1791 0.0787683
0.1 148.113 21.1103 0.0964407
0.1 149.487 20.8945 0.102436
0.1 150.993 20.9509 0.0889587
0.1 152.326 21.1479 0.0816127
0.1 153.459 21.3756 0.0724013
0.1 154.457 21.4257 0.0790374
0.1 155.568 21.7241 0.071153
0.1 157.097 21.2428 0.0665282
0.1 158.244 21.3577 0.0717282
0.1 159.712 21.4835 0.0882828
0.1 160.794 22.2168 0.0815604
0.1 162.269 22.1865 0.073691
0.1 163.559 22.0767 0.0855295
0.1 165.028 22.2609 0.0863051
0.1 166.29 22.3763 0.0882276
0.1 167.622 22.1808 0.0766215
0.1 169.237 22.5417 0.0724422
0.1 170.28 22.8484 0.0712306
0.1 171.719 22.9507 0.0815152
0.1 172.675 22.7856 0.0947671
0.1 173.852 22.7029 0.0821725
0.1 175.103 22.766 0.080984
0.1 175.993 22.8816 0.0963585
0.1 178.257 23.447 0.0557761
0.1 179.843 23.5255 0.0653662
0.1 181.266 23.6305 0.0673524
0.1 182.239 23.6415 0.0561033
0.1 183.613 24.0588 0.062176
0.1 184.399 24.0429 0.0767817
0.1 185.841 24.2833 0.0649145
0.1 187.103 24.4868 0.0630136
0.1 188.017 24.5058 0.0715317
0.1 189.436 24.9345 0.0891554
0.1 190.809 24.9163 0.0784568
0.1 191.565 24.6422 0.0890082
0.1 193.316 24.7126 0.0771929
0.1 194.8 24.7844 0.0720973
0.1 196.484 24.5716 0.0657405
0.1 197.705 24.6622 0.0705241
0.1 198.753 24.6727 0.062019
0.1 200.681 25.2414 0.0638591
0.1 202.004 25.0438 0.0718042
0.1 202.975 25.3807 0.0823628
0.1 204.395 25.5157 0.0918357
0.1 205.72 25.4446 0.0760091
0.1 207.235 25.4261 0.0775501
0.1 208.293 25.7968 0.0651059
0.1 209.394 25.7581 0.0789032
0.1 210.767 25.6811 0.0663678
0.1 212.303 25.7564 0.0734095
0.1 213.393 26.2131 0.0683984
0.1 214.88 26.2487 0.0788343
0.1 215.877 26.5642 0.0882159
0.1 217.512 26.3928 0.0902767
0.1 218.916 26.3278 0.0843396
0.1 220.316 26.2216 0.0787411
0.1 221.305 26.264 0.0758204
0.1 222.893 26.3997 0.0762901
0.1 224.301 26.1409 0.080765
0.1 225.196 26.2369 0.0821305
0.1 226.701 26.3997 0.0822291
0.1 228.134 26.5383 0.0911064
0.1 229.232 26.6022 0.0905955
0.1 230.763 26.4394 0.0777694
0.1 231.911 26.7207 0.0973297
0.1 233.189 26.6044 0.087158
0.1 234.459 26.7918 0.0781237
0.1 235.781 26.8547 0.0681927
0.1 237.284 26.8523 0.0683423
0.1 238.147 26.9828 0.0706713
0.1 238.935 27.4125 0.0742691
0.1 240.348 28.0173 0.0656076
0.1 241.403 28.0757 0.0648141
0.1 242.86 28.4941 0.0595412
0.1 243.725 28.8158 0.0689178
0.1 244.872 28.9422 0.0538729
0.1 246.235 28.9065 0.0459366
0.1 247.346 28.6835 0.0491067
0.1 248.881 28.789 0.0672012
0.1 249.487 28.7974 0.0595591
0.1 250.41 28.6524 0.0560514
0.1 251.477 28.9521 0.0421434
0.1 252.223 28.4194 0.051064
0.1 253.752 28.818 0.0317981
0.1 254.167 28.6361 0.0142675
0.1 254.839 28.6802 0.000933415
0.1 255.82 28.8317 -0.00685434
0.1 255.844 29.2668 6.26806
0.1 256.697 29.3098 6.24916
0.1 257.57 28.2291 6.24289
0.1 258.592 28.2296 6.21446
0.1 259.304 28.0643 6.19531
0.1 260.352 28.1255 6.17391
0.1 260.649 28.2704 6.16514
0.1 261.314 28.4182 6.13975
0.1 262 28.3161 6.099
0.1 263.237 28.3947 6.07598
0.1 263.771 28.3227 6.05382
0.1 264.649 27.6864 6.01082
0.1 264.911 27.066 5.99823
0.1 265.682 26.8062 5.96031
0.1 266.486 25.9988 5.93322
0.1 267.243 25.9458 5.90129
0.1 268.136 25.8284 5.88374
0.1 268.838 25.7896 5.83693
0.1 268.809 25.7296 5.79356
0.1 269.197 25.0848 5.76104
0.1 269.529 24.6836 5.73132
0.1 270.015 24.1099 5.69804
0.1 270.899 23.7454 5.6683
0.1 271.293 23.3657 5.6395
0.1 271.547 23.5389 5.61616
0.1 272.251 22.9096 5.58752
0.1 273.125 22.0135 5.5574
0.1 273.762 21.1209 5.53101
0.1 274.193 21.1977 5.51551
0.1 274.736 21.0281 5.47505
0.1 275.319 20.3596 5.43755
0.1 275.934 19.9647 5.4039
0.1 276.221 19.4559 5.38233
0.1 276.799 18.2994 5.36695
0.1 277.298 18.0288 5.33514
0.1 276.888 16.6384 5.28969
0.1 278.258 16.527 5.24913
0.1 278.971 16.3562 5.22203
0.1 279.404 15.88 5.19082
0.1 279.684 14.8155 5.15347
0.1 279.859 14.346 5.12294
0.1 280.076 13.6959 5.09897
0.1 280.029 13.0316 5.05845
0.1 280.073 12.118 5.035
0.1 280.335 11.6646 5.00078
0.1 280.611 10.6733 4.95706
0.1 280.616 9.81014 4.93993
0.1 280.652 8.97316 4.90649
0.1 280.334 8.2085 4.86148
0.1 279.919 7.1642 4.81953
0.1 280.365 6.53942 4.79205
0.1 280.289 5.35436 4.73804
0.1 280.248 4.45729 4.70733
0.1 280.451 4.38991 4.68789
0.1 280.383 3.77548 4.66979
0.1 280.461 2.77382 4.63032
0.1 280.235 1.96689 4.59876
0.1 280.052 1.03768 4.57184
0.1 279.593 0.62338 4.53315
0.1 279.743 -0.34985 4.50653
0.1 279.26 -1.3431 4.46933
0.1 279.314 -1.81029 4.42643
0.1 278.747 -2.79986 4.40485
0.1 278.417 -3.517 4.37791
0.1 277.916 -4.4876 4.34981
0.1 277.701 -4.98284 4.31566
0.1 277.19 -5.55534 4.28108
0.1 277.156 -6.16928 4.26546
0.1 276.763 -6.88384 4.23391
0.1 276.509 -7.41447 4.21287
0.1 276.181 -8.14459 4.18244
0.1 275.629 -8.75547 4.15845
0.1 275.316 -10.1346 4.12884
0.1 275.017 -10.7046 4.09097
0.1 274.681 -11.0199 4.06348
0.1 273.911 -11.4179 4.03636
0.1 273.592 -11.7431 4.01478
0.1 272.717 -12.4426 3.98581
0.1 272.138 -13.0572 3.96418
0.1 271.765 -13.5854 3.91439
0.1 270.829 -14.5022 3.89048
0.1 270.359 -14.4851 3.86385
0.1 269.681 -15.1407 3.82751
0.1 269.11 -15.6376 3.79152
0.1 268.12 -16.3814 3.75247
0.1 267.206 -16.9045 3.71522
0.1 266.131 -17.1216 3.67182
0.1 265.517 -17.6951 3.64785
0.1 264.384 -17.9537 3.60874
0.1 263.357 -18.8963 3.56458
0.1 262.749 -19.1551 3.5285
0.1 261.943 -18.9251 3.49133
0.1 260.584 -19.0617 3.4491
0.1 259.67 -19.1921 3.41076
0.1 259.273 -19.8105 3.38001
0.1 258.506 -19.5121 3.33532
0.1 257.85 -19.4143 3.31657
0.1 257.214 -19.8332 3.28887
0.1 256.2 -20.1937 3.26156
0.1 255.563 -20.2198 3.22068
0.1 254.249 -20.2438 3.17668
0.1 253.68 -19.4711 3.14043
0.1 253.017 -19.7973 3.10778
0.1 252.028 -20.0024 3.07329
0.1 251.131 -19.9551 3.05048
0.1 249.946 -19.8512 3.03316
0.1 249.001 -19.409 2.99912
0.1 248.482 -18.7927 2.97034
0.1 247.169 -18.6291 2.95384
0.1 246.637 -18.717 2.94466
0.1 245.609 -18.6989 2.92434
0.1 244.338 -18.3245 2.92442
0.1 243.712 -18.2781 2.91393
0.1 242.717 -17.7549 2.91408
0.1 242.093 -17.7234 2.90492
0.1 241.57 -17.2366 2.91667
0.1 240.14 -17.1271 2.91171
0.1 239.26 -16.7208 2.90625
0.1 238.485 -16.5996 2.90932
0.1 237.341 -16.4909 2.91128
0.1 236.32 -16.1826 2.91639
0.1 235.345 -15.4692 2.91633
0.1 234.595 -15.4479 2.9076
0.1 233.771 -15.5275 2.89667
0.1 232.474 -15.6741 2.89985
0.1 231.626 -15.0742 2.90129
0.1 230.458 -14.7557 2.90021
0.1 229.354 -14.8904 2.90006
0.1 228.046 -14.3139 2.90373
0.1 226.785 -14.0543 2.90621
0.1 226.204 -14.2062 2.91447
0.1 224.779 -13.7083 2.90707
0.1 223.821 -13.9046 2.91401
0.1 222.989 -13.1963 2.92453
0.1 222.22 -12.8804 2.92801
0.1 221.247 -12.3256 2.93586
0.1 220.274 -11.9543 2.94189
0.1 218.869 -11.9182 2.94543
0.1 218.072 -11.6237 2.94772
0.1 217.615 -11.4629 2.95421
0.1 216.473 -11.679 2.9679
0.1 215.801 -11.2839 3.0009
0.1 214.937 -11.2433 3.00253
0.1 213.956 -11.1566 3.00214
0.1 213.033 -11.3061 3.01568
0.1 211.747 -11.1836 3.02483
0.1 210.973 -10.9139 3.04011
0.1 209.531 -10.5729 3.054
0.1 208.586 -10.4567 3.058
0.1 207.494 -10.4951 3.06998
0.1 206.416 -10.3037 3.07809
0.1 205.453 -10.0998 3.09629
0.1 204.227 -9.91352 3.10875
0.1 203.241 -10.1972 3.11633
0.1 202.218 -10.135 3.12359
0.1 200.798 -10.4999 3.11754
0.1 199.734 -10.3147 3.11821
0.1 198.759 -10.106 3.13168
0.1 197.512 -10.5827 3.12679
0.1 196.53 -10.3123 3.14155
0.1 195.338 -10.2791 3.13823
0.1 193.98 -10.2913 3.1553
0.1 192.886 -10.3605 3.15135
0.1 192.314 -10.277 3.16258
0.1 191.228 -10.0802 3.16748
0.1 189.847 -10.15 3.17837
0.1 188.408 -10.1275 3.18356
0.1 187.062 -9.94926 3.17946
0.1 185.549 -10.153 3.17735
0.1 184.648 -10.3094 3.1858
0.1 183.349 -10.2534 3.19379
0.1 182.326 -10.4488 3.20224
0.1 181.321 -10.7418 3.20727
0.1 179.587 -10.9503 3.20802
0.1 177.932 -10.7947 3.2031
0.1 176.996 -10.7904 3.20005
0.1 176.39 -11.1256 3.22639
0.1 175.41 -10.9869 3.24191
0.1 174.615 -11.4233 3.23338
0.1 173.372 -11.89 3.24237
0.1 172.229 -11.7771 3.24817
0.1 171.156 -11.2274 3.24436
0.1 169.634 -11.1725 3.23731
0.1 168.521 -11.5182 3.25357
0.1 167.108 -11.6206 3.26345
0.1 166.042 -12.007 3.27457
0.1 165.111 -12.0723 3.27516
0.1 164 -12.2284 3.27181
0.1 162.895 -12.3482 3.27878
0.1 162.01 -12.4831 3.27968
0.1 161.074 -12.9207 3.28883
0.1 159.755 -13.1716 3.30174
0.1 158.257 -13.7302 3.30397
0.1 157.399 -13.7441 3.3113
0.1 156.711 -13.9961 3.31796
0.1 155.327 -14.2749 3.31197
0.1 154.04 -14.3274 3.31781
0.1 152.72 -14.595 3.32504
0.1 151.949 -14.6017 3.33228
0.1 150.85 -15.0109 3.3316
0.1 149.518 -15.2676 3.34579
0.1 148.333 -15.2329 3.33819
0.1 147.399 -15.5335 3.34616
0.1 146.449 -15.2962 3.35762
0.1 145.495 -15.9432 3.37033
0.1 144.701 -16.2742 3.3793
0.1 143.826 -16.6927 3.36906
0.1 142.443 -16.9534 3.36291
0.1 140.6 -16.8597 3.3648
0.1 139.652 -17.1655 3.35753
0.1 138.268 -17.2816 3.35585
0.1 137.378 -17.7251 3.35646
0.1 136.394 -17.5339 3.37032
0.1 135.033 -18.2434 3.36937
0.1 134.004 -18.5594 3.36512
0.1 133.334 -18.8754 3.37429
0.1 132.048 -18.7771 3.37981
0.1 131.097 -19.2272 3.37968
0.1 129.875 -19.4814 3.37525
0.1 128.623 -19.478 3.37819
0.1 127.28 -20.0072 3.37215
0.1 126.305 -20.2146 3.38506
0.1 125.217 -20.6689 3.37618
0.1 123.954 -21.2131 3.37876
0.1 122.938 -21.2831 3.37756
0.1 121.828 -21.2785 3.37272
0.1 120.966 -21.4117 3.38404
0.1 120.189 -21.9709 3.3859
0.1 119.182 -21.8668 3.39827
0.1 118.081 -22.1972 3.38415
0.1 117.035 -22.41 3.38383
0.1 116.173 -23.2892 3.38753
0.1 115.118 -23.5083 3.40312
0.1 114.012 -23.7063 3.40703
0.1 112.732 -24.2513 3.39912
0.1 111.778 -24.8214 3.40563
0.1 110.542 -24.9543 3.41295
0.1 109.851 -25.335 3.41998
0.1 108.855 -25.2996 3.43925
0.1 107.974 -25.0284 3.45302
0.1 107.3 -25.5038 3.46548
0.1 105.87 -25.7663 3.4779
0.1 105.114 -26.1103 3.47031
0.1 103.881 -26.1498 3.48049
0.1 102.903 -26.5995 3.47143
0.1 101.9 -27.12 3.472
0.1 100.376 -27.5188 3.47444
0.1 99.7221 -27.961 3.46732
0.1 98.656 -28.0949 3.47888
0.1 97.8124 -28.9204 3.49433
0.1 97.0103 -29.2477 3.504
0.1 96.1855 -29.464 3.51199
0.1 95.4315 -30.256 3.52658
0.1 94.5806 -30.7168 3.52244
0.1 93.4183 -31.1428 3.52658
0.1 92.1855 -30.8373 3.53699
0.1 91.2686 -31.1238 3.55693
0.1 90.5268 -31.4777 3.57027
0.1 89.4071 -32.2236 3.5876
0.1 88.5206 -32.869 3.58623
0.1 87.319 -33.4973 3.58862
0.1 86.327 -34.0469 3.57709
0.1 84.962 -34.5987 3.58691
0.1 84.2017 -34.6587 3.59719
0.1 83.3903 -35.0311 3.61568
0.1 82.5535 -35.6263 3.615
0.1 81.5857 -35.7258 3.64754
0.1 80.6569 -36.1903 3.66893
0.1 79.6121 -36.6338 3.68925
0.1 78.5464 -37.5164 3.70827
0.1 77.6699 -37.7431 3.70146
0.1 76.9505 -38.3136 3.71589
0.1 76.2417 -39.1561 3.72978
0.1 74.9107 -39.8691 3.75649
0.1 74.6211 -40.119 3.76852
0.1 73.8429 -41.1634 3.77029
0.1 72.5237 -41.6339 3.77771
0.1 71.6506 -42.4497 3.78612
0.1 70.4921 -43.3863 3.79995
0.1 70.01 -44.3622 3.80131
0.1 69.2127 -44.7623 3.82291
0.1 68.4158 -45.2362 3.85846
0.1 67.7643 -46.7239 3.8654
0.1 66.993 -47.3048 3.86678
0.1 66.0977 -47.7815 3.86989
0.1 65.4966 -48.5208 3.88893
0.1 64.7954 -49.2539 3.89457
0.1 63.8414 -49.8766 3.88813
0.1 62.6674 -50.3026 3.89868
0.1 61.6254 -51.1011 3.89772
0.1 60.7552 -51.9344 3.90451
0.1 60.4841 -52.4436 3.91413
0.1 59.7037 -53.5619 3.92128
0.1 58.8962 -53.9928 3.92895
0.1 58.2258 -54.5268 3.92673
0.1 57.6377 -55.8912 3.93191
0.1 56.733 -56.566 3.93608
0.1 55.9341 -57.0296 3.93715
0.1 55.1545 -57.5903 3.94038
0.1 54.6786 -58.808 3.93993
0.1 53.9254 -59.3139 3.94141
0.1 53.4403 -60.1348 3.94261
0.1 52.5074 -60.5911 3.94012
0.1 51.4431 -61.4946 3.94291
0.1 50.9977 -61.8449 3.94561
0.1 49.75 -62.8251 3.93906
0.1 49.128 -63.9272 3.94251
0.1 48.4933 -64.906 3.92753
0.1 47.8423 -66.0227 3.92926
0.1 47.2305 -66.6387 3.92432
0.1 46.3801 -67.7138 3.93116
0.1 46.0158 -68.3204 3.93035
0.1 45.7322 -68.9948 3.93523
0.1 45.2588 -69.7836 3.9407
0.1 44.2636 -70.0618 3.94369
0.1 43.6853 -70.5318 3.94869
0.1 42.7216 -71.1665 3.94453
0.1 41.8411 -71.2598 3.94109
0.1 41.4542 -72.335 3.95539
0.1 41.0259 -73.3164 3.95966
0.1 39.3057 -72.877 3.93827
0.1 38.6767 -73.5543 3.93636
0.1 38.4544 -74.3741 3.93401
0.1 37.4199 -75.0029 3.92406
0.1 37.0374 -75.7435 3.91173
0.1 36.9255 -76.556 3.91055
0.1 36.0518 -77.3275 3.91565
0.1 35.636 -77.7655 3.90969
0.1 35.1138 -78.5945 3.90816
0.1 34.5195 -79.7598 3.91427
0.1 34.1179 -80.7134 3.90648
0.1 33.8392 -81.0252 3.91058
0.1 32.6549 -81.8145 3.90079
0.1 31.59 -81.9961 3.90246
0.1 31.0829 -82.5304 3.89895
0.1 31.0117 -83.644 3.87403
0.1 30.0374 -84.4477 3.87159
0.1 28.5854 -85.2061 3.85896
0.1 27.6619 -85.826 3.85506
0.1 27.3609 -86.7739 3.82667
0.1 26.5418 -87.1979 3.81915
0.1 25.8612 -87.664 3.80267
0.1 24.6184 -87.7823 3.79188
0.1 23.9355 -87.8463 3.76802
0.1 23.179 -88.243 3.75065
0.1 22.8495 -88.6729 3.74264
0.1 22.0562 -89.3513 3.73644
0.1 21.8842 -89.7264 3.73008
0.1 21.2306 -89.8345 3.71697
0.1 20.8282 -89.7906 3.68467
0.1 19.3119 -91.0966 3.68205
0.1 19.2063 -91.4774 3.67619
0.1 18.515 -91.4443 3.64901
0.1 17.8189 -91.5541 3.65525
0.1 17.1354 -92.0855 3.64402
0.1 16.67 -92.0522 3.6261
0.1 15.977 -92.174 3.61402
0.1 15.143 -92.623 3.59704
0.1 14.5376 -93.038 3.57511
0.1 13.7496 -92.9033 3.56479
0.1 12.9393 -92.8268 3.54328
0.1 12.3567 -93.2088 3.52424
0.1 11.2874 -93.3205 3.51269
0.1 10.2196 -93.1404 3.47386
0.1 9.59572 -93.1164 3.45538
0.1 8.59854 -93.4954 3.45181
0.1 8.03362 -93.6784 3.40948
0.1 7.70106 -94.0763 3.40638
0.1 6.67778 -94.5986 3.38275
0.1 6.25094 -95.183 3.34708
0.1 5.26631 -95.4275 3.33168
0.1 4.75608 -95.6392 3.31091
0.1 4.04747 -95.832 3.28002
0.1 3.2384 -95.5995 3.2571
0.1 2.45607 -95.4047 3.24375
0.1 1.75638 -95.723 3.23483
0.1 1.05905 -96.1569 3.19732
0.1 0.492943 -95.6379 3.16923
0.1 -0.0816082 -95.9696 3.16893
0.1 -0.837105 -96.1211 3.14332
0.1 -1.8014 -95.8548 3.11007
0.1 -2.37984 -95.7089 3.08555
0.1 -3.12858 -95.8196 3.0718
0.1 -3.6294 -95.9386 3.06432
0.1 -4.48044 -95.8407 3.03278
0.1 -5.07542 -95.1491 3.01787
0.1 -5.75026 -94.7399 3.00982
0.1 -6.49617 -94.7488 2.9989
0.1 -7.15704 -94.7777 2.98108
0.1 -7.76132 -94.4902 2.95194
0.1 -8.37557 -94.1504 2.93731
0.1 -9.06749 -94.1187 2.91514
0.1 -9.9239 -94.1736 2.88336
0.1 -10.783 -93.9058 2.86223
0.1 -11.1299 -94.1829 2.85248
0.1 -12.3441 -93.9001 2.82996
0.1 -12.9805 -93.6598 2.82482
0.1 -13.6727 -92.8455 2.80871
0.1 -14.2807 -92.985 2.80162
0.1 -14.6872 -92.5496 2.76973
0.1 -15.5867 -92.5122 2.75553
0.1 -16.6049 -92.1783 2.74479
0.1 -17.2453 -91.7512 2.71687
0.1 -17.6508 -91.3412 2.69737
0.1 -18.1845 -91.2078 2.67661
0.1 -18.68 -91.0689 2.67412
0.1 -19.0269 -90.9292 2.65829
0.1 -19.9704 -90.2582 2.62055
0.1 -20.8102 -89.5886 2.62622
0.1 -21.9182 -89.0885 2.59364
0.1 -22.3685 -88.7392 2.57425
0.1 -22.9706 -88.5242 2.56258
0.1 -23.4733 -88.2088 2.53586
0.1 -24.1502 -87.1639 2.49593
0.1 -24.988 -87.0562 2.49939
0.1 -25.4608 -86.5585 2.48199
0.1 -26.1803 -86.2632 2.44843
0.1 -26.9568 -85.4189 2.42931
0.1 -27.8028 -84.6408 2.41101
0.1 -28.2511 -84.271 2.38771
0.1 -28.7768 -83.9707 2.38467
0.1 -29.2478 -83.1728 2.36192
0.1 -29.702 -82.1832 2.33161
0.1 -30.1193 -81.9214 2.32638
0.1 -30.6068 -80.9738 2.30492
0.1 -30.9267 -80.3859 2.27986
0.1 -31.6451 -80.1122 2.25361
0.1 -31.685 -79.5382 2.22931
0.1 -32.1415 -78.6059 2.20137
0.1 -32.5888 -77.9132 2.20799
0.1 -33.6969 -77.8301 2.18425
0.1 -34.0654 -77.1321 2.14712
0.1 -34.1931 -75.9229 2.12591
0.1 -34.586 -75.0951 2.08815
0.1 -34.8002 -74.3448 2.06649
0.1 -35.1011 -73.1237 2.04991
0.1 -35.0879 -72.4387 2.02561
0.1 -35.691 -71.6377 2.00577
0.1 -36.1052 -71.4552 1.98565
0.1 -36.4557 -70.9207 1.97031
0.1 -36.8006 -69.8939 1.94643
0.1 -37.1365 -68.4954 1.90004
0.1 -37.8295 -67.9106 1.87522
0.1 -38.0374 -67.0659 1.86105
0.1 -37.8052 -66.4234 1.82476
0.1 -38.3074 -65.9027 1.8032
0.1 -38.6057 -65.3563 1.79168
0.1 -38.5781 -64.5334 1.78073
0.1 -38.8284 -63.6976 1.76978
0.1 -39.1151 -63.0076 1.72487
0.1 -39.1406 -62.2289 1.7203
0.1 -38.7458 -61.1261 1.69799
0.1 -39.2782 -60.0531 1.68965
0.1 -39.2809 -58.9434 1.69555
0.1 -39.4804 -58.3392 1.66514
0.1 -39.5919 -57.2505 1.64912
0.1 -39.8464 -56.2243 1.63066
0.1 -39.0313 -55.2977 1.61716
0.1 -38.8395 -54.552 1.61978
0.1 -39.0654 -53.5472 1.60529
0.1 -39.1058 -52.6943 1.5935
0.1 -39.2688 -51.906 1.58359
0.1 -39.472 -51.0319 1.5763
0.1 -39.7032 -50.4286 1.54072
0.1 -39.7186 -49.2193 1.53118
0.1 -39.1953 -48.1716 1.51814
0.1 -38.8277 -47.4219 1.50992
0.1 -38.8386 -46.8619 1.51486
0.1 -39.0854 -45.9346 1.50447
0.1 -39.2119 -45.3109 1.48079
0.1 -39.2479 -44.1507 1.46709
0.1 -39.0295 -43.5137 1.47232
0.1 -38.4802 -42.6819 1.45545
0.1 -38.5581 -42.0059 1.45235
0.1 -38.9252 -41.3415 1.43564
0.1 -38.3785 -40.1148 1.43015
0.1 -38.2836 -39.1882 1.39002
0.1 -38.1778 -38.2551 1.38164
0.1 -37.6997 -37.4742 1.37012
0.1 -37.7049 -36.8792 1.35678
0.1 -37.4857 -35.9081 1.3512
0.1 -37.3235 -35.1158 1.33439
0.1 -36.8975 -33.9869 1.31261
0.1 -36.6517 -33.5232 1.30225
0.1 -36.1147 -32.4833 1.28577
0.1 -35.972 -31.231 1.26875
0.1 -36.0716 -30.1113 1.26034
0.1 -35.8174 -29.6577 1.23929
0.1 -35.2245 -29.3858 1.24321
0.1 -34.9446 -27.9112 1.23099
0.1 -34.4828 -27.0837 1.21906
0.1 -34.3866 -26.454 1.19054
0.1 -34.133 -25.5744 1.16543
0.1 -34.3851 -24.7586 1.16462
0.1 -33.9388 -23.6621 1.15117
0.1 -33.4723 -23.2526 1.13512
0.1 -33.1739 -22.0928 1.11441
0.1 -32.5462 -20.9356 1.09028
0.1 -32.2219 -20.4164 1.06019
0.1 -31.8706 -19.8681 1.05608
0.1 -31.3391 -18.9413 1.03433
0.1 -30.4979 -18.4444 1.00691
0.1 -30.1638 -17.5711 0.990395
0.1 -29.1702 -16.5089 0.966055
0.1 -28.7285 -15.518 0.957854
0.1 -28.2094 -15.0587 0.953386
0.1 -27.6051 -14.4084 0.935039
0.1 -27.2145 -14.1675 0.931321
0.1 -26.6757 -14.0334 0.902919
0.1 -26.0838 -13.2522 0.884777
0.1 -25.3184 -12.7022 0.876639
0.1 -24.6403 -12.343 0.865135
0.1 -23.9723 -11.569 0.848633
0.1 -23.7571 -10.4525 0.816244
0.1 -23.2293 -10.3283 0.822042
0.1 -21.9679 -9.94247 0.802668
0.1 -21.551 -8.88082 0.77865
0.1 -21.0128 -8.27668 0.755967
0.1 -20.3804 -7.63269 0.742945
0.1 -19.3706 -7.24967 0.715123
0.1 -18.8597 -6.82966 0.685649
0.1 -17.937 -6.08393 0.666117
0.1 -17.3855 -5.65798 0.654934
0.1 -16.5254 -4.93394 0.622198
0.1 -15.7051 -4.03454 0.606312
0.1 -15.1743 -3.58332 0.589551
0.1 -14.5707 -3.04388 0.587215
0.1 -13.9704 -2.50234 0.573932
0.1 -12.9378 -1.7636 0.539753
0.1 -12.0346 -1.65925 0.518352
0.1 -11.0655 -1.65062 0.503133
0.1 -10.3027 -0.890051 0.479131
0.1 -9.69725 -0.248499 0.463662
0.1 -8.474 -0.0639827 0.456408
0.1 -8.07773 0.210654 0.438214
0.1 -7.49966 0.617698 0.429283
0.1 -6.59089 0.78728 0.428984
0.1 -4.95882 1.13274 0.402023
0.1 -4.35776 1.57025 0.388449
0.1 -3.69012 1.85422 0.371001
0.1 -2.38985 2.21428 0.34843
0.1 -1.80424 2.46118 0.344375
0.1 -1.35384 2.6399 0.320668
0.1 -0.884886 3.61172 0.331879
0.1 0.332921 3.43783 0.321975
0.1 0.990973 3.64044 0.295926
0.1 1.71863 3.97498 0.279554
0.1 2.79348 4.59317 0.281147
0.1 3.86714 4.87218 0.281021
0.1 4.64412 4.8109 0.280542
0.1 5.43209 5.36308 0.273886
0.1 6.06219 5.22945 0.266609
0.1 7.49819 5.14658 0.263283
0.1 8.12132 5.01843 0.269581
0.1 9.13198 5.64283 0.260693
0.1 10.0829 6.09343 0.264363
0.1 10.6622 6.25943 0.259637
0.1 11.71 6.33128 0.256214
0.1 12.6992 6.57352 0.248913
0.1 13.4182 6.81552 0.247697
0.1 14.5313 7.56805 0.233033
0.1 14.9364 7.39254 0.227498
0.1 16.118 7.56491 0.237371
0.1 16.747 7.91475 0.245613
0.1 17.602 7.69396 0.237718
0.1 18.6486 7.88116 0.225353
0.1 19.651 8.17382 0.205016
0.1 20.8696 8.42209 0.20239
0.1 21.1355 8.99196 0.215861
0.1 22.2608 9.09436 0.199922
0.1 23.2627 8.97039 0.198693
0.1 24.1578 9.18815 0.193039
0.1 25.156 9.23248 0.190901
0.1 26.7063 9.40515 0.185953
0.1 27.4644 9.68544 0.178254
0.1 28.5192 9.72299 0.188241
0.1 29.4633 10.0605 0.169689
0.1 30.1853 10.0534 0.167833
0.1 31.0103 10.6698 0.156362
0.1 31.8981 10.536 0.16097
0.1 32.9797 10.9748 0.167178
0.1 34.005 11.1881 0.165183
0.1 34.617 10.8536 0.159545
0.1 35.769 10.9095 0.163702
0.1 36.5088 11.1026 0.164187
0.1 37.4591 11.3572 0.174214
0.1 38.3026 11.7859 0.163954
0.1 39.2567 11.5936 0.166848
0.1 40.1914 11.8667 0.165687
0.1 40.6955 12.5734 0.165998
0.1 41.6869 12.7741 0.158547
0.1 42.5949 12.6933 0.165251
0.1 43.8551 13.075 0.164073
0.1 44.9754 13.1231 0.156238
0.1 46.0864 12.9086 0.158352
0.1 47.0543 13.1722 0.150076
0.1 48.1569 13.1002 0.146193
0.1 49.5795 12.8434 0.150656
0.1 50.1351 13.0758 0.145126
0.1 50.5839 13.2868 0.15474
0.1 51.5056 13.6791 0.140643
0.1 52.4505 13.8597 0.133395
0.1 53.5035 13.6304 0.120052
0.1 54.1674 13.5332 0.113943
0.1 55.1449 13.9497 0.112516
0.1 55.9613 14.2984 0.119442
0.1 56.5113 14.438 0.125893
0.1 57.4384 14.3827 0.139052
0.1 57.8249 13.8023 0.12765
0.1 59.1438 13.9215 0.113364
0.1 60.1609 14.0596 0.114109
0.1 60.8669 14.1434 0.107956
0.1 61.5131 14.2608 0.115621
0.1 62.8372 14.7033 0.102978
0.1 63.848 14.915 0.0953783
0.1 65.0797 14.8735 0.10461
0.1 66.0146 15.3519 0.105526
0.1 67.2572 15.114 0.0902297
0.1 68.0894 15.9554 0.0766913
0.1 69.3004 15.8565 0.0819522
0.1 69.8672 16.1645 0.082655
0.1 70.6376 15.8668 0.0845248
0.1 71.4191 15.7383 0.0931199
0.1 72.3218 15.7695 0.105842
0.1 73.0807 15.9269 0.11602
0.1 74.0545 16.0595 0.126002
0.1 75.1677 15.7052 0.120973
0.1 76.1245 15.6074 0.10689
0.1 76.5632 16.4219 0.110829
0.1 78.1396 16.2958 0.126366
0.1 78.8292 16.0748 0.137208
0.1 79.4975 16.2584 0.121559
0.1 80.1351 16.5544 0.111868
0.1 80.8855 16.3199 0.105388
0.1 82.1267 16.6793 0.107024
0.1 83.4477 16.8002 0.11067
0.1 84.5188 16.6405 0.118642
0.1 85.139 16.759 0.111334
0.1 86.1346 16.8258 0.112154
0.1 86.5074 17.309 0.0839651
0.1 87.9967 17.3387 0.0875919
0.1 89.3916 17.4425 0.0780311
0.1 89.9709 17.319 0.069488
0.1 90.996 17.053 0.0735609
0.1 92.2575 17.4639 0.0768899
0.1 92.8704 17.6021 0.0870912
0.1 94.2294 18.039 0.0734185
0.1 95.1984 18.1696 0.0709363
0.1 95.8255 18.3593 0.0660455
0.1 96.171 17.9857 0.0610533
0.1 97.5994 18.5515 0.0646765
0.1 99.1125 18.2537 0.06355
0.1 100.233 17.9686 0.0706061
0.1 101.05 17.7601 0.0744962
0.1 102.059 17.9868 0.0808642
0.1 103.039 18.0857 0.0804251
0.1 103.946 18.559 0.0821341
0.1 104.808 18.7245 0.0796698
0.1 105.082 18.9521 0.075801
0.1 106.251 18.6394 0.0868761
0.1 107.213 18.5912 0.0876996
0.1 108.452 18.2927 0.0713924
0.1 109.458 18.8765 0.0800823
0.1 110.108 18.9885 0.0648553
0.1 111.085 19.1075 0.0594795
0.1 112.316 19.2344 0.0687428
0.1 113.203 19.2022 0.0664687
0.1 114.568 19.3316 0.0684073
0.1 115.289 19.2014 0.0569635
0.1 116.432 19.4294 0.0537779
0.1 117.101 19.6495 0.0514683
0.1 117.855 19.3532 0.0606691
0.1 119.287 19.6138 0.0725142
0.1 120.18 19.5888 0.0657405
0.1 120.894 19.551 0.064388
0.1 121.973 19.4696 0.0660118
0.1 123.137 19.7666 0.0579515
0.1 124.114 19.9871 0.062099
0.1 125.352 20.0984 0.0598244
0.1 126.09 19.8977 0.0606943
0.1 126.444 19.6811 0.0626347
0.1 127.459 19.5543 0.0578611
0.1 128.59 19.7088 0.0558307
0.1 129.213 19.8497 0.0515414
0.1 131.018 19.9242 0.0638536
0.1 131.95 20.0267 0.0617179
0.1 132.964 20.0119 0.0809071
0.1 133.806 20.1629 0.0790783
0.1 134.744 20.7785 0.0754355
0.1 135.799 20.7639 0.0634504
0.1 136.985 20.8772 0.071089
0.1 137.707 20.7679 0.0786104
0.1 138.548 20.8118 0.0672743
0.1 138.952 20.5905 0.0732873
0.1 139.922 20.5479 0.0814134
0.1 141.505 20.8441 0.0778212
0.1 142.392 21.1596 0.0712927
0.1 143.457 21.2542 0.0706702
0.1 144.659 21.256 0.0646611
0.1 145.688 21.2624 0.0591327
0.1 146.888 21.6619 0.0756715
0.1 147.827 21.3098 0.0683173
0.1 149.23 21.4857 0.0661366
0.1 150.35 21.6058 0.0660798
0.1 151.446 21.9293 0.0687718
0.1 151.846 22.057 0.0771264
0.1 152.667 22.0934 0.0714871
0.1 153.852 21.9394 0.0890957
0.1 154.358 21.809 0.0760817
0.1 155.54 21.9455 0.0706807
0.1 156.708 22.2437 0.0805331
0.1 157.809 22.2423 0.0754379
0.1 159.051 22.3769 0.0711091
0.1 160.129 22.2156 0.0770175
0.1 161.37 22.2918 0.0871806
0.1 162.494 22.6235 0.0802402
0.1 163.541 22.0584 0.0835541
0.1 164.532 22.7855 0.0749453
0.1 165.631 22.724 0.0768535
0.1 166.73 22.9888 0.0787244
0.1 167.813 23.0301 0.0857039
0.1 168.919 22.7768 0.0740954
0.1 170.185 22.7919 0.0564359
0.1 171.101 23.0736 0.064107
0.1 172.309 22.8696 0.0638234
0.1 172.953 23.0172 0.0751877
0.1 174.312 22.9361 0.0698065
0.1 175.017 22.9605 0.0745822
0.1 176.181 23.17 0.0847936
0.1 177.412 23.4536 0.0805018
0.1 178.586 23.2742 0.0735464
0.1 179.847 23.3547 0.0977552
0.1 180.61 23.3933 0.100817
0.1 181.992 23.6618 0.0846275
0.1 183.009 23.8935 0.0687845
0.1 184.306 24.3742 0.0701577
0.1 185.064 24.3714 0.0853026
0.1 186.455 24.5282 0.0861087
0.1 187.568 24.557 0.063012
0.1 188.864 24.4056 0.0645004
0.1 190.145 24.4664 0.0587296
0.1 191.098 24.5252 0.0568807
0.1 192.143 24.7195 0.0752127
0.1 193.298 24.7579 0.066825
0.1 194.174 25.0921 0.0712638
0.1 194.989 25.0804 0.0709974
0.1 196.438 25.2268 0.0817883
0.1 197.443 25.3205 0.088977
0.1 198.647 25.3175 0.0804246
0.1 199.84 25.2196 0.0658019
0.1 201.007 25.0898 0.0599109
0.1 202.001 25.466 0.0635293
0.1 202.943 25.3568 0.0602917
0.1 204.003 25.4642 0.064093
0.1 205.775 25.6402 0.0644609
0.1 207.108 26.1604 0.0718032
0.1 208.683 25.6997 0.0442541
0.1 209.791 25.8761 0.0474474
0.1 210.784 25.9288 0.0510467
0.1 211.34 26.005 0.0557047
0.1 212.188 25.993 0.0602171
0.1 213.41 26.2176 0.057234
0.1 214.237 26.0696 0.0654493
0.1 215.889 26.0197 0.0633285
0.1 217.065 25.7327 0.0734721
0.1 217.915 25.4295 0.0697178
0.1 218.672 25.8553 0.0731243
0.1 219.94 26.7616 0.0624633
0.1 220.627 26.749 0.0775863
0.1 222.099 26.5867 0.0741531
0.1 223.192 26.7584 0.0758321
0.1 224.582 26.62 0.068148
0.1 225.485 26.741 0.0855735
0.1 226.424 26.8599 0.0849556
0.1 227.39 26.9236 0.0931834
0.1 228.271 27.0032 0.0871171
0.1 229.644 26.7232 0.0674509
0.1 230.751 27.418 0.0717762
0.1 231.883 27.546 0.0646521
0.1 233.384 27.6954 0.0668595
0.1 234.123 27.4605 0.0621232
0.1 235.369 27.6814 0.0733776
0.1 236.677 27.7025 0.0716539
0.1 237.993 27.8245 0.0675542
0.1 238.706 27.7052 0.0750155
0.1 239.884 28.2477 0.0803699
0.1 240.591 28.4235 0.0830273
0.1 241.768 28.6003 0.0831917
0.1 242.668 28.5693 0.0686391
0.1 243.823 28.8891 0.0740089
0.1 244.826 28.4915 0.0818877
0.1 245.897 28.2608 0.0723355
0.1 246.937 28.7201 0.0802509
0.1 247.798 28.7504 0.0829632
0.1 248.939 29.0904 0.0832163
0.1 249.508 28.2997 0.0835632
0.1 250.204 28.827 0.0882492
0.1 251.335 28.8751 0.0715911
0.1 251.993 28.9393 0.0674892
0.1 252.723 29.0986 0.0507835
0.1 253.656 29.1972 0.0418955
0.1 254.617 29.2665 0.0296316
0.1 255.064 29.3332 0.00228224
0.1 255.619 29.5603 -0.0137531
0.1 255.526 29.2174 6.2711
0.1 256.486 28.6912 6.26431
0.1 257.366 28.8985 6.2458
0.1 257.991 28.7091 6.2165
0.1 258.561 28.7882 6.20444
0.1 259.509 28.4955 6.19355
0.1 260.176 28.2464 6.1616
0.1 261.001 27.9241 6.12745
0.1 261.575 27.769 6.10548
0.1 262.547 27.8781 6.0551
0.1 263.428 27.5442 6.02238
0.1 263.56 27.5358 5.99441
0.1 264.272 27.4717 5.95594
0.1 265.304 27.2477 5.92248
0.1 265.861 27.002 5.89365
0.1 266.221 26.7036 5.85963
0.1 267.095 26.325 5.82632
0.1 267.646 25.817 5.80632
0.1 268.272 25.4613 5.76561
0.1 268.434 25.0171 5.75185
0.1 268.842 24.5982 5.71328
0.1 269.308 24.7442 5.68656
0.1 270.095 24.2764 5.66111
0.1 270.483 23.7378 5.6426
0.1 271.25 23.107 5.59293
0.1 271.927 22.6032 5.56375
0.1 272.537 22.3747 5.53425
0.1 272.866 21.559 5.50848
0.1 273.265 21.1201 5.48254
0.1 273.158 20.7453 5.45878
0.1 274.025 20.1328 5.42974
0.1 274.357 19.771 5.40685
0.1 275.003 19.1386 5.36684
0.1 275.559 18.4158 5.33639
0.1 276.051 18.0652 5.29836
0.1 276.001 17.3762 5.25858
0.1 276.031 16.5775 5.23481
0.1 276.437 15.8357 5.18723
0.1 276.41 15.2545 5.15407
0.1 277.22 14.5604 5.13977
0.1 277.613 14.2968 5.11198
0.1 277.567 13.5445 5.08436
0.1 277.928 12.6698 5.04556
0.1 278.276 12.2343 5.01901
0.1 278.858 11.3749 4.99895
0.1 278.93 10.6558 4.97865
0.1 279.058 10.4555 4.93568
0.1 278.778 9.8105 4.90512
0.1 278.745 9.0528 4.87206
0.1 278.231 8.32865 4.84077
0.1 277.987 7.71702 4.80389
0.1 278.253 6.12543 4.77509
0.1 278.341 5.51662 4.74535
0.1 278.813 4.88145 4.7173
0.1 279.1 4.26266 4.69867
0.1 279.066 3.73711 4.66269
0.1 279.103 2.99113 4.62295
0.1 278.985 2.18211 4.58599
0.1 278.772 1.67394 4.56248
0.1 278.306 0.683643 4.52771
0.1 278.005 -0.479404 4.49243
0.1 278.229 -0.977358 4.46399
0.1 277.872 -1.51263 4.43392
0.1 277.794 -2.51111 4.41997
0.1 277.426 -2.92767 4.39466
0.1 276.954 -3.33157 4.351
0.1 276.253 -3.77951 4.30972
0.1 275.717 -4.85915 4.27835
0.1 275.883 -5.93776 4.24797
0.1 275.105 -6.57768 4.22161
0.1 275.422 -7.56799 4.19636
0.1 275.315 -8.36566 4.16959
0.1 274.758 -9.12386 4.14001
0.1 274.419 -9.71489 4.09572
0.1 273.847 -10.1376 4.06377
0.1 273.251 -10.5872 4.03943
0.1 272.222 -11.1224 3.99251
0.1 271.186 -11.7186 3.96606
0.1 270.652 -12.5467 3.94018
0.1 270.565 -13.0881 3.92736
0.1 270.12 -13.5727 3.88562
0.1 269.651 -13.9095 3.85265
0.1 269.084 -14.5725 3.82573
0.1 268.468 -15.1804 3.79507
0.1 267.606 -15.4763 3.76752
0.1 266.905 -15.6212 3.72259
0.1 266.168 -15.6884 3.69352
0.1 264.809 -15.9612 3.6567
0.1 263.601 -16.322 3.61376
0.1 263.193 -16.9431 3.58157
0.1 262.755 -16.9988 3.55646
0.1 262.035 -17.3592 3.52592
0.1 261.194 -17.4472 3.48425
0.1 260.066 -17.9561 3.45947
0.1 259.528 -18.0903 3.42697
0.1 258.685 -18.5655 3.38705
0.1 257.959 -18.5983 3.34587
0.1 256.788 -18.206 3.30372
0.1 255.833 -18.7841 3.28343
0.1 255.007 -18.5838 3.25303
0.1 254.002 -18.7994 3.2147
0.1 252.958 -18.874 3.18684
0.1 252.056 -18.7445 3.15531
0.1 251.248 -18.9906 3.1208
0.1 250.858 -18.7971 3.08823
0.1 249.859 -18.7959 3.07639
0.1 249.057 -18.5787 3.05042
0.1 248.579 -18.6943 3.02337
0.1 247.745 -18.2088 3.00341
0.1 246.559 -18.3294 2.98005
0.1 245.587 -18.1271 2.95924
0.1 244.92 -17.2128 2.94682
0.1 243.966 -17.0278 2.93945
0.1 243.55 -16.9135 2.923
0.1 242.633 -16.9537 2.91078
0.1 241.608 -16.9652 2.91625
0.1 240.771 -16.6276 2.91427
0.1 239.181 -16.6046 2.91534
0.1 238.073 -16.3207 2.90073
0.1 236.656 -15.9368 2.88896
0.1 236.031 -16.4364 2.89513
0.1 235.204 -15.8423 2.90008
0.1 234.071 -15.7218 2.89952
0.1 233.492 -15.7448 2.90387
0.1 232.243 -15.3051 2.90469
0.1 231.927 -15.0798 2.90624
0.1 231.188 -14.7773 2.91877
0.1 229.773 -14.7542 2.92344
0.1 228.875 -14.3816 2.93516
0.1 228.421 -14.1941 2.93847
0.1 227.558 -13.5473 2.94587
0.1 226.813 -13.047 2.94978
0.1 225.652 -13.0335 2.95391
0.1 224.41 -13.1252 2.94373
0.1 223.433 -12.9977 2.95331
0.1 222.157 -12.4987 2.95793
0.1 220.849 -12.378 2.96531
0.1 220.61 -11.9401 2.97288
0.1 219.562 -11.7673 2.9692
0.1 218.441 -11.5918 2.98231
0.1 217.253 -11.5244 2.98487
0.1 215.936 -10.856 2.98617
0.1 214.619 -10.6611 2.99207
0.1 213.942 -10.8106 3.00863
0.1 212.916 -10.5493 3.01734
0.1 211.473 -10.268 3.03447
0.1 209.984 -10.5059 3.04555
0.1 209.359 -10.2343 3.03154
0.1 207.965 -10.2682 3.05772
0.1 206.728 -10.2815 3.05563
0.1 205.45 -9.81726 3.06367
0.1 204.172 -9.54691 3.07362
0.1 202.94 -9.62552 3.07059
0.1 201.717 -10.0016 3.09497
0.1 200.543 -9.87083 3.09068
0.1 199.652 -9.61924 3.09881
0.1 198.278 -9.69606 3.1094
0.1 197.281 -9.85987 3.10541
0.1 196.216 -9.95358 3.11981
0.1 194.986 -9.8266 3.12253
0.1 194.034 -9.62671 3.13317
0.1 192.624 -9.52609 3.13912
0.1 191.127 -10.0164 3.15501
0.1 190.032 -10.1443 3.14002
0.1 188.789 -10.1364 3.16935
0.1 187.889 -9.93357 3.16496
0.1 186.477 -10.1295 3.16337
0.1 186.011 -9.86756 3.18544
0.1 184.549 -10.4884 3.1804
0.1 183.486 -10.7002 3.17109
0.1 182.243 -10.3596 3.17663
0.1 181.008 -10.1168 3.19251
0.1 179.565 -9.90284 3.1968
0.1 179.264 -10.2261 3.1945
0.1 177.67 -10.5397 3.20562
0.1 176.544 -10.26 3.21814
0.1 174.753 -10.5511 3.21463
0.1 173.919 -10.6875 3.21209
0.1 172.676 -10.7221 3.22911
0.1 171.398 -10.991 3.23531
0.1 170.694 -11.0849 3.23509
0.1 169.71 -11.251 3.23666
0.1 169.145 -11.2182 3.24597
0.1 167.657 -11.4065 3.24305
0.1 166.241 -11.7675 3.25885
0.1 165.084 -12.533 3.27686
0.1 164.018 -12.8689 3.27684
0.1 162.798 -12.8093 3.27625
0.1 161.446 -12.1774 3.28399
0.1 161.522 -12.6695 3.30159
0.1 160.14 -12.3992 3.28714
0.1 158.748 -13.0452 3.28565
0.1 157.649 -13.2406 3.28959
0.1 156.715 -13.4797 3.30261
0.1 155.471 -12.7138 3.30185
0.1 154.475 -13.1005 3.29778
0.1 153.894 -13.1301 3.31364
0.1 152.701 -13.4943 3.33729
0.1 151.661 -13.7608 3.32624
0.1 150.387 -14.2321 3.33042
0.1 149.621 -14.1884 3.33054
0.1 148.303 -14.1191 3.33616
0.1 147.427 -14.8176 3.32352
0.1 146.151 -15.0635 3.31928
0.1 144.489 -15.4598 3.31256
0.1 143.692 -15.2796 3.33041
0.1 143.001 -15.7687 3.32711
0.1 141.726 -15.7799 3.32484
0.1 141.42 -15.5973 3.33601
0.1 140.152 -15.5237 3.3412
0.1 138.937 -15.6168 3.36124
0.1 138.048 -16.4664 3.36132
0.1 136.767 -16.658 3.35057
0.1 136.086 -17.6099 3.36544
0.1 134.906 -17.5068 3.3768
0.1 134.203 -17.2346 3.38694
0.1 133.087 -17.7594 3.39106
0.1 132.069 -18.2692 3.39654
0.1 131.052 -18.6912 3.39629
0.1 130.266 -18.5908 3.3914
0.1 129.256 -18.9199 3.38739
0.1 128.167 -19.219 3.40403
0.1 127.138 -19.1043 3.40617
0.1 126.136 -19.8086 3.41952
0.1 125.049 -20.1931 3.4183
0.1 124.431 -20.2673 3.41591
0.1 123.433 -20.283 3.40527
0.1 122.747 -20.7453 3.40892
0.1 122.1 -21.1876 3.41389
0.1 120.867 -21.4442 3.4225
0.1 119.417 -21.5125 3.41723
0.1 118.454 -21.8443 3.39778
0.1 117.303 -21.9709 3.40524
0.1 116.232 -22.3797 3.40805
0.1 115.334 -22.4786 3.40798
0.1 114.384 -22.4858 3.39957
0.1 113.481 -23.1827 3.39602
0.1 112.432 -23.7036 3.41892
0.1 111.47 -23.3507 3.4061
0.1 109.834 -23.8694 3.40219
0.1 109.044 -24.0927 3.39831
0.1 108.002 -24.2222 3.40334
0.1 107.018 -24.4319 3.41886
0.1 106.115 -24.4106 3.40965
0.1 105.064 -25.3645 3.42226
0.1 103.965 -25.4387 3.42459
0.1 102.961 -25.5857 3.41672
0.1 102.12 -25.531 3.41684
0.1 100.97 -26.0253 3.41723
0.1 100.343 -25.9764 3.43553
0.1 100.259 -26.6475 3.4371
0.1 98.2117 -26.987 3.4465
0.1 97.0874 -26.8661 3.45496
0.1 96.3724 -27.7332 3.45179
0.1 95.5296 -27.8107 3.46763
0.1 94.5754 -27.5906 3.4922
0.1 94.5193 -28.3212 3.50378
0.1 93.7086 -28.6782 3.5042
0.1 93.0381 -29.5254 3.51682
0.1 91.8833 -29.5734 3.52985
0.1 90.4508 -29.9066 3.52319
0.1 89.6825 -30.1926 3.55538
0.1 88.8706 -30.9173 3.5605
0.1 87.9599 -31.1374 3.57147
0.1 87.7114 -31.5032 3.58804
0.1 86.9885 -31.8157 3.60577
0.1 86.1817 -31.9628 3.61557
0.1 85.2988 -32.3431 3.62777
0.1 84.3568 -33.0648 3.62442
0.1 83.0377 -33.6699 3.63376
0.1 81.9859 -34.2045 3.65233
0.1 81.305 -34.6296 3.66494
0.1 80.7566 -35.4155 3.67436
0.1 79.2007 -36.0703 3.69178
0.1 78.0878 -36.5891 3.70069
0.1 77.4882 -37.5019 3.70293
0.1 76.7838 -38.4015 3.69742
0.1 76.4851 -38.5349 3.70995
0.1 75.963 -38.7136 3.71696
0.1 75.3034 -39.2642 3.72628
0.1 74.3922 -39.9667 3.74803
0.1 73.448 -40.4367 3.75929
0.1 72.4761 -40.9047 3.78088
0.1 72.1475 -41.6887 3.78867
0.1 71.0265 -42.1833 3.80695
0.1 70.7532 -43.0631 3.79702
0.1 69.1484 -43.69 3.7868
0.1 68.4833 -44.5758 3.79738
0.1 67.4366 -45.2019 3.81074
0.1 66.6486 -45.6236 3.82742
0.1 66.1569 -46.1472 3.83646
0.1 65.6991 -46.9371 3.84009
0.1 65.3738 -47.3371 3.84231
0.1 64.2825 -47.9762 3.85131
0.1 63.5137 -48.1363 3.85974
0.1 62.8489 -48.9735 3.85691
0.1 61.7878 -49.5552 3.87358
0.1 61.238 -49.6356 3.88261
0.1 60.9662 -51.0966 3.89113
0.1 60.4528 -51.6955 3.91297
0.1 59.9624 -51.8403 3.91574
0.1 58.9369 -52.3748 3.92326
0.1 58.589 -53.1245 3.92592
0.1 57.7845 -53.9372 3.93128
0.1 56.9781 -54.8014 3.93031
0.1 55.964 -55.1917 3.93361
0.1 54.7893 -55.5319 3.93445
0.1 53.9755 -56.5794 3.93658
0.1 53.2702 -57.2166 3.92751
0.1 52.7671 -57.8415 3.9303
0.1 51.8555 -59.0663 3.93237
0.1 51.3335 -59.8363 3.92908
0.1 50.7805 -60.6944 3.93995
0.1 50.2956 -61.2209 3.9394
0.1 49.6189 -62.2449 3.94273
0.1 48.9047 -62.8032 3.94092
0.1 48.4015 -63.4643 3.94143
0.1 47.8739 -64.1882 3.9457
0.1 47.2993 -64.5054 3.95851
0.1 46.7109 -65.0471 3.96102
0.1 46.1362 -65.9569 3.94471
0.1 45.3477 -66.8174 3.94727
0.1 44.811 -67.3921 3.95235
0.1 43.9227 -67.91 3.9412
0.1 43.5036 -68.0658 3.94944
0.1 42.731 -68.8831 3.94879
0.1 42.2253 -69.6968 3.94933
0.1 41.2577 -70.7729 3.94216
0.1 40.462 -71.1218 3.93966
0.1 39.2946 -71.8228 3.93109
0.1 39.6495 -72.2044 3.92046
0.1 38.9342 -72.8583 3.92905
0.1 38.2767 -73.9832 3.94299
0.1 37.1791 -74.3984 3.93736
0.1 36.5498 -74.9209 3.91831
0.1 35.9477 -75.7032 3.91384
0.1 35.1873 -76.6691 3.91208
0.1 34.5856 -77.4239 3.91088
0.1 33.7306 -77.7824 3.90959
0.1 33.1671 -78.1095 3.9105
0.1 32.4217 -78.4431 3.89978
0.1 31.9687 -79.4513 3.88442
0.1 31.5581 -79.9738 3.88961
0.1 30.8046 -80.6491 3.90047
0.1 30.181 -81.2341 3.88934
0.1 29.5209 -81.2833 3.89552
0.1 29.3143 -81.7131 3.87951
0.1 29.1259 -82.828 3.88043
0.1 28.6067 -83.2479 3.8826
0.1 27.6437 -84.425 3.86662
0.1 27.2696 -84.9992 3.85719
0.1 26.8925 -85.3814 3.8575
0.1 25.9617 -85.9087 3.84286
0.1 25.543 -86.3757 3.83932
0.1 24.901 -86.5675 3.8234
0.1 23.7087 -86.8641 3.80385
0.1 23.3685 -87.4652 3.79459
0.1 22.5495 -87.7173 3.78254
0.1 21.7947 -87.8561 3.76191
0.1 21.0501 -87.7808 3.72933
0.1 20.2789 -88.0691 3.7149
0.1 19.7067 -88.4343 3.70409
0.1 19.0371 -89.2088 3.69831
0.1 18.1609 -89.3839 3.66991
0.1 17.35 -90.1519 3.66432
0.1 17.1982 -90.3746 3.64865
0.1 16.8098 -90.7191 3.63634
0.1 15.8069 -91.2062 3.61176
0.1 15.245 -91.6536 3.60286
0.1 14.4824 -92.1527 3.59052
0.1 13.6469 -92.3255 3.56539
0.1 13.192 -92.3874 3.5619
0.1 12.2833 -92.7922 3.54273
0.1 12.3803 -92.3907 3.5237
0.1 11.7952 -92.7998 3.51214
0.1 11.8344 -92.8189 3.52349
0.1 11.0463 -93.5319 3.51119
0.1 10.0892 -94.2471 3.48961
0.1 9.41634 -93.9548 3.46063
0.1 8.95112 -93.9782 3.44675
0.1 8.21995 -94.202 3.43419
0.1 7.48902 -94.5748 3.405
0.1 7.08257 -95.1233 3.39539
0.1 6.58048 -95.2418 3.3839
0.1 6.28289 -95.4419 3.3614
0.1 5.63851 -95.162 3.34101
0.1 4.83558 -95.3981 3.31657
0.1 4.56896 -95.1682 3.29746
0.1 3.91281 -95.2103 3.26888
0.1 3.51226 -95.0294 3.26394
0.1 3.03063 -95.1961 3.24074
0.1 2.58996 -95.5052 3.22402
0.1 2.16017 -95.6502 3.21936
0.1 1.21638 -95.9131 3.20033
0.1 1.1068 -95.7257 3.17562
0.1 0.406953 -95.6686 3.16943
0.1 -0.398274 -95.9234 3.13764
0.1 -0.943889 -95.9557 3.11532
0.1 -2.53665 -95.617 3.10001
0.1 -2.5669 -95.6046 3.09677
0.1 -3.3514 -95.4204 3.07546
0.1 -3.89317 -95.0427 3.06383
0.1 -5.03469 -94.9594 3.04573
0.1 -5.26268 -95.5997 3.0311
0.1 -6.03472 -95.6054 3.03939
0.1 -6.49909 -95.5134 3.02707
0.1 -7.19696 -95.3824 2.99861
0.1 -7.25955 -95.3929 2.99208
0.1 -8.18953 -95.4933 2.98078
0.1 -9.07572 -94.7683 2.97321
0.1 -9.51063 -95.0868 2.95729
0.1 -10.1856 -94.9039 2.94195
0.1 -10.8005 -94.4839 2.92122
0.1 -11.419 -94.1193 2.90634
0.1 -11.7408 -93.951 2.88906
0.1 -12.626 -93.6525 2.87132
0.1 -13.1525 -93.7324 2.87315
0.1 -14.0575 -93.4115 2.85029
0.1 -14.4673 -93.4914 2.8294
0.1 -15.1972 -93.1224 2.80715
0.1 -15.9588 -92.7809 2.79782
0.1 -16.3375 -93.0844 2.80467
0.1 -17.2616 -92.7474 2.78952
0.1 -17.6532 -92.8072 2.77535
0.1 -18.2062 -92.4353 2.7615
0.1 -18.5571 -91.6294 2.73463
0.1 -19.3688 -91.5843 2.69671
0.1 -19.8146 -91.6442 2.67471
0.1 -20.5127 -91.2081 2.65944
0.1 -21.5513 -91.0097 2.63933
0.1 -21.6027 -90.202 2.62913
0.1 -22.0486 -89.4503 2.62432
0.1 -22.7819 -89.4896 2.6075
0.1 -23.6674 -88.7299 2.60207
0.1 -24.6111 -88.4676 2.58763
0.1 -25.3362 -88.6031 2.56033
0.1 -26.3354 -87.792 2.53973
0.1 -26.2421 -87.375 2.53169
0.1 -26.3717 -86.6102 2.49152
0.1 -27.0495 -86.2153 2.47392
0.1 -27.9017 -85.8508 2.45852
0.1 -28.2253 -84.7185 2.42559
0.1 -28.5338 -84.3439 2.41841
0.1 -29.299 -83.8976 2.39371
0.1 -30.0144 -83.0441 2.38206
0.1 -30.444 -82.779 2.35967
0.1 -30.295 -82.3184 2.34303
0.1 -31.205 -82.1801 2.30628
0.1 -31.7428 -81.2017 2.27803
0.1 -32.402 -80.4196 2.24782
0.1 -33.0362 -79.7194 2.22731
0.1 -33.3921 -78.8274 2.20482
0.1 -33.8182 -78.6511 2.18848
0.1 -34.8118 -78.2912 2.16383
0.1 -35.163 -77.9188 2.14161
0.1 -34.8921 -77.0518 2.10082
0.1 -35.2852 -76.7901 2.09424
0.1 -35.704 -76.3798 2.07769
0.1 -36.0657 -75.4917 2.06338
0.1 -36.4106 -74.7745 2.04126
0.1 -36.4628 -74.2067 2.00573
0.1 -36.6999 -73.8572 1.99144
0.1 -37.0959 -73.2434 1.97085
0.1 -37.4759 -72.252 1.9491
0.1 -37.1371 -71.0386 1.92851
0.1 -37.6184 -70.1478 1.91347
0.1 -37.6754 -69.5706 1.90074
0.1 -37.7851 -68.7808 1.87512
0.1 -38.1387 -67.9663 1.86135
0.1 -38.5454 -66.9482 1.84515
0.1 -38.7841 -66.2548 1.81894
0.1 -39.4114 -64.856 1.81163
0.1 -39.654 -64.0327 1.7969
0.1 -39.5624 -63.499 1.76776
0.1 -39.3755 -62.9147 1.75543
0.1 -39.7978 -62.3526 1.74108
0.1 -40.0081 -61.3177 1.73063
0.1 -40.1266 -60.7313 1.7167
0.1 -40.4438 -60.1112 1.6964
0.1 -40.3971 -58.9824 1.66939
0.1 -40.6547 -58.4156 1.64945
0.1 -40.9937 -57.4891 1.64633
0.1 -41.2135 -56.1991 1.64966
0.1 -40.85 -55.2904 1.64055
0.1 -40.8795 -54.4275 1.62392
0.1 -40.9655 -54.0263 1.62617
0.1 -41.0568 -53.4233 1.60079
0.1 -40.9881 -52.7317 1.5916
0.1 -41.18 -52.0652 1.5886
0.1 -40.6715 -51.2304 1.58933
0.1 -40.0806 -50.8468 1.57048
0.1 -40.5188 -49.6383 1.56234
0.1 -40.8047 -48.6716 1.53712
0.1 -40.2561 -48.5272 1.55014
0.1 -40.3945 -47.6897 1.53945
0.1 -40.441 -46.4944 1.54091
0.1 -40.5429 -45.4407 1.52088
0.1 -40.4192 -44.2713 1.50539
0.1 -40.6047 -43.4984 1.46694
0.1 -40.1159 -42.9048 1.46598
0.1 -39.8829 -41.8275 1.45069
0.1 -39.7743 -41.1002 1.43936
0.1 -39.6643 -40.046 1.41458
0.1 -39.5239 -39.0926 1.40568
0.1 -39.3134 -38.9715 1.4087
0.1 -39.2099 -38.0837 1.39167
0.1 -39.3064 -37.4227 1.38208
0.1 -38.7496 -36.5022 1.36461
0.1 -38.1244 -35.4943 1.35196
0.1 -38.0324 -34.8337 1.33621
0.1 -38.1514 -34.3016 1.31497
0.1 -37.7263 -33.4233 1.30776
0.1 -37.4045 -32.7592 1.29787
0.1 -36.8821 -31.8644 1.2819
0.1 -37.2556 -31.6401 1.27677
0.1 -37.2892 -30.7454 1.26899
0.1 -37.2333 -29.7243 1.26773
0.1 -36.2993 -29.129 1.25481
0.1 -35.9907 -28.6427 1.24318
0.1 -35.9633 -27.7365 1.21501
0.1 -35.8695 -27.109 1.2003
0.1 -35.0707 -26.3114 1.18545
0.1 -34.5431 -25.7411 1.17532
0.1 -34.3765 -24.7352 1.16879
0.1 -33.8163 -23.7639 1.1648
0.1 -33.481 -23.0539 1.14875
0.1 -33.2121 -22.7137 1.13684
0.1 -32.855 -21.5984 1.10886
0.1 -32.6339 -21.1487 1.07625
0.1 -32.4436 -20.5064 1.05587
0.1 -32.2327 -19.5995 1.04599
0.1 -31.829 -19.3811 1.03127
0.1 -31.4771 -18.2447 1.00772
0.1 -31.1098 -17.1559 1.00736
0.1 -30.5834 -16.2484 0.977595
0.1 -29.8314 -15.5482 0.959271
0.1 -29.371 -14.7691 0.94369
0.1 -28.8514 -14.0299 0.946146
0.1 -28.5863 -14.007 0.907777
0.1 -27.9634 -13.5584 0.901983
0.1 -27.4585 -12.7613 0.877162
0.1 -26.8788 -12.224 0.862221
0.1 -26.4587 -11.6367 0.852181
0.1 -25.6325 -10.7253 0.840088
0.1 -25.2563 -10.337 0.830399
0.1 -24.6816 -9.79848 0.795747
0.1 -24.1875 -9.45982 0.772979
0.1 -23.1778 -8.55579 0.768232
0.1 -22.7961 -7.81591 0.754436
0.1 -22.06 -7.01079 0.733342
0.1 -21.3695 -6.30853 0.704968
0.1 -20.4734 -5.93458 0.672424
0.1 -20.3188 -5.41309 0.645178
0.1 -19.3392 -4.77359 0.626496
0.1 -18.924 -4.29112 0.609223
0.1 -18.2585 -3.7198 0.585788
0.1 -16.861 -3.43488 0.572184
0.1 -16.4875 -3.23206 0.571692
0.1 -16.006 -3.04691 0.564318
0.1 -14.7253 -2.72493 0.550272
0.1 -14.1579 -2.17576 0.541411
0.1 -13.0508 -1.87178 0.524537
0.1 -12.5497 -1.51287 0.48622
0.1 -11.6215 -1.0356 0.47246
0.1 -10.9195 -0.774044 0.454306
0.1 -10.3919 -0.514595 0.436642
0.1 -9.42706 -0.237362 0.439253
0.1 -8.65982 0.226039 0.433826
0.1 -8.19346 0.990304 0.415557
0.1 -7.34648 1.45297 0.399707
0.1 -6.66829 1.68373 0.389875
0.1 -5.56641 1.93223 0.37249
0.1 -4.32202 2.09614 0.352343
0.1 -3.40898 2.65581 0.341018
0.1 -2.43122 2.66681 0.32008
0.1 -1.48831 2.98927 0.309585
0.1 -0.383356 3.20488 0.305728
0.1 1.08781 3.27227 0.29049
0.1 2.04633 3.28213 0.284932
0.1 3.13216 3.50313 0.284145
0.1 3.98511 3.88856 0.290766
0.1 4.27912 4.24991 0.301768
0.1 5.49113 4.93066 0.275479
0.1 6.23897 5.28953 0.261285
0.1 6.89517 5.45108 0.268141
0.1 7.49525 5.45467 0.25941
0.1 8.54594 5.64326 0.263702
0.1 9.47748 6.39623 0.254382
0.1 10.5695 6.68694 0.238873
0.1 11.6775 6.54523 0.245633
0.1 12.6467 7.34506 0.238865
0.1 13.3591 7.41669 0.234356
0.1 14.3451 7.64665 0.230957
0.1 14.8283 7.56919 0.222813
0.1 15.8144 7.73942 0.223763
0.1 17.1964 8.07818 0.210215
0.1 18.323 8.39047 0.2025
0.1 19.5713 8.63385 0.183765
0.1 20.4701 8.69624 0.178179
0.1 21.3846 8.84635 0.173522
0.1 22.328 9.28947 0.175282
0.1 23.5353 9.18562 0.161003
0.1 24.6484 9.75935 0.165506
0.1 25.9746 9.9758 0.166541
0.1 27.1966 9.85025 0.162499
0.1 27.9452 10.0332 0.158924
0.1 29.1376 10.0619 0.149229
0.1 30.0469 10.3606 0.133064
0.1 31.0138 10.5812 0.132177
0.1 32.3491 10.5718 0.149769
0.1 33.4801 10.4764 0.146325
0.1 34.2009 10.4681 0.14913
0.1 35.2237 10.5795 0.146275
0.1 36.335 10.618 0.155255
0.1 37.4459 11.2386 0.151455
0.1 38.6909 11.461 0.149125
0.1 39.7009 11.5016 0.133921
0.1 41.1502 12.0962 0.146694
0.1 41.9421 11.7233 0.141993
0.1 43.281 12.4296 0.143983
0.1 44.0137 12.6777 0.144572
0.1 45.226 12.7119 0.137238
0.1 46.3105 12.5848 0.132926
0.1 47.3984 13.0319 0.143893
0.1 48.4643 12.9307 0.150035
0.1 48.7649 12.6028 0.14629
0.1 50.0542 13.065 0.145047
0.1 51.63 13.493 0.146806
0.1 52.8113 13.3613 0.139249
0.1 54.0639 13.5158 0.140793
0.1 55.1115 13.2523 0.139036
0.1 56.3193 13.4425 0.148992
0.1 57.3479 13.5889 0.142767
0.1 57.9961 13.8099 0.147969
0.1 59.4901 14.3818 0.150303
0.1 60.0766 13.9883 0.149837
0.1 61.0847 14.4764 0.135113
0.1 62.0543 14.6511 0.138852
0.1 63.1153 14.6736 0.133294
0.1 64.3088 15.6085 0.134826
0.1 65.2836 15.7733 0.13039
0.1 66.182 15.6979 0.138987
0.1 67.8236 15.9549 0.124213
0.1 68.3676 15.6088 0.13329
0.1 69.4978 15.7235 0.120993
0.1 70.5107 15.442 0.114886
0.1 71.6948 15.6036 0.115139
0.1 72.47 15.818 0.118029
0.1 73.067 16.4399 0.12277
0.1 74.441 16.2779 0.104018
0.1 75.5312 16.2115 0.10803
0.1 76.9835 16.1122 0.111263
0.1 77.7836 16.4579 0.103988
0.1 78.625 16.7735 0.102233
0.1 79.1126 17.3863 0.109689
0.1 80.7507 17.7239 0.100204
0.1 81.7271 17.6949 0.0920232
0.1 83.0451 17.5533 0.0910325
0.1 84.1019 17.6398 0.074485
0.1 85.344 17.372 0.0884811
0.1 86.9601 17.3296 0.089429
0.1 87.5168 17.3169 0.0933227
0.1 88.292 17.5914 0.0794934
0.1 89.0625 17.6913 0.0736183
0.1 89.8573 17.7177 0.0832889
0.1 90.9607 18.2906 0.0867083
0.1 92.0222 18.201 0.081208
0.1 93.3821 18.459 0.0712361
0.1 94.0693 18.9006 0.071161
0.1 95.5109 18.7646 0.0718277
0.1 96.3414 18.6176 0.0831011
0.1 97.6177 18.7392 0.0646739
0.1 98.4169 18.9902 0.063339
0.1 99.2366 18.7743 0.0740982
0.1 100.079 18.3505 0.0738222
0.1 101.023 18.5825 0.0800116
0.1 102.266 19.0573 0.0641694
0.1 102.936 19.3833 0.0680767
0.1 103.911 19.2275 0.052386
0.1 105.043 19.1917 0.0550817
0.1 106.194 19.372 0.0641532
0.1 107.456 19.2989 0.0674332
0.1 108.519 19.2261 0.0611145
0.1 109.272 19.0665 0.0719324
0.1 110.464 19.3082 0.0656734
0.1 111.463 19.3816 0.0725171
0.1 112.503 19.4718 0.060858
0.1 112.909 19.1021 0.0753854
0.1 113.781 19.854 0.0530034
0.1 114.52 18.8737 0.0922479
0.1 115.929 19.1269 0.0950185
0.1 117.52 19.5893 0.091889
0.1 118.483 19.7818 0.0802811
0.1 119.118 19.9292 0.080948
0.1 120.064 19.8768 0.0708793
0.1 121.698 19.8935 0.072088
0.1 123.085 19.7846 0.0655271
0.1 124.207 20.0425 0.0513891
0.1 124.775 20.4117 0.0473228
0.1 126.113 20.2539 0.0524625
0.1 127.061 19.959 0.058035
0.1 127.779 19.9275 0.0484105
0.1 128.658 20.259 0.0426115
0.1 130.099 20.3773 0.0445831
0.1 130.633 20.7148 0.040601
0.1 131.452 20.5759 0.0468789
0.1 132.362 20.7895 0.0528684
0.1 133.83 20.948 0.061744
0.1 134.816 21.0642 0.0660987
0.1 135.905 21.084 0.0593574
0.1 136.809 21.171 0.0602878
0.1 137.308 20.706 0.0586351
0.1 138.751 20.8686 0.0622331
0.1 139.842 20.7352 0.0557307
0.1 140.903 21.1535 0.0692034
0.1 142.031 20.9284 0.0652916
0.1 142.842 21.2095 0.0630457
0.1 143.815 21.1915 0.0668526
0.1 144.847 21.4921 0.0674869
0.1 146.09 21.9542 0.0715522
0.1 147.093 21.7421 0.0677845
0.1 148.157 22.1743 0.0734552
0.1 149.147 22.1291 0.0898821
0.1 150.326 22.2022 0.0853954
0.1 151.423 22.4226 0.0672684
0.1 153.332 22.209 0.0516433
0.1 154.281 22.1202 0.0578165
0.1 155.138 22.1351 0.0568978
0.1 155.894 22.0427 0.0567525
0.1 156.872 22.2516 0.0673902
0.1 158.014 22.2977 0.0724391
0.1 158.866 21.9805 0.0764578
0.1 159.796 22.3792 0.0804439
0.1 160.872 22.5088 0.0682162
0.1 162.388 22.7663 0.0584681
0.1 163.309 23.1723 0.065882
0.1 164.187 23.0124 0.0810394
0.1 165.067 22.9057 0.100355
0.1 165.749 23.606 0.088353
0.1 167.04 23.3039 0.0863354
0.1 168.218 23.7333 0.0643894
0.1 169.329 23.855 0.0719042
0.1 170.216 23.7568 0.0855028
0.1 171.405 23.991 0.0954587
0.1 172.457 24.0723 0.0920167
0.1 173.548 23.6198 0.0873725
0.1 174.368 23.8267 0.0921766
0.1 175.668 24.0615 0.0929577
0.1 177.259 24.2323 0.0682278
0.1 178.248 24.3905 0.0705977
0.1 179.172 24.5545 0.0717721
0.1 180.153 24.1518 0.0893334
0.1 181.27 24.4768 0.0788614
0.1 182.07 24.4482 0.0765903
0.1 183.016 24.2195 0.0681977
0.1 184.081 24.4398 0.0580381
0.1 185.316 24.2302 0.0583513
0.1 186.626 24.7663 0.0690312
0.1 187.602 24.8493 0.0716063
0.1 188.976 25.1807 0.0617971
0.1 190.159 25.6094 0.0682059
0.1 191.771 25.1117 0.0679019
0.1 192.454 25.2105 0.0756941
0.1 193.557 24.9547 0.0614306
0.1 194.586 24.8904 0.0691201
0.1 196.212 25.2706 0.0547608
0.1 196.23 25.1674 0.05302
0.1 197.339 24.9675 0.0624006
0.1 198.338 24.8654 0.0653219
0.1 199.31 25.2145 0.070392
0.1 200.661 25.3508 0.071432
0.1 201.525 25.3754 0.0663785
0.1 202.768 25.5253 0.053705
0.1 203.894 25.4619 0.0560808
0.1 204.997 26.064 0.0580871
0.1 206.084 26.1644 0.0538273
0.1 206.523 26.7285 0.0716561
0.1 207.965 26.9535 0.0813352
0.1 209.22 26.7516 0.0848273
0.1 210.276 27.0568 0.079432
0.1 210.991 27.1574 0.0848992
0.1 212.061 26.9108 0.0792329
0.1 212.776 26.5215 0.0643718
0.1 213.93 26.4327 0.0657441
0.1 215.214 26.7138 0.0771575
0.1 216.209 26.4612 0.0843972
0.1 217.626 27.0256 0.0848098
0.1 218.608 27.082 0.0806672
0.1 219.942 27.0675 0.0713179
0.1 220.557 27.0449 0.0643339
0.1 221.772 26.9031 0.069656
0.1 223.057 26.8145 0.0725412
0.1 223.75 27.1381 0.0539929
0.1 224.614 27.4932 0.0768518
0.1 225.56 27.3434 0.068403
0.1 226.545 27.4786 0.0758234
0.1 227.774 27.4538 0.0827064
0.1 228.697 27.9116 0.08873
0.1 229.922 27.9378 0.0864019
0.1 231.122 27.5258 0.0908491
0.1 232.161 27.3805 0.0720356
0.1 232.768 27.7432 0.070059
0.1 233.851 28.0404 0.0695751
0.1 234.932 28.2905 0.069209
0.1 235.66 27.7476 0.0764662
0.1 236.287 28.1612 0.0656449
0.1 237.319 28.5318 0.0747613
0.1 238.889 28.5831 0.0606495
0.1 239.865 28.1215 0.0574866
0.1 240.621 28.7784 0.0769459
0.1 241.543 28.6491 0.0644655
0.1 241.822 28.9364 0.0686749
0.1 242.881 29.1026 0.0676803
0.1 243.745 29.2365 0.0598187
0.1 244.922 29.3295 0.0491395
0.1 245.366 29.0964 0.0448375
0.1 246.658 29.1185 0.0416213
0.1 247.614 29.1734 0.0416812
0.1 247.904 29.853 0.0579441
0.1 248.724 29.7228 0.0630867
0.1 249.742 29.5093 0.0622556
0.1 250.173 29.3394 0.0561435
0.1 250.896 29.1326 0.0531409
0.1 251.505 29.1683 0.0438605
0.1 252.06 29.1758 0.0379438
0.1 253.017 29.2539 0.0529287
0.1 253.579 29.0646 0.0334957
0.1 254.372 28.938 0.00254674
0.1 254.7 28.8668 0.00074457
0.1 254.5 29.0357 6.27268
0.1 255.243 29.3109 6.26518
0.1 255.472 29.3777 6.24601
0.1 256.085 29.3976 6.23758
0.1 256.679 29.3324 6.20208
0.1 257.075 29.0859 6.18791
0.1 257.537 28.6336 6.18412
0.1 258.085 28.8171 6.16251
0.1 258.064 28.7226 6.14871
0.1 258.628 28.8089 6.12126
0.1 258.974 28.8057 6.11929
0.1 259.265 28.3313 6.1068
0.1 259.353 28.1792 6.08915
0.1 259.617 27.7166 6.08273
0.1 260.269 28.2007 6.07505
0.1 261.001 28.7426 6.06357
0.1 261.254 28.6008 6.04133
0.1 261.242 28.3509 6.02768
0.1 261.512 28.2867 6.00623
0.1 261.874 27.9051 5.98625
0.1 262.474 28.0367 5.96786
0.1 263.027 27.8817 5.94231
0.1 263.155 27.8185 5.93089
0.1 263.125 27.0225 5.90832
0.1 263.368 27.1619 5.88978
0.1 263.681 27.1443 5.87822
0.1 264.722 26.551 5.85709
0.1 264.83 26.9208 5.86118
0.1 265.106 26.5997 5.84376
0.1 265.392 26.6927 5.83582
0.1 265.474 26.6088 5.82609
0.1 265.871 26.1722 5.81585
0.1 266.553 26.2356 5.80139
0.1 266.666 26.0127 5.78113
0.1 266.966 25.7486 5.75678
0.1 267.383 25.3357 5.75319
0.1 267.67 25.2493 5.73932
0.1 268.258 25.4294 5.72857
0.1 268.178 25.5599 5.69064
0.1 268.661 24.8991 5.67408
0.1 269.265 24.611 5.65567
0.1 269.248 23.8805 5.6481
0.1 269.787 23.6918 5.63313
0.1 270.295 23.6961 5.62714
0.1 270.681 23.3122 5.62155
0.1 271.029 23.5798 5.61416
0.1 271.518 23.1627 5.59509
0.1 271.646 22.5653 5.58104
0.1 271.487 22.7854 5.56729
0.1 271.612 22.7877 5.56108
0.1 272.082 22.4005 5.53463
0.1 272.582 21.8105 5.50982
0.1 273.187 21.4364 5.4879
0.1 273.334 21.0603 5.48385
0.1 273.829 20.7129 5.46268
0.1 273.914 20.5174 5.43863
0.1 274.162 19.8332 5.39664
0.1 274.394 19.2741 5.38297
0.1 274.888 18.8717 5.3522
0.1 275.223 18.2248 5.3404
0.1 275.66 17.7481 5.30457
0.1 276.036 17.2513 5.27369
0.1 275.995 16.8392 5.26049
0.1 276.338 16.1803 5.23601
0.1 276.569 15.8508 5.19596
0.1 276.36 15.3878 5.17102
0.1 276.63 14.9162 5.13547
0.1 276.917 14.2542 5.09349
0.1 276.999 13.9108 5.05693
0.1 277.098 13.0516 5.02835
0.1 277.436 12.5015 4.9948
0.1 277.913 11.3495 4.97932
0.1 278.183 10.6733 4.9717
0.1 277.985 10.2499 4.93549
0.1 278.191 10.112 4.91578
0.1 277.684 9.46667 4.89632
0.1 278.248 8.96298 4.86913
0.1 278.326 8.4884 4.84377
0.1 278.537 8.20892 4.80675
0.1 278.201 7.91673 4.78621
0.1 278.501 7.21109 4.76272
0.1 278.479 6.61701 4.74461
0.1 278.626 5.60008 4.71085
0.1 278.616 4.77143 4.67607
0.1 278.402 4.0898 4.65502
0.1 278.08 3.0994 4.6008
0.1 278.213 2.869 4.57986
0.1 278.241 2.73959 4.57137
0.1 278.041 1.85558 4.54024
0.1 277.635 0.996989 4.509
0.1 277.504 0.78432 4.47971
0.1 277.587 0.188553 4.44957
0.1 277.403 -0.803258 4.42102
0.1 277.201 -1.43138 4.40029
0.1 276.437 -2.33384 4.37579
0.1 276.162 -2.99941 4.34567
0.1 275.828 -3.35512 4.32096
0.1 275.43 -4.05738 4.29443
0.1 275.275 -5.05041 4.26773
0.1 275.168 -5.46536 4.23326
0.1 274.903 -6.1377 4.20421
0.1 274.351 -7.24346 4.17275
0.1 273.899 -7.83239 4.1309
0.1 273.142 -8.25989 4.09315
0.1 272.589 -8.49775 4.06559
0.1 272.176 -9.10255 4.04645
0.1 271.651 -9.81955 4.0235
0.1 271.059 -9.85558 3.99011
0.1 270.434 -10.6973 3.96501
0.1 269.922 -11.4124 3.93802
0.1 269.152 -11.548 3.92205
0.1 268.747 -12.1417 3.88234
0.1 268.162 -12.4396 3.85671
0.1 267.873 -12.9483 3.82945
0.1 267.469 -13.1756 3.80457
0.1 266.71 -13.1062 3.78421
0.1 266.374 -13.9472 3.76291
0.1 266.065 -14.9124 3.74044
0.1 264.776 -15.4098 3.715
0.1 264.904 -15.8277 3.67958
0.1 264.362 -16.4505 3.64941
0.1 263.712 -16.6558 3.63959
0.1 262.806 -16.5444 3.60371
0.1 262.29 -16.6587 3.5818
0.1 261.94 -17.3972 3.54896
0.1 260.968 -17.5557 3.52515
0.1 260.515 -17.5845 3.49769
0.1 259.85 -17.8705 3.4618
0.1 259.144 -18.3285 3.4213
0.1 257.753 -18.375 3.38562
0.1 256.604 -18.4838 3.33114
0.1 255.918 -18.4758 3.30129
0.1 254.623 -18.686 3.26394
0.1 253.378 -18.3383 3.23422
0.1 252.769 -18.3639 3.20229
0.1 252.236 -18.6864 3.18254
0.1 251.217 -18.5586 3.15509
0.1 250.792 -18.2183 3.12825
0.1 250.249 -18.3149 3.09926
0.1 249.652 -18.4324 3.07892
0.1 248.831 -18.3264 3.05141
0.1 248.123 -18.503 3.0339
0.1 247.902 -17.996 3.01395
0.1 247.13 -18.3005 2.99342
0.1 246.021 -18.0242 2.96829
0.1 245.052 -17.912 2.94844
0.1 244.14 -17.7501 2.93424
0.1 243.331 -17.1284 2.92781
0.1 242.38 -16.9309 2.90893
0.1 241.774 -17.0034 2.89663
0.1 240.825 -16.8971 2.88958
0.1 239.999 -16.7707 2.89276
0.1 239.572 -15.9911 2.89406
0.1 238.098 -15.6432 2.88835
0.1 237.591 -15.5383 2.87784
0.1 236.235 -15.5972 2.88101
0.1 235.394 -15.3792 2.88253
0.1 234.87 -15.2474 2.88166
0.1 233.857 -14.8503 2.88589
0.1 233.032 -14.9257 2.87577
0.1 232.281 -14.7415 2.8771
0.1 231.145 -14.9948 2.88436
0.1 230.683 -14.7787 2.88678
0.1 229.887 -14.5045 2.90187
0.1 228.858 -14.1623 2.90464
0.1 227.985 -13.4892 2.90823
0.1 227.007 -13.3474 2.91036
0.1 226.029 -13.1311 2.90912
0.1 225.084 -12.7707 2.91765
0.1 224.346 -12.374 2.9002
0.1 223.68 -12.2397 2.92291
0.1 222.397 -12.2752 2.91495
0.1 221.597 -11.9614 2.92731
0.1 220.702 -11.7619 2.92844
0.1 219.661 -11.2286 2.9275
0.1 218.724 -11.3154 2.93313
0.1 217.931 -10.8539 2.93026
0.1 216.915 -10.9864 2.94628
0.1 215.906 -10.8232 2.946
0.1 215.151 -10.6141 2.96333
0.1 214.107 -10.2875 2.9883
0.1 213.546 -10.632 2.97825
0.1 212.964 -10.5167 3.00011
0.1 212.018 -10.5638 3.01199
0.1 211.058 -10.2514 3.03017
0.1 209.826 -9.90505 3.04561
0.1 208.719 -9.70423 3.05928
0.1 207.756 -9.46459 3.04631
0.1 206.696 -9.6629 3.05291
0.1 205.25 -9.55382 3.06747
0.1 204.305 -9.48604 3.08222
0.1 202.896 -9.48368 3.07425
0.1 201.674 -9.31197 3.09903
0.1 200.905 -9.40668 3.0841
0.1 199.736 -9.56013 3.08397
0.1 198.334 -9.33815 3.09038
0.1 197.364 -9.6825 3.07887
0.1 195.774 -9.67381 3.0945
0.1 194.685 -9.97081 3.10275
0.1 193.791 -9.74242 3.1095
0.1 192.948 -9.68899 3.11898
0.1 192.131 -9.69554 3.11457
0.1 190.931 -9.66649 3.12564
0.1 190.632 -9.31473 3.14562
0.1 189.92 -9.43909 3.15061
0.1 189.394 -9.64893 3.1722
0.1 188.592 -9.47945 3.18384
0.1 186.984 -9.53066 3.1744
0.1 185.991 -9.67602 3.16599
0.1 185.007 -9.97348 3.18161
0.1 184.278 -9.55604 3.17805
0.1 182.774 -9.86136 3.17658
0.1 181.721 -9.82866 3.18194
0.1 180.793 -10.1231 3.19008
0.1 179.931 -9.89726 3.1937
0.1 179.168 -10.0578 3.19093
0.1 177.888 -10.1538 3.19483
0.1 177.156 -10.5554 3.19935
0.1 175.943 -10.5924 3.20524
0.1 175.123 -10.6901 3.21884
0.1 174.273 -10.8201 3.22573
0.1 173.579 -10.5533 3.2174
0.1 172.617 -10.661 3.22482
0.1 171.64 -10.1835 3.22644
0.1 170.872 -10.3668 3.22401
0.1 169.903 -10.9409 3.2467
0.1 168.789 -10.8658 3.25086
0.1 168.009 -10.906 3.25101
0.1 167.105 -10.9489 3.26156
0.1 165.899 -11.2878 3.25228
0.1 164.947 -11.1828 3.25554
0.1 164.412 -11.685 3.25397
0.1 163.278 -11.6799 3.2707
0.1 162.675 -11.6473 3.26682
0.1 161.578 -11.5225 3.26306
0.1 160.676 -11.7009 3.27226
0.1 160.066 -11.667 3.28525
0.1 158.761 -12.1554 3.28209
0.1 158.148 -12.2248 3.30508
0.1 157.567 -12.0166 3.3075
0.1 156.776 -12.7009 3.32052
0.1 155.487 -12.398 3.31136
0.1 154.547 -12.4002 3.31415
0.1 153.367 -12.5693 3.30701
0.1 152.409 -12.5695 3.30481
0.1 151.339 -12.8329 3.30792
0.1 150.647 -12.7907 3.32628
0.1 149.496 -12.6146 3.32506
0.1 148.683 -12.8111 3.3189
0.1 147.945 -12.6303 3.33348
0.1 147.551 -13.1317 3.33103
0.1 146.538 -13.0266 3.33904
0.1 145.641 -12.9166 3.36608
0.1 144.861 -13.4001 3.36833
0.1 143.631 -13.6862 3.35326
0.1 142.935 -14.3539 3.36142
0.1 141.539 -14.492 3.37325
0.1 140.734 -14.9361 3.377
0.1 140.095 -15.2203 3.37312
0.1 139.092 -15.6946 3.35838
0.1 137.897 -15.8955 3.36945
0.1 136.752 -15.9276 3.37441
0.1 136.264 -16.2371 3.37902
0.1 136.056 -16.5247 3.3874
0.1 135.263 -16.9129 3.38898
0.1 133.97 -17.1144 3.39904
0.1 133.338 -17.2752 3.39131
0.1 132.498 -17.5146 3.40993
0.1 131.6 -17.4691 3.40383
0.1 130.546 -17.838 3.4013
0.1 129.725 -18.1345 3.41372
0.1 128.87 -18.4225 3.40165
0.1 128.035 -19.11 3.405
0.1 126.995 -19.3312 3.40211
0.1 126.424 -19.3635 3.39691
0.1 125.536 -19.6735 3.39546
0.1 125.168 -20.0246 3.41328
0.1 123.593 -19.5143 3.39025
0.1 122.57 -19.8862 3.39758
0.1 121.828 -20.0823 3.4135
0.1 120.798 -20.4268 3.41353
0.1 120.169 -20.6024 3.40828
0.1 119.678 -20.8322 3.4057
0.1 118.741 -21.1046 3.40535
0.1 118.222 -21.6397 3.40118
0.1 117.621 -21.9189 3.42437
0.1 116.726 -22.4075 3.41726
0.1 115.761 -22.4397 3.41188
0.1 114.714 -22.4644 3.4196
0.1 114.347 -22.9662 3.42968
0.1 113.342 -23.0455 3.42171
0.1 113.037 -22.9122 3.43607
0.1 112.358 -23.4588 3.442
0.1 111.454 -23.3658 3.44326
0.1 110.386 -23.6678 3.44461
0.1 109.783 -23.5087 3.42831
0.1 109.289 -23.9701 3.42488
0.1 108.485 -24.2035 3.43942
0.1 107.83 -24.721 3.42845
0.1 106.628 -24.965 3.4209
0.1 105.697 -25.0941 3.41363
0.1 104.715 -25.3238 3.42724
0.1 104.037 -25.5463 3.42562
0.1 103.332 -25.9082 3.42145
0.1 102.404 -26.3135 3.41666
0.1 101.68 -26.6751 3.41506
0.1 100.334 -26.2546 3.4404
0.1 99.9747 -26.6678 3.43079
0.1 99.0428 -26.4842 3.44283
0.1 98.4605 -27.0552 3.44731
0.1 97.7511 -27.6549 3.43954
0.1 97.4053 -27.6823 3.45077
0.1 96.3986 -28.2244 3.45711
0.1 95.5351 -28.6875 3.44322
0.1 95.6666 -28.6652 3.46778
0.1 94.8383 -28.9056 3.47279
0.1 93.7196 -29.2107 3.47825
0.1 92.847 -29.4483 3.4813
0.1 92.2067 -29.6302 3.48671
0.1 91.5051 -29.6378 3.49422
0.1 91.1659 -30.0443 3.49699
0.1 90.4429 -30.1621 3.50691
0.1 89.3781 -30.6324 3.51605
0.1 88.5009 -30.8959 3.53291
0.1 88.0098 -31.5153 3.53429
0.1 87.4989 -31.4526 3.53473
0.1 86.353 -32.1256 3.54751
0.1 85.8102 -32.3174 3.57245
0.1 85.0451 -32.3997 3.57907
0.1 84.6593 -33.1023 3.58936
0.1 83.7489 -33.6316 3.60116
0.1 83.1497 -33.8461 3.60821
0.1 82.6715 -34.3759 3.62055
0.1 82.5367 -34.4852 3.63889
0.1 81.7747 -34.645 3.65293
0.1 81.4203 -34.622 3.66248
0.1 80.8403 -35.3759 3.65121
0.1 79.5819 -35.8092 3.68081
0.1 78.9589 -35.9468 3.68975
0.1 78.5705 -36.998 3.6938
0.1 77.8118 -37.4229 3.69935
0.1 77.3406 -37.6383 3.71298
0.1 76.7951 -38.04 3.72501
0.1 76.3647 -38.6208 3.73354
0.1 75.7073 -38.8515 3.74071
0.1 74.4986 -39.0872 3.73638
0.1 74.2477 -39.4881 3.76433
0.1 73.2093 -40.237 3.75674
0.1 72.5674 -41.007 3.76412
0.1 71.9578 -41.5942 3.7632
0.1 70.9974 -42.03 3.76128
0.1 70.3517 -42.1825 3.77316
0.1 69.8851 -42.1452 3.78821
0.1 69.3647 -43.0035 3.80615
0.1 68.876 -43.5787 3.81409
0.1 67.896 -44.099 3.82765
0.1 67.7023 -44.4587 3.81957
0.1 67.0056 -44.7602 3.83407
0.1 66.536 -45.1277 3.82592
0.1 65.9827 -45.6547 3.82702
0.1 65.4805 -46.2698 3.85312
0.1 65.1613 -46.8154 3.84512
0.1 64.4071 -46.9709 3.84862
0.1 63.6717 -47.301 3.84499
0.1 63.144 -48.1589 3.85178
0.1 62.2645 -48.4558 3.86722
0.1 61.6281 -49.4417 3.86733
0.1 60.8283 -49.5903 3.87496
0.1 60.7029 -50.1127 3.8913
0.1 60.0936 -50.8045 3.88532
0.1 59.4451 -51.1723 3.87624
0.1 58.5877 -51.7741 3.88546
0.1 57.7953 -52.7311 3.88238
0.1 57.0572 -53.339 3.88103
0.1 56.7053 -53.8119 3.889
0.1 55.7766 -54.951 3.89136
0.1 54.9169 -55.2992 3.90188
0.1 54.6574 -55.9705 3.91041
0.1 54.4512 -56.432 3.90844
0.1 53.8127 -57.0297 3.9124
0.1 53.19 -57.3885 3.90697
0.1 52.5654 -57.9437 3.91192
0.1 52.3957 -58.6243 3.90821
0.1 51.6029 -59.3848 3.90963
0.1 50.9257 -59.7227 3.91748
0.1 50.0963 -60.2435 3.92187
0.1 49.7431 -60.9763 3.92885
0.1 48.6975 -61.2101 3.93147
0.1 48.4037 -62.1419 3.92785
0.1 47.7873 -62.6643 3.92125
0.1 47.221 -63.2326 3.92013
0.1 46.3808 -63.7557 3.91705
0.1 46.0024 -64.3437 3.91755
0.1 45.4829 -64.8681 3.91803
0.1 45.0212 -65.5335 3.92781
0.1 44.1776 -65.9747 3.92722
0.1 43.4666 -66.4908 3.93085
0.1 42.8166 -67.033 3.93432
0.1 42.5763 -68.0419 3.94823
0.1 42.2184 -68.2564 3.94859
0.1 41.5198 -68.9142 3.95495
0.1 40.9387 -69.9038 3.95008
0.1 40.0514 -70.0446 3.93514
0.1 39.6544 -71.0316 3.93273
0.1 39.3828 -71.5497 3.93062
0.1 38.9502 -71.9053 3.942
0.1 38.0849 -72.382 3.9325
0.1 37.2785 -72.8706 3.9256
0.1 37.2199 -73.4221 3.93315
0.1 36.8606 -73.9962 3.92881
0.1 36.3329 -74.7058 3.92709
0.1 35.6541 -75.047 3.93049
0.1 34.8984 -75.346 3.92276
0.1 34.3077 -76.0088 3.91147
0.1 33.8297 -76.5959 3.91293
0.1 33.4198 -77.3584 3.91788
0.1 32.5317 -78.1405 3.90288
0.1 32.0911 -78.684 3.89966
0.1 31.9399 -78.7968 3.89265
0.1 31.1557 -79.2404 3.87501
0.1 30.2168 -79.7488 3.87184
0.1 29.5678 -80.1311 3.8771
0.1 29.0484 -80.4365 3.87065
0.1 28.4435 -81.0073 3.8583
0.1 27.6793 -82.0642 3.85258
0.1 27.4516 -82.4963 3.84335
0.1 26.8636 -83.2104 3.84128
0.1 26.0084 -83.4783 3.83533
0.1 25.7961 -84.2461 3.8145
0.1 25.1119 -84.5041 3.80338
0.1 24.4108 -84.7553 3.79784
0.1 23.9249 -85.2308 3.7766
0.1 23.2761 -85.3616 3.78071
0.1 22.4613 -85.9058 3.76746
0.1 21.9562 -86.2235 3.75311
0.1 21.4729 -86.7645 3.74203
0.1 20.8396 -87.0227 3.73443
0.1 20.266 -87.5219 3.72854
0.1 19.581 -87.9391 3.70724
0.1 19.2203 -88.5288 3.69348
0.1 18.6627 -88.9785 3.68761
0.1 18.073 -89.1439 3.67792
0.1 17.2929 -89.826 3.66127
0.1 16.4246 -89.8715 3.63446
0.1 16.0912 -90.1402 3.63133
0.1 15.3711 -90.7792 3.6271
0.1 14.6372 -90.5137 3.61486
0.1 14.2557 -90.5487 3.60292
0.1 13.6229 -91.152 3.57158
0.1 12.9346 -91.9889 3.56009
0.1 12.0131 -91.8667 3.54714
0.1 11.297 -92.0287 3.53583
0.1 10.5783 -92.4125 3.51055
0.1 9.88654 -92.7652 3.49445
0.1 9.34602 -93.0909 3.4746
0.1 8.8812 -93.0462 3.45628
0.1 8.24341 -93.2644 3.43989
0.1 7.65613 -93.0604 3.42267
0.1 7.0666 -93.3746 3.41139
0.1 6.19033 -93.7434 3.38815
0.1 5.77166 -93.333 3.37792
0.1 4.84818 -94.0437 3.36444
0.1 4.39077 -94.6167 3.33849
0.1 3.38566 -94.0759 3.30564
0.1 2.93969 -94.0585 3.28742
0.1 3.10531 -94.6318 3.27866
0.1 2.37865 -94.7982 3.28139
0.1 1.939 -94.6436 3.24054
0.1 1.24747 -94.9583 3.22782
0.1 0.834874 -94.8922 3.19157
0.1 0.0312791 -95.0891 3.19769
0.1 -1.08407 -94.5875 3.17446
0.1 -1.94295 -94.4372 3.15174
0.1 -2.79833 -94.9456 3.14138
0.1 -3.71649 -94.7333 3.1253
0.1 -4.68591 -94.5127 3.09581
0.1 -4.96605 -94.374 3.07519
0.1 -5.44518 -94.1769 3.06237
0.1 -6.30373 -94.4813 3.05652
0.1 -6.90378 -95.1045 3.03803
0.1 -7.35666 -94.5303 3.0438
0.1 -8.26415 -94.3392 3.02373
0.1 -8.84823 -94.3849 2.99229
0.1 -9.62006 -94.0916 2.98582
0.1 -9.76386 -94.0295 2.96607
0.1 -10.3317 -93.7404 2.95147
0.1 -10.7395 -93.4717 2.95386
0.1 -11.7779 -93.101 2.9329
0.1 -12.5599 -92.9156 2.92494
0.1 -13.4547 -92.8075 2.90976
0.1 -14.4456 -92.687 2.89901
0.1 -15.0536 -92.5472 2.86679
0.1 -15.3496 -92.3624 2.85751
0.1 -16.0708 -92.3033 2.85618
0.1 -16.8384 -92.264 2.83599
0.1 -17.5583 -91.7357 2.81257
0.1 -17.8843 -91.7574 2.78516
0.1 -18.0639 -91.7903 2.77963
0.1 -18.6416 -91.5387 2.76637
0.1 -19.3476 -91.0508 2.74655
0.1 -20.2266 -90.6441 2.72766
0.1 -20.0885 -90.1234 2.71026
0.1 -21.0803 -89.8348 2.67618
0.1 -21.6401 -89.9673 2.66409
0.1 -22.3074 -89.3871 2.65061
0.1 -23.13 -89.2217 2.65918
0.1 -23.8415 -88.3767 2.64417
0.1 -24.0551 -87.726 2.62235
0.1 -24.468 -87.7146 2.59261
0.1 -24.7648 -87.4094 2.57512
0.1 -25.3707 -87.7946 2.56661
0.1 -26.3146 -87.4129 2.54595
0.1 -27.0351 -86.5262 2.52685
0.1 -27.439 -86.1974 2.50948
0.1 -28.1402 -85.9919 2.48591
0.1 -28.4569 -85.5553 2.48286
0.1 -29.2294 -85.4561 2.45019
0.1 -30.5798 -84.412 2.42613
0.1 -30.8693 -83.923 2.41619
0.1 -30.5481 -83.4652 2.38264
0.1 -30.7968 -83.0915 2.362
0.1 -31.6062 -82.644 2.33185
0.1 -31.8931 -82.1203 2.3208
0.1 -32.2721 -81.6756 2.29953
0.1 -32.8871 -80.7077 2.27537
0.1 -33.3468 -79.9855 2.2485
0.1 -34.143 -79.5357 2.23782
0.1 -34.6734 -78.9875 2.21116
0.1 -35.2882 -78.4632 2.188
0.1 -35.62 -77.8037 2.16955
0.1 -35.8671 -76.9796 2.14006
0.1 -35.787 -75.9335 2.12296
0.1 -35.5415 -75.4779 2.10501
0.1 -35.9605 -74.7958 2.08641
0.1 -36.4756 -73.8198 2.06156
0.1 -37.0676 -73.4398 2.02436
0.1 -37.2895 -72.9872 2.00482
0.1 -37.5695 -72.2084 1.98666
0.1 -37.8945 -71.9465 1.9531
0.1 -38.2589 -71.0979 1.92769
0.1 -39.0467 -70.2021 1.90597
0.1 -39.1392 -69.426 1.89138
0.1 -39.2491 -69.486 1.88266
0.1 -39.3463 -68.8076 1.87264
0.1 -39.534 -68.0775 1.85606
0.1 -39.906 -67.4751 1.83642
0.1 -39.7435 -66.3515 1.82227
0.1 -39.9045 -65.8947 1.80547
0.1 -39.9608 -65.3222 1.78702
0.1 -40.2886 -65.0275 1.76365
0.1 -40.2428 -63.7727 1.76045
0.1 -40.3674 -62.9626 1.73884
0.1 -40.8506 -62.334 1.73173
0.1 -40.8111 -61.042 1.71092
0.1 -40.9429 -60.6251 1.69945
0.1 -40.643 -59.7056 1.68766
0.1 -40.4639 -59.1913 1.67984
0.1 -40.6026 -58.5623 1.66424
0.1 -40.7617 -57.4224 1.6538
0.1 -40.7479 -56.4911 1.64901
0.1 -41.1728 -56.0034 1.62838
0.1 -41.1474 -55.4831 1.61491
0.1 -41.4502 -54.4505 1.60146
0.1 -41.7973 -53.7141 1.59316
0.1 -41.5032 -52.9856 1.59714
0.1 -41.4524 -52.3735 1.58778
0.1 -41.4048 -51.4995 1.58649
0.1 -41.4737 -50.8562 1.58812
0.1 -41.6443 -49.9502 1.56962
0.1 -41.7092 -49.0907 1.56353
0.1 -41.1544 -48.1946 1.55253
0.1 -41.4764 -47.6237 1.55042
